
 16         verbose | verbose                1.00
  4         seqtype | seqtype                1.00
  6           ndata | ndata                  1.00
 23           icode | icode                  0.00
  7       cleandata | cleandata              0.00
 17           model | model                  0.00
 21         NSsites | NSsites                8.00
 14       CodonFreq | CodonFreq              1.00
 15         estFreq | estFreq                0.00
 10           clock | clock                  0.00
 19          aaDist | aaDist                 0.00
 23           icode | icode                  0.00
 24           Mgene | Mgene                  0.00
 25       fix_kappa | fix_kappa              0.00
 26           kappa | kappa                  2.00
 27       fix_omega | fix_omega              1.00
 28           omega | omega                  1.00
 29       fix_alpha | fix_alpha              1.00
 30           alpha | alpha                  0.00
 31          Malpha | Malpha                 0.00
 32           ncatG | ncatG                  5.00
 12           getSE | getSE                  0.00
 13    RateAncestor | RateAncestor           0.00
 36      Small_Diff | Small_Diff             0.00
 37     fix_blength | fix_blength            0.00
  9          method | method                 0.00
CODONML in paml version 4.10.7, June 2023

----------------------------------------------
Phe F TTT | Ser S TCT | Tyr Y TAT | Cys C TGT
      TTC |       TCC |       TAC |       TGC
Leu L TTA |       TCA | *** * TAA | *** * TGA
      TTG |       TCG |       TAG | Trp W TGG
----------------------------------------------
Leu L CTT | Pro P CCT | His H CAT | Arg R CGT
      CTC |       CCC |       CAC |       CGC
      CTA |       CCA | Gln Q CAA |       CGA
      CTG |       CCG |       CAG |       CGG
----------------------------------------------
Ile I ATT | Thr T ACT | Asn N AAT | Ser S AGT
      ATC |       ACC |       AAC |       AGC
      ATA |       ACA | Lys K AAA | Arg R AGA
Met M ATG |       ACG |       AAG |       AGG
----------------------------------------------
Val V GTT | Ala A GCT | Asp D GAT | Gly G GGT
      GTC |       GCC |       GAC |       GGC
      GTA |       GCA | Glu E GAA |       GGA
      GTG |       GCG |       GAG |       GGG
----------------------------------------------
Nice code, uuh?


Ambiguity character definition table:

T (1): T 
C (1): C 
A (1): A 
G (1): G 
U (1): T 
Y (2): T C 
R (2): A G 
M (2): C A 
K (2): T G 
S (2): C G 
W (2): T A 
H (3): T C A 
B (3): T C G 
V (3): C A G 
D (3): T A G 
- (4): T C A G 
N (4): T C A G 
? (4): T C A G 
ns = 20  	ls = 792
Reading sequences, sequential format..
Reading seq # 1: Esox_luciu       
Reading seq # 2: Oncorhynch       
Reading seq # 3: Electropho       
Reading seq # 4: Chanos_cha       
Reading seq # 5: Danio_reri       
Reading seq # 6: Astyanax_m       
Reading seq # 7: Pygocentru       
Reading seq # 8: Ictalurus       
Reading seq # 9: Amphiprion       
Reading seq #10: Mastacembe       
Reading seq #11: Myripristi       
Reading seq #12: Oreochromi       
Reading seq #13: Haplochrom       
Reading seq #14: Boleophtha       
Reading seq #15: Takifugu_r       
Reading seq #16: Cyprinodon       
Reading seq #17: Oryzias_me       
Reading seq #18: Gadus_morh       
Reading seq #19: Clupea_har       
Reading seq #20: Scleropage       

Sequences read..
Counting site patterns..  0:00
Compressing,    255 patterns at    264 /    264 sites (100.0%),  0:00
Collecting fpatt[] & pose[],    255 patterns at    264 /    264 sites (100.0%),  0:00
1 ambiguous codons are seen in the data:
 ---
Counting codons..
NG distances for seqs.:
   1
  2   1:Sites   181.8 +  610.2 =  792.0	Diffs    43.0 +   13.0 =   56.0   2
  3   1:Sites   179.9 +  612.1 =  792.0	Diffs   119.5 +   27.5 =  147.0
  3   2:Sites   181.3 +  610.7 =  792.0	Diffs   113.5 +   27.5 =  141.0   3
  4   1:Sites   181.2 +  610.8 =  792.0	Diffs   115.2 +   23.8 =  139.0
  4   2:Sites   182.5 +  609.5 =  792.0	Diffs   107.2 +   22.8 =  130.0
  4   3:Sites   180.6 +  611.4 =  792.0	Diffs   101.0 +   16.0 =  117.0   4
  5   1:Sites   180.6 +  611.4 =  792.0	Diffs   118.2 +   26.8 =  145.0
  5   2:Sites   181.9 +  610.1 =  792.0	Diffs   114.5 +   26.5 =  141.0
  5   3:Sites   180.1 +  611.9 =  792.0	Diffs    98.2 +   20.8 =  119.0
  5   4:Sites   181.3 +  610.7 =  792.0	Diffs   105.5 +   14.5 =  120.0   5
  6   1:Sites   182.7 +  609.3 =  792.0	Diffs   129.5 +   29.5 =  159.0
  6   2:Sites   184.0 +  608.0 =  792.0	Diffs   117.5 +   32.5 =  150.0
  6   3:Sites   182.1 +  609.9 =  792.0	Diffs   102.5 +   22.5 =  125.0
  6   4:Sites   183.3 +  608.7 =  792.0	Diffs   116.0 +   23.0 =  139.0
  6   5:Sites   182.8 +  609.2 =  792.0	Diffs   101.5 +   23.5 =  125.0   6
  7   1:Sites   182.6 +  609.4 =  792.0	Diffs   135.0 +   27.0 =  162.0
  7   2:Sites   183.9 +  608.1 =  792.0	Diffs   122.0 +   30.0 =  152.0
  7   3:Sites   182.0 +  610.0 =  792.0	Diffs    98.0 +   23.0 =  121.0
  7   4:Sites   183.2 +  608.8 =  792.0	Diffs   115.0 +   24.0 =  139.0
  7   5:Sites   182.7 +  609.3 =  792.0	Diffs   102.0 +   20.0 =  122.0
  7   6:Sites   184.7 +  607.3 =  792.0	Diffs    53.0 +    7.0 =   60.0   7
  8   1:Sites   181.2 +  610.8 =  792.0	Diffs   137.0 +   24.0 =  161.0
NG86 unusable.

  8   2:Sites   182.5 +  609.5 =  792.0	Diffs   118.5 +   28.5 =  147.0
  8   3:Sites   180.7 +  611.3 =  792.0	Diffs    97.7 +   23.3 =  121.0
  8   4:Sites   181.9 +  610.1 =  792.0	Diffs   115.4 +   21.6 =  137.0
  8   5:Sites   181.3 +  610.7 =  792.0	Diffs   110.0 +   20.0 =  130.0
  8   6:Sites   183.4 +  608.6 =  792.0	Diffs   107.2 +   23.8 =  131.0
  8   7:Sites   183.3 +  608.7 =  792.0	Diffs   106.5 +   21.5 =  128.0   8
  9   1:Sites   183.1 +  608.9 =  792.0	Diffs   122.0 +   42.0 =  164.0
  9   2:Sites   184.4 +  607.6 =  792.0	Diffs   119.5 +   38.5 =  158.0
  9   3:Sites   182.5 +  609.5 =  792.0	Diffs   133.3 +   38.7 =  172.0
  9   4:Sites   183.8 +  608.2 =  792.0	Diffs   133.3 +   39.7 =  173.0
  9   5:Sites   183.2 +  608.8 =  792.0	Diffs   130.0 +   39.0 =  169.0
  9   6:Sites   185.3 +  606.7 =  792.0	Diffs   109.2 +   40.8 =  150.0
  9   7:Sites   185.1 +  606.9 =  792.0	Diffs   119.5 +   35.5 =  155.0
  9   8:Sites   183.8 +  608.2 =  792.0	Diffs   133.5 +   39.5 =  173.0   9
 10   1:Sites   183.9 +  608.1 =  792.0	Diffs   129.5 +   39.5 =  169.0
 10   2:Sites   185.2 +  606.8 =  792.0	Diffs   129.5 +   36.5 =  166.0
 10   3:Sites   183.4 +  608.6 =  792.0	Diffs   138.3 +   35.7 =  174.0
NG86 unusable.

 10   4:Sites   184.6 +  607.4 =  792.0	Diffs   133.8 +   36.2 =  170.0
 10   5:Sites   184.0 +  608.0 =  792.0	Diffs   132.0 +   35.0 =  167.0
 10   6:Sites   186.1 +  605.9 =  792.0	Diffs   116.2 +   37.8 =  154.0
 10   7:Sites   186.0 +  606.0 =  792.0	Diffs   117.5 +   32.5 =  150.0
 10   8:Sites   184.6 +  607.4 =  792.0	Diffs   136.5 +   36.5 =  173.0
 10   9:Sites   186.5 +  605.5 =  792.0	Diffs    46.0 +    9.0 =   55.0  10
 11   1:Sites   184.5 +  607.5 =  792.0	Diffs   121.2 +   38.8 =  160.0
 11   2:Sites   185.8 +  606.2 =  792.0	Diffs   112.7 +   35.3 =  148.0
 11   3:Sites   183.9 +  608.1 =  792.0	Diffs   138.7 +   36.3 =  175.0
NG86 unusable.

 11   4:Sites   185.1 +  606.9 =  792.0	Diffs   134.7 +   31.3 =  166.0
 11   5:Sites   184.6 +  607.4 =  792.0	Diffs   132.0 +   31.0 =  163.0
 11   6:Sites   186.6 +  605.4 =  792.0	Diffs   115.5 +   37.5 =  153.0
 11   7:Sites   186.5 +  605.5 =  792.0	Diffs   116.8 +   32.2 =  149.0
 11   8:Sites   185.2 +  606.8 =  792.0	Diffs   137.1 +   33.9 =  171.0
 11   9:Sites   187.1 +  604.9 =  792.0	Diffs    68.0 +   10.0 =   78.0
 11  10:Sites   187.9 +  604.1 =  792.0	Diffs    67.0 +    8.0 =   75.0  11
 12   1:Sites   184.5 +  607.5 =  792.0	Diffs   122.7 +   41.3 =  164.0
 12   2:Sites   185.9 +  606.1 =  792.0	Diffs   121.7 +   38.3 =  160.0
 12   3:Sites   184.0 +  608.0 =  792.0	Diffs   136.6 +   37.4 =  174.0
 12   4:Sites   185.2 +  606.8 =  792.0	Diffs   132.6 +   38.4 =  171.0
 12   5:Sites   184.7 +  607.3 =  792.0	Diffs   133.0 +   38.0 =  171.0
 12   6:Sites   186.7 +  605.3 =  792.0	Diffs   121.9 +   40.1 =  162.0
 12   7:Sites   186.6 +  605.4 =  792.0	Diffs   127.2 +   34.8 =  162.0
 12   8:Sites   185.3 +  606.7 =  792.0	Diffs   135.2 +   38.8 =  174.0
 12   9:Sites   187.1 +  604.9 =  792.0	Diffs    60.0 +    8.0 =   68.0
 12  10:Sites   188.0 +  604.0 =  792.0	Diffs    67.0 +    7.0 =   74.0
 12  11:Sites   188.5 +  603.5 =  792.0	Diffs    83.8 +    7.2 =   91.0  12
 13   1:Sites   185.3 +  606.7 =  792.0	Diffs   123.0 +   41.0 =  164.0
 13   2:Sites   186.6 +  605.4 =  792.0	Diffs   121.0 +   38.0 =  159.0
 13   3:Sites   184.8 +  607.2 =  792.0	Diffs   138.8 +   37.2 =  176.0
NG86 unusable.

 13   4:Sites   186.0 +  606.0 =  792.0	Diffs   133.0 +   38.0 =  171.0
 13   5:Sites   185.4 +  606.6 =  792.0	Diffs   132.7 +   37.3 =  170.0
 13   6:Sites   187.5 +  604.5 =  792.0	Diffs   126.3 +   39.7 =  166.0
 13   7:Sites   187.4 +  604.6 =  792.0	Diffs   129.7 +   34.3 =  164.0
 13   8:Sites   186.0 +  606.0 =  792.0	Diffs   137.7 +   38.3 =  176.0
 13   9:Sites   187.9 +  604.1 =  792.0	Diffs    62.0 +    7.0 =   69.0
 13  10:Sites   188.7 +  603.3 =  792.0	Diffs    69.0 +    6.0 =   75.0
 13  11:Sites   189.3 +  602.7 =  792.0	Diffs    86.0 +    8.0 =   94.0
 13  12:Sites   189.4 +  602.6 =  792.0	Diffs     4.0 +    3.0 =    7.0  13
 14   1:Sites   184.0 +  608.0 =  792.0	Diffs   124.0 +   42.0 =  166.0
 14   2:Sites   185.3 +  606.7 =  792.0	Diffs   122.0 +   39.0 =  161.0
 14   3:Sites   183.4 +  608.6 =  792.0	Diffs   149.3 +   37.7 =  187.0
NG86 unusable.

 14   4:Sites   184.6 +  607.4 =  792.0	Diffs   127.7 +   39.3 =  167.0
 14   5:Sites   184.1 +  607.9 =  792.0	Diffs   130.0 +   37.0 =  167.0
 14   6:Sites   186.1 +  605.9 =  792.0	Diffs   114.2 +   36.8 =  151.0
 14   7:Sites   186.0 +  606.0 =  792.0	Diffs   123.0 +   32.0 =  155.0
 14   8:Sites   184.7 +  607.3 =  792.0	Diffs   138.0 +   36.0 =  174.0
 14   9:Sites   186.6 +  605.4 =  792.0	Diffs    95.5 +   18.5 =  114.0
 14  10:Sites   187.4 +  604.6 =  792.0	Diffs    95.5 +   14.5 =  110.0
 14  11:Sites   187.9 +  604.1 =  792.0	Diffs   102.5 +   16.5 =  119.0
 14  12:Sites   188.0 +  604.0 =  792.0	Diffs   106.0 +   15.0 =  121.0
 14  13:Sites   188.8 +  603.2 =  792.0	Diffs   104.3 +   14.7 =  119.0  14
 15   1:Sites   183.5 +  608.5 =  792.0	Diffs   138.3 +   60.7 =  199.0
NG86 unusable.

 15   2:Sites   184.9 +  607.1 =  792.0	Diffs   132.5 +   58.5 =  191.0
 15   3:Sites   183.0 +  609.0 =  792.0	Diffs   141.0 +   57.0 =  198.0
NG86 unusable.

 15   4:Sites   184.2 +  607.8 =  792.0	Diffs   124.0 +   56.0 =  180.0
 15   5:Sites   183.7 +  608.3 =  792.0	Diffs   138.5 +   55.5 =  194.0
NG86 unusable.

 15   6:Sites   185.7 +  606.3 =  792.0	Diffs   126.0 +   58.0 =  184.0
 15   7:Sites   185.6 +  606.4 =  792.0	Diffs   131.0 +   52.0 =  183.0
 15   8:Sites   184.2 +  607.8 =  792.0	Diffs   145.2 +   58.8 =  204.0
NG86 unusable.

 15   9:Sites   186.1 +  605.9 =  792.0	Diffs    89.5 +   28.5 =  118.0
 15  10:Sites   186.9 +  605.1 =  792.0	Diffs    91.0 +   29.0 =  120.0
 15  11:Sites   187.5 +  604.5 =  792.0	Diffs    93.0 +   31.0 =  124.0
 15  12:Sites   187.6 +  604.4 =  792.0	Diffs   103.0 +   30.0 =  133.0
 15  13:Sites   188.3 +  603.7 =  792.0	Diffs   103.5 +   29.5 =  133.0
 15  14:Sites   187.0 +  605.0 =  792.0	Diffs   119.0 +   38.0 =  157.0  15
 16   1:Sites   185.8 +  606.2 =  792.0	Diffs   141.3 +   45.7 =  187.0
NG86 unusable.

 16   2:Sites   187.1 +  604.9 =  792.0	Diffs   138.3 +   45.7 =  184.0
 16   3:Sites   185.3 +  606.7 =  792.0	Diffs   148.2 +   43.8 =  192.0
NG86 unusable.

 16   4:Sites   186.5 +  605.5 =  792.0	Diffs   141.3 +   41.7 =  183.0
NG86 unusable.

 16   5:Sites   186.0 +  606.0 =  792.0	Diffs   138.2 +   39.8 =  178.0
 16   6:Sites   188.0 +  604.0 =  792.0	Diffs   109.3 +   39.7 =  149.0
 16   7:Sites   187.9 +  604.1 =  792.0	Diffs   118.5 +   36.5 =  155.0
 16   8:Sites   186.5 +  605.5 =  792.0	Diffs   143.0 +   43.0 =  186.0
NG86 unusable.

 16   9:Sites   188.4 +  603.6 =  792.0	Diffs    89.5 +   16.5 =  106.0
 16  10:Sites   189.2 +  602.8 =  792.0	Diffs    95.5 +   15.5 =  111.0
 16  11:Sites   189.8 +  602.2 =  792.0	Diffs    89.5 +   15.5 =  105.0
 16  12:Sites   189.8 +  602.2 =  792.0	Diffs   105.5 +   16.5 =  122.0
 16  13:Sites   190.6 +  601.4 =  792.0	Diffs   107.5 +   15.5 =  123.0
 16  14:Sites   189.3 +  602.7 =  792.0	Diffs   107.0 +   23.0 =  130.0
 16  15:Sites   188.8 +  603.2 =  792.0	Diffs   111.5 +   34.5 =  146.0  16
 17   1:Sites   185.5 +  606.5 =  792.0	Diffs   130.2 +   46.8 =  177.0
 17   2:Sites   186.8 +  605.2 =  792.0	Diffs   127.2 +   43.8 =  171.0
 17   3:Sites   184.9 +  607.1 =  792.0	Diffs   147.3 +   42.7 =  190.0
NG86 unusable.

 17   4:Sites   186.1 +  605.9 =  792.0	Diffs   140.6 +   40.4 =  181.0
NG86 unusable.

 17   5:Sites   185.6 +  606.4 =  792.0	Diffs   138.0 +   42.0 =  180.0
 17   6:Sites   187.6 +  604.4 =  792.0	Diffs   121.0 +   44.0 =  165.0
 17   7:Sites   187.5 +  604.5 =  792.0	Diffs   125.0 +   41.0 =  166.0
 17   8:Sites   186.2 +  605.8 =  792.0	Diffs   137.8 +   43.2 =  181.0
 17   9:Sites   188.1 +  603.9 =  792.0	Diffs    74.0 +   17.0 =   91.0
 17  10:Sites   188.9 +  603.1 =  792.0	Diffs    77.0 +   17.0 =   94.0
 17  11:Sites   189.4 +  602.6 =  792.0	Diffs    93.0 +   18.0 =  111.0
 17  12:Sites   189.5 +  602.5 =  792.0	Diffs    98.0 +   21.0 =  119.0
 17  13:Sites   190.3 +  601.7 =  792.0	Diffs    99.0 +   20.0 =  119.0
 17  14:Sites   188.9 +  603.1 =  792.0	Diffs   108.8 +   26.2 =  135.0
 17  15:Sites   188.5 +  603.5 =  792.0	Diffs   107.5 +   34.5 =  142.0
 17  16:Sites   190.8 +  601.2 =  792.0	Diffs    92.0 +   18.0 =  110.0  17
 18   1:Sites   183.8 +  608.2 =  792.0	Diffs   133.0 +   60.0 =  193.0
 18   2:Sites   185.1 +  606.9 =  792.0	Diffs   135.2 +   57.8 =  193.0
 18   3:Sites   183.2 +  608.8 =  792.0	Diffs   136.0 +   54.0 =  190.0
 18   4:Sites   184.4 +  607.6 =  792.0	Diffs   146.5 +   49.5 =  196.0
NG86 unusable.

 18   5:Sites   183.9 +  608.1 =  792.0	Diffs   144.5 +   47.5 =  192.0
NG86 unusable.

 18   6:Sites   186.0 +  606.0 =  792.0	Diffs   109.5 +   47.5 =  157.0
 18   7:Sites   185.8 +  606.2 =  792.0	Diffs   113.0 +   46.0 =  159.0
 18   8:Sites   184.5 +  607.5 =  792.0	Diffs   136.2 +   51.8 =  188.0
 18   9:Sites   186.4 +  605.6 =  792.0	Diffs   115.5 +   39.5 =  155.0
 18  10:Sites   187.2 +  604.8 =  792.0	Diffs   114.5 +   39.5 =  154.0
 18  11:Sites   187.7 +  604.3 =  792.0	Diffs   114.0 +   38.0 =  152.0
 18  12:Sites   187.8 +  604.2 =  792.0	Diffs   125.5 +   39.5 =  165.0
 18  13:Sites   188.6 +  603.4 =  792.0	Diffs   129.7 +   39.3 =  169.0
 18  14:Sites   187.2 +  604.8 =  792.0	Diffs   121.8 +   46.2 =  168.0
 18  15:Sites   186.8 +  605.2 =  792.0	Diffs   140.0 +   57.0 =  197.0
 18  16:Sites   189.1 +  602.9 =  792.0	Diffs   100.5 +   36.5 =  137.0
 18  17:Sites   188.7 +  603.3 =  792.0	Diffs   112.8 +   44.2 =  157.0  18
 19   1:Sites   180.9 +  605.1 =  786.0	Diffs   123.3 +   39.7 =  163.0
 19   2:Sites   182.2 +  603.8 =  786.0	Diffs   123.2 +   37.8 =  161.0
 19   3:Sites   180.3 +  605.7 =  786.0	Diffs   124.2 +   40.8 =  165.0
 19   4:Sites   181.5 +  604.5 =  786.0	Diffs   119.2 +   38.8 =  158.0
 19   5:Sites   181.0 +  605.0 =  786.0	Diffs   131.8 +   40.2 =  172.0
 19   6:Sites   183.1 +  602.9 =  786.0	Diffs   124.7 +   45.3 =  170.0
 19   7:Sites   182.9 +  603.1 =  786.0	Diffs   131.8 +   46.2 =  178.0
 19   8:Sites   181.6 +  604.4 =  786.0	Diffs   134.5 +   42.5 =  177.0
 19   9:Sites   183.5 +  602.5 =  786.0	Diffs   133.3 +   49.7 =  183.0
 19  10:Sites   184.3 +  601.7 =  786.0	Diffs   132.3 +   46.7 =  179.0
 19  11:Sites   184.8 +  601.2 =  786.0	Diffs   134.8 +   42.2 =  177.0
 19  12:Sites   184.9 +  601.1 =  786.0	Diffs   133.3 +   49.7 =  183.0
 19  13:Sites   185.7 +  600.3 =  786.0	Diffs   132.2 +   48.8 =  181.0
 19  14:Sites   184.4 +  601.6 =  786.0	Diffs   133.7 +   50.3 =  184.0
 19  15:Sites   184.0 +  602.0 =  786.0	Diffs   135.3 +   61.7 =  197.0
 19  16:Sites   186.2 +  599.8 =  786.0	Diffs   145.5 +   51.5 =  197.0
NG86 unusable.

 19  17:Sites   185.9 +  600.1 =  786.0	Diffs   148.6 +   49.4 =  198.0
NG86 unusable.

 19  18:Sites   184.2 +  601.8 =  786.0	Diffs   150.2 +   62.8 =  213.0
NG86 unusable.
  19
 20   1:Sites   182.4 +  609.6 =  792.0	Diffs   116.0 +   45.0 =  161.0
 20   2:Sites   183.7 +  608.3 =  792.0	Diffs   117.0 +   45.0 =  162.0
 20   3:Sites   181.8 +  610.2 =  792.0	Diffs   127.7 +   45.3 =  173.0
 20   4:Sites   183.0 +  609.0 =  792.0	Diffs   124.0 +   43.0 =  167.0
 20   5:Sites   182.5 +  609.5 =  792.0	Diffs   127.8 +   46.2 =  174.0
 20   6:Sites   184.5 +  607.5 =  792.0	Diffs   104.5 +   47.5 =  152.0
 20   7:Sites   184.4 +  607.6 =  792.0	Diffs   112.2 +   47.8 =  160.0
 20   8:Sites   183.1 +  608.9 =  792.0	Diffs   128.2 +   48.8 =  177.0
 20   9:Sites   185.0 +  607.0 =  792.0	Diffs   121.2 +   62.8 =  184.0
 20  10:Sites   185.8 +  606.2 =  792.0	Diffs   124.2 +   59.8 =  184.0
 20  11:Sites   186.3 +  605.7 =  792.0	Diffs   122.3 +   56.7 =  179.0
 20  12:Sites   186.4 +  605.6 =  792.0	Diffs   121.2 +   61.8 =  183.0
 20  13:Sites   187.2 +  604.8 =  792.0	Diffs   121.4 +   61.6 =  183.0
 20  14:Sites   185.8 +  606.2 =  792.0	Diffs   111.7 +   61.3 =  173.0
 20  15:Sites   185.4 +  606.6 =  792.0	Diffs   121.8 +   80.2 =  202.0
 20  16:Sites   187.7 +  604.3 =  792.0	Diffs   120.7 +   65.3 =  186.0
 20  17:Sites   187.3 +  604.7 =  792.0	Diffs   123.4 +   61.6 =  185.0
 20  18:Sites   185.6 +  606.4 =  792.0	Diffs   108.2 +   71.8 =  180.0
 20  19:Sites   182.8 +  603.2 =  786.0	Diffs   118.5 +   41.5 =  160.0  20

     1520 bytes for distance
   248880 bytes for conP
    12240 bytes for fhK
  5000000 bytes for space

TREE #  1
(((((11, (((((7, 6), ((8, ((3, 5), 4)), ((20, 19), (2, 1)))), 18), 14), (17, 16))), 10), 15), 9), 13, 12);   MP score: -1
   1  184.314682
   2  182.239324
   3  181.965049
   4  181.928486
   5  181.921980
   6  181.920436
   7  181.920349
  2239920 bytes for conP, adjusted

1 node(s) used for scaling (Yang 2000 J Mol Evol 51:423-432):
 24

    0.044065    0.056014    0.066433    0.077042    0.077113    0.043444    0.047751    0.102247    0.118673    0.072498    0.056631    0.094106    0.048337    0.115078    0.177300    0.000000    0.028465    0.092030    0.101912    0.083555    0.067914    0.035918    0.064917    0.203517    0.147509    0.059364    0.088592    0.169670    0.084948    0.038084    0.110516    0.113791    0.102494    0.125502    0.046842    0.063006    0.058922    2.481728    0.900000    0.682116    1.278609

ntime & nrate & np:    37     1    41

Bounds (np=41):
   0.000004   0.000004   0.000004   0.000004   0.000004   0.000004   0.000004   0.000004   0.000004   0.000004   0.000004   0.000004   0.000004   0.000004   0.000004   0.000004   0.000004   0.000004   0.000004   0.000004   0.000004   0.000004   0.000004   0.000004   0.000004   0.000004   0.000004   0.000004   0.000004   0.000004   0.000004   0.000004   0.000004   0.000004   0.000004   0.000004   0.000004   0.000100   0.000010   0.005000   0.005000
  50.000000  50.000000  50.000000  50.000000  50.000000  50.000000  50.000000  50.000000  50.000000  50.000000  50.000000  50.000000  50.000000  50.000000  50.000000  50.000000  50.000000  50.000000  50.000000  50.000000  50.000000  50.000000  50.000000  50.000000  50.000000  50.000000  50.000000  50.000000  50.000000  50.000000  50.000000  50.000000  50.000000  50.000000  50.000000  50.000000  50.000000 999.000000   0.999990  99.000000  99.000000
Qfactor_NS = 8.087180

np =    41
lnL0 = -7293.350642

Iterating by ming2
Initial: fx=  7293.350642
x=  0.04407  0.05601  0.06643  0.07704  0.07711  0.04344  0.04775  0.10225  0.11867  0.07250  0.05663  0.09411  0.04834  0.11508  0.17730  0.00000  0.02847  0.09203  0.10191  0.08355  0.06791  0.03592  0.06492  0.20352  0.14751  0.05936  0.08859  0.16967  0.08495  0.03808  0.11052  0.11379  0.10249  0.12550  0.04684  0.06301  0.05892  2.48173  0.90000  0.68212  1.27861

  1 h-m-p  0.0000 0.0001 2455.0736 ++     6821.745274  m 0.0001    46 | 1/41
  2 h-m-p  0.0001 0.0003 994.5602 ++     6633.776180  m 0.0003    90 | 1/41
  3 h-m-p  0.0000 0.0000 25564.5536 ++     6583.602545  m 0.0000   134 | 1/41
  4 h-m-p  0.0000 0.0000 17158.7185 
h-m-p:      1.91176749e-23      9.55883746e-23      1.71587185e+04  6583.602545
..  | 1/41
  5 h-m-p  0.0000 0.0003 2888.3141 ++YCYCCC  6557.574066  5 0.0001   229 | 1/41
  6 h-m-p  0.0001 0.0004 761.0569 ++     6413.851849  m 0.0004   273 | 0/41
  7 h-m-p  0.0000 0.0000 18121.8534 
h-m-p:      2.46470160e-22      1.23235080e-21      1.81218534e+04  6413.851849
..  | 0/41
  8 h-m-p  0.0000 0.0003 2033.3356 YYCYCCC  6411.868751  6 0.0000   367 | 0/41
  9 h-m-p  0.0000 0.0003 449.1978 +++    6384.158122  m 0.0003   412 | 1/41
 10 h-m-p  0.0001 0.0003 601.8600 ++     6336.260653  m 0.0003   456 | 0/41
 11 h-m-p -0.0000 -0.0000 4025.6906 
h-m-p:     -7.42132116e-21     -3.71066058e-20      4.02569062e+03  6336.260653
..  | 0/41
 12 h-m-p  0.0000 0.0005 487.8483 +CYYC  6333.351476  3 0.0000   546 | 0/41
 13 h-m-p  0.0000 0.0001 411.4745 +YYYYC  6329.351790  4 0.0001   595 | 0/41
 14 h-m-p  0.0000 0.0001 1118.1000 +YYYYCC  6318.709020  5 0.0001   646 | 0/41
 15 h-m-p  0.0000 0.0002 162.1885 ++     6316.647202  m 0.0002   690 | 0/41
 16 h-m-p  0.0000 0.0006 528.5494 +CCC   6311.496519  2 0.0002   739 | 0/41
 17 h-m-p  0.0001 0.0004 800.5953 +CCC   6302.705020  2 0.0003   788 | 0/41
 18 h-m-p  0.0001 0.0005 241.3515 +CYC   6298.214010  2 0.0004   836 | 0/41
 19 h-m-p  0.0003 0.0015  86.8480 YCC    6297.061467  2 0.0005   883 | 0/41
 20 h-m-p  0.0007 0.0054  64.4292 +YCC   6293.187838  2 0.0036   931 | 0/41
 21 h-m-p  0.0002 0.0009 135.4471 ++     6290.410404  m 0.0009   975 | 0/41
 22 h-m-p  0.0008 0.0050 151.6819 CCC    6288.225773  2 0.0011  1023 | 0/41
 23 h-m-p  0.0009 0.0045  62.6593 YCCC   6287.087557  3 0.0016  1072 | 0/41
 24 h-m-p  0.0018 0.0088  44.7068 CCC    6286.010371  2 0.0027  1120 | 0/41
 25 h-m-p  0.0023 0.0113  38.2081 CCC    6285.533990  2 0.0018  1168 | 0/41
 26 h-m-p  0.0021 0.0204  33.2252 CCC    6284.981375  2 0.0028  1216 | 0/41
 27 h-m-p  0.0016 0.0093  59.3996 YC     6284.182964  1 0.0026  1261 | 0/41
 28 h-m-p  0.0021 0.0104  58.6841 YCCC   6283.203709  3 0.0036  1310 | 0/41
 29 h-m-p  0.0032 0.0291  65.8424 CCC    6282.151713  2 0.0036  1358 | 0/41
 30 h-m-p  0.0016 0.0079  95.5076 CC     6281.555686  1 0.0015  1404 | 0/41
 31 h-m-p  0.0035 0.0177  33.3369 YC     6281.340367  1 0.0017  1449 | 0/41
 32 h-m-p  0.0026 0.0373  21.8372 YC     6281.234667  1 0.0015  1494 | 0/41
 33 h-m-p  0.0036 0.0395   9.1771 YC     6281.171630  1 0.0029  1539 | 0/41
 34 h-m-p  0.0061 0.1288   4.3536 YC     6281.147290  1 0.0033  1584 | 0/41
 35 h-m-p  0.0032 0.1058   4.4163 YC     6281.135885  1 0.0017  1629 | 0/41
 36 h-m-p  0.0033 0.0627   2.2542 CC     6281.114538  1 0.0052  1675 | 0/41
 37 h-m-p  0.0055 0.1874   2.1230 YC     6281.036221  1 0.0112  1720 | 0/41
 38 h-m-p  0.0029 0.0432   8.2512 +CCC   6280.577451  2 0.0121  1769 | 0/41
 39 h-m-p  0.0051 0.0297  19.6090 CCC    6279.994777  2 0.0062  1817 | 0/41
 40 h-m-p  0.0077 0.0383  12.3208 CC     6279.924400  1 0.0017  1863 | 0/41
 41 h-m-p  0.0066 0.1115   3.0780 YC     6279.910024  1 0.0033  1908 | 0/41
 42 h-m-p  0.0064 0.2404   1.5766 YC     6279.905415  1 0.0033  1953 | 0/41
 43 h-m-p  0.0046 0.4027   1.1398 CC     6279.897826  1 0.0070  1999 | 0/41
 44 h-m-p  0.0054 0.3157   1.4746 +YC    6279.869789  1 0.0137  2045 | 0/41
 45 h-m-p  0.0056 0.2534   3.5831 YC     6279.790306  1 0.0121  2090 | 0/41
 46 h-m-p  0.0034 0.0860  12.8676 +YC    6279.573379  1 0.0089  2136 | 0/41
 47 h-m-p  0.0106 0.0677  10.7823 CC     6279.509150  1 0.0034  2182 | 0/41
 48 h-m-p  0.0083 0.1348   4.4462 CC     6279.492505  1 0.0030  2228 | 0/41
 49 h-m-p  0.0048 0.4664   2.7976 CC     6279.482585  1 0.0043  2274 | 0/41
 50 h-m-p  0.0198 1.0433   0.6012 CC     6279.480615  1 0.0074  2320 | 0/41
 51 h-m-p  0.0117 2.8696   0.3793 +YC    6279.471316  1 0.0367  2407 | 0/41
 52 h-m-p  0.0048 0.4381   2.8908 +YC    6279.370504  1 0.0447  2494 | 0/41
 53 h-m-p  0.0146 0.0968   8.8360 CC     6279.337794  1 0.0050  2540 | 0/41
 54 h-m-p  0.0957 0.9623   0.4580 -C     6279.336999  0 0.0062  2585 | 0/41
 55 h-m-p  0.0260 7.2155   0.1088 ++C    6279.311204  0 0.4317  2672 | 0/41
 56 h-m-p  0.0070 0.1088   6.6876 CC     6279.280328  1 0.0084  2759 | 0/41
 57 h-m-p  1.6000 8.0000   0.0167 YC     6279.268855  1 1.2745  2804 | 0/41
 58 h-m-p  1.6000 8.0000   0.0076 C      6279.268383  0 1.3184  2889 | 0/41
 59 h-m-p  1.6000 8.0000   0.0028 C      6279.268228  0 2.0049  2974 | 0/41
 60 h-m-p  1.6000 8.0000   0.0006 Y      6279.268196  0 1.2719  3059 | 0/41
 61 h-m-p  1.6000 8.0000   0.0004 C      6279.268191  0 1.9851  3144 | 0/41
 62 h-m-p  1.6000 8.0000   0.0004 C      6279.268189  0 1.5036  3229 | 0/41
 63 h-m-p  1.6000 8.0000   0.0000 Y      6279.268189  0 1.0744  3314 | 0/41
 64 h-m-p  1.6000 8.0000   0.0000 Y      6279.268189  0 1.2654  3399 | 0/41
 65 h-m-p  1.6000 8.0000   0.0000 Y      6279.268189  0 2.7371  3484 | 0/41
 66 h-m-p  1.6000 8.0000   0.0000 Y      6279.268189  0 1.1956  3569 | 0/41
 67 h-m-p  1.6000 8.0000   0.0000 -------Y  6279.268189  0 0.0000  3661
Out..
lnL  = -6279.268189
3662 lfun, 25634 eigenQcodon, 812964 P(t)

Time used:  5:27
