
 16         verbose | verbose                1.00
  8         runmode | runmode                0.00
  4         seqtype | seqtype                1.00
 14       CodonFreq | CodonFreq              1.00
 19          aaDist | aaDist                 0.00
 17           model | model                  0.00
 21         NSsites | NSsites                8.00
 23           icode | icode                  0.00
 25       fix_kappa | fix_kappa              0.00
 26           kappa | kappa                  2.00
 27       fix_omega | fix_omega              1.00
 28           omega | omega                  1.00
 29       fix_alpha | fix_alpha              1.00
 30           alpha | alpha                  0.00
 31          Malpha | Malpha                 0.00
 32           ncatG | ncatG                  5.00
 12           getSE | getSE                  0.00
 13    RateAncestor | RateAncestor           0.00
 36      Small_Diff | Small_Diff             0.00
  7       cleandata | cleandata              0.00
 37     fix_blength | fix_blength            0.00
CODONML in paml version 4.10.7, June 2023

----------------------------------------------
Phe F TTT | Ser S TCT | Tyr Y TAT | Cys C TGT
      TTC |       TCC |       TAC |       TGC
Leu L TTA |       TCA | *** * TAA | *** * TGA
      TTG |       TCG |       TAG | Trp W TGG
----------------------------------------------
Leu L CTT | Pro P CCT | His H CAT | Arg R CGT
      CTC |       CCC |       CAC |       CGC
      CTA |       CCA | Gln Q CAA |       CGA
      CTG |       CCG |       CAG |       CGG
----------------------------------------------
Ile I ATT | Thr T ACT | Asn N AAT | Ser S AGT
      ATC |       ACC |       AAC |       AGC
      ATA |       ACA | Lys K AAA | Arg R AGA
Met M ATG |       ACG |       AAG |       AGG
----------------------------------------------
Val V GTT | Ala A GCT | Asp D GAT | Gly G GGT
      GTC |       GCC |       GAC |       GGC
      GTA |       GCA | Glu E GAA |       GGA
      GTG |       GCG |       GAG |       GGG
----------------------------------------------
Nice code, uuh?


Ambiguity character definition table:

T (1): T 
C (1): C 
A (1): A 
G (1): G 
U (1): T 
Y (2): T C 
R (2): A G 
M (2): C A 
K (2): T G 
S (2): C G 
W (2): T A 
H (3): T C A 
B (3): T C G 
V (3): C A G 
D (3): T A G 
- (4): T C A G 
N (4): T C A G 
? (4): T C A G 
ns = 28  	ls = 4467
Reading sequences, sequential format..
Reading seq # 1: XM_0178317       
Reading seq # 2: XM_0400668       
Reading seq # 3: XM_0162988       
Reading seq # 4: XM_0321112       
Reading seq # 5: XM_0239272       
Reading seq # 6: XM_0156313       
Reading seq # 7: XM_0330626       
Reading seq # 8: XM_0509748       
Reading seq # 9: XM_0309492       
Reading seq #10: XM_0381378       
Reading seq #11: XM_0302752       
Reading seq #12: XM_0315048       
Reading seq #13: XM_0214012       
Reading seq #14: XM_0158658       
Reading seq #15: XM_0469414       
Reading seq #16: XM_0107121       
Reading seq #17: XM_0316053       
Reading seq #18: XM_0480661       
Reading seq #19: XM_0381798       
Reading seq #20: XM_0650631       
Reading seq #21: XM_0260514       
Reading seq #22: XM_0260562       
Reading seq #23: XM_0645118       
Reading seq #24: XM_0149470       
Reading seq #25: XM_0268489       
Reading seq #26: XM_0411296       
Reading seq #27: XM_0340612       
Reading seq #28: XM_0304831       

Sequences read..
Counting site patterns..  0:00
Compressing,   1068 patterns at   1489 /   1489 sites (100.0%),  0:00
Collecting fpatt[] & pose[],   1068 patterns at   1489 /   1489 sites (100.0%),  0:00
2 ambiguous codons are seen in the data:
 --- --T
Counting codons..
NG distances for seqs.:
   1
  2   1:Sites   946.9 + 3454.1 = 4401.0	Diffs   190.0 +   77.0 =  267.0   2
  3   1:Sites   862.4 + 3172.6 = 4035.0	Diffs   184.1 +   65.9 =  250.0
  3   2:Sites   867.4 + 3167.6 = 4035.0	Diffs   105.0 +   30.0 =  135.0   3
  4   1:Sites   946.3 + 3463.7 = 4410.0	Diffs   156.0 +   69.0 =  225.0
  4   2:Sites   955.8 + 3484.2 = 4440.0	Diffs   107.5 +   32.5 =  140.0
  4   3:Sites   864.9 + 3170.1 = 4035.0	Diffs    93.0 +   27.0 =  120.0   4
  5   1:Sites   942.8 + 3464.2 = 4407.0	Diffs   160.5 +   68.5 =  229.0
  5   2:Sites   952.2 + 3484.8 = 4437.0	Diffs    84.5 +   40.5 =  125.0
  5   3:Sites   862.0 + 3170.0 = 4032.0	Diffs    77.5 +   31.5 =  109.0
  5   4:Sites   951.7 + 3494.3 = 4446.0	Diffs    65.0 +   35.0 =  100.0   5
  6   1:Sites   944.7 + 3465.3 = 4410.0	Diffs   165.0 +   69.0 =  234.0
  6   2:Sites   954.2 + 3485.8 = 4440.0	Diffs    91.5 +   38.5 =  130.0
  6   3:Sites   863.9 + 3171.1 = 4035.0	Diffs    78.0 +   32.0 =  110.0
  6   4:Sites   953.6 + 3495.4 = 4449.0	Diffs    68.0 +   33.0 =  101.0
  6   5:Sites   950.0 + 3496.0 = 4446.0	Diffs    18.0 +    6.0 =   24.0   6
  7   1:Sites   946.3 + 3463.7 = 4410.0	Diffs   167.2 +   78.8 =  246.0
  7   2:Sites   955.8 + 3484.2 = 4440.0	Diffs    98.0 +   39.0 =  137.0
  7   3:Sites   865.0 + 3170.0 = 4035.0	Diffs    65.0 +   19.0 =   84.0
  7   4:Sites   955.2 + 3493.8 = 4449.0	Diffs    80.0 +   31.0 =  111.0
  7   5:Sites   951.7 + 3494.3 = 4446.0	Diffs    65.0 +   43.0 =  108.0
  7   6:Sites   953.6 + 3495.4 = 4449.0	Diffs    68.5 +   39.5 =  108.0   7
  8   1:Sites   943.4 + 3466.6 = 4410.0	Diffs   174.3 +   74.7 =  249.0
  8   2:Sites   952.8 + 3487.2 = 4440.0	Diffs   107.5 +   40.5 =  148.0
  8   3:Sites   862.3 + 3172.7 = 4035.0	Diffs   100.5 +   32.5 =  133.0
  8   4:Sites   952.3 + 3496.7 = 4449.0	Diffs    86.5 +   31.5 =  118.0
  8   5:Sites   948.7 + 3497.3 = 4446.0	Diffs    75.8 +   48.2 =  124.0
  8   6:Sites   950.6 + 3498.4 = 4449.0	Diffs    78.8 +   42.2 =  121.0
  8   7:Sites   952.3 + 3496.7 = 4449.0	Diffs    79.0 +   33.0 =  112.0   8
  9   1:Sites   946.2 + 3463.8 = 4410.0	Diffs   182.0 +   66.0 =  248.0
  9   2:Sites   956.1 + 3483.9 = 4440.0	Diffs   104.0 +   35.0 =  139.0
  9   3:Sites   864.6 + 3170.4 = 4035.0	Diffs    98.0 +   26.0 =  124.0
  9   4:Sites   955.6 + 3493.4 = 4449.0	Diffs    94.0 +   25.0 =  119.0
  9   5:Sites   952.0 + 3494.0 = 4446.0	Diffs    80.0 +   36.0 =  116.0
  9   6:Sites   953.9 + 3495.1 = 4449.0	Diffs    83.0 +   32.0 =  115.0
  9   7:Sites   955.6 + 3493.4 = 4449.0	Diffs    81.0 +   27.0 =  108.0
  9   8:Sites   952.6 + 3496.4 = 4449.0	Diffs    57.5 +   20.5 =   78.0   9
 10   1:Sites   943.9 + 3466.1 = 4410.0	Diffs   168.0 +   71.0 =  239.0
 10   2:Sites   953.4 + 3486.6 = 4440.0	Diffs    91.0 +   38.0 =  129.0
 10   3:Sites   862.9 + 3172.1 = 4035.0	Diffs    88.0 +   31.0 =  119.0
 10   4:Sites   952.8 + 3496.2 = 4449.0	Diffs    75.0 +   31.0 =  106.0
 10   5:Sites   949.3 + 3496.7 = 4446.0	Diffs    60.0 +   39.0 =   99.0
 10   6:Sites   951.2 + 3497.8 = 4449.0	Diffs    66.0 +   35.0 =  101.0
 10   7:Sites   952.8 + 3496.2 = 4449.0	Diffs    68.0 +   32.0 =  100.0
 10   8:Sites   949.9 + 3499.1 = 4449.0	Diffs    47.5 +   26.5 =   74.0
 10   9:Sites   953.2 + 3495.8 = 4449.0	Diffs    55.0 +   18.0 =   73.0  10
 11   1:Sites   946.1 + 3460.9 = 4407.0	Diffs   177.2 +   72.8 =  250.0
 11   2:Sites   955.2 + 3481.8 = 4437.0	Diffs    96.0 +   42.0 =  138.0
 11   3:Sites   865.4 + 3169.6 = 4035.0	Diffs    88.0 +   33.0 =  121.0
 11   4:Sites   954.7 + 3491.3 = 4446.0	Diffs    78.0 +   35.0 =  113.0
 11   5:Sites   951.1 + 3491.9 = 4443.0	Diffs    64.0 +   45.0 =  109.0
 11   6:Sites   953.0 + 3493.0 = 4446.0	Diffs    68.0 +   40.0 =  108.0
 11   7:Sites   954.7 + 3491.3 = 4446.0	Diffs    69.0 +   33.0 =  102.0
 11   8:Sites   951.7 + 3494.3 = 4446.0	Diffs    57.0 +   31.0 =   88.0
 11   9:Sites   955.0 + 3491.0 = 4446.0	Diffs    58.0 +   24.0 =   82.0
 11  10:Sites   952.3 + 3493.7 = 4446.0	Diffs    45.0 +   28.0 =   73.0  11
 12   1:Sites   915.8 + 3371.2 = 4287.0	Diffs   173.0 +   64.0 =  237.0
 12   2:Sites   919.4 + 3358.6 = 4278.0	Diffs    97.0 +   35.0 =  132.0
 12   3:Sites   858.1 + 3152.9 = 4011.0	Diffs    86.0 +   29.0 =  115.0
 12   4:Sites   918.7 + 3368.3 = 4287.0	Diffs    71.0 +   26.0 =   97.0
 12   5:Sites   915.6 + 3371.4 = 4287.0	Diffs    60.5 +   35.5 =   96.0
 12   6:Sites   917.2 + 3369.8 = 4287.0	Diffs    63.5 +   29.5 =   93.0
 12   7:Sites   918.9 + 3368.1 = 4287.0	Diffs    67.0 +   29.0 =   96.0
 12   8:Sites   915.9 + 3371.1 = 4287.0	Diffs    56.5 +   23.5 =   80.0
 12   9:Sites   918.2 + 3368.8 = 4287.0	Diffs    60.0 +   13.0 =   73.0
 12  10:Sites   916.5 + 3370.5 = 4287.0	Diffs    46.0 +   19.0 =   65.0
 12  11:Sites   918.9 + 3368.1 = 4287.0	Diffs    29.0 +    8.0 =   37.0  12
 13   1:Sites   948.6 + 3455.4 = 4404.0	Diffs   249.5 +  147.5 =  397.0
 13   2:Sites   952.7 + 3448.3 = 4401.0	Diffs   280.5 +  167.5 =  448.0
 13   3:Sites   865.7 + 3163.3 = 4029.0	Diffs   265.7 +  147.3 =  413.0
 13   4:Sites   952.1 + 3457.9 = 4410.0	Diffs   250.5 +  161.5 =  412.0
 13   5:Sites   948.5 + 3458.5 = 4407.0	Diffs   248.7 +  171.3 =  420.0
 13   6:Sites   950.5 + 3459.5 = 4410.0	Diffs   252.2 +  170.8 =  423.0
 13   7:Sites   952.1 + 3457.9 = 4410.0	Diffs   266.3 +  170.7 =  437.0
 13   8:Sites   949.2 + 3460.8 = 4410.0	Diffs   267.7 +  167.3 =  435.0
 13   9:Sites   951.9 + 3458.1 = 4410.0	Diffs   272.0 +  160.0 =  432.0
 13  10:Sites   949.7 + 3460.3 = 4410.0	Diffs   258.5 +  166.5 =  425.0
 13  11:Sites   951.9 + 3455.1 = 4407.0	Diffs   265.5 +  171.5 =  437.0
 13  12:Sites   920.0 + 3361.0 = 4281.0	Diffs   256.5 +  158.5 =  415.0  13
 14   1:Sites   950.9 + 3453.1 = 4404.0	Diffs   241.5 +  153.5 =  395.0
 14   2:Sites   960.6 + 3473.4 = 4434.0	Diffs   281.0 +  171.0 =  452.0
 14   3:Sites   868.2 + 3160.8 = 4029.0	Diffs   265.2 +  142.8 =  408.0
 14   4:Sites   960.0 + 3483.0 = 4443.0	Diffs   256.0 +  160.0 =  416.0
 14   5:Sites   956.5 + 3483.5 = 4440.0	Diffs   254.2 +  171.8 =  426.0
 14   6:Sites   958.4 + 3484.6 = 4443.0	Diffs   255.2 +  170.8 =  426.0
 14   7:Sites   960.0 + 3483.0 = 4443.0	Diffs   269.0 +  174.0 =  443.0
 14   8:Sites   957.1 + 3485.9 = 4443.0	Diffs   269.7 +  169.3 =  439.0
 14   9:Sites   960.3 + 3482.7 = 4443.0	Diffs   270.5 +  164.5 =  435.0
 14  10:Sites   957.6 + 3485.4 = 4443.0	Diffs   254.0 +  170.0 =  424.0
 14  11:Sites   959.5 + 3480.5 = 4440.0	Diffs   265.0 +  172.0 =  437.0
 14  12:Sites   922.8 + 3358.2 = 4281.0	Diffs   256.0 +  159.0 =  415.0
 14  13:Sites   962.1 + 3465.9 = 4428.0	Diffs   110.0 +   48.0 =  158.0  14
 15   1:Sites   950.3 + 3453.7 = 4404.0	Diffs   234.7 +  147.3 =  382.0
 15   2:Sites   959.4 + 3474.6 = 4434.0	Diffs   269.8 +  163.2 =  433.0
 15   3:Sites   868.4 + 3160.6 = 4029.0	Diffs   251.5 +  146.5 =  398.0
 15   4:Sites   958.9 + 3484.1 = 4443.0	Diffs   242.8 +  158.2 =  401.0
 15   5:Sites   955.3 + 3484.7 = 4440.0	Diffs   245.3 +  165.7 =  411.0
 15   6:Sites   957.3 + 3485.7 = 4443.0	Diffs   244.3 +  164.7 =  409.0
 15   7:Sites   958.9 + 3484.1 = 4443.0	Diffs   253.8 +  169.2 =  423.0
 15   8:Sites   955.9 + 3487.1 = 4443.0	Diffs   253.0 +  162.0 =  415.0
 15   9:Sites   959.2 + 3483.8 = 4443.0	Diffs   257.8 +  157.2 =  415.0
 15  10:Sites   956.5 + 3486.5 = 4443.0	Diffs   240.3 +  164.7 =  405.0
 15  11:Sites   958.3 + 3481.7 = 4440.0	Diffs   252.3 +  166.7 =  419.0
 15  12:Sites   922.8 + 3358.2 = 4281.0	Diffs   248.3 +  158.7 =  407.0
 15  13:Sites   961.5 + 3466.5 = 4428.0	Diffs   102.0 +   44.0 =  146.0
 15  14:Sites   969.1 + 3491.9 = 4461.0	Diffs    83.0 +   43.0 =  126.0  15
 16   1:Sites   946.1 + 3451.9 = 4398.0	Diffs   235.5 +  144.5 =  380.0
 16   2:Sites   955.2 + 3472.8 = 4428.0	Diffs   275.5 +  159.5 =  435.0
 16   3:Sites   865.2 + 3163.8 = 4029.0	Diffs   261.7 +  140.3 =  402.0
 16   4:Sites   954.7 + 3482.3 = 4437.0	Diffs   245.5 +  152.5 =  398.0
 16   5:Sites   951.1 + 3482.9 = 4434.0	Diffs   249.0 +  164.0 =  413.0
 16   6:Sites   953.0 + 3484.0 = 4437.0	Diffs   248.0 +  163.0 =  411.0
 16   7:Sites   954.7 + 3482.3 = 4437.0	Diffs   263.5 +  164.5 =  428.0
 16   8:Sites   951.7 + 3485.3 = 4437.0	Diffs   262.0 +  160.0 =  422.0
 16   9:Sites   955.0 + 3482.0 = 4437.0	Diffs   264.5 +  155.5 =  420.0
 16  10:Sites   952.2 + 3484.8 = 4437.0	Diffs   247.5 +  160.5 =  408.0
 16  11:Sites   954.1 + 3479.9 = 4434.0	Diffs   259.5 +  162.5 =  422.0
 16  12:Sites   918.2 + 3356.8 = 4275.0	Diffs   249.5 +  153.5 =  403.0
 16  13:Sites   957.3 + 3464.7 = 4422.0	Diffs   100.0 +   41.0 =  141.0
 16  14:Sites   964.9 + 3490.1 = 4455.0	Diffs    77.0 +   42.0 =  119.0
 16  15:Sites   963.8 + 3491.2 = 4455.0	Diffs    73.0 +   33.0 =  106.0  16
 17   1:Sites   944.5 + 3447.5 = 4392.0	Diffs   232.5 +  145.5 =  378.0
 17   2:Sites   953.3 + 3468.7 = 4422.0	Diffs   269.3 +  161.7 =  431.0
 17   3:Sites   863.7 + 3156.3 = 4020.0	Diffs   254.7 +  143.3 =  398.0
 17   4:Sites   953.1 + 3477.9 = 4431.0	Diffs   238.5 +  156.5 =  395.0
 17   5:Sites   949.5 + 3478.5 = 4428.0	Diffs   238.0 +  166.0 =  404.0
 17   6:Sites   951.5 + 3479.5 = 4431.0	Diffs   239.0 +  165.0 =  404.0
 17   7:Sites   953.1 + 3477.9 = 4431.0	Diffs   249.3 +  168.7 =  418.0
 17   8:Sites   950.1 + 3480.9 = 4431.0	Diffs   252.2 +  163.8 =  416.0
 17   9:Sites   953.4 + 3477.6 = 4431.0	Diffs   258.5 +  157.5 =  416.0
 17  10:Sites   950.7 + 3480.3 = 4431.0	Diffs   242.5 +  164.5 =  407.0
 17  11:Sites   952.5 + 3475.5 = 4428.0	Diffs   253.5 +  166.5 =  420.0
 17  12:Sites   917.0 + 3352.0 = 4269.0	Diffs   244.5 +  156.5 =  401.0
 17  13:Sites   955.4 + 3460.6 = 4416.0	Diffs    98.0 +   41.0 =  139.0
 17  14:Sites   963.0 + 3486.0 = 4449.0	Diffs    84.0 +   39.0 =  123.0
 17  15:Sites   961.9 + 3487.1 = 4449.0	Diffs    69.0 +   29.0 =   98.0
 17  16:Sites   958.6 + 3487.4 = 4446.0	Diffs    50.5 +   20.5 =   71.0  17
 18   1:Sites   946.1 + 3460.9 = 4407.0	Diffs   229.0 +  123.0 =  352.0
 18   2:Sites   955.6 + 3481.4 = 4437.0	Diffs   279.8 +  130.2 =  410.0
 18   3:Sites   865.3 + 3169.7 = 4035.0	Diffs   266.2 +  117.8 =  384.0
 18   4:Sites   955.0 + 3491.0 = 4446.0	Diffs   241.0 +  123.0 =  364.0
 18   5:Sites   951.5 + 3491.5 = 4443.0	Diffs   249.5 +  130.5 =  380.0
 18   6:Sites   953.4 + 3492.6 = 4446.0	Diffs   250.5 +  131.5 =  382.0
 18   7:Sites   955.0 + 3491.0 = 4446.0	Diffs   265.0 +  134.0 =  399.0
 18   8:Sites   952.1 + 3493.9 = 4446.0	Diffs   270.2 +  130.8 =  401.0
 18   9:Sites   955.3 + 3490.7 = 4446.0	Diffs   278.0 +  124.0 =  402.0
 18  10:Sites   952.6 + 3493.4 = 4446.0	Diffs   258.5 +  132.5 =  391.0
 18  11:Sites   954.5 + 3488.5 = 4443.0	Diffs   258.0 +  132.0 =  390.0
 18  12:Sites   918.4 + 3365.6 = 4284.0	Diffs   247.0 +  120.0 =  367.0
 18  13:Sites   956.3 + 3468.7 = 4425.0	Diffs   205.8 +   90.2 =  296.0
 18  14:Sites   964.2 + 3493.8 = 4458.0	Diffs   201.8 +   96.2 =  298.0
 18  15:Sites   963.1 + 3494.9 = 4458.0	Diffs   196.2 +   89.8 =  286.0
 18  16:Sites   958.8 + 3493.2 = 4452.0	Diffs   200.3 +   82.7 =  283.0
 18  17:Sites   957.3 + 3488.7 = 4446.0	Diffs   200.3 +   78.7 =  279.0  18
 19   1:Sites   946.0 + 3461.0 = 4407.0	Diffs   224.5 +  125.5 =  350.0
 19   2:Sites   955.5 + 3481.5 = 4437.0	Diffs   278.3 +  130.7 =  409.0
 19   3:Sites   864.6 + 3170.4 = 4035.0	Diffs   261.2 +  119.8 =  381.0
 19   4:Sites   954.9 + 3491.1 = 4446.0	Diffs   234.5 +  123.5 =  358.0
 19   5:Sites   951.4 + 3491.6 = 4443.0	Diffs   240.0 +  134.0 =  374.0
 19   6:Sites   953.3 + 3492.7 = 4446.0	Diffs   246.0 +  133.0 =  379.0
 19   7:Sites   954.9 + 3491.1 = 4446.0	Diffs   259.5 +  137.5 =  397.0
 19   8:Sites   952.0 + 3494.0 = 4446.0	Diffs   261.2 +  133.8 =  395.0
 19   9:Sites   955.2 + 3490.8 = 4446.0	Diffs   266.5 +  125.5 =  392.0
 19  10:Sites   952.5 + 3493.5 = 4446.0	Diffs   250.0 +  134.0 =  384.0
 19  11:Sites   954.4 + 3488.6 = 4443.0	Diffs   255.0 +  133.0 =  388.0
 19  12:Sites   918.3 + 3365.7 = 4284.0	Diffs   243.0 +  121.0 =  364.0
 19  13:Sites   956.2 + 3468.8 = 4425.0	Diffs   209.8 +  100.2 =  310.0
 19  14:Sites   964.1 + 3493.9 = 4458.0	Diffs   211.3 +  104.7 =  316.0
 19  15:Sites   963.0 + 3495.0 = 4458.0	Diffs   197.2 +   99.8 =  297.0
 19  16:Sites   958.7 + 3493.3 = 4452.0	Diffs   204.3 +   92.7 =  297.0
 19  17:Sites   957.2 + 3488.8 = 4446.0	Diffs   209.3 +   88.7 =  298.0
 19  18:Sites   959.8 + 3504.2 = 4464.0	Diffs    76.5 +   24.5 =  101.0  19
 20   1:Sites   946.0 + 3458.0 = 4404.0	Diffs   193.5 +  101.5 =  295.0
 20   2:Sites   955.4 + 3478.6 = 4434.0	Diffs   230.0 +  110.0 =  340.0
 20   3:Sites   866.2 + 3168.8 = 4035.0	Diffs   230.5 +  100.5 =  331.0
 20   4:Sites   954.9 + 3488.1 = 4443.0	Diffs   200.0 +  102.0 =  302.0
 20   5:Sites   951.3 + 3488.7 = 4440.0	Diffs   206.0 +  116.0 =  322.0
 20   6:Sites   953.3 + 3489.7 = 4443.0	Diffs   208.0 +  115.0 =  323.0
 20   7:Sites   954.9 + 3488.1 = 4443.0	Diffs   218.5 +  116.5 =  335.0
 20   8:Sites   951.9 + 3491.1 = 4443.0	Diffs   222.7 +  109.3 =  332.0
 20   9:Sites   955.2 + 3487.8 = 4443.0	Diffs   224.0 +  104.0 =  328.0
 20  10:Sites   952.5 + 3490.5 = 4443.0	Diffs   211.5 +  112.5 =  324.0
 20  11:Sites   954.3 + 3485.7 = 4440.0	Diffs   212.5 +  115.5 =  328.0
 20  12:Sites   918.2 + 3362.8 = 4281.0	Diffs   206.5 +  100.5 =  307.0
 20  13:Sites   955.8 + 3466.2 = 4422.0	Diffs   255.0 +  142.0 =  397.0
 20  14:Sites   963.7 + 3491.3 = 4455.0	Diffs   254.7 +  144.3 =  399.0
 20  15:Sites   962.6 + 3492.4 = 4455.0	Diffs   242.2 +  138.8 =  381.0
 20  16:Sites   958.4 + 3490.6 = 4449.0	Diffs   247.5 +  136.5 =  384.0
 20  17:Sites   956.8 + 3486.2 = 4443.0	Diffs   237.5 +  133.5 =  371.0
 20  18:Sites   958.7 + 3499.3 = 4458.0	Diffs   226.5 +  102.5 =  329.0
 20  19:Sites   958.6 + 3499.4 = 4458.0	Diffs   234.0 +  110.0 =  344.0  20
 21   1:Sites   930.2 + 3404.8 = 4335.0	Diffs   278.0 +  141.0 =  419.0
 21   2:Sites   934.4 + 3397.6 = 4332.0	Diffs   305.5 +  157.5 =  463.0
 21   3:Sites   850.6 + 3121.4 = 3972.0	Diffs   300.5 +  140.5 =  441.0
 21   4:Sites   933.9 + 3407.1 = 4341.0	Diffs   285.7 +  149.3 =  435.0
 21   5:Sites   930.3 + 3407.7 = 4338.0	Diffs   288.0 +  157.0 =  445.0
 21   6:Sites   932.2 + 3408.8 = 4341.0	Diffs   290.5 +  154.5 =  445.0
 21   7:Sites   933.9 + 3407.1 = 4341.0	Diffs   295.5 +  160.5 =  456.0
 21   8:Sites   930.9 + 3410.1 = 4341.0	Diffs   300.2 +  155.8 =  456.0
 21   9:Sites   933.7 + 3407.3 = 4341.0	Diffs   305.5 +  152.5 =  458.0
 21  10:Sites   931.5 + 3409.5 = 4341.0	Diffs   294.0 +  160.0 =  454.0
 21  11:Sites   933.6 + 3404.4 = 4338.0	Diffs   299.5 +  159.5 =  459.0
 21  12:Sites   903.3 + 3314.7 = 4218.0	Diffs   286.0 +  150.0 =  436.0
 21  13:Sites   939.3 + 3413.7 = 4353.0	Diffs   264.8 +  168.2 =  433.0
 21  14:Sites   941.2 + 3411.8 = 4353.0	Diffs   274.0 +  168.0 =  442.0
 21  15:Sites   941.0 + 3412.0 = 4353.0	Diffs   270.8 +  165.2 =  436.0
 21  16:Sites   936.7 + 3410.3 = 4347.0	Diffs   268.0 +  160.0 =  428.0
 21  17:Sites   935.8 + 3405.2 = 4341.0	Diffs   268.0 +  154.0 =  422.0
 21  18:Sites   937.1 + 3418.9 = 4356.0	Diffs   253.5 +  127.5 =  381.0
 21  19:Sites   936.9 + 3419.1 = 4356.0	Diffs   260.0 +  134.0 =  394.0
 21  20:Sites   937.4 + 3415.6 = 4353.0	Diffs   269.0 +  127.0 =  396.0  21
 22   1:Sites   931.1 + 3397.9 = 4329.0	Diffs   232.8 +  130.2 =  363.0
 22   2:Sites   940.8 + 3418.2 = 4359.0	Diffs   269.8 +  146.2 =  416.0
 22   3:Sites   851.1 + 3111.9 = 3963.0	Diffs   270.0 +  132.0 =  402.0
 22   4:Sites   940.2 + 3427.8 = 4368.0	Diffs   234.2 +  138.8 =  373.0
 22   5:Sites   936.6 + 3428.4 = 4365.0	Diffs   245.0 +  147.0 =  392.0
 22   6:Sites   938.6 + 3429.4 = 4368.0	Diffs   247.5 +  144.5 =  392.0
 22   7:Sites   940.2 + 3427.8 = 4368.0	Diffs   259.0 +  151.0 =  410.0
 22   8:Sites   937.2 + 3430.8 = 4368.0	Diffs   253.7 +  144.3 =  398.0
 22   9:Sites   940.5 + 3427.5 = 4368.0	Diffs   268.0 +  142.0 =  410.0
 22  10:Sites   937.8 + 3430.2 = 4368.0	Diffs   250.5 +  146.5 =  397.0
 22  11:Sites   939.6 + 3425.4 = 4365.0	Diffs   256.0 +  148.0 =  404.0
 22  12:Sites   904.4 + 3304.6 = 4209.0	Diffs   240.5 +  136.5 =  377.0
 22  13:Sites   940.5 + 3406.5 = 4347.0	Diffs   214.3 +  147.7 =  362.0
 22  14:Sites   948.0 + 3432.0 = 4380.0	Diffs   215.0 +  148.0 =  363.0
 22  15:Sites   947.2 + 3432.8 = 4380.0	Diffs   211.8 +  147.2 =  359.0
 22  16:Sites   943.3 + 3430.7 = 4374.0	Diffs   215.5 +  140.5 =  356.0
 22  17:Sites   941.8 + 3426.2 = 4368.0	Diffs   212.0 +  136.0 =  348.0
 22  18:Sites   943.7 + 3439.3 = 4383.0	Diffs   191.5 +  100.5 =  292.0
 22  19:Sites   943.6 + 3439.4 = 4383.0	Diffs   203.5 +  108.5 =  312.0
 22  20:Sites   943.6 + 3436.4 = 4380.0	Diffs   220.8 +  114.2 =  335.0
 22  21:Sites   936.0 + 3414.0 = 4350.0	Diffs   150.0 +   63.0 =  213.0  22
 23   1:Sites   931.4 + 3403.6 = 4335.0	Diffs   242.7 +  132.3 =  375.0
 23   2:Sites   940.7 + 3424.3 = 4365.0	Diffs   271.0 +  148.0 =  419.0
 23   3:Sites   853.3 + 3118.7 = 3972.0	Diffs   267.2 +  133.8 =  401.0
 23   4:Sites   940.2 + 3433.8 = 4374.0	Diffs   238.3 +  140.7 =  379.0
 23   5:Sites   936.6 + 3434.4 = 4371.0	Diffs   248.2 +  149.8 =  398.0
 23   6:Sites   938.5 + 3435.5 = 4374.0	Diffs   248.7 +  147.3 =  396.0
 23   7:Sites   940.2 + 3433.8 = 4374.0	Diffs   262.2 +  151.8 =  414.0
 23   8:Sites   937.2 + 3436.8 = 4374.0	Diffs   255.8 +  146.2 =  402.0
 23   9:Sites   940.5 + 3433.5 = 4374.0	Diffs   270.2 +  143.8 =  414.0
 23  10:Sites   937.8 + 3436.2 = 4374.0	Diffs   251.7 +  148.3 =  400.0
 23  11:Sites   939.6 + 3431.4 = 4371.0	Diffs   255.2 +  143.8 =  399.0
 23  12:Sites   904.7 + 3310.3 = 4215.0	Diffs   247.7 +  135.3 =  383.0
 23  13:Sites   940.8 + 3412.2 = 4353.0	Diffs   217.5 +  146.5 =  364.0
 23  14:Sites   948.0 + 3438.0 = 4386.0	Diffs   222.7 +  139.3 =  362.0
 23  15:Sites   947.2 + 3438.8 = 4386.0	Diffs   217.0 +  142.0 =  359.0
 23  16:Sites   943.3 + 3436.7 = 4380.0	Diffs   220.7 +  136.3 =  357.0
 23  17:Sites   942.1 + 3431.9 = 4374.0	Diffs   217.2 +  131.8 =  349.0
 23  18:Sites   943.7 + 3445.3 = 4389.0	Diffs   202.7 +  102.3 =  305.0
 23  19:Sites   943.5 + 3445.5 = 4389.0	Diffs   211.7 +  111.3 =  323.0
 23  20:Sites   944.6 + 3444.4 = 4389.0	Diffs   240.7 +  109.3 =  350.0
 23  21:Sites   936.4 + 3419.6 = 4356.0	Diffs   152.0 +   67.0 =  219.0
 23  22:Sites   942.6 + 3440.4 = 4383.0	Diffs    80.0 +   39.0 =  119.0  23
 24   1:Sites   925.1 + 3352.9 = 4278.0	Diffs   182.5 +   96.5 =  279.0
 24   2:Sites   933.8 + 3374.2 = 4308.0	Diffs   221.3 +   93.7 =  315.0
 24   3:Sites   843.2 + 3059.8 = 3903.0	Diffs   216.5 +   94.5 =  311.0
 24   4:Sites   933.7 + 3383.3 = 4317.0	Diffs   190.5 +   95.5 =  286.0
 24   5:Sites   930.2 + 3383.8 = 4314.0	Diffs   196.5 +  106.5 =  303.0
 24   6:Sites   932.1 + 3384.9 = 4317.0	Diffs   197.5 +  105.5 =  303.0
 24   7:Sites   933.9 + 3383.1 = 4317.0	Diffs   204.0 +  110.0 =  314.0
 24   8:Sites   931.0 + 3386.0 = 4317.0	Diffs   209.7 +  103.3 =  313.0
 24   9:Sites   934.2 + 3382.8 = 4317.0	Diffs   219.5 +   98.5 =  318.0
 24  10:Sites   931.5 + 3385.5 = 4317.0	Diffs   199.0 +  103.0 =  302.0
 24  11:Sites   933.4 + 3380.6 = 4314.0	Diffs   209.0 +  101.0 =  310.0
 24  12:Sites   896.9 + 3258.1 = 4155.0	Diffs   203.0 +   94.0 =  297.0
 24  13:Sites   934.6 + 3361.4 = 4296.0	Diffs   222.5 +  134.5 =  357.0
 24  14:Sites   942.7 + 3386.3 = 4329.0	Diffs   223.5 +  139.5 =  363.0
 24  15:Sites   941.6 + 3387.4 = 4329.0	Diffs   220.3 +  136.7 =  357.0
 24  16:Sites   937.3 + 3385.7 = 4323.0	Diffs   219.0 +  132.0 =  351.0
 24  17:Sites   935.8 + 3381.2 = 4317.0	Diffs   217.0 +  130.0 =  347.0
 24  18:Sites   938.1 + 3393.9 = 4332.0	Diffs   190.8 +  100.2 =  291.0
 24  19:Sites   938.0 + 3394.0 = 4332.0	Diffs   199.2 +  105.8 =  305.0
 24  20:Sites   937.7 + 3391.3 = 4329.0	Diffs   152.5 +   87.5 =  240.0
 24  21:Sites   918.0 + 3324.0 = 4242.0	Diffs   246.8 +  133.2 =  380.0
 24  22:Sites   924.8 + 3344.2 = 4269.0	Diffs   183.7 +  109.3 =  293.0
 24  23:Sites   924.8 + 3350.2 = 4275.0	Diffs   200.3 +  110.7 =  311.0  24
 25   1:Sites   948.5 + 3461.5 = 4410.0	Diffs   190.5 +   79.5 =  270.0
 25   2:Sites   952.6 + 3454.4 = 4407.0	Diffs   233.3 +   94.7 =  328.0
 25   3:Sites   867.0 + 3168.0 = 4035.0	Diffs   221.0 +   81.0 =  302.0
 25   4:Sites   952.0 + 3464.0 = 4416.0	Diffs   185.5 +   84.5 =  270.0
 25   5:Sites   948.4 + 3464.6 = 4413.0	Diffs   201.0 +   93.0 =  294.0
 25   6:Sites   950.4 + 3465.6 = 4416.0	Diffs   205.0 +   92.0 =  297.0
 25   7:Sites   952.0 + 3464.0 = 4416.0	Diffs   219.0 +   97.0 =  316.0
 25   8:Sites   949.0 + 3467.0 = 4416.0	Diffs   216.7 +   89.3 =  306.0
 25   9:Sites   951.8 + 3464.2 = 4416.0	Diffs   224.5 +   85.5 =  310.0
 25  10:Sites   949.6 + 3466.4 = 4416.0	Diffs   206.0 +   91.0 =  297.0
 25  11:Sites   951.8 + 3461.2 = 4413.0	Diffs   219.0 +   93.0 =  312.0
 25  12:Sites   920.4 + 3366.6 = 4287.0	Diffs   206.0 +   84.0 =  290.0
 25  13:Sites   958.7 + 3469.3 = 4428.0	Diffs   210.0 +  120.0 =  330.0
 25  14:Sites   961.0 + 3467.0 = 4428.0	Diffs   201.5 +  117.5 =  319.0
 25  15:Sites   960.4 + 3467.6 = 4428.0	Diffs   199.8 +  115.2 =  315.0
 25  16:Sites   956.1 + 3465.9 = 4422.0	Diffs   199.0 +  111.0 =  310.0
 25  17:Sites   954.6 + 3461.4 = 4416.0	Diffs   199.0 +  110.0 =  309.0
 25  18:Sites   956.1 + 3474.9 = 4431.0	Diffs   201.0 +   80.0 =  281.0
 25  19:Sites   956.0 + 3475.0 = 4431.0	Diffs   197.5 +   88.5 =  286.0
 25  20:Sites   955.7 + 3472.3 = 4428.0	Diffs   175.0 +   68.0 =  243.0
 25  21:Sites   940.2 + 3418.8 = 4359.0	Diffs   241.5 +  106.5 =  348.0
 25  22:Sites   941.4 + 3411.6 = 4353.0	Diffs   175.8 +   87.2 =  263.0
 25  23:Sites   941.7 + 3417.3 = 4359.0	Diffs   191.0 +   87.0 =  278.0
 25  24:Sites   934.9 + 3367.1 = 4302.0	Diffs   145.5 +   59.5 =  205.0  25
 26   1:Sites   946.8 + 3463.2 = 4410.0	Diffs   180.5 +   72.5 =  253.0
 26   2:Sites   956.3 + 3483.7 = 4440.0	Diffs   231.0 +   86.0 =  317.0
 26   3:Sites   865.4 + 3169.6 = 4035.0	Diffs   219.5 +   77.5 =  297.0
 26   4:Sites   955.7 + 3493.3 = 4449.0	Diffs   189.5 +   77.5 =  267.0
 26   5:Sites   952.1 + 3493.9 = 4446.0	Diffs   199.5 +   88.5 =  288.0
 26   6:Sites   954.1 + 3494.9 = 4449.0	Diffs   203.5 +   87.5 =  291.0
 26   7:Sites   955.7 + 3493.3 = 4449.0	Diffs   207.0 +   90.0 =  297.0
 26   8:Sites   952.8 + 3496.2 = 4449.0	Diffs   212.2 +   84.8 =  297.0
 26   9:Sites   956.0 + 3493.0 = 4449.0	Diffs   218.5 +   79.5 =  298.0
 26  10:Sites   953.3 + 3495.7 = 4449.0	Diffs   209.0 +   84.0 =  293.0
 26  11:Sites   955.1 + 3490.9 = 4446.0	Diffs   214.0 +   86.0 =  300.0
 26  12:Sites   919.3 + 3367.7 = 4287.0	Diffs   202.0 +   79.0 =  281.0
 26  13:Sites   957.0 + 3471.0 = 4428.0	Diffs   206.0 +  117.0 =  323.0
 26  14:Sites   964.9 + 3496.1 = 4461.0	Diffs   205.5 +  117.5 =  323.0
 26  15:Sites   963.8 + 3497.2 = 4461.0	Diffs   199.8 +  116.2 =  316.0
 26  16:Sites   959.5 + 3495.5 = 4455.0	Diffs   199.0 +  109.0 =  308.0
 26  17:Sites   958.0 + 3491.0 = 4449.0	Diffs   198.0 +  107.0 =  305.0
 26  18:Sites   959.8 + 3504.2 = 4464.0	Diffs   187.0 +   76.0 =  263.0
 26  19:Sites   959.7 + 3504.3 = 4464.0	Diffs   188.5 +   83.5 =  272.0
 26  20:Sites   959.4 + 3501.6 = 4461.0	Diffs   164.5 +   62.5 =  227.0
 26  21:Sites   938.5 + 3420.5 = 4359.0	Diffs   228.0 +  107.0 =  335.0
 26  22:Sites   945.1 + 3440.9 = 4386.0	Diffs   163.5 +   79.5 =  243.0
 26  23:Sites   945.1 + 3446.9 = 4392.0	Diffs   177.2 +   83.8 =  261.0
 26  24:Sites   938.6 + 3396.4 = 4335.0	Diffs   133.5 +   54.5 =  188.0
 26  25:Sites   956.9 + 3477.1 = 4434.0	Diffs   101.0 +   34.0 =  135.0  26
 27   1:Sites   939.5 + 3461.5 = 4401.0	Diffs   213.8 +  122.2 =  336.0
 27   2:Sites   948.6 + 3482.4 = 4431.0	Diffs   255.3 +  138.7 =  394.0
 27   3:Sites   859.9 + 3169.1 = 4029.0	Diffs   252.2 +  122.8 =  375.0
 27   4:Sites   948.0 + 3492.0 = 4440.0	Diffs   214.8 +  127.2 =  342.0
 27   5:Sites   944.5 + 3492.5 = 4437.0	Diffs   219.3 +  136.7 =  356.0
 27   6:Sites   946.4 + 3493.6 = 4440.0	Diffs   224.3 +  135.7 =  360.0
 27   7:Sites   948.0 + 3492.0 = 4440.0	Diffs   241.7 +  140.3 =  382.0
 27   8:Sites   945.1 + 3494.9 = 4440.0	Diffs   234.8 +  133.2 =  368.0
 27   9:Sites   948.4 + 3491.6 = 4440.0	Diffs   251.2 +  129.8 =  381.0
 27  10:Sites   945.6 + 3494.4 = 4440.0	Diffs   230.7 +  135.3 =  366.0
 27  11:Sites   947.5 + 3489.5 = 4437.0	Diffs   240.7 +  136.3 =  377.0
 27  12:Sites   913.5 + 3367.5 = 4281.0	Diffs   231.7 +  126.3 =  358.0
 27  13:Sites   949.6 + 3469.4 = 4419.0	Diffs   240.8 +  159.2 =  400.0
 27  14:Sites   957.2 + 3494.8 = 4452.0	Diffs   240.8 +  157.2 =  398.0
 27  15:Sites   956.1 + 3495.9 = 4452.0	Diffs   232.7 +  154.3 =  387.0
 27  16:Sites   952.3 + 3493.7 = 4446.0	Diffs   224.8 +  152.2 =  377.0
 27  17:Sites   950.7 + 3489.3 = 4440.0	Diffs   226.3 +  149.7 =  376.0
 27  18:Sites   952.2 + 3502.8 = 4455.0	Diffs   213.3 +  126.7 =  340.0
 27  19:Sites   952.1 + 3502.9 = 4455.0	Diffs   209.8 +  133.2 =  343.0
 27  20:Sites   951.7 + 3500.3 = 4452.0	Diffs   205.7 +  110.3 =  316.0
 27  21:Sites   931.4 + 3418.6 = 4350.0	Diffs   261.5 +  147.5 =  409.0
 27  22:Sites   937.7 + 3439.3 = 4377.0	Diffs   199.3 +  124.7 =  324.0
 27  23:Sites   937.7 + 3445.3 = 4383.0	Diffs   213.5 +  125.5 =  339.0
 27  24:Sites   931.2 + 3394.8 = 4326.0	Diffs   173.3 +  106.7 =  280.0
 27  25:Sites   949.5 + 3475.5 = 4425.0	Diffs   141.8 +   83.2 =  225.0
 27  26:Sites   952.9 + 3505.1 = 4458.0	Diffs   136.3 +   73.7 =  210.0  27
 28   1:Sites   929.5 + 3420.5 = 4350.0	Diffs   195.0 +   96.0 =  291.0
 28   2:Sites   932.2 + 3408.8 = 4341.0	Diffs   242.5 +  109.5 =  352.0
 28   3:Sites   863.4 + 3171.6 = 4035.0	Diffs   236.5 +   96.5 =  333.0
 28   4:Sites   931.7 + 3418.3 = 4350.0	Diffs   201.5 +   97.5 =  299.0
 28   5:Sites   928.1 + 3418.9 = 4347.0	Diffs   203.0 +  106.0 =  309.0
 28   6:Sites   930.0 + 3420.0 = 4350.0	Diffs   210.0 +  105.0 =  315.0
 28   7:Sites   931.7 + 3418.3 = 4350.0	Diffs   223.5 +  110.5 =  334.0
 28   8:Sites   928.7 + 3421.3 = 4350.0	Diffs   219.7 +  100.3 =  320.0
 28   9:Sites   931.5 + 3418.5 = 4350.0	Diffs   235.0 +   99.0 =  334.0
 28  10:Sites   929.3 + 3420.7 = 4350.0	Diffs   215.0 +  105.0 =  320.0
 28  11:Sites   931.4 + 3415.6 = 4347.0	Diffs   226.5 +  106.5 =  333.0
 28  12:Sites   916.5 + 3370.5 = 4287.0	Diffs   212.5 +   94.5 =  307.0
 28  13:Sites   937.6 + 3424.4 = 4362.0	Diffs   220.5 +  131.5 =  352.0
 28  14:Sites   939.9 + 3422.1 = 4362.0	Diffs   230.5 +  128.5 =  359.0
 28  15:Sites   939.7 + 3422.3 = 4362.0	Diffs   215.8 +  128.2 =  344.0
 28  16:Sites   935.6 + 3420.4 = 4356.0	Diffs   212.0 +  122.0 =  334.0
 28  17:Sites   934.1 + 3415.9 = 4350.0	Diffs   210.0 +  120.0 =  330.0
 28  18:Sites   935.5 + 3429.5 = 4365.0	Diffs   195.5 +   86.5 =  282.0
 28  19:Sites   935.4 + 3429.6 = 4365.0	Diffs   198.5 +   94.5 =  293.0
 28  20:Sites   935.0 + 3427.0 = 4362.0	Diffs   182.0 +   78.0 =  260.0
 28  21:Sites   920.1 + 3375.9 = 4296.0	Diffs   244.0 +  123.0 =  367.0
 28  22:Sites   921.3 + 3368.7 = 4290.0	Diffs   180.5 +   92.5 =  273.0
 28  23:Sites   921.6 + 3374.4 = 4296.0	Diffs   203.7 +   94.3 =  298.0
 28  24:Sites   914.1 + 3321.9 = 4236.0	Diffs   153.5 +   74.5 =  228.0
 28  25:Sites   937.9 + 3430.1 = 4368.0	Diffs   119.5 +   50.5 =  170.0
 28  26:Sites   936.2 + 3431.8 = 4368.0	Diffs   112.5 +   41.5 =  154.0
 28  27:Sites   930.1 + 3431.9 = 4362.0	Diffs    89.8 +   64.2 =  154.0  28

     3024 bytes for distance
  1042368 bytes for conP
    51264 bytes for fhK
  5000000 bytes for space

TREE #  1
((4, (1, (20, (24, (((22, (21, 23)), ((13, ((16, 17), (15, 14))), (18, 19))), (25, ((27, 28), 26))))))), ((3, 7), ((11, 12), (10, (8, 9)))), ((5, 6), 2));   MP score: -1
   1    1.134519
   2    0.324692
   3    0.259172
   4    0.256869
   5    0.256327
   6    0.256286
   7    0.256273
   8    0.256273
   9    0.256273
 13550784 bytes for conP, adjusted

1 node(s) used for scaling (Yang 2000 J Mol Evol 51:423-432):
 32

    0.012076    0.029830    0.055212    0.077809    0.041383    0.097635    0.011638    0.086046    0.014988    0.025958    0.083456    0.044753    0.003624    0.110197    0.052420    0.025478    0.077938    0.058030    0.010781    0.014498    0.030092    0.023980    0.000000    0.039701    0.054364    0.063152    0.037885    0.035381    0.018293    0.053200    0.007054    0.039343    0.070760    0.040548    0.044228    0.008035    0.023558    0.047263    0.023705    0.008852    0.018069    0.020586    0.012463    0.007596    0.024429    0.006525    0.030065    0.030339    0.004309    0.024199    0.014816    0.013679    0.060014    2.373185    0.900000    0.462025    1.773467

ntime & nrate & np:    53     1    57

Bounds (np=57):
   0.000004   0.000004   0.000004   0.000004   0.000004   0.000004   0.000004   0.000004   0.000004   0.000004   0.000004   0.000004   0.000004   0.000004   0.000004   0.000004   0.000004   0.000004   0.000004   0.000004   0.000004   0.000004   0.000004   0.000004   0.000004   0.000004   0.000004   0.000004   0.000004   0.000004   0.000004   0.000004   0.000004   0.000004   0.000004   0.000004   0.000004   0.000004   0.000004   0.000004   0.000004   0.000004   0.000004   0.000004   0.000004   0.000004   0.000004   0.000004   0.000004   0.000004   0.000004   0.000004   0.000004   0.000100   0.000010   0.005000   0.005000
  50.000000  50.000000  50.000000  50.000000  50.000000  50.000000  50.000000  50.000000  50.000000  50.000000  50.000000  50.000000  50.000000  50.000000  50.000000  50.000000  50.000000  50.000000  50.000000  50.000000  50.000000  50.000000  50.000000  50.000000  50.000000  50.000000  50.000000  50.000000  50.000000  50.000000  50.000000  50.000000  50.000000  50.000000  50.000000  50.000000  50.000000  50.000000  50.000000  50.000000  50.000000  50.000000  50.000000  50.000000  50.000000  50.000000  50.000000  50.000000  50.000000  50.000000  50.000000  50.000000  50.000000 999.000000   0.999990  99.000000  99.000000
Qfactor_NS = 9.259396

np =    57
lnL0 = -20308.855846

Iterating by ming2
Initial: fx= 20308.855846
x=  0.01208  0.02983  0.05521  0.07781  0.04138  0.09763  0.01164  0.08605  0.01499  0.02596  0.08346  0.04475  0.00362  0.11020  0.05242  0.02548  0.07794  0.05803  0.01078  0.01450  0.03009  0.02398  0.00000  0.03970  0.05436  0.06315  0.03788  0.03538  0.01829  0.05320  0.00705  0.03934  0.07076  0.04055  0.04423  0.00804  0.02356  0.04726  0.02371  0.00885  0.01807  0.02059  0.01246  0.00760  0.02443  0.00653  0.03006  0.03034  0.00431  0.02420  0.01482  0.01368  0.06001  2.37318  0.90000  0.46202  1.77347

  1 h-m-p  0.0000 0.0000 4862.8867 YYCCC 20294.191704  4 0.0000    68 | 0/57
  2 h-m-p  0.0000 0.0000 1966.7147 +CCCC 20275.684848  3 0.0000   136 | 0/57
  3 h-m-p  0.0000 0.0000 7912.4065 +YCCC 20264.222897  3 0.0000   202 | 0/57
  4 h-m-p  0.0000 0.0000 4124.3559 +YCCC 20253.707562  3 0.0000   268 | 0/57
  5 h-m-p  0.0000 0.0000 2198.8493 YCCC  20238.815265  3 0.0000   333 | 0/57
  6 h-m-p  0.0000 0.0000 1512.8602 +YCCCC 20224.051010  4 0.0000   401 | 0/57
  7 h-m-p  0.0000 0.0000 2217.3405 CYC   20219.269087  2 0.0000   464 | 0/57
  8 h-m-p  0.0000 0.0001 1418.2690 CCCC  20211.458298  3 0.0000   530 | 0/57
  9 h-m-p  0.0000 0.0001 1422.4533 CCCC  20204.683603  3 0.0000   596 | 0/57
 10 h-m-p  0.0000 0.0001 1915.6015 CCC   20198.566897  2 0.0000   660 | 0/57
 11 h-m-p  0.0000 0.0000 2640.5963 +YYCCC 20190.966951  4 0.0000   727 | 0/57
 12 h-m-p  0.0000 0.0001 2051.2756 CYC   20185.389159  2 0.0000   790 | 0/57
 13 h-m-p  0.0000 0.0001 783.0045 CYC   20183.992761  2 0.0000   853 | 0/57
 14 h-m-p  0.0000 0.0001 366.9856 YCC   20183.360403  2 0.0000   916 | 0/57
 15 h-m-p  0.0000 0.0003 222.9388 YC    20183.143306  1 0.0000   977 | 0/57
 16 h-m-p  0.0000 0.0001 190.2233 YC    20183.055366  1 0.0000  1038 | 0/57
 17 h-m-p  0.0000 0.0006  96.9741 C     20183.003803  0 0.0000  1098 | 0/57
 18 h-m-p  0.0000 0.0008 114.7301 YC    20182.928869  1 0.0000  1159 | 0/57
 19 h-m-p  0.0000 0.0011 131.1985 YC    20182.824623  1 0.0000  1220 | 0/57
 20 h-m-p  0.0000 0.0010 210.3413 YC    20182.620251  1 0.0001  1281 | 0/57
 21 h-m-p  0.0000 0.0008 493.5097 +CCC  20181.778898  2 0.0001  1346 | 0/57
 22 h-m-p  0.0000 0.0006 1539.0229 CCC   20180.732525  2 0.0000  1410 | 0/57
 23 h-m-p  0.0000 0.0005 2316.4944 +YCC  20177.843579  2 0.0001  1474 | 0/57
 24 h-m-p  0.0000 0.0003 4159.2018 CCC   20175.552595  2 0.0000  1538 | 0/57
 25 h-m-p  0.0000 0.0001 3008.7384 CCCC  20174.191382  3 0.0000  1604 | 0/57
 26 h-m-p  0.0000 0.0003 2517.7929 YCC   20173.453939  2 0.0000  1667 | 0/57
 27 h-m-p  0.0001 0.0006 792.3397 YC    20173.032978  1 0.0000  1728 | 0/57
 28 h-m-p  0.0001 0.0011 227.3068 CC    20172.948289  1 0.0000  1790 | 0/57
 29 h-m-p  0.0001 0.0021  87.0396 YC    20172.909899  1 0.0000  1851 | 0/57
 30 h-m-p  0.0001 0.0016  52.6319 YC    20172.890427  1 0.0000  1912 | 0/57
 31 h-m-p  0.0001 0.0046  35.0054 YC    20172.881224  1 0.0000  1973 | 0/57
 32 h-m-p  0.0000 0.0054  47.1414 +YC   20172.858342  1 0.0001  2035 | 0/57
 33 h-m-p  0.0000 0.0041  97.2011 YC    20172.810762  1 0.0001  2096 | 0/57
 34 h-m-p  0.0000 0.0012 406.4285 +CC   20172.634418  1 0.0001  2159 | 0/57
 35 h-m-p  0.0000 0.0023 1023.7843 +YC   20172.095464  1 0.0001  2221 | 0/57
 36 h-m-p  0.0000 0.0010 2041.1512 YC    20170.976054  1 0.0001  2282 | 0/57
 37 h-m-p  0.0001 0.0014 2313.0012 YC    20170.300989  1 0.0000  2343 | 0/57
 38 h-m-p  0.0002 0.0010 361.5238 CC    20170.210694  1 0.0000  2405 | 0/57
 39 h-m-p  0.0001 0.0020 120.4464 C     20170.188330  0 0.0000  2465 | 0/57
 40 h-m-p  0.0003 0.0070  14.9812 YC    20170.185789  1 0.0000  2526 | 0/57
 41 h-m-p  0.0001 0.0138   6.3544 C     20170.185176  0 0.0000  2586 | 0/57
 42 h-m-p  0.0002 0.1061   1.5563 C     20170.184305  0 0.0002  2646 | 0/57
 43 h-m-p  0.0001 0.0183   3.0578 C     20170.182196  0 0.0001  2706 | 0/57
 44 h-m-p  0.0001 0.0457   3.5825 +CC   20170.146755  1 0.0005  2769 | 0/57
 45 h-m-p  0.0001 0.0088  22.1602 +CC   20169.793090  1 0.0004  2832 | 0/57
 46 h-m-p  0.0000 0.0012 213.3200 +YCC  20168.426746  2 0.0001  2896 | 0/57
 47 h-m-p  0.0001 0.0004 492.4851 CCC   20166.466825  2 0.0001  2960 | 0/57
 48 h-m-p  0.0001 0.0004 362.8893 YCC   20165.650504  2 0.0001  3023 | 0/57
 49 h-m-p  0.0001 0.0007 119.9213 YC    20165.558376  1 0.0000  3084 | 0/57
 50 h-m-p  0.0001 0.0047  21.4907 C     20165.550452  0 0.0000  3144 | 0/57
 51 h-m-p  0.0001 0.0295   5.5871 C     20165.549534  0 0.0001  3204 | 0/57
 52 h-m-p  0.0002 0.0562   1.6188 Y     20165.549099  0 0.0001  3264 | 0/57
 53 h-m-p  0.0002 0.1141   1.1233 YC    20165.545721  1 0.0004  3325 | 0/57
 54 h-m-p  0.0001 0.0100   5.7349 +YC   20165.520028  1 0.0003  3387 | 0/57
 55 h-m-p  0.0001 0.0059  16.5440 +YC   20165.109135  1 0.0006  3449 | 0/57
 56 h-m-p  0.0001 0.0004 175.5828 +YYY  20162.980204  2 0.0002  3512 | 0/57
 57 h-m-p  0.0001 0.0007  89.4589 CC    20162.863407  1 0.0000  3574 | 0/57
 58 h-m-p  0.0003 0.0099  12.3003 -YC   20162.861122  1 0.0000  3636 | 0/57
 59 h-m-p  0.0063 3.1284   0.0654 ++CC  20162.758648  1 0.1390  3700 | 0/57
 60 h-m-p  0.0000 0.0019 185.7642 +CYC  20162.316655  2 0.0002  3821 | 0/57
 61 h-m-p  1.3572 8.0000   0.0295 YC    20162.234039  1 0.7348  3882 | 0/57
 62 h-m-p  0.9938 8.0000   0.0218 C     20162.213893  0 0.8996  3999 | 0/57
 63 h-m-p  0.7660 8.0000   0.0256 +CC   20162.188539  1 2.6710  4119 | 0/57
 64 h-m-p  1.0647 8.0000   0.0643 YC    20162.143293  1 2.2771  4237 | 0/57
 65 h-m-p  1.6000 8.0000   0.0626 C     20162.112003  0 1.6000  4354 | 0/57
 66 h-m-p  1.6000 8.0000   0.0023 YC    20162.108050  1 1.0598  4472 | 0/57
 67 h-m-p  0.5438 8.0000   0.0044 Y     20162.107902  0 0.9096  4589 | 0/57
 68 h-m-p  1.6000 8.0000   0.0011 Y     20162.107898  0 0.9654  4706 | 0/57
 69 h-m-p  1.6000 8.0000   0.0001 Y     20162.107898  0 1.0720  4823 | 0/57
 70 h-m-p  1.6000 8.0000   0.0000 C     20162.107898  0 2.3405  4940 | 0/57
 71 h-m-p  1.6000 8.0000   0.0000 C     20162.107898  0 1.9367  5057 | 0/57
 72 h-m-p  1.6000 8.0000   0.0000 C     20162.107898  0 0.5736  5174 | 0/57
 73 h-m-p  1.2691 8.0000   0.0000 Y     20162.107898  0 0.9427  5291 | 0/57
 74 h-m-p  1.6000 8.0000   0.0000 ++    20162.107898  m 8.0000  5408 | 0/57
 75 h-m-p  1.1486 8.0000   0.0000 --Y   20162.107898  0 0.0179  5527
Out..
lnL  = -20162.107898
5528 lfun, 38696 eigenQcodon, 1757904 P(t)
