
 16         verbose | verbose                1.00
  8         runmode | runmode                0.00
  4         seqtype | seqtype                1.00
 14       CodonFreq | CodonFreq              1.00
 19          aaDist | aaDist                 0.00
 17           model | model                  0.00
 21         NSsites | NSsites                8.00
 23           icode | icode                  0.00
 25       fix_kappa | fix_kappa              0.00
 26           kappa | kappa                  2.00
 27       fix_omega | fix_omega              1.00
 28           omega | omega                  1.00
 29       fix_alpha | fix_alpha              1.00
 30           alpha | alpha                  0.00
 31          Malpha | Malpha                 0.00
 32           ncatG | ncatG                  5.00
 12           getSE | getSE                  0.00
 13    RateAncestor | RateAncestor           0.00
 36      Small_Diff | Small_Diff             0.00
  7       cleandata | cleandata              0.00
 37     fix_blength | fix_blength            0.00
CODONML in paml version 4.10.7, June 2023

----------------------------------------------
Phe F TTT | Ser S TCT | Tyr Y TAT | Cys C TGT
      TTC |       TCC |       TAC |       TGC
Leu L TTA |       TCA | *** * TAA | *** * TGA
      TTG |       TCG |       TAG | Trp W TGG
----------------------------------------------
Leu L CTT | Pro P CCT | His H CAT | Arg R CGT
      CTC |       CCC |       CAC |       CGC
      CTA |       CCA | Gln Q CAA |       CGA
      CTG |       CCG |       CAG |       CGG
----------------------------------------------
Ile I ATT | Thr T ACT | Asn N AAT | Ser S AGT
      ATC |       ACC |       AAC |       AGC
      ATA |       ACA | Lys K AAA | Arg R AGA
Met M ATG |       ACG |       AAG |       AGG
----------------------------------------------
Val V GTT | Ala A GCT | Asp D GAT | Gly G GGT
      GTC |       GCC |       GAC |       GGC
      GTA |       GCA | Glu E GAA |       GGA
      GTG |       GCG |       GAG |       GGG
----------------------------------------------
Nice code, uuh?


Ambiguity character definition table:

T (1): T 
C (1): C 
A (1): A 
G (1): G 
U (1): T 
Y (2): T C 
R (2): A G 
M (2): C A 
K (2): T G 
S (2): C G 
W (2): T A 
H (3): T C A 
B (3): T C G 
V (3): C A G 
D (3): T A G 
- (4): T C A G 
N (4): T C A G 
? (4): T C A G 
ns = 27  	ls = 831
Reading sequences, sequential format..
Reading seq # 1: XM_0050128       
Reading seq # 2: XM_0131780       
Reading seq # 3: XM_0213818       
Reading seq # 4: XM_0158523       
Reading seq # 5: NM_0012561       
Reading seq # 6: XM_0316161       
Reading seq # 7: XM_0260529       
Reading seq # 8: XM_0261091       
Reading seq # 9: XM_0260719       
Reading seq #10: XM_0178378       
Reading seq #11: XM_0149582       
Reading seq #12: XM_0239208       
Reading seq #13: XM_0156327       
Reading seq #14: XM_0320991       
Reading seq #15: XM_0400561       
Reading seq #16: XM_0215449       
Reading seq #17: XM_0302695       
Reading seq #18: XM_0091027       
Reading seq #19: XM_0381476       
Reading seq #20: XM_0309539       
Reading seq #21: XM_0050381       
Reading seq #22: XM_0330533       
Reading seq #23: XM_0055053       
Reading seq #24: XM_0268519       
Reading seq #25: XM_0300425       
Reading seq #26: XM_0340745       
Reading seq #27: XM_0304760       

stop codon TAA in seq. #  27 (XM_0304760), nucleotide site 682
 1 columns are converted into ??? because of stop codons
Press Enter to continue
Sequences read..
Counting site patterns..  0:00
Compressing,    258 patterns at    277 /    277 sites (100.0%),  0:00
Collecting fpatt[] & pose[],    258 patterns at    277 /    277 sites (100.0%),  0:00
2 ambiguous codons are seen in the data:
 ??? ---
Counting codons..
NG distances for seqs.:
   1
  2   1:Sites   210.8 +  617.2 =  828.0	Diffs    28.0 +   20.0 =   48.0   2
  3   1:Sites   207.3 +  620.7 =  828.0	Diffs    47.7 +   50.3 =   98.0
  3   2:Sites   207.4 +  620.6 =  828.0	Diffs    47.8 +   46.2 =   94.0   3
  4   1:Sites   206.1 +  621.9 =  828.0	Diffs    61.8 +   55.2 =  117.0
  4   2:Sites   206.1 +  621.9 =  828.0	Diffs    58.8 +   48.2 =  107.0
  4   3:Sites   202.7 +  625.3 =  828.0	Diffs    36.0 +   20.0 =   56.0   4
  5   1:Sites   208.2 +  619.8 =  828.0	Diffs    50.8 +   51.2 =  102.0
  5   2:Sites   208.3 +  619.7 =  828.0	Diffs    44.3 +   41.7 =   86.0
  5   3:Sites   204.8 +  623.2 =  828.0	Diffs    24.0 +   16.0 =   40.0
  5   4:Sites   203.6 +  624.4 =  828.0	Diffs    28.0 +   15.0 =   43.0   5
  6   1:Sites   206.2 +  621.8 =  828.0	Diffs    55.7 +   53.3 =  109.0
  6   2:Sites   206.3 +  621.7 =  828.0	Diffs    50.2 +   47.8 =   98.0
  6   3:Sites   202.8 +  625.2 =  828.0	Diffs    23.0 +   17.0 =   40.0
  6   4:Sites   201.6 +  626.4 =  828.0	Diffs    32.0 +   18.0 =   50.0
  6   5:Sites   203.7 +  624.3 =  828.0	Diffs    13.0 +   12.0 =   25.0   6
  7   1:Sites   169.1 +  505.9 =  675.0	Diffs    35.0 +   43.0 =   78.0
  7   2:Sites   169.0 +  506.0 =  675.0	Diffs    36.0 +   39.0 =   75.0
  7   3:Sites   166.5 +  508.5 =  675.0	Diffs    34.5 +   43.5 =   78.0
  7   4:Sites   165.7 +  509.3 =  675.0	Diffs    40.0 +   35.0 =   75.0
  7   5:Sites   167.0 +  508.0 =  675.0	Diffs    31.5 +   37.5 =   69.0
  7   6:Sites   166.6 +  508.4 =  675.0	Diffs    38.5 +   41.5 =   80.0   7
  8   1:Sites   168.0 +  513.0 =  681.0	Diffs    51.5 +   49.5 =  101.0
  8   2:Sites   167.8 +  513.2 =  681.0	Diffs    45.5 +   42.5 =   88.0
  8   3:Sites   165.0 +  516.0 =  681.0	Diffs    41.0 +   44.0 =   85.0
  8   4:Sites   164.4 +  516.6 =  681.0	Diffs    45.5 +   35.5 =   81.0
  8   5:Sites   165.8 +  515.2 =  681.0	Diffs    41.0 +   40.0 =   81.0
  8   6:Sites   165.1 +  515.9 =  681.0	Diffs    44.0 +   42.0 =   86.0
  8   7:Sites   162.4 +  512.6 =  675.0	Diffs    31.0 +   16.0 =   47.0   8
  9   1:Sites   175.7 +  526.3 =  702.0	Diffs    59.5 +   47.5 =  107.0
  9   2:Sites   175.5 +  526.5 =  702.0	Diffs    52.5 +   40.5 =   93.0
  9   3:Sites   172.8 +  529.2 =  702.0	Diffs    43.0 +   44.0 =   87.0
  9   4:Sites   172.2 +  529.8 =  702.0	Diffs    50.0 +   38.0 =   88.0
  9   5:Sites   173.6 +  528.4 =  702.0	Diffs    43.5 +   39.5 =   83.0
  9   6:Sites   172.4 +  529.6 =  702.0	Diffs    46.5 +   40.5 =   87.0
  9   7:Sites   163.7 +  511.3 =  675.0	Diffs    37.0 +   17.0 =   54.0
  9   8:Sites   162.4 +  518.6 =  681.0	Diffs    16.0 +   11.0 =   27.0   9
 10   1:Sites   148.5 +  469.5 =  618.0	Diffs    60.2 +   64.8 =  125.0
 10   2:Sites   148.7 +  469.3 =  618.0	Diffs    56.3 +   56.7 =  113.0
 10   3:Sites   145.5 +  472.5 =  618.0	Diffs    53.5 +   52.5 =  106.0
 10   4:Sites   144.4 +  473.6 =  618.0	Diffs    55.3 +   45.7 =  101.0
 10   5:Sites   146.4 +  471.6 =  618.0	Diffs    54.2 +   49.8 =  104.0
 10   6:Sites   145.5 +  472.5 =  618.0	Diffs    54.3 +   52.7 =  107.0
 10   7:Sites   115.5 +  370.5 =  486.0	Diffs    45.8 +   26.2 =   72.0
 10   8:Sites   116.0 +  376.0 =  492.0	Diffs    44.8 +   23.2 =   68.0
 10   9:Sites   116.8 +  375.2 =  492.0	Diffs    43.8 +   24.2 =   68.0  10
 11   1:Sites   206.9 +  621.1 =  828.0	Diffs    52.5 +   60.5 =  113.0
 11   2:Sites   207.0 +  621.0 =  828.0	Diffs    53.0 +   57.0 =  110.0
 11   3:Sites   203.5 +  624.5 =  828.0	Diffs    45.0 +   60.0 =  105.0
 11   4:Sites   202.3 +  625.7 =  828.0	Diffs    57.0 +   52.0 =  109.0
 11   5:Sites   204.4 +  623.6 =  828.0	Diffs    48.0 +   53.0 =  101.0
 11   6:Sites   202.5 +  625.5 =  828.0	Diffs    49.0 +   59.0 =  108.0
 11   7:Sites   166.1 +  508.9 =  675.0	Diffs    35.5 +   29.5 =   65.0
 11   8:Sites   164.8 +  516.2 =  681.0	Diffs    41.5 +   27.5 =   69.0
 11   9:Sites   172.2 +  529.8 =  702.0	Diffs    48.5 +   25.5 =   74.0
 11  10:Sites   146.4 +  471.6 =  618.0	Diffs    39.8 +   33.2 =   73.0  11
 12   1:Sites   206.8 +  618.2 =  825.0	Diffs    61.3 +   68.7 =  130.0
 12   2:Sites   206.9 +  618.1 =  825.0	Diffs    55.0 +   62.0 =  117.0
 12   3:Sites   203.4 +  621.6 =  825.0	Diffs    58.7 +   64.3 =  123.0
 12   4:Sites   202.2 +  622.8 =  825.0	Diffs    69.2 +   59.8 =  129.0
 12   5:Sites   204.3 +  620.7 =  825.0	Diffs    61.3 +   61.7 =  123.0
 12   6:Sites   202.3 +  622.7 =  825.0	Diffs    62.5 +   62.5 =  125.0
 12   7:Sites   165.4 +  509.6 =  675.0	Diffs    40.2 +   32.8 =   73.0
 12   8:Sites   164.1 +  516.9 =  681.0	Diffs    45.2 +   27.8 =   73.0
 12   9:Sites   171.8 +  530.2 =  702.0	Diffs    50.2 +   30.8 =   81.0
 12  10:Sites   145.6 +  469.4 =  615.0	Diffs    31.0 +   26.0 =   57.0
 12  11:Sites   202.5 +  622.5 =  825.0	Diffs    43.7 +   33.3 =   77.0  12
 13   1:Sites   207.0 +  621.0 =  828.0	Diffs    63.2 +   67.8 =  131.0
 13   2:Sites   207.0 +  621.0 =  828.0	Diffs    57.8 +   62.2 =  120.0
 13   3:Sites   203.6 +  624.4 =  828.0	Diffs    58.7 +   61.3 =  120.0
 13   4:Sites   202.3 +  625.7 =  828.0	Diffs    70.8 +   56.2 =  127.0
 13   5:Sites   204.5 +  623.5 =  828.0	Diffs    61.7 +   58.3 =  120.0
 13   6:Sites   202.5 +  625.5 =  828.0	Diffs    61.3 +   57.7 =  119.0
 13   7:Sites   165.3 +  509.7 =  675.0	Diffs    40.0 +   32.0 =   72.0
 13   8:Sites   164.0 +  517.0 =  681.0	Diffs    46.0 +   29.0 =   75.0
 13   9:Sites   171.7 +  530.3 =  702.0	Diffs    51.0 +   31.0 =   82.0
 13  10:Sites   146.2 +  471.8 =  618.0	Diffs    33.8 +   24.2 =   58.0
 13  11:Sites   203.2 +  624.8 =  828.0	Diffs    45.5 +   35.5 =   81.0
 13  12:Sites   202.9 +  622.1 =  825.0	Diffs     6.0 +   14.0 =   20.0  13
 14   1:Sites   206.2 +  621.8 =  828.0	Diffs    61.3 +   69.7 =  131.0
 14   2:Sites   206.3 +  621.7 =  828.0	Diffs    55.0 +   61.0 =  116.0
 14   3:Sites   202.8 +  625.2 =  828.0	Diffs    55.5 +   61.5 =  117.0
 14   4:Sites   201.6 +  626.4 =  828.0	Diffs    62.5 +   56.5 =  119.0
 14   5:Sites   203.7 +  624.3 =  828.0	Diffs    56.8 +   58.2 =  115.0
 14   6:Sites   201.7 +  626.3 =  828.0	Diffs    58.8 +   58.2 =  117.0
 14   7:Sites   165.4 +  509.6 =  675.0	Diffs    42.8 +   31.2 =   74.0
 14   8:Sites   164.1 +  516.9 =  681.0	Diffs    40.5 +   28.5 =   69.0
 14   9:Sites   171.4 +  530.6 =  702.0	Diffs    47.8 +   33.2 =   81.0
 14  10:Sites   146.0 +  472.0 =  618.0	Diffs    26.3 +   21.7 =   48.0
 14  11:Sites   202.4 +  625.6 =  828.0	Diffs    42.3 +   33.7 =   76.0
 14  12:Sites   202.1 +  622.9 =  825.0	Diffs    21.5 +   21.5 =   43.0
 14  13:Sites   202.5 +  625.5 =  828.0	Diffs    23.0 +   15.0 =   38.0  14
 15   1:Sites   208.2 +  619.8 =  828.0	Diffs    61.3 +   68.7 =  130.0
 15   2:Sites   208.3 +  619.7 =  828.0	Diffs    50.7 +   65.3 =  116.0
 15   3:Sites   204.9 +  623.1 =  828.0	Diffs    54.3 +   69.7 =  124.0
 15   4:Sites   203.6 +  624.4 =  828.0	Diffs    63.2 +   61.8 =  125.0
 15   5:Sites   205.8 +  622.2 =  828.0	Diffs    55.2 +   63.8 =  119.0
 15   6:Sites   203.8 +  624.2 =  828.0	Diffs    57.0 +   66.0 =  123.0
 15   7:Sites   166.5 +  508.5 =  675.0	Diffs    43.5 +   33.5 =   77.0
 15   8:Sites   165.2 +  515.8 =  681.0	Diffs    45.5 +   32.5 =   78.0
 15   9:Sites   173.1 +  528.9 =  702.0	Diffs    48.5 +   35.5 =   84.0
 15  10:Sites   147.3 +  470.7 =  618.0	Diffs    37.5 +   29.5 =   67.0
 15  11:Sites   204.5 +  623.5 =  828.0	Diffs    45.5 +   40.5 =   86.0
 15  12:Sites   204.2 +  620.8 =  825.0	Diffs    27.0 +   28.0 =   55.0
 15  13:Sites   204.5 +  623.5 =  828.0	Diffs    27.0 +   24.0 =   51.0
 15  14:Sites   203.7 +  624.3 =  828.0	Diffs    30.0 +   23.0 =   53.0  15
 16   1:Sites   207.6 +  620.4 =  828.0	Diffs    63.3 +   67.7 =  131.0
 16   2:Sites   207.7 +  620.3 =  828.0	Diffs    56.0 +   59.0 =  115.0
 16   3:Sites   204.3 +  623.7 =  828.0	Diffs    56.7 +   61.3 =  118.0
 16   4:Sites   203.0 +  625.0 =  828.0	Diffs    65.0 +   54.0 =  119.0
 16   5:Sites   205.2 +  622.8 =  828.0	Diffs    56.8 +   55.2 =  112.0
 16   6:Sites   203.2 +  624.8 =  828.0	Diffs    58.8 +   58.2 =  117.0
 16   7:Sites   166.1 +  508.9 =  675.0	Diffs    40.5 +   31.5 =   72.0
 16   8:Sites   164.8 +  516.2 =  681.0	Diffs    44.5 +   28.5 =   73.0
 16   9:Sites   172.5 +  529.5 =  702.0	Diffs    47.5 +   30.5 =   78.0
 16  10:Sites   146.9 +  471.1 =  618.0	Diffs    26.3 +   23.7 =   50.0
 16  11:Sites   203.9 +  624.1 =  828.0	Diffs    40.0 +   30.0 =   70.0
 16  12:Sites   203.6 +  621.4 =  825.0	Diffs    22.0 +   19.0 =   41.0
 16  13:Sites   203.9 +  624.1 =  828.0	Diffs    22.5 +   15.5 =   38.0
 16  14:Sites   203.1 +  624.9 =  828.0	Diffs    17.0 +   14.0 =   31.0
 16  15:Sites   205.2 +  622.8 =  828.0	Diffs    25.0 +   17.0 =   42.0  16
 17   1:Sites   207.4 +  620.6 =  828.0	Diffs    64.2 +   69.8 =  134.0
 17   2:Sites   207.5 +  620.5 =  828.0	Diffs    57.8 +   61.2 =  119.0
 17   3:Sites   204.0 +  624.0 =  828.0	Diffs    59.2 +   63.8 =  123.0
 17   4:Sites   202.8 +  625.2 =  828.0	Diffs    65.3 +   56.7 =  122.0
 17   5:Sites   204.9 +  623.1 =  828.0	Diffs    59.2 +   58.8 =  118.0
 17   6:Sites   202.9 +  625.1 =  828.0	Diffs    60.3 +   60.7 =  121.0
 17   7:Sites   166.1 +  508.9 =  675.0	Diffs    40.5 +   32.5 =   73.0
 17   8:Sites   164.8 +  516.2 =  681.0	Diffs    45.5 +   29.5 =   75.0
 17   9:Sites   172.5 +  529.5 =  702.0	Diffs    47.5 +   31.5 =   79.0
 17  10:Sites   146.6 +  471.4 =  618.0	Diffs    29.3 +   22.7 =   52.0
 17  11:Sites   203.6 +  624.4 =  828.0	Diffs    45.0 +   32.0 =   77.0
 17  12:Sites   203.3 +  621.7 =  825.0	Diffs    22.0 +   19.0 =   41.0
 17  13:Sites   203.7 +  624.3 =  828.0	Diffs    21.0 +   15.0 =   36.0
 17  14:Sites   202.9 +  625.1 =  828.0	Diffs    17.0 +   14.0 =   31.0
 17  15:Sites   204.9 +  623.1 =  828.0	Diffs    26.0 +   17.0 =   43.0
 17  16:Sites   204.3 +  623.7 =  828.0	Diffs     8.0 +    2.0 =   10.0  17
 18   1:Sites   207.1 +  620.9 =  828.0	Diffs    63.8 +   67.2 =  131.0
 18   2:Sites   207.2 +  620.8 =  828.0	Diffs    57.5 +   60.5 =  118.0
 18   3:Sites   203.7 +  624.3 =  828.0	Diffs    56.7 +   61.3 =  118.0
 18   4:Sites   202.5 +  625.5 =  828.0	Diffs    66.0 +   56.0 =  122.0
 18   5:Sites   204.6 +  623.4 =  828.0	Diffs    58.8 +   58.2 =  117.0
 18   6:Sites   202.6 +  625.4 =  828.0	Diffs    59.8 +   58.2 =  118.0
 18   7:Sites   166.2 +  508.8 =  675.0	Diffs    43.0 +   31.0 =   74.0
 18   8:Sites   164.9 +  516.1 =  681.0	Diffs    44.0 +   28.0 =   72.0
 18   9:Sites   172.6 +  529.4 =  702.0	Diffs    47.0 +   30.0 =   77.0
 18  10:Sites   146.3 +  471.7 =  618.0	Diffs    27.8 +   23.2 =   51.0
 18  11:Sites   203.3 +  624.7 =  828.0	Diffs    44.5 +   33.5 =   78.0
 18  12:Sites   203.0 +  622.0 =  825.0	Diffs    23.5 +   18.5 =   42.0
 18  13:Sites   203.4 +  624.6 =  828.0	Diffs    22.5 +   12.5 =   35.0
 18  14:Sites   202.6 +  625.4 =  828.0	Diffs    15.5 +   12.5 =   28.0
 18  15:Sites   204.6 +  623.4 =  828.0	Diffs    25.0 +   18.0 =   43.0
 18  16:Sites   204.0 +  624.0 =  828.0	Diffs    15.5 +    9.5 =   25.0
 18  17:Sites   203.8 +  624.2 =  828.0	Diffs    15.5 +   10.5 =   26.0  18
 19   1:Sites   206.5 +  621.5 =  828.0	Diffs    65.2 +   68.8 =  134.0
 19   2:Sites   206.6 +  621.4 =  828.0	Diffs    56.8 +   60.2 =  117.0
 19   3:Sites   203.1 +  624.9 =  828.0	Diffs    57.7 +   62.3 =  120.0
 19   4:Sites   201.9 +  626.1 =  828.0	Diffs    66.8 +   55.2 =  122.0
 19   5:Sites   204.0 +  624.0 =  828.0	Diffs    59.7 +   57.3 =  117.0
 19   6:Sites   202.1 +  625.9 =  828.0	Diffs    60.8 +   59.2 =  120.0
 19   7:Sites   165.3 +  509.7 =  675.0	Diffs    41.5 +   29.5 =   71.0
 19   8:Sites   164.0 +  517.0 =  681.0	Diffs    44.5 +   28.5 =   73.0
 19   9:Sites   171.7 +  530.3 =  702.0	Diffs    48.5 +   30.5 =   79.0
 19  10:Sites   145.7 +  472.3 =  618.0	Diffs    28.8 +   22.2 =   51.0
 19  11:Sites   202.8 +  625.2 =  828.0	Diffs    45.0 +   31.0 =   76.0
 19  12:Sites   202.4 +  622.6 =  825.0	Diffs    16.0 +   18.0 =   34.0
 19  13:Sites   202.8 +  625.2 =  828.0	Diffs    16.0 +   14.0 =   30.0
 19  14:Sites   202.0 +  626.0 =  828.0	Diffs    16.0 +   11.0 =   27.0
 19  15:Sites   204.1 +  623.9 =  828.0	Diffs    24.5 +   19.5 =   44.0
 19  16:Sites   203.5 +  624.5 =  828.0	Diffs    15.0 +    5.0 =   20.0
 19  17:Sites   203.2 +  624.8 =  828.0	Diffs    15.0 +    5.0 =   20.0
 19  18:Sites   202.9 +  625.1 =  828.0	Diffs    12.0 +    8.0 =   20.0  19
 20   1:Sites   207.5 +  620.5 =  828.0	Diffs    64.2 +   71.8 =  136.0
 20   2:Sites   207.6 +  620.4 =  828.0	Diffs    55.8 +   63.2 =  119.0
 20   3:Sites   204.1 +  623.9 =  828.0	Diffs    54.2 +   65.8 =  120.0
 20   4:Sites   202.8 +  625.2 =  828.0	Diffs    62.3 +   58.7 =  121.0
 20   5:Sites   205.0 +  623.0 =  828.0	Diffs    54.2 +   60.8 =  115.0
 20   6:Sites   203.0 +  625.0 =  828.0	Diffs    55.3 +   62.7 =  118.0
 20   7:Sites   166.5 +  508.5 =  675.0	Diffs    43.5 +   32.5 =   76.0
 20   8:Sites   165.2 +  515.8 =  681.0	Diffs    44.5 +   31.5 =   76.0
 20   9:Sites   173.1 +  528.9 =  702.0	Diffs    46.0 +   34.0 =   80.0
 20  10:Sites   146.3 +  471.7 =  618.0	Diffs    27.3 +   22.7 =   50.0
 20  11:Sites   203.7 +  624.3 =  828.0	Diffs    39.0 +   36.0 =   75.0
 20  12:Sites   203.4 +  621.6 =  825.0	Diffs    21.0 +   23.0 =   44.0
 20  13:Sites   203.7 +  624.3 =  828.0	Diffs    20.0 +   17.0 =   37.0
 20  14:Sites   203.0 +  625.0 =  828.0	Diffs    18.0 +   16.0 =   34.0
 20  15:Sites   205.0 +  623.0 =  828.0	Diffs    22.5 +   17.5 =   40.0
 20  16:Sites   204.4 +  623.6 =  828.0	Diffs    17.0 +   12.0 =   29.0
 20  17:Sites   204.2 +  623.8 =  828.0	Diffs    17.0 +   12.0 =   29.0
 20  18:Sites   203.9 +  624.1 =  828.0	Diffs    12.0 +   11.0 =   23.0
 20  19:Sites   203.3 +  624.7 =  828.0	Diffs    12.0 +   11.0 =   23.0  20
 21   1:Sites   208.6 +  619.4 =  828.0	Diffs    63.3 +   66.7 =  130.0
 21   2:Sites   208.7 +  619.3 =  828.0	Diffs    59.5 +   62.5 =  122.0
 21   3:Sites   205.2 +  622.8 =  828.0	Diffs    56.8 +   62.2 =  119.0
 21   4:Sites   204.0 +  624.0 =  828.0	Diffs    67.2 +   55.8 =  123.0
 21   5:Sites   206.1 +  621.9 =  828.0	Diffs    58.5 +   57.5 =  116.0
 21   6:Sites   204.1 +  623.9 =  828.0	Diffs    59.8 +   57.2 =  117.0
 21   7:Sites   167.1 +  507.9 =  675.0	Diffs    38.5 +   29.5 =   68.0
 21   8:Sites   165.8 +  515.2 =  681.0	Diffs    46.5 +   28.5 =   75.0
 21   9:Sites   173.5 +  528.5 =  702.0	Diffs    50.5 +   29.5 =   80.0
 21  10:Sites   147.3 +  470.7 =  618.0	Diffs    38.5 +   29.5 =   68.0
 21  11:Sites   204.8 +  623.2 =  828.0	Diffs    46.0 +   36.0 =   82.0
 21  12:Sites   204.5 +  620.5 =  825.0	Diffs    27.0 +   26.0 =   53.0
 21  13:Sites   204.9 +  623.1 =  828.0	Diffs    24.0 +   22.0 =   46.0
 21  14:Sites   204.1 +  623.9 =  828.0	Diffs    27.0 +   21.0 =   48.0
 21  15:Sites   206.1 +  621.9 =  828.0	Diffs    30.0 +   22.0 =   52.0
 21  16:Sites   205.5 +  622.5 =  828.0	Diffs    25.0 +   18.0 =   43.0
 21  17:Sites   205.3 +  622.7 =  828.0	Diffs    24.0 +   19.0 =   43.0
 21  18:Sites   205.0 +  623.0 =  828.0	Diffs    25.0 +   16.0 =   41.0
 21  19:Sites   204.4 +  623.6 =  828.0	Diffs    22.5 +   17.5 =   40.0
 21  20:Sites   205.4 +  622.6 =  828.0	Diffs    19.5 +   20.5 =   40.0  21
 22   1:Sites   205.1 +  616.9 =  822.0	Diffs    63.2 +   66.8 =  130.0
 22   2:Sites   205.1 +  616.9 =  822.0	Diffs    58.8 +   62.2 =  121.0
 22   3:Sites   201.6 +  620.4 =  822.0	Diffs    66.2 +   60.8 =  127.0
 22   4:Sites   200.4 +  621.6 =  822.0	Diffs    73.3 +   54.7 =  128.0
 22   5:Sites   202.5 +  619.5 =  822.0	Diffs    65.2 +   56.8 =  122.0
 22   6:Sites   200.5 +  621.5 =  822.0	Diffs    67.3 +   57.7 =  125.0
 22   7:Sites   165.5 +  509.5 =  675.0	Diffs    44.5 +   31.5 =   76.0
 22   8:Sites   164.1 +  516.9 =  681.0	Diffs    50.5 +   29.5 =   80.0
 22   9:Sites   171.8 +  530.2 =  702.0	Diffs    53.5 +   33.5 =   87.0
 22  10:Sites   144.6 +  467.4 =  612.0	Diffs    35.3 +   25.7 =   61.0
 22  11:Sites   201.3 +  620.7 =  822.0	Diffs    52.5 +   35.5 =   88.0
 22  12:Sites   201.0 +  618.0 =  819.0	Diffs    24.0 +   25.0 =   49.0
 22  13:Sites   201.3 +  620.7 =  822.0	Diffs    25.5 +   18.5 =   44.0
 22  14:Sites   200.6 +  621.4 =  822.0	Diffs    28.0 +   16.0 =   44.0
 22  15:Sites   202.6 +  619.4 =  822.0	Diffs    34.0 +   19.0 =   53.0
 22  16:Sites   202.0 +  620.0 =  822.0	Diffs    25.0 +   14.0 =   39.0
 22  17:Sites   201.8 +  620.2 =  822.0	Diffs    28.0 +   12.0 =   40.0
 22  18:Sites   201.5 +  620.5 =  822.0	Diffs    27.5 +   16.5 =   44.0
 22  19:Sites   200.9 +  621.1 =  822.0	Diffs    23.0 +   15.0 =   38.0
 22  20:Sites   201.9 +  620.1 =  822.0	Diffs    24.0 +   16.0 =   40.0
 22  21:Sites   203.0 +  619.0 =  822.0	Diffs    25.0 +   15.0 =   40.0  22
 23   1:Sites   205.6 +  622.4 =  828.0	Diffs    59.5 +   63.5 =  123.0
 23   2:Sites   205.7 +  622.3 =  828.0	Diffs    56.0 +   55.0 =  111.0
 23   3:Sites   202.2 +  625.8 =  828.0	Diffs    52.8 +   53.2 =  106.0
 23   4:Sites   200.9 +  627.1 =  828.0	Diffs    59.2 +   50.8 =  110.0
 23   5:Sites   203.1 +  624.9 =  828.0	Diffs    47.3 +   51.7 =   99.0
 23   6:Sites   201.1 +  626.9 =  828.0	Diffs    52.5 +   51.5 =  104.0
 23   7:Sites   164.6 +  510.4 =  675.0	Diffs    37.0 +   31.0 =   68.0
 23   8:Sites   163.3 +  517.7 =  681.0	Diffs    41.8 +   27.2 =   69.0
 23   9:Sites   171.2 +  530.8 =  702.0	Diffs    42.8 +   27.2 =   70.0
 23  10:Sites   145.3 +  472.7 =  618.0	Diffs    35.7 +   24.3 =   60.0
 23  11:Sites   201.8 +  626.2 =  828.0	Diffs    31.5 +   27.5 =   59.0
 23  12:Sites   201.5 +  623.5 =  825.0	Diffs    34.2 +   30.8 =   65.0
 23  13:Sites   201.9 +  626.1 =  828.0	Diffs    34.0 +   28.0 =   62.0
 23  14:Sites   201.1 +  626.9 =  828.0	Diffs    32.5 +   27.5 =   60.0
 23  15:Sites   203.1 +  624.9 =  828.0	Diffs    35.7 +   35.3 =   71.0
 23  16:Sites   202.5 +  625.5 =  828.0	Diffs    30.5 +   26.5 =   57.0
 23  17:Sites   202.3 +  625.7 =  828.0	Diffs    30.5 +   26.5 =   57.0
 23  18:Sites   202.0 +  626.0 =  828.0	Diffs    30.0 +   27.0 =   57.0
 23  19:Sites   201.4 +  626.6 =  828.0	Diffs    30.5 +   25.5 =   56.0
 23  20:Sites   202.4 +  625.6 =  828.0	Diffs    27.5 +   28.5 =   56.0
 23  21:Sites   203.5 +  624.5 =  828.0	Diffs    40.7 +   29.3 =   70.0
 23  22:Sites   200.0 +  622.0 =  822.0	Diffs    41.5 +   29.5 =   71.0  23
 24   1:Sites   205.3 +  622.7 =  828.0	Diffs    62.8 +   63.2 =  126.0
 24   2:Sites   205.4 +  622.6 =  828.0	Diffs    56.0 +   55.0 =  111.0
 24   3:Sites   201.9 +  626.1 =  828.0	Diffs    62.2 +   52.8 =  115.0
 24   4:Sites   200.7 +  627.3 =  828.0	Diffs    64.5 +   47.5 =  112.0
 24   5:Sites   202.8 +  625.2 =  828.0	Diffs    56.8 +   50.2 =  107.0
 24   6:Sites   200.9 +  627.1 =  828.0	Diffs    58.0 +   52.0 =  110.0
 24   7:Sites   164.6 +  510.4 =  675.0	Diffs    43.0 +   30.0 =   73.0
 24   8:Sites   163.3 +  517.7 =  681.0	Diffs    44.0 +   26.0 =   70.0
 24   9:Sites   171.0 +  531.0 =  702.0	Diffs    51.5 +   24.5 =   76.0
 24  10:Sites   145.3 +  472.7 =  618.0	Diffs    35.8 +   22.2 =   58.0
 24  11:Sites   201.5 +  626.5 =  828.0	Diffs    49.5 +   25.5 =   75.0
 24  12:Sites   201.2 +  623.8 =  825.0	Diffs    40.2 +   24.8 =   65.0
 24  13:Sites   201.6 +  626.4 =  828.0	Diffs    37.0 +   24.0 =   61.0
 24  14:Sites   200.8 +  627.2 =  828.0	Diffs    30.5 +   21.5 =   52.0
 24  15:Sites   202.9 +  625.1 =  828.0	Diffs    44.7 +   31.3 =   76.0
 24  16:Sites   202.3 +  625.7 =  828.0	Diffs    36.5 +   20.5 =   57.0
 24  17:Sites   202.0 +  626.0 =  828.0	Diffs    35.5 +   20.5 =   56.0
 24  18:Sites   201.7 +  626.3 =  828.0	Diffs    37.0 +   21.0 =   58.0
 24  19:Sites   201.2 +  626.8 =  828.0	Diffs    33.5 +   19.5 =   53.0
 24  20:Sites   202.1 +  625.9 =  828.0	Diffs    37.5 +   24.5 =   62.0
 24  21:Sites   203.2 +  624.8 =  828.0	Diffs    45.7 +   26.3 =   72.0
 24  22:Sites   199.6 +  622.4 =  822.0	Diffs    47.5 +   25.5 =   73.0
 24  23:Sites   200.2 +  627.8 =  828.0	Diffs    34.0 +   18.0 =   52.0  24
 25   1:Sites   206.5 +  621.5 =  828.0	Diffs    59.8 +   65.2 =  125.0
 25   2:Sites   206.6 +  621.4 =  828.0	Diffs    52.5 +   56.5 =  109.0
 25   3:Sites   203.1 +  624.9 =  828.0	Diffs    56.2 +   56.8 =  113.0
 25   4:Sites   201.9 +  626.1 =  828.0	Diffs    61.0 +   51.0 =  112.0
 25   5:Sites   204.0 +  624.0 =  828.0	Diffs    50.8 +   54.2 =  105.0
 25   6:Sites   202.0 +  626.0 =  828.0	Diffs    54.0 +   56.0 =  110.0
 25   7:Sites   165.5 +  509.5 =  675.0	Diffs    39.0 +   30.0 =   69.0
 25   8:Sites   164.2 +  516.8 =  681.0	Diffs    42.0 +   30.0 =   72.0
 25   9:Sites   171.9 +  530.1 =  702.0	Diffs    48.0 +   29.0 =   77.0
 25  10:Sites   145.6 +  472.4 =  618.0	Diffs    28.8 +   19.2 =   48.0
 25  11:Sites   202.7 +  625.3 =  828.0	Diffs    39.5 +   26.5 =   66.0
 25  12:Sites   202.3 +  622.7 =  825.0	Diffs    32.2 +   26.8 =   59.0
 25  13:Sites   202.8 +  625.2 =  828.0	Diffs    33.0 +   23.0 =   56.0
 25  14:Sites   202.0 +  626.0 =  828.0	Diffs    23.5 +   19.5 =   43.0
 25  15:Sites   204.0 +  624.0 =  828.0	Diffs    36.7 +   32.3 =   69.0
 25  16:Sites   203.4 +  624.6 =  828.0	Diffs    29.5 +   23.5 =   53.0
 25  17:Sites   203.2 +  624.8 =  828.0	Diffs    29.5 +   23.5 =   53.0
 25  18:Sites   202.9 +  625.1 =  828.0	Diffs    30.0 +   22.0 =   52.0
 25  19:Sites   202.3 +  625.7 =  828.0	Diffs    28.5 +   20.5 =   49.0
 25  20:Sites   203.3 +  624.7 =  828.0	Diffs    30.5 +   25.5 =   56.0
 25  21:Sites   204.4 +  623.6 =  828.0	Diffs    38.7 +   28.3 =   67.0
 25  22:Sites   200.9 +  621.1 =  822.0	Diffs    37.5 +   27.5 =   65.0
 25  23:Sites   201.4 +  626.6 =  828.0	Diffs    29.0 +   19.0 =   48.0
 25  24:Sites   201.1 +  626.9 =  828.0	Diffs    23.0 +   15.0 =   38.0  25
 26   1:Sites   206.4 +  621.6 =  828.0	Diffs    64.0 +   71.0 =  135.0
 26   2:Sites   206.4 +  621.6 =  828.0	Diffs    57.3 +   62.7 =  120.0
 26   3:Sites   203.0 +  625.0 =  828.0	Diffs    62.8 +   63.2 =  126.0
 26   4:Sites   201.7 +  626.3 =  828.0	Diffs    66.5 +   57.5 =  124.0
 26   5:Sites   203.9 +  624.1 =  828.0	Diffs    58.3 +   57.7 =  116.0
 26   6:Sites   201.9 +  626.1 =  828.0	Diffs    61.3 +   62.7 =  124.0
 26   7:Sites   165.4 +  509.6 =  675.0	Diffs    49.0 +   36.0 =   85.0
 26   8:Sites   164.1 +  516.9 =  681.0	Diffs    50.0 +   32.0 =   82.0
 26   9:Sites   171.8 +  530.2 =  702.0	Diffs    51.0 +   33.0 =   84.0
 26  10:Sites   146.0 +  472.0 =  618.0	Diffs    37.8 +   27.2 =   65.0
 26  11:Sites   202.6 +  625.4 =  828.0	Diffs    49.0 +   30.0 =   79.0
 26  12:Sites   202.0 +  623.0 =  825.0	Diffs    40.2 +   34.8 =   75.0
 26  13:Sites   202.6 +  625.4 =  828.0	Diffs    41.5 +   35.5 =   77.0
 26  14:Sites   201.9 +  626.1 =  828.0	Diffs    36.5 +   26.5 =   63.0
 26  15:Sites   203.9 +  624.1 =  828.0	Diffs    39.7 +   42.3 =   82.0
 26  16:Sites   203.3 +  624.7 =  828.0	Diffs    37.5 +   31.5 =   69.0
 26  17:Sites   203.1 +  624.9 =  828.0	Diffs    38.5 +   31.5 =   70.0
 26  18:Sites   202.8 +  625.2 =  828.0	Diffs    35.0 +   32.0 =   67.0
 26  19:Sites   202.2 +  625.8 =  828.0	Diffs    37.5 +   28.5 =   66.0
 26  20:Sites   203.1 +  624.9 =  828.0	Diffs    37.5 +   35.5 =   73.0
 26  21:Sites   204.3 +  623.7 =  828.0	Diffs    46.2 +   35.8 =   82.0
 26  22:Sites   200.7 +  621.3 =  822.0	Diffs    45.5 +   33.5 =   79.0
 26  23:Sites   201.2 +  626.8 =  828.0	Diffs    34.0 +   29.0 =   63.0
 26  24:Sites   201.0 +  627.0 =  828.0	Diffs    35.0 +   21.0 =   56.0
 26  25:Sites   202.2 +  625.8 =  828.0	Diffs    29.0 +   22.0 =   51.0  26
 27   1:Sites   207.0 +  621.0 =  828.0	Diffs    56.0 +   59.0 =  115.0
 27   2:Sites   207.0 +  621.0 =  828.0	Diffs    54.3 +   50.7 =  105.0
 27   3:Sites   203.6 +  624.4 =  828.0	Diffs    55.8 +   50.2 =  106.0
 27   4:Sites   202.3 +  625.7 =  828.0	Diffs    61.5 +   47.5 =  109.0
 27   5:Sites   204.5 +  623.5 =  828.0	Diffs    53.3 +   47.7 =  101.0
 27   6:Sites   202.5 +  625.5 =  828.0	Diffs    56.3 +   47.7 =  104.0
 27   7:Sites   166.4 +  508.6 =  675.0	Diffs    47.0 +   31.0 =   78.0
 27   8:Sites   165.0 +  516.0 =  681.0	Diffs    50.0 +   30.0 =   80.0
 27   9:Sites   172.7 +  529.3 =  702.0	Diffs    51.0 +   28.0 =   79.0
 27  10:Sites   145.9 +  472.1 =  618.0	Diffs    27.8 +   22.2 =   50.0
 27  11:Sites   203.2 +  624.8 =  828.0	Diffs    41.5 +   25.5 =   67.0
 27  12:Sites   202.9 +  622.1 =  825.0	Diffs    37.2 +   27.8 =   65.0
 27  13:Sites   203.2 +  624.8 =  828.0	Diffs    38.0 +   23.0 =   61.0
 27  14:Sites   202.5 +  625.5 =  828.0	Diffs    31.5 +   22.5 =   54.0
 27  15:Sites   204.5 +  623.5 =  828.0	Diffs    36.7 +   32.3 =   69.0
 27  16:Sites   203.9 +  624.1 =  828.0	Diffs    33.5 +   23.5 =   57.0
 27  17:Sites   203.7 +  624.3 =  828.0	Diffs    34.5 +   23.5 =   58.0
 27  18:Sites   203.4 +  624.6 =  828.0	Diffs    33.0 +   22.0 =   55.0
 27  19:Sites   202.8 +  625.2 =  828.0	Diffs    34.5 +   22.5 =   57.0
 27  20:Sites   203.7 +  624.3 =  828.0	Diffs    34.5 +   25.5 =   60.0
 27  21:Sites   204.9 +  623.1 =  828.0	Diffs    43.2 +   28.8 =   72.0
 27  22:Sites   201.3 +  620.7 =  822.0	Diffs    46.5 +   25.5 =   72.0
 27  23:Sites   201.8 +  626.2 =  828.0	Diffs    29.0 +   19.0 =   48.0
 27  24:Sites   201.6 +  626.4 =  828.0	Diffs    30.5 +   14.5 =   45.0
 27  25:Sites   202.8 +  625.2 =  828.0	Diffs    26.0 +   13.0 =   39.0
 27  26:Sites   202.6 +  625.4 =  828.0	Diffs    20.0 +   18.0 =   38.0  27

     2808 bytes for distance
   251808 bytes for conP
    12384 bytes for fhK
  5000000 bytes for space

TREE #  1
(((12, 13), (14, (10, (((26, 27), (24, 25)), (23, (11, (((1, 2), (3, (4, (5, 6)))), (7, (8, 9))))))))), (20, 18), ((15, (21, 22)), (19, (16, 17))));   MP score: -1
   1    0.564337
   2    0.376892
   3    0.341692
   4    0.336251
   5    0.335719
   6    0.335697
   7    0.335696
   8    0.335696
  3147600 bytes for conP, adjusted

1 node(s) used for scaling (Yang 2000 J Mol Evol 51:423-432):
 32

    0.015532    0.050454    0.044397    0.039363    0.006312    0.061973    0.017490    0.192951    0.043493    0.019970    0.035322    0.095800    0.045315    0.010532    0.081953    0.064361    0.020728    0.086973    0.038267    0.117092    0.059110    0.061088    0.126536    0.116520    0.064737    0.098717    0.083387    0.005620    0.097881    0.031021    0.039846    0.061942    0.027819    0.110458    0.071105    0.056878    0.073343    0.015218    0.043725    0.047289    0.000000    0.001637    0.103276    0.025290    0.069370    0.078596    0.027685    0.032576    0.026834    0.023960    0.030015    2.313164    0.900000    0.513010    1.312498

ntime & nrate & np:    51     1    55

Bounds (np=55):
   0.000004   0.000004   0.000004   0.000004   0.000004   0.000004   0.000004   0.000004   0.000004   0.000004   0.000004   0.000004   0.000004   0.000004   0.000004   0.000004   0.000004   0.000004   0.000004   0.000004   0.000004   0.000004   0.000004   0.000004   0.000004   0.000004   0.000004   0.000004   0.000004   0.000004   0.000004   0.000004   0.000004   0.000004   0.000004   0.000004   0.000004   0.000004   0.000004   0.000004   0.000004   0.000004   0.000004   0.000004   0.000004   0.000004   0.000004   0.000004   0.000004   0.000004   0.000004   0.000100   0.000010   0.005000   0.005000
  50.000000  50.000000  50.000000  50.000000  50.000000  50.000000  50.000000  50.000000  50.000000  50.000000  50.000000  50.000000  50.000000  50.000000  50.000000  50.000000  50.000000  50.000000  50.000000  50.000000  50.000000  50.000000  50.000000  50.000000  50.000000  50.000000  50.000000  50.000000  50.000000  50.000000  50.000000  50.000000  50.000000  50.000000  50.000000  50.000000  50.000000  50.000000  50.000000  50.000000  50.000000  50.000000  50.000000  50.000000  50.000000  50.000000  50.000000  50.000000  50.000000  50.000000  50.000000 999.000000   0.999990  99.000000  99.000000
Qfactor_NS = 8.558875

np =    55
lnL0 = -5043.526318

Iterating by ming2
Initial: fx=  5043.526318
x=  0.01553  0.05045  0.04440  0.03936  0.00631  0.06197  0.01749  0.19295  0.04349  0.01997  0.03532  0.09580  0.04531  0.01053  0.08195  0.06436  0.02073  0.08697  0.03827  0.11709  0.05911  0.06109  0.12654  0.11652  0.06474  0.09872  0.08339  0.00562  0.09788  0.03102  0.03985  0.06194  0.02782  0.11046  0.07111  0.05688  0.07334  0.01522  0.04373  0.04729  0.00000  0.00164  0.10328  0.02529  0.06937  0.07860  0.02769  0.03258  0.02683  0.02396  0.03001  2.31316  0.90000  0.51301  1.31250

  1 h-m-p  0.0000 0.0000 1403.4934 ++     5043.517768  m 0.0000    60 | 1/55
  2 h-m-p  0.0000 0.0000 1226.6377 ++     5032.767084  m 0.0000   118 | 1/55
  3 h-m-p  0.0000 0.0001 693.9149 +CYYC  5020.576295  3 0.0001   182 | 0/55
  4 h-m-p  0.0000 0.0000 1309.4478 CYC    5019.290409  2 0.0000   243 | 0/55
  5 h-m-p  0.0000 0.0002 273.2034 YCCC   5016.963578  3 0.0001   306 | 0/55
  6 h-m-p  0.0000 0.0001 267.5618 ++     5015.385129  m 0.0001   364 | 1/55
  7 h-m-p  0.0001 0.0003 368.8287 YCCC   5013.102786  3 0.0001   427 | 1/55
  8 h-m-p  0.0000 0.0002 199.7091 +YYCCC  5011.611646  4 0.0001   492 | 0/55
  9 h-m-p  0.0000 0.0002 633.1579 YCCC   5011.242657  3 0.0000   555 | 0/55
 10 h-m-p  0.0001 0.0003 174.4794 ++     5009.383793  m 0.0003   613 | 1/55
 11 h-m-p  0.0001 0.0004 472.9630 CCC    5007.770522  2 0.0001   675 | 1/55
 12 h-m-p  0.0001 0.0004 468.3695 YCCCC  5005.493944  4 0.0002   740 | 1/55
 13 h-m-p  0.0002 0.0008 372.9275 CCC    5004.042997  2 0.0002   802 | 1/55
 14 h-m-p  0.0001 0.0006 252.3402 CCCC   5002.959797  3 0.0002   866 | 1/55
 15 h-m-p  0.0001 0.0005 212.5978 +YCCC  5001.530713  3 0.0003   930 | 0/55
 16 h-m-p  0.0000 0.0004 1510.6974 YYCC   5001.215879  3 0.0000   992 | 0/55
 17 h-m-p  0.0001 0.0004 319.3495 YCCC   5000.175141  3 0.0002  1055 | 0/55
 18 h-m-p  0.0002 0.0010 223.3240 YC     4998.332600  1 0.0005  1114 | 0/55
 19 h-m-p  0.0004 0.0020 257.3124 CCC    4996.124467  2 0.0005  1176 | 0/55
 20 h-m-p  0.0000 0.0001 432.3009 ++     4995.265518  m 0.0001  1234 | 1/55
 21 h-m-p  0.0001 0.0007 480.4962 +CYCCC  4992.610997  4 0.0003  1300 | 1/55
 22 h-m-p  0.0000 0.0002 1296.8570 +YYCCC  4990.004499  4 0.0001  1365 | 0/55
 23 h-m-p  0.0000 0.0000 3460.8244 +YCCC  4989.472456  3 0.0000  1429 | 0/55
 24 h-m-p  0.0000 0.0001 415.6211 ++     4988.329950  m 0.0001  1487 | 1/55
 25 h-m-p  0.0002 0.0010 275.9070 CCCC   4987.455239  3 0.0002  1551 | 1/55
 26 h-m-p  0.0001 0.0007 161.8865 CCC    4986.944325  2 0.0002  1613 | 1/55
 27 h-m-p  0.0002 0.0012  80.2494 YCC    4986.781567  2 0.0002  1674 | 0/55
 28 h-m-p  0.0001 0.0034 113.8519 CYC    4986.741250  2 0.0000  1735 | 0/55
 29 h-m-p  0.0001 0.0003  72.0713 +YC    4986.633138  1 0.0002  1795 | 0/55
 30 h-m-p  0.0000 0.0002  19.3281 ++     4986.602011  m 0.0002  1853 | 1/55
 31 h-m-p  0.0002 0.0067  19.4509 CC     4986.581445  1 0.0002  1913 | 1/55
 32 h-m-p  0.0003 0.0056  12.2566 C      4986.559308  0 0.0003  1971 | 1/55
 33 h-m-p  0.0002 0.0038  19.0744 C      4986.536872  0 0.0002  2029 | 1/55
 34 h-m-p  0.0004 0.0256  10.9144 YC     4986.472088  1 0.0009  2088 | 1/55
 35 h-m-p  0.0005 0.0053  19.8599 YC     4986.287256  1 0.0011  2147 | 0/55
 36 h-m-p  0.0001 0.0031 147.9296 YCC    4986.229194  2 0.0001  2208 | 0/55
 37 h-m-p  0.0001 0.0016 113.0979 +YC    4985.433082  1 0.0007  2268 | 0/55
 38 h-m-p  0.0000 0.0002 254.0764 ++     4984.466623  m 0.0002  2326 | 1/55
 39 h-m-p  0.0001 0.0012 493.8084 +YCC   4982.811768  2 0.0004  2388 | 1/55
 40 h-m-p  0.0001 0.0005 236.9382 YCCC   4982.257768  3 0.0002  2451 | 0/55
 41 h-m-p  0.0000 0.0002 479.8372 CYC    4982.179084  2 0.0000  2512 | 0/55
 42 h-m-p  0.0003 0.0017  32.1273 C      4982.092790  0 0.0003  2570 | 0/55
 43 h-m-p  0.0002 0.0012  12.8635 CC     4982.071082  1 0.0003  2630 | 0/55
 44 h-m-p  0.0010 0.0477   4.2464 CC     4982.058963  1 0.0008  2690 | 0/55
 45 h-m-p  0.0007 0.0163   4.6559 +YC    4982.014758  1 0.0021  2750 | 0/55
 46 h-m-p  0.0004 0.0045  26.3093 +CC    4981.825060  1 0.0018  2811 | 0/55
 47 h-m-p  0.0002 0.0012 110.6400 ++     4981.150198  m 0.0012  2869 | 1/55
 48 h-m-p  0.0004 0.0021 325.4802 YCCC   4979.825759  3 0.0009  2932 | 0/55
 49 h-m-p  0.0001 0.0004 1731.9803 YYCC   4979.653173  3 0.0000  2994 | 0/55
 50 h-m-p  0.0001 0.0013 633.9571 +CCC   4978.895143  2 0.0003  3057 | 0/55
 51 h-m-p  0.0003 0.0014 223.0831 CCC    4978.543922  2 0.0004  3119 | 0/55
 52 h-m-p  0.0006 0.0029  44.6640 YC     4978.475750  1 0.0004  3178 | 0/55
 53 h-m-p  0.0013 0.0063   4.8410 YC     4978.465051  1 0.0006  3237 | 0/55
 54 h-m-p  0.0011 0.0346   2.5598 +CC    4978.413961  1 0.0041  3298 | 0/55
 55 h-m-p  0.0004 0.0056  23.4724 +YCC   4978.083164  2 0.0027  3360 | 0/55
 56 h-m-p  0.0004 0.0061 154.7212 +YCCC  4975.980854  3 0.0026  3424 | 0/55
 57 h-m-p  0.0007 0.0037 130.1308 YCC    4975.629901  2 0.0005  3485 | 0/55
 58 h-m-p  0.0035 0.0177   9.4482 YC     4975.615874  1 0.0005  3544 | 0/55
 59 h-m-p  0.0030 0.1048   1.4882 C      4975.614606  0 0.0007  3602 | 0/55
 60 h-m-p  0.0022 0.2330   0.4758 +YC    4975.594039  1 0.0140  3662 | 0/55
 61 h-m-p  0.0008 0.0465   8.8455 ++YCCC  4974.845992  3 0.0205  3782 | 0/55
 62 h-m-p  0.0004 0.0019  46.6429 CCC    4974.759539  2 0.0005  3844 | 0/55
 63 h-m-p  0.0036 0.0371   6.2619 YC     4974.752497  1 0.0005  3903 | 0/55
 64 h-m-p  0.0073 0.2196   0.4273 CC     4974.751577  1 0.0026  3963 | 0/55
 65 h-m-p  0.0012 0.4340   0.9692 +YC    4974.737713  1 0.0098  4078 | 0/55
 66 h-m-p  0.0004 0.0553  23.0260 ++YCCC  4974.306256  3 0.0121  4198 | 0/55
 67 h-m-p  0.4395 2.1973   0.0885 ++     4973.941729  m 2.1973  4256 | 1/55
 68 h-m-p  0.9057 8.0000   0.2147 +YC    4973.584461  1 2.4047  4371 | 1/55
 69 h-m-p  0.9369 4.6847   0.0997 CCC    4973.452852  2 1.1551  4487 | 0/55
 70 h-m-p  0.0001 0.0005 777.5536 C      4973.446636  0 0.0000  4599 | 0/55
 71 h-m-p  0.0234 0.1172   0.0844 ++     4973.414847  m 0.1172  4657 | 1/55
 72 h-m-p  0.0014 0.1590   6.9392 +YCC   4973.377708  2 0.0039  4774 | 1/55
 73 h-m-p  0.1117 8.0000   0.2439 ++CCC  4973.145040  2 2.3785  4838 | 1/55
 74 h-m-p  1.6000 8.0000   0.0885 CC     4973.058438  1 1.6653  4952 | 1/55
 75 h-m-p  1.6000 8.0000   0.0574 -YC    4973.057927  1 0.1665  5066 | 1/55
 76 h-m-p  1.6000 8.0000   0.0026 --------------C  4973.057927  0 0.0000  5192 | 1/55
 77 h-m-p  0.0000 0.0046 174.7720 ++CC   4973.018770  1 0.0002  5308 | 1/55
 78 h-m-p  1.6000 8.0000   0.0060 YC     4972.952945  1 2.7988  5367 | 1/55
 79 h-m-p  1.4444 8.0000   0.0117 CC     4972.934994  1 1.8495  5481 | 1/55
 80 h-m-p  1.6000 8.0000   0.0068 +YC    4972.907695  1 4.4362  5595 | 1/55
 81 h-m-p  1.6000 8.0000   0.0049 YC     4972.872698  1 3.0400  5708 | 1/55
 82 h-m-p  1.6000 8.0000   0.0039 CC     4972.854518  1 1.9874  5822 | 1/55
 83 h-m-p  1.1375 8.0000   0.0069 CC     4972.848315  1 1.5953  5936 | 1/55
 84 h-m-p  1.6000 8.0000   0.0032 C      4972.847574  0 1.5222  6048 | 1/55
 85 h-m-p  1.6000 8.0000   0.0018 C      4972.847411  0 1.9677  6160 | 1/55
 86 h-m-p  1.6000 8.0000   0.0013 C      4972.847363  0 1.8274  6272 | 1/55
 87 h-m-p  1.6000 8.0000   0.0003 C      4972.847357  0 1.4231  6384 | 1/55
 88 h-m-p  1.6000 8.0000   0.0001 C      4972.847356  0 1.4768  6496 | 1/55
 89 h-m-p  1.6000 8.0000   0.0000 C      4972.847356  0 1.6000  6608 | 1/55
 90 h-m-p  1.6000 8.0000   0.0000 Y      4972.847356  0 3.7304  6720 | 1/55
 91 h-m-p  1.6000 8.0000   0.0000 ++     4972.847356  m 8.0000  6832 | 1/55
 92 h-m-p  0.4545 8.0000   0.0000 +C     4972.847353  0 2.7791  6945 | 1/55
 93 h-m-p  1.6000 8.0000   0.0000 ++     4972.847329  m 8.0000  7057 | 1/55
 94 h-m-p  0.0160 8.0000   0.0217 +++YC  4972.844688  1 1.7528  7173 | 1/55
 95 h-m-p  1.6000 8.0000   0.0169 ++     4972.827270  m 8.0000  7285 | 1/55
 96 h-m-p  0.0839 2.0094   1.6083 +YYCCCCC  4972.775657  6 0.4142  7408 | 1/55
 97 h-m-p  1.6000 8.0000   0.0535 CC     4972.769493  1 1.2881  7468 | 1/55
 98 h-m-p  1.6000 8.0000   0.0294 YC     4972.769077  1 0.9695  7581 | 1/55
 99 h-m-p  1.6000 8.0000   0.0134 Y      4972.769023  0 0.7158  7693 | 1/55
100 h-m-p  1.6000 8.0000   0.0039 Y      4972.769018  0 0.8238  7805 | 1/55
101 h-m-p  1.6000 8.0000   0.0005 Y      4972.769017  0 1.1231  7917 | 1/55
102 h-m-p  1.6000 8.0000   0.0000 C      4972.769017  0 1.6000  8029 | 1/55
103 h-m-p  0.7087 8.0000   0.0000 Y      4972.769017  0 0.1772  8141 | 1/55
104 h-m-p  0.9128 8.0000   0.0000 Y      4972.769017  0 0.3738  8253 | 1/55
105 h-m-p  0.1183 8.0000   0.0000 -----------C  4972.769017  0 0.0000  8376
Out..
lnL  = -4972.769017
8377 lfun, 58639 eigenQcodon, 2563362 P(t)
