
 16         verbose | verbose                1.00
  8         runmode | runmode                0.00
  4         seqtype | seqtype                1.00
 14       CodonFreq | CodonFreq              1.00
 19          aaDist | aaDist                 0.00
 17           model | model                  0.00
 21         NSsites | NSsites                8.00
 23           icode | icode                  0.00
 25       fix_kappa | fix_kappa              0.00
 26           kappa | kappa                  2.00
 27       fix_omega | fix_omega              1.00
 28           omega | omega                  1.00
 29       fix_alpha | fix_alpha              1.00
 30           alpha | alpha                  0.00
 31          Malpha | Malpha                 0.00
 32           ncatG | ncatG                  5.00
 12           getSE | getSE                  0.00
 13    RateAncestor | RateAncestor           0.00
 36      Small_Diff | Small_Diff             0.00
  7       cleandata | cleandata              0.00
 37     fix_blength | fix_blength            0.00
CODONML in paml version 4.10.7, June 2023

----------------------------------------------
Phe F TTT | Ser S TCT | Tyr Y TAT | Cys C TGT
      TTC |       TCC |       TAC |       TGC
Leu L TTA |       TCA | *** * TAA | *** * TGA
      TTG |       TCG |       TAG | Trp W TGG
----------------------------------------------
Leu L CTT | Pro P CCT | His H CAT | Arg R CGT
      CTC |       CCC |       CAC |       CGC
      CTA |       CCA | Gln Q CAA |       CGA
      CTG |       CCG |       CAG |       CGG
----------------------------------------------
Ile I ATT | Thr T ACT | Asn N AAT | Ser S AGT
      ATC |       ACC |       AAC |       AGC
      ATA |       ACA | Lys K AAA | Arg R AGA
Met M ATG |       ACG |       AAG |       AGG
----------------------------------------------
Val V GTT | Ala A GCT | Asp D GAT | Gly G GGT
      GTC |       GCC |       GAC |       GGC
      GTA |       GCA | Glu E GAA |       GGA
      GTG |       GCG |       GAG |       GGG
----------------------------------------------
Nice code, uuh?


Ambiguity character definition table:

T (1): T 
C (1): C 
A (1): A 
G (1): G 
U (1): T 
Y (2): T C 
R (2): A G 
M (2): C A 
K (2): T G 
S (2): C G 
W (2): T A 
H (3): T C A 
B (3): T C G 
V (3): C A G 
D (3): T A G 
- (4): T C A G 
N (4): T C A G 
? (4): T C A G 
ns = 26  	ls = 285
Reading sequences, sequential format..
Reading seq # 1: XM_0158860       
Reading seq # 2: XM_0213779       
Reading seq # 3: XM_0406924       
Reading seq # 4: XM_0107246       
Reading seq # 5: XM_0316005       
Reading seq # 6: XM_0260445       
Reading seq # 7: XM_0261135       
Reading seq # 8: XM_0260711       
Reading seq # 9: XM_0480518       
Reading seq #10: XM_0274456       
Reading seq #11: XM_0340702       
Reading seq #12: XM_0305085       
Reading seq #13: XM_0178341       
Reading seq #14: XM_0650394       
Reading seq #15: XM_0400871       
Reading seq #16: XM_0309663       
Reading seq #17: XM_0163058       
Reading seq #18: XM_0302309       
Reading seq #19: XM_0381632       
Reading seq #20: XM_0330787       
Reading seq #21: XM_0215328       
Reading seq #22: XM_0417214       
Reading seq #23: XM_0321345       
Reading seq #24: XM_0335200       
Reading seq #25: XM_0149591       
Reading seq #26: XM_0300229       

Sequences read..
Counting site patterns..  0:00
Compressing,     93 patterns at     95 /     95 sites (100.0%),  0:00
Collecting fpatt[] & pose[],     93 patterns at     95 /     95 sites (100.0%),  0:00
1 ambiguous codons are seen in the data:
 ---
Counting codons..
NG distances for seqs.:
   1
  2   1:Sites    73.5 +  211.5 =  285.0	Diffs    15.0 +   10.0 =   25.0   2
  3   1:Sites    74.2 +  210.8 =  285.0	Diffs    14.0 +    7.0 =   21.0
  3   2:Sites    72.5 +  212.5 =  285.0	Diffs     9.0 +    3.0 =   12.0   3
  4   1:Sites    74.7 +  210.3 =  285.0	Diffs    13.0 +   10.0 =   23.0
  4   2:Sites    72.9 +  212.1 =  285.0	Diffs     9.0 +    5.0 =   14.0
  4   3:Sites    73.7 +  211.3 =  285.0	Diffs     3.0 +    3.0 =    6.0   4
  5   1:Sites    73.8 +  211.2 =  285.0	Diffs    15.0 +    7.0 =   22.0
  5   2:Sites    72.0 +  213.0 =  285.0	Diffs    13.0 +    3.0 =   16.0
  5   3:Sites    72.8 +  212.2 =  285.0	Diffs     7.0 +    0.0 =    7.0
  5   4:Sites    73.2 +  211.8 =  285.0	Diffs     4.0 +    3.0 =    7.0   5
  6   1:Sites    73.3 +  199.7 =  273.0	Diffs    16.3 +   27.7 =   44.0
  6   2:Sites    71.5 +  201.5 =  273.0	Diffs    14.5 +   29.5 =   44.0
  6   3:Sites    72.3 +  200.7 =  273.0	Diffs    15.8 +   26.2 =   42.0
  6   4:Sites    72.8 +  200.2 =  273.0	Diffs    16.8 +   27.2 =   44.0
  6   5:Sites    71.8 +  201.2 =  273.0	Diffs    20.8 +   26.2 =   47.0   6
  7   1:Sites    75.0 +  204.0 =  279.0	Diffs    16.8 +   25.2 =   42.0
  7   2:Sites    73.3 +  205.7 =  279.0	Diffs    20.0 +   25.0 =   45.0
  7   3:Sites    74.0 +  205.0 =  279.0	Diffs    20.3 +   21.7 =   42.0
  7   4:Sites    74.5 +  204.5 =  279.0	Diffs    19.3 +   20.7 =   40.0
  7   5:Sites    73.5 +  205.5 =  279.0	Diffs    22.3 +   21.7 =   44.0
  7   6:Sites    73.1 +  193.9 =  267.0	Diffs    11.0 +   17.0 =   28.0   7
  8   1:Sites    74.9 +  201.1 =  276.0	Diffs    17.6 +   26.4 =   44.0
  8   2:Sites    73.1 +  202.9 =  276.0	Diffs    18.5 +   26.5 =   45.0
  8   3:Sites    73.9 +  202.1 =  276.0	Diffs    19.8 +   23.2 =   43.0
  8   4:Sites    74.3 +  201.7 =  276.0	Diffs    18.8 +   24.2 =   43.0
  8   5:Sites    73.7 +  202.3 =  276.0	Diffs    22.1 +   22.9 =   45.0
  8   6:Sites    72.6 +  191.4 =  264.0	Diffs     9.0 +   20.0 =   29.0
  8   7:Sites    74.6 +  195.4 =  270.0	Diffs     6.0 +    7.0 =   13.0   8
  9   1:Sites    78.3 +  206.7 =  285.0	Diffs    20.0 +   20.0 =   40.0
  9   2:Sites    76.5 +  208.5 =  285.0	Diffs    23.2 +   19.8 =   43.0
  9   3:Sites    77.3 +  207.7 =  285.0	Diffs    22.5 +   16.5 =   39.0
  9   4:Sites    77.8 +  207.2 =  285.0	Diffs    21.5 +   19.5 =   41.0
  9   5:Sites    76.8 +  208.2 =  285.0	Diffs    24.5 +   16.5 =   41.0
  9   6:Sites    76.4 +  196.6 =  273.0	Diffs    14.0 +   24.0 =   38.0
  9   7:Sites    78.1 +  200.9 =  279.0	Diffs    14.0 +   21.0 =   35.0
  9   8:Sites    77.5 +  198.5 =  276.0	Diffs    12.5 +   22.5 =   35.0   9
 10   1:Sites    77.7 +  204.3 =  282.0	Diffs    25.5 +   21.5 =   47.0
 10   2:Sites    76.0 +  206.0 =  282.0	Diffs    27.7 +   21.3 =   49.0
 10   3:Sites    76.7 +  205.3 =  282.0	Diffs    27.0 +   18.0 =   45.0
 10   4:Sites    77.2 +  204.8 =  282.0	Diffs    26.0 +   21.0 =   47.0
 10   5:Sites    76.3 +  205.7 =  282.0	Diffs    29.0 +   18.0 =   47.0
 10   6:Sites    76.2 +  196.8 =  273.0	Diffs    20.0 +   26.0 =   46.0
 10   7:Sites    77.5 +  198.5 =  276.0	Diffs    20.5 +   22.5 =   43.0
 10   8:Sites    76.9 +  196.1 =  273.0	Diffs    19.0 +   24.0 =   43.0
 10   9:Sites    80.8 +  201.2 =  282.0	Diffs     8.0 +    3.0 =   11.0  10
 11   1:Sites    73.8 +  196.2 =  270.0	Diffs    23.5 +   27.5 =   51.0
 11   2:Sites    72.1 +  197.9 =  270.0	Diffs    23.2 +   26.8 =   50.0
 11   3:Sites    73.0 +  197.0 =  270.0	Diffs    25.5 +   24.5 =   50.0
 11   4:Sites    73.5 +  196.5 =  270.0	Diffs    24.5 +   24.5 =   49.0
 11   5:Sites    72.6 +  197.4 =  270.0	Diffs    26.5 +   24.5 =   51.0
 11   6:Sites    72.1 +  185.9 =  258.0	Diffs    16.2 +   32.8 =   49.0
 11   7:Sites    73.6 +  190.4 =  264.0	Diffs    21.5 +   27.5 =   49.0
 11   8:Sites    72.7 +  188.3 =  261.0	Diffs    19.5 +   31.5 =   51.0
 11   9:Sites    77.0 +  193.0 =  270.0	Diffs    19.0 +   25.0 =   44.0
 11  10:Sites    76.5 +  190.5 =  267.0	Diffs    21.0 +   27.0 =   48.0  11
 12   1:Sites    74.6 +  195.4 =  270.0	Diffs    16.5 +   21.5 =   38.0
 12   2:Sites    72.9 +  197.1 =  270.0	Diffs    16.7 +   21.3 =   38.0
 12   3:Sites    73.8 +  196.2 =  270.0	Diffs    20.0 +   19.0 =   39.0
 12   4:Sites    74.3 +  195.7 =  270.0	Diffs    19.0 +   19.0 =   38.0
 12   5:Sites    73.4 +  196.6 =  270.0	Diffs    23.0 +   19.0 =   42.0
 12   6:Sites    72.9 +  185.1 =  258.0	Diffs     7.5 +   23.5 =   31.0
 12   7:Sites    74.4 +  189.6 =  264.0	Diffs    16.5 +   17.5 =   34.0
 12   8:Sites    73.5 +  187.5 =  261.0	Diffs    16.5 +   23.5 =   40.0
 12   9:Sites    77.9 +  192.1 =  270.0	Diffs    18.0 +   21.0 =   39.0
 12  10:Sites    77.3 +  189.7 =  267.0	Diffs    24.5 +   23.5 =   48.0
 12  11:Sites    77.4 +  192.6 =  270.0	Diffs    14.0 +   12.0 =   26.0  12
 13   1:Sites    78.3 +  206.7 =  285.0	Diffs    17.8 +   26.2 =   44.0
 13   2:Sites    76.6 +  208.4 =  285.0	Diffs    23.3 +   27.7 =   51.0
 13   3:Sites    77.3 +  207.7 =  285.0	Diffs    25.3 +   24.7 =   50.0
 13   4:Sites    77.8 +  207.2 =  285.0	Diffs    23.3 +   25.7 =   49.0
 13   5:Sites    76.9 +  208.1 =  285.0	Diffs    27.3 +   24.7 =   52.0
 13   6:Sites    76.1 +  196.9 =  273.0	Diffs    18.0 +   27.0 =   45.0
 13   7:Sites    78.1 +  200.9 =  279.0	Diffs    18.0 +   21.0 =   39.0
 13   8:Sites    77.0 +  199.0 =  276.0	Diffs    18.0 +   24.0 =   42.0
 13   9:Sites    81.4 +  203.6 =  285.0	Diffs    21.8 +   24.2 =   46.0
 13  10:Sites    80.5 +  201.5 =  282.0	Diffs    26.3 +   25.7 =   52.0
 13  11:Sites    77.1 +  192.9 =  270.0	Diffs    25.3 +   22.7 =   48.0
 13  12:Sites    78.0 +  192.0 =  270.0	Diffs    17.3 +   14.7 =   32.0  13
 14   1:Sites    78.1 +  206.9 =  285.0	Diffs    17.0 +   21.0 =   38.0
 14   2:Sites    76.4 +  208.6 =  285.0	Diffs    18.5 +   20.5 =   39.0
 14   3:Sites    77.1 +  207.9 =  285.0	Diffs    17.5 +   17.5 =   35.0
 14   4:Sites    77.6 +  207.4 =  285.0	Diffs    16.5 +   18.5 =   35.0
 14   5:Sites    76.7 +  208.3 =  285.0	Diffs    18.5 +   17.5 =   36.0
 14   6:Sites    76.2 +  196.8 =  273.0	Diffs    10.5 +   20.5 =   31.0
 14   7:Sites    77.9 +  201.1 =  279.0	Diffs    16.5 +   15.5 =   32.0
 14   8:Sites    76.8 +  199.2 =  276.0	Diffs    14.5 +   19.5 =   34.0
 14   9:Sites    81.2 +  203.8 =  285.0	Diffs    15.0 +   18.0 =   33.0
 14  10:Sites    80.6 +  201.4 =  282.0	Diffs    19.5 +   20.5 =   40.0
 14  11:Sites    76.9 +  193.1 =  270.0	Diffs    17.2 +   18.8 =   36.0
 14  12:Sites    77.7 +  192.3 =  270.0	Diffs    14.5 +    9.5 =   24.0
 14  13:Sites    81.2 +  203.8 =  285.0	Diffs    15.8 +   12.2 =   28.0  14
 15   1:Sites    77.8 +  207.2 =  285.0	Diffs    20.5 +   23.5 =   44.0
 15   2:Sites    76.0 +  209.0 =  285.0	Diffs    22.0 +   23.0 =   45.0
 15   3:Sites    76.8 +  208.2 =  285.0	Diffs    20.0 +   20.0 =   40.0
 15   4:Sites    77.3 +  207.7 =  285.0	Diffs    20.0 +   21.0 =   41.0
 15   5:Sites    76.3 +  208.7 =  285.0	Diffs    24.0 +   20.0 =   44.0
 15   6:Sites    75.6 +  197.4 =  273.0	Diffs    14.8 +   25.2 =   40.0
 15   7:Sites    77.6 +  201.4 =  279.0	Diffs    18.3 +   22.7 =   41.0
 15   8:Sites    76.5 +  199.5 =  276.0	Diffs    15.3 +   27.7 =   43.0
 15   9:Sites    80.8 +  204.2 =  285.0	Diffs    22.0 +   23.0 =   45.0
 15  10:Sites    80.0 +  202.0 =  282.0	Diffs    27.5 +   23.5 =   51.0
 15  11:Sites    76.9 +  193.1 =  270.0	Diffs    24.0 +   23.0 =   47.0
 15  12:Sites    77.7 +  192.3 =  270.0	Diffs    17.0 +   15.0 =   32.0
 15  13:Sites    80.9 +  204.1 =  285.0	Diffs    15.3 +   15.7 =   31.0
 15  14:Sites    80.7 +  204.3 =  285.0	Diffs    14.5 +   13.5 =   28.0  15
 16   1:Sites    76.4 +  205.6 =  282.0	Diffs    18.7 +   21.3 =   40.0
 16   2:Sites    74.7 +  207.3 =  282.0	Diffs    20.7 +   21.3 =   42.0
 16   3:Sites    75.5 +  206.5 =  282.0	Diffs    19.7 +   18.3 =   38.0
 16   4:Sites    75.9 +  206.1 =  282.0	Diffs    19.7 +   19.3 =   39.0
 16   5:Sites    75.0 +  207.0 =  282.0	Diffs    23.7 +   18.3 =   42.0
 16   6:Sites    74.9 +  198.1 =  273.0	Diffs    13.8 +   25.2 =   39.0
 16   7:Sites    76.2 +  199.8 =  276.0	Diffs    18.8 +   19.2 =   38.0
 16   8:Sites    75.2 +  197.8 =  273.0	Diffs    14.8 +   23.2 =   38.0
 16   9:Sites    79.5 +  202.5 =  282.0	Diffs    19.2 +   20.8 =   40.0
 16  10:Sites    79.3 +  202.7 =  282.0	Diffs    25.7 +   23.3 =   49.0
 16  11:Sites    75.5 +  191.5 =  267.0	Diffs    24.0 +   19.0 =   43.0
 16  12:Sites    76.3 +  190.7 =  267.0	Diffs    17.0 +   12.0 =   29.0
 16  13:Sites    79.2 +  202.8 =  282.0	Diffs    14.3 +   12.7 =   27.0
 16  14:Sites    79.3 +  202.7 =  282.0	Diffs    13.0 +    9.0 =   22.0
 16  15:Sites    78.7 +  203.3 =  282.0	Diffs    11.0 +   10.0 =   21.0  16
 17   1:Sites    61.1 +  166.9 =  228.0	Diffs    15.7 +   12.3 =   28.0
 17   2:Sites    59.6 +  168.4 =  228.0	Diffs    19.2 +   15.8 =   35.0
 17   3:Sites    60.4 +  167.6 =  228.0	Diffs    18.2 +   12.8 =   31.0
 17   4:Sites    60.9 +  167.1 =  228.0	Diffs    17.2 +   13.8 =   31.0
 17   5:Sites    60.2 +  167.8 =  228.0	Diffs    19.2 +   12.8 =   32.0
 17   6:Sites    61.1 +  163.9 =  225.0	Diffs    13.3 +   20.7 =   34.0
 17   7:Sites    63.3 +  164.7 =  228.0	Diffs    17.3 +   15.7 =   33.0
 17   8:Sites    63.2 +  164.8 =  228.0	Diffs    12.3 +   16.7 =   29.0
 17   9:Sites    63.2 +  164.8 =  228.0	Diffs    17.2 +   13.8 =   31.0
 17  10:Sites    63.0 +  165.0 =  228.0	Diffs    22.7 +   15.3 =   38.0
 17  11:Sites    59.5 +  153.5 =  213.0	Diffs    18.8 +   18.2 =   37.0
 17  12:Sites    60.0 +  153.0 =  213.0	Diffs    15.8 +    9.2 =   25.0
 17  13:Sites    62.7 +  165.3 =  228.0	Diffs    10.5 +    9.5 =   20.0
 17  14:Sites    62.7 +  165.3 =  228.0	Diffs    11.0 +   10.0 =   21.0
 17  15:Sites    62.1 +  165.9 =  228.0	Diffs     6.0 +    7.0 =   13.0
 17  16:Sites    61.5 +  166.5 =  228.0	Diffs     7.0 +    6.0 =   13.0  17
 18   1:Sites    76.7 +  205.3 =  282.0	Diffs    22.2 +   19.8 =   42.0
 18   2:Sites    75.0 +  207.0 =  282.0	Diffs    22.7 +   19.3 =   42.0
 18   3:Sites    75.8 +  206.2 =  282.0	Diffs    23.7 +   16.3 =   40.0
 18   4:Sites    76.2 +  205.8 =  282.0	Diffs    21.7 +   17.3 =   39.0
 18   5:Sites    75.3 +  206.7 =  282.0	Diffs    25.7 +   16.3 =   42.0
 18   6:Sites    75.2 +  197.8 =  273.0	Diffs    15.3 +   23.7 =   39.0
 18   7:Sites    76.5 +  199.5 =  276.0	Diffs    18.3 +   17.7 =   36.0
 18   8:Sites    75.4 +  197.6 =  273.0	Diffs    14.3 +   21.7 =   36.0
 18   9:Sites    79.8 +  202.2 =  282.0	Diffs    21.7 +   19.3 =   41.0
 18  10:Sites    79.6 +  202.4 =  282.0	Diffs    28.2 +   20.8 =   49.0
 18  11:Sites    75.8 +  191.2 =  267.0	Diffs    26.0 +   19.0 =   45.0
 18  12:Sites    76.7 +  190.3 =  267.0	Diffs    19.0 +   10.0 =   29.0
 18  13:Sites    79.5 +  202.5 =  282.0	Diffs    17.3 +   10.7 =   28.0
 18  14:Sites    79.6 +  202.4 =  282.0	Diffs    18.0 +    7.0 =   25.0
 18  15:Sites    79.0 +  203.0 =  282.0	Diffs    12.0 +    8.0 =   20.0
 18  16:Sites    78.3 +  203.7 =  282.0	Diffs    11.0 +    4.0 =   15.0
 18  17:Sites    61.7 +  166.3 =  228.0	Diffs     8.0 +    4.0 =   12.0  18
 19   1:Sites    76.4 +  205.6 =  282.0	Diffs    17.0 +   18.0 =   35.0
 19   2:Sites    74.7 +  207.3 =  282.0	Diffs    18.5 +   17.5 =   36.0
 19   3:Sites    75.5 +  206.5 =  282.0	Diffs    18.5 +   14.5 =   33.0
 19   4:Sites    75.9 +  206.1 =  282.0	Diffs    18.5 +   15.5 =   34.0
 19   5:Sites    75.0 +  207.0 =  282.0	Diffs    22.5 +   14.5 =   37.0
 19   6:Sites    75.2 +  197.8 =  273.0	Diffs    12.3 +   21.7 =   34.0
 19   7:Sites    76.2 +  199.8 =  276.0	Diffs    16.3 +   17.7 =   34.0
 19   8:Sites    75.2 +  197.8 =  273.0	Diffs    13.8 +   20.2 =   34.0
 19   9:Sites    79.5 +  202.5 =  282.0	Diffs    16.5 +   18.5 =   35.0
 19  10:Sites    79.3 +  202.7 =  282.0	Diffs    23.0 +   21.0 =   44.0
 19  11:Sites    75.5 +  191.5 =  267.0	Diffs    20.5 +   21.5 =   42.0
 19  12:Sites    76.4 +  190.6 =  267.0	Diffs    13.5 +   11.5 =   25.0
 19  13:Sites    79.2 +  202.8 =  282.0	Diffs    13.8 +   12.2 =   26.0
 19  14:Sites    79.3 +  202.7 =  282.0	Diffs    13.0 +    9.0 =   22.0
 19  15:Sites    78.7 +  203.3 =  282.0	Diffs     8.5 +    8.5 =   17.0
 19  16:Sites    78.0 +  204.0 =  282.0	Diffs     6.0 +    7.0 =   13.0
 19  17:Sites    62.1 +  165.9 =  228.0	Diffs     6.0 +    5.0 =   11.0
 19  18:Sites    78.4 +  203.6 =  282.0	Diffs    10.5 +    5.5 =   16.0  19
 20   1:Sites    76.8 +  205.2 =  282.0	Diffs    22.2 +   20.8 =   43.0
 20   2:Sites    75.1 +  206.9 =  282.0	Diffs    24.3 +   20.7 =   45.0
 20   3:Sites    75.9 +  206.1 =  282.0	Diffs    23.7 +   17.3 =   41.0
 20   4:Sites    76.3 +  205.7 =  282.0	Diffs    23.7 +   18.3 =   42.0
 20   5:Sites    75.4 +  206.6 =  282.0	Diffs    27.7 +   17.3 =   45.0
 20   6:Sites    75.3 +  197.7 =  273.0	Diffs    17.3 +   24.7 =   42.0
 20   7:Sites    76.6 +  199.4 =  276.0	Diffs    21.3 +   18.7 =   40.0
 20   8:Sites    75.5 +  197.5 =  273.0	Diffs    16.3 +   23.7 =   40.0
 20   9:Sites    79.9 +  202.1 =  282.0	Diffs    20.7 +   20.3 =   41.0
 20  10:Sites    79.7 +  202.3 =  282.0	Diffs    27.2 +   22.8 =   50.0
 20  11:Sites    75.8 +  191.2 =  267.0	Diffs    23.8 +   18.2 =   42.0
 20  12:Sites    76.7 +  190.3 =  267.0	Diffs    19.8 +    9.2 =   29.0
 20  13:Sites    79.6 +  202.4 =  282.0	Diffs    19.3 +    9.7 =   29.0
 20  14:Sites    79.7 +  202.3 =  282.0	Diffs    19.0 +    8.0 =   27.0
 20  15:Sites    79.1 +  202.9 =  282.0	Diffs    12.0 +    7.0 =   19.0
 20  16:Sites    78.4 +  203.6 =  282.0	Diffs    10.0 +    5.0 =   15.0
 20  17:Sites    61.8 +  166.2 =  228.0	Diffs     8.0 +    2.0 =   10.0
 20  18:Sites    78.8 +  203.2 =  282.0	Diffs    12.0 +    3.0 =   15.0
 20  19:Sites    78.5 +  203.5 =  282.0	Diffs    10.5 +    6.5 =   17.0  20
 21   1:Sites    76.6 +  205.4 =  282.0	Diffs    18.2 +   18.8 =   37.0
 21   2:Sites    74.8 +  207.2 =  282.0	Diffs    19.7 +   20.3 =   40.0
 21   3:Sites    75.6 +  206.4 =  282.0	Diffs    19.7 +   17.3 =   37.0
 21   4:Sites    76.1 +  205.9 =  282.0	Diffs    19.7 +   18.3 =   38.0
 21   5:Sites    75.1 +  206.9 =  282.0	Diffs    23.7 +   17.3 =   41.0
 21   6:Sites    75.0 +  198.0 =  273.0	Diffs    11.5 +   24.5 =   36.0
 21   7:Sites    76.4 +  199.6 =  276.0	Diffs    15.5 +   18.5 =   34.0
 21   8:Sites    75.3 +  197.7 =  273.0	Diffs    13.5 +   23.5 =   37.0
 21   9:Sites    79.6 +  202.4 =  282.0	Diffs    15.7 +   20.3 =   36.0
 21  10:Sites    79.5 +  202.5 =  282.0	Diffs    21.2 +   21.8 =   43.0
 21  11:Sites    75.7 +  191.3 =  267.0	Diffs    22.0 +   19.0 =   41.0
 21  12:Sites    76.5 +  190.5 =  267.0	Diffs    14.0 +   11.0 =   25.0
 21  13:Sites    79.3 +  202.7 =  282.0	Diffs    12.3 +    9.7 =   22.0
 21  14:Sites    79.4 +  202.6 =  282.0	Diffs    13.0 +    8.0 =   21.0
 21  15:Sites    78.8 +  203.2 =  282.0	Diffs    10.0 +    9.0 =   19.0
 21  16:Sites    78.2 +  203.8 =  282.0	Diffs    11.0 +    5.0 =   16.0
 21  17:Sites    61.6 +  166.4 =  228.0	Diffs     8.0 +    4.0 =   12.0
 21  18:Sites    78.5 +  203.5 =  282.0	Diffs    12.0 +    3.0 =   15.0
 21  19:Sites    78.2 +  203.8 =  282.0	Diffs     6.5 +    6.5 =   13.0
 21  20:Sites    78.6 +  203.4 =  282.0	Diffs    13.0 +    4.0 =   17.0  21
 22   1:Sites    76.6 +  205.4 =  282.0	Diffs    18.2 +   19.8 =   38.0
 22   2:Sites    74.9 +  207.1 =  282.0	Diffs    19.7 +   19.3 =   39.0
 22   3:Sites    75.6 +  206.4 =  282.0	Diffs    19.7 +   16.3 =   36.0
 22   4:Sites    76.1 +  205.9 =  282.0	Diffs    19.7 +   17.3 =   37.0
 22   5:Sites    75.2 +  206.8 =  282.0	Diffs    23.7 +   16.3 =   40.0
 22   6:Sites    75.1 +  197.9 =  273.0	Diffs    11.5 +   21.5 =   33.0
 22   7:Sites    76.4 +  199.6 =  276.0	Diffs    15.0 +   18.0 =   33.0
 22   8:Sites    75.3 +  197.7 =  273.0	Diffs    13.5 +   22.5 =   36.0
 22   9:Sites    79.7 +  202.3 =  282.0	Diffs    15.7 +   19.3 =   35.0
 22  10:Sites    79.5 +  202.5 =  282.0	Diffs    19.7 +   22.3 =   42.0
 22  11:Sites    75.7 +  191.3 =  267.0	Diffs    20.0 +   19.0 =   39.0
 22  12:Sites    76.5 +  190.5 =  267.0	Diffs    13.0 +   10.0 =   23.0
 22  13:Sites    79.4 +  202.6 =  282.0	Diffs    13.3 +   10.7 =   24.0
 22  14:Sites    79.5 +  202.5 =  282.0	Diffs    13.0 +    7.0 =   20.0
 22  15:Sites    78.9 +  203.1 =  282.0	Diffs    11.0 +    8.0 =   19.0
 22  16:Sites    78.2 +  203.8 =  282.0	Diffs    12.0 +    4.0 =   16.0
 22  17:Sites    61.7 +  166.3 =  228.0	Diffs     9.0 +    5.0 =   14.0
 22  18:Sites    78.5 +  203.5 =  282.0	Diffs    13.0 +    2.0 =   15.0
 22  19:Sites    78.2 +  203.8 =  282.0	Diffs     5.5 +    5.5 =   11.0
 22  20:Sites    78.6 +  203.4 =  282.0	Diffs    14.0 +    3.0 =   17.0
 22  21:Sites    78.4 +  203.6 =  282.0	Diffs     2.0 +    2.0 =    4.0  22
 23   1:Sites    77.4 +  207.6 =  285.0	Diffs    18.7 +   20.3 =   39.0
 23   2:Sites    75.7 +  209.3 =  285.0	Diffs    21.2 +   19.8 =   41.0
 23   3:Sites    76.5 +  208.5 =  285.0	Diffs    20.2 +   16.8 =   37.0
 23   4:Sites    76.9 +  208.1 =  285.0	Diffs    20.2 +   17.8 =   38.0
 23   5:Sites    76.0 +  209.0 =  285.0	Diffs    24.2 +   16.8 =   41.0
 23   6:Sites    75.2 +  197.8 =  273.0	Diffs    14.5 +   22.5 =   37.0
 23   7:Sites    77.2 +  201.8 =  279.0	Diffs    17.5 +   17.5 =   35.0
 23   8:Sites    76.1 +  199.9 =  276.0	Diffs    12.5 +   22.5 =   35.0
 23   9:Sites    80.5 +  204.5 =  285.0	Diffs    17.2 +   19.8 =   37.0
 23  10:Sites    79.6 +  202.4 =  282.0	Diffs    22.7 +   21.3 =   44.0
 23  11:Sites    76.6 +  193.4 =  270.0	Diffs    21.0 +   19.0 =   40.0
 23  12:Sites    77.4 +  192.6 =  270.0	Diffs    16.0 +   10.0 =   26.0
 23  13:Sites    80.5 +  204.5 =  285.0	Diffs    14.3 +   10.7 =   25.0
 23  14:Sites    80.3 +  204.7 =  285.0	Diffs    16.0 +    7.0 =   23.0
 23  15:Sites    80.0 +  205.0 =  285.0	Diffs     9.0 +    8.0 =   17.0
 23  16:Sites    78.3 +  203.7 =  282.0	Diffs    10.0 +    3.0 =   13.0
 23  17:Sites    61.7 +  166.3 =  228.0	Diffs     6.0 +    4.0 =   10.0
 23  18:Sites    78.7 +  203.3 =  282.0	Diffs    11.0 +    1.0 =   12.0
 23  19:Sites    78.4 +  203.6 =  282.0	Diffs     8.5 +    4.5 =   13.0
 23  20:Sites    78.8 +  203.2 =  282.0	Diffs     9.0 +    2.0 =   11.0
 23  21:Sites    78.5 +  203.5 =  282.0	Diffs     8.0 +    2.0 =   10.0
 23  22:Sites    78.5 +  203.5 =  282.0	Diffs     9.0 +    1.0 =   10.0  23
 24   1:Sites    77.1 +  207.9 =  285.0	Diffs    18.2 +   20.8 =   39.0
 24   2:Sites    75.3 +  209.7 =  285.0	Diffs    18.7 +   20.3 =   39.0
 24   3:Sites    76.1 +  208.9 =  285.0	Diffs    17.7 +   17.3 =   35.0
 24   4:Sites    76.6 +  208.4 =  285.0	Diffs    17.7 +   18.3 =   36.0
 24   5:Sites    75.6 +  209.4 =  285.0	Diffs    21.7 +   17.3 =   39.0
 24   6:Sites    74.8 +  198.2 =  273.0	Diffs    14.8 +   25.2 =   40.0
 24   7:Sites    76.9 +  202.1 =  279.0	Diffs    17.8 +   20.2 =   38.0
 24   8:Sites    75.8 +  200.2 =  276.0	Diffs    13.8 +   25.2 =   39.0
 24   9:Sites    80.1 +  204.9 =  285.0	Diffs    17.2 +   22.8 =   40.0
 24  10:Sites    79.3 +  202.7 =  282.0	Diffs    23.7 +   24.3 =   48.0
 24  11:Sites    76.1 +  193.9 =  270.0	Diffs    21.5 +   20.5 =   42.0
 24  12:Sites    76.9 +  193.1 =  270.0	Diffs    15.5 +   11.5 =   27.0
 24  13:Sites    80.2 +  204.8 =  285.0	Diffs    15.8 +   11.2 =   27.0
 24  14:Sites    80.0 +  205.0 =  285.0	Diffs    15.5 +    9.5 =   25.0
 24  15:Sites    79.6 +  205.4 =  285.0	Diffs     8.5 +    8.5 =   17.0
 24  16:Sites    78.0 +  204.0 =  282.0	Diffs     9.5 +    5.5 =   15.0
 24  17:Sites    61.4 +  166.6 =  228.0	Diffs     6.5 +    4.5 =   11.0
 24  18:Sites    78.3 +  203.7 =  282.0	Diffs    10.5 +    3.5 =   14.0
 24  19:Sites    78.0 +  204.0 =  282.0	Diffs     6.0 +    7.0 =   13.0
 24  20:Sites    78.4 +  203.6 =  282.0	Diffs     8.5 +    2.5 =   11.0
 24  21:Sites    78.1 +  203.9 =  282.0	Diffs     9.5 +    4.5 =   14.0
 24  22:Sites    78.2 +  203.8 =  282.0	Diffs     8.5 +    3.5 =   12.0
 24  23:Sites    79.3 +  205.7 =  285.0	Diffs     5.5 +    2.5 =    8.0  24
 25   1:Sites    76.4 +  208.6 =  285.0	Diffs    24.0 +   26.0 =   50.0
 25   2:Sites    74.6 +  210.4 =  285.0	Diffs    22.5 +   24.5 =   47.0
 25   3:Sites    75.4 +  209.6 =  285.0	Diffs    25.5 +   23.5 =   49.0
 25   4:Sites    75.9 +  209.1 =  285.0	Diffs    24.5 +   24.5 =   49.0
 25   5:Sites    74.9 +  210.1 =  285.0	Diffs    26.5 +   23.5 =   50.0
 25   6:Sites    74.5 +  198.5 =  273.0	Diffs    17.5 +   26.5 =   44.0
 25   7:Sites    76.2 +  202.8 =  279.0	Diffs    19.0 +   19.0 =   38.0
 25   8:Sites    75.6 +  200.4 =  276.0	Diffs    17.0 +   23.0 =   40.0
 25   9:Sites    79.4 +  205.6 =  285.0	Diffs    20.2 +   25.8 =   46.0
 25  10:Sites    78.9 +  203.1 =  282.0	Diffs    26.7 +   28.3 =   55.0
 25  11:Sites    75.1 +  194.9 =  270.0	Diffs    23.0 +   24.0 =   47.0
 25  12:Sites    75.9 +  194.1 =  270.0	Diffs    18.0 +   15.0 =   33.0
 25  13:Sites    79.5 +  205.5 =  285.0	Diffs    18.0 +   19.0 =   37.0
 25  14:Sites    79.3 +  205.7 =  285.0	Diffs    16.0 +   14.0 =   30.0
 25  15:Sites    78.9 +  206.1 =  285.0	Diffs    15.3 +   20.7 =   36.0
 25  16:Sites    77.6 +  204.4 =  282.0	Diffs    17.3 +   15.7 =   33.0
 25  17:Sites    61.5 +  166.5 =  228.0	Diffs    14.2 +   13.8 =   28.0
 25  18:Sites    77.9 +  204.1 =  282.0	Diffs    18.3 +   13.7 =   32.0
 25  19:Sites    77.6 +  204.4 =  282.0	Diffs    16.8 +   17.2 =   34.0
 25  20:Sites    78.0 +  204.0 =  282.0	Diffs    18.3 +   14.7 =   33.0
 25  21:Sites    77.7 +  204.3 =  282.0	Diffs    15.5 +   14.5 =   30.0
 25  22:Sites    77.8 +  204.2 =  282.0	Diffs    16.5 +   13.5 =   30.0
 25  23:Sites    78.6 +  206.4 =  285.0	Diffs    17.5 +   13.5 =   31.0
 25  24:Sites    78.2 +  206.8 =  285.0	Diffs    18.8 +   16.2 =   35.0  25
 26   1:Sites    76.6 +  208.4 =  285.0	Diffs    20.7 +   21.3 =   42.0
 26   2:Sites    74.8 +  210.2 =  285.0	Diffs    20.2 +   20.8 =   41.0
 26   3:Sites    75.6 +  209.4 =  285.0	Diffs    22.2 +   17.8 =   40.0
 26   4:Sites    76.1 +  208.9 =  285.0	Diffs    21.2 +   20.8 =   42.0
 26   5:Sites    75.1 +  209.9 =  285.0	Diffs    23.2 +   17.8 =   41.0
 26   6:Sites    74.7 +  198.3 =  273.0	Diffs    13.0 +   25.0 =   38.0
 26   7:Sites    76.4 +  202.6 =  279.0	Diffs    14.5 +   18.5 =   33.0
 26   8:Sites    75.8 +  200.2 =  276.0	Diffs    12.5 +   22.5 =   35.0
 26   9:Sites    79.6 +  205.4 =  285.0	Diffs    16.7 +   21.3 =   38.0
 26  10:Sites    79.1 +  202.9 =  282.0	Diffs    24.2 +   23.8 =   48.0
 26  11:Sites    75.4 +  194.6 =  270.0	Diffs    21.0 +   20.0 =   41.0
 26  12:Sites    76.2 +  193.8 =  270.0	Diffs    15.0 +   13.0 =   28.0
 26  13:Sites    79.7 +  205.3 =  285.0	Diffs    15.5 +   18.5 =   34.0
 26  14:Sites    79.5 +  205.5 =  285.0	Diffs    11.5 +   10.5 =   22.0
 26  15:Sites    79.1 +  205.9 =  285.0	Diffs    14.0 +   17.0 =   31.0
 26  16:Sites    77.8 +  204.2 =  282.0	Diffs    16.0 +   11.0 =   27.0
 26  17:Sites    62.0 +  166.0 =  228.0	Diffs    11.8 +   12.2 =   24.0
 26  18:Sites    78.1 +  203.9 =  282.0	Diffs    16.0 +   11.0 =   27.0
 26  19:Sites    77.8 +  204.2 =  282.0	Diffs    12.5 +   14.5 =   27.0
 26  20:Sites    78.2 +  203.8 =  282.0	Diffs    15.8 +   12.2 =   28.0
 26  21:Sites    77.9 +  204.1 =  282.0	Diffs    10.0 +   12.0 =   22.0
 26  22:Sites    78.0 +  204.0 =  282.0	Diffs    11.0 +   11.0 =   22.0
 26  23:Sites    78.8 +  206.2 =  285.0	Diffs    13.0 +   11.0 =   24.0
 26  24:Sites    78.4 +  206.6 =  285.0	Diffs    14.5 +   13.5 =   28.0
 26  25:Sites    77.7 +  207.3 =  285.0	Diffs    10.5 +   11.5 =   22.0  26

     2600 bytes for distance
    90768 bytes for conP
     4464 bytes for fhK
  5000000 bytes for space

TREE #  1
(18, (((21, 22), (13, ((25, 26), (14, ((11, 12), ((6, (7, 8)), ((9, 10), (1, (2, (3, (4, 5))))))))))), (16, 19)), (((15, (20, 17)), 24), 23));   MP score: -1
   1    0.548623
   2    0.242993
   3    0.235440
   4    0.235440
  1089216 bytes for conP, adjusted

1 node(s) used for scaling (Yang 2000 J Mol Evol 51:423-432):
 31

    0.090618    0.016606    0.013348    0.039960    0.025324    0.017740    0.012679    0.197683    0.041993    0.071415    0.168572    0.079054    0.019400    0.101475    0.009360    0.111408    0.253665    0.063537    0.032152    0.067804    0.182465    0.091238    0.067326    0.082888    0.014203    0.226437    0.000549    0.122964    0.134698    0.124555    0.064602    0.087684    0.032570    0.023102    0.010702    0.016363    0.059235    0.000438    0.091581    0.051988    0.002128    0.003831    0.003409    0.111534    0.016519    0.081664    0.060408    0.056225    0.042831    1.808125    0.900000    0.333652    1.235283

ntime & nrate & np:    49     1    53

Bounds (np=53):
   0.000004   0.000004   0.000004   0.000004   0.000004   0.000004   0.000004   0.000004   0.000004   0.000004   0.000004   0.000004   0.000004   0.000004   0.000004   0.000004   0.000004   0.000004   0.000004   0.000004   0.000004   0.000004   0.000004   0.000004   0.000004   0.000004   0.000004   0.000004   0.000004   0.000004   0.000004   0.000004   0.000004   0.000004   0.000004   0.000004   0.000004   0.000004   0.000004   0.000004   0.000004   0.000004   0.000004   0.000004   0.000004   0.000004   0.000004   0.000004   0.000004   0.000100   0.000010   0.005000   0.005000
  50.000000  50.000000  50.000000  50.000000  50.000000  50.000000  50.000000  50.000000  50.000000  50.000000  50.000000  50.000000  50.000000  50.000000  50.000000  50.000000  50.000000  50.000000  50.000000  50.000000  50.000000  50.000000  50.000000  50.000000  50.000000  50.000000  50.000000  50.000000  50.000000  50.000000  50.000000  50.000000  50.000000  50.000000  50.000000  50.000000  50.000000  50.000000  50.000000  50.000000  50.000000  50.000000  50.000000  50.000000  50.000000  50.000000  50.000000  50.000000  50.000000 999.000000   0.999990  99.000000  99.000000
Qfactor_NS = 7.742127

np =    53
lnL0 = -1999.880185

Iterating by ming2
Initial: fx=  1999.880185
x=  0.09062  0.01661  0.01335  0.03996  0.02532  0.01774  0.01268  0.19768  0.04199  0.07141  0.16857  0.07905  0.01940  0.10148  0.00936  0.11141  0.25366  0.06354  0.03215  0.06780  0.18246  0.09124  0.06733  0.08289  0.01420  0.22644  0.00055  0.12296  0.13470  0.12456  0.06460  0.08768  0.03257  0.02310  0.01070  0.01636  0.05924  0.00044  0.09158  0.05199  0.00213  0.00383  0.00341  0.11153  0.01652  0.08166  0.06041  0.05623  0.04283  1.80813  0.90000  0.33365  1.23528

  1 h-m-p  0.0000 0.0000 2329.8585 +YCYCCC  1993.139666  5 0.0000    67 | 0/53
  2 h-m-p  0.0000 0.0000 255.0198 ++     1991.617292  m 0.0000   123 | 1/53
  3 h-m-p  0.0000 0.0001 163.6195 ++     1990.021747  m 0.0001   179 | 1/53
  4 h-m-p  0.0000 0.0000 363.9712 
h-m-p:      4.56969922e-22      2.28484961e-21      3.63971175e+02  1990.021747
..  | 1/53
  5 h-m-p  0.0000 0.0004 317.0452 ++CCYC  1986.413046  3 0.0002   295 | 1/53
  6 h-m-p  0.0000 0.0002 137.7028 ++     1983.668437  m 0.0002   351 | 2/53
  7 h-m-p  0.0003 0.0014  88.0559 +YCCC  1981.254821  3 0.0008   413 | 2/53
  8 h-m-p  0.0002 0.0008  81.2737 +YCCC  1980.501325  3 0.0004   475 | 2/53
  9 h-m-p  0.0002 0.0012  54.8755 YCCC   1979.991910  3 0.0006   536 | 2/53
 10 h-m-p  0.0005 0.0027  68.2709 YCCC   1979.278165  3 0.0009   597 | 2/53
 11 h-m-p  0.0003 0.0013  85.3131 YCCC   1978.884446  3 0.0005   658 | 2/53
 12 h-m-p  0.0007 0.0038  55.4235 CCC    1978.517863  2 0.0008   718 | 2/53
 13 h-m-p  0.0011 0.0054  38.2208 YC     1978.018278  1 0.0019   775 | 2/53
 14 h-m-p  0.0004 0.0019  74.5785 +YCC   1977.506974  2 0.0011   835 | 2/53
 15 h-m-p  0.0008 0.0040  91.1592 CCCC   1976.916297  3 0.0011   897 | 2/53
 16 h-m-p  0.0006 0.0037 155.7896 YC     1976.001658  1 0.0010   954 | 2/53
 17 h-m-p  0.0011 0.0054  83.6379 CCC    1975.294143  2 0.0016  1014 | 2/53
 18 h-m-p  0.0010 0.0050  78.7060 CCCC   1974.776773  3 0.0013  1076 | 2/53
 19 h-m-p  0.0006 0.0029  78.2831 CC     1974.511540  1 0.0007  1134 | 2/53
 20 h-m-p  0.0013 0.0066  28.7577 YYC    1974.369525  2 0.0012  1192 | 2/53
 21 h-m-p  0.0015 0.0119  22.5557 YCC    1974.314712  2 0.0007  1251 | 2/53
 22 h-m-p  0.0013 0.0080  12.0907 CCC    1974.276286  2 0.0011  1311 | 2/53
 23 h-m-p  0.0017 0.0226   7.5387 CCC    1974.239601  2 0.0020  1371 | 2/53
 24 h-m-p  0.0009 0.0152  16.0376 C      1974.204150  0 0.0009  1427 | 2/53
 25 h-m-p  0.0012 0.0366  12.7497 +YC    1974.100545  1 0.0035  1485 | 2/53
 26 h-m-p  0.0016 0.0146  26.8242 CCC    1973.947403  2 0.0025  1545 | 2/53
 27 h-m-p  0.0009 0.0061  77.5261 YCCC   1973.649707  3 0.0016  1606 | 2/53
 28 h-m-p  0.0009 0.0047 112.1290 YCCC   1973.189878  3 0.0017  1667 | 2/53
 29 h-m-p  0.0013 0.0066 126.1034 YCCC   1972.411969  3 0.0026  1728 | 2/53
 30 h-m-p  0.0008 0.0038 167.8231 YCCC   1971.941507  3 0.0013  1789 | 2/53
 31 h-m-p  0.0011 0.0056  92.3921 CCC    1971.617789  2 0.0015  1849 | 2/53
 32 h-m-p  0.0013 0.0066  25.2349 C      1971.545732  0 0.0013  1905 | 2/53
 33 h-m-p  0.0020 0.0182  16.9814 YC     1971.502241  1 0.0012  1962 | 2/53
 34 h-m-p  0.0036 0.0212   5.8140 YC     1971.486675  1 0.0015  2019 | 2/53
 35 h-m-p  0.0023 0.0559   3.6641 CC     1971.474546  1 0.0019  2077 | 2/53
 36 h-m-p  0.0039 0.1012   1.7423 CC     1971.454440  1 0.0049  2135 | 2/53
 37 h-m-p  0.0019 0.0631   4.4508 +CC    1971.358737  1 0.0067  2194 | 2/53
 38 h-m-p  0.0018 0.0159  16.4017 YC     1971.140900  1 0.0037  2251 | 2/53
 39 h-m-p  0.0016 0.0121  37.3208 CCCC   1970.775760  3 0.0026  2313 | 2/53
 40 h-m-p  0.0021 0.0103  40.5150 YCCC   1970.259392  3 0.0035  2374 | 2/53
 41 h-m-p  0.0010 0.0049  18.9451 YYC    1970.211987  2 0.0008  2432 | 2/53
 42 h-m-p  0.0023 0.0493   6.5698 YC     1970.192352  1 0.0015  2489 | 2/53
 43 h-m-p  0.0073 0.2150   1.3444 C      1970.190560  0 0.0020  2545 | 2/53
 44 h-m-p  0.0018 0.1361   1.4329 C      1970.189135  0 0.0019  2601 | 2/53
 45 h-m-p  0.0037 0.2193   0.7498 C      1970.187896  0 0.0037  2657 | 2/53
 46 h-m-p  0.0040 0.3452   0.7021 C      1970.186206  0 0.0044  2764 | 2/53
 47 h-m-p  0.0061 0.8736   0.5046 YC     1970.179195  1 0.0128  2872 | 2/53
 48 h-m-p  0.0069 0.1603   0.9352 YC     1970.147715  1 0.0149  2980 | 2/53
 49 h-m-p  0.0047 0.0590   2.9753 YC     1970.127784  1 0.0036  3088 | 2/53
 50 h-m-p  0.0059 0.2275   1.7911 YC     1970.122949  1 0.0032  3145 | 2/53
 51 h-m-p  0.0119 0.3659   0.4818 YC     1970.122678  1 0.0021  3202 | 2/53
 52 h-m-p  0.0082 1.0975   0.1216 C      1970.122400  0 0.0084  3309 | 2/53
 53 h-m-p  0.0041 1.1600   0.2471 +CC    1970.118556  1 0.0260  3419 | 2/53
 54 h-m-p  0.0030 0.1336   2.1698 +CC    1970.102922  1 0.0103  3529 | 2/53
 55 h-m-p  0.0184 0.3115   1.2165 C      1970.100447  0 0.0045  3585 | 2/53
 56 h-m-p  0.0129 0.3952   0.4233 YC     1970.100263  1 0.0023  3642 | 2/53
 57 h-m-p  0.0083 2.7863   0.1183 C      1970.100229  0 0.0033  3749 | 2/53
 58 h-m-p  0.0160 8.0000   0.0553 ++YC   1970.096600  1 0.4415  3859 | 2/53
 59 h-m-p  0.2411 1.6446   0.1013 --C    1970.096581  0 0.0032  3968 | 2/53
 60 h-m-p  0.0160 8.0000   0.0328 ++YC   1970.095140  1 0.5049  4078 | 2/53
 61 h-m-p  1.6000 8.0000   0.0057 YC     1970.094968  1 1.1127  4186 | 2/53
 62 h-m-p  1.6000 8.0000   0.0019 C      1970.094943  0 1.4146  4293 | 2/53
 63 h-m-p  1.6000 8.0000   0.0001 Y      1970.094941  0 1.2456  4400 | 2/53
 64 h-m-p  1.0732 8.0000   0.0002 C      1970.094940  0 1.3977  4507 | 2/53
 65 h-m-p  1.6000 8.0000   0.0000 Y      1970.094940  0 1.0882  4614 | 2/53
 66 h-m-p  0.9262 8.0000   0.0000 C      1970.094940  0 1.1885  4721 | 2/53
 67 h-m-p  1.6000 8.0000   0.0000 C      1970.094940  0 1.3743  4828 | 2/53
 68 h-m-p  1.6000 8.0000   0.0000 -C     1970.094940  0 0.1000  4936 | 2/53
 69 h-m-p  0.0565 8.0000   0.0000 -Y     1970.094940  0 0.0035  5044
Out..
lnL  = -1970.094940
5045 lfun, 35315 eigenQcodon, 1483230 P(t)
