
 16         verbose | verbose                1.00
  8         runmode | runmode                0.00
  4         seqtype | seqtype                1.00
 14       CodonFreq | CodonFreq              1.00
 19          aaDist | aaDist                 0.00
 17           model | model                  0.00
 21         NSsites | NSsites                8.00
 23           icode | icode                  0.00
 25       fix_kappa | fix_kappa              0.00
 26           kappa | kappa                  2.00
 27       fix_omega | fix_omega              1.00
 28           omega | omega                  1.00
 29       fix_alpha | fix_alpha              1.00
 30           alpha | alpha                  0.00
 31          Malpha | Malpha                 0.00
 32           ncatG | ncatG                  5.00
 12           getSE | getSE                  0.00
 13    RateAncestor | RateAncestor           0.00
 36      Small_Diff | Small_Diff             0.00
  7       cleandata | cleandata              0.00
 37     fix_blength | fix_blength            0.00
CODONML in paml version 4.10.7, June 2023

----------------------------------------------
Phe F TTT | Ser S TCT | Tyr Y TAT | Cys C TGT
      TTC |       TCC |       TAC |       TGC
Leu L TTA |       TCA | *** * TAA | *** * TGA
      TTG |       TCG |       TAG | Trp W TGG
----------------------------------------------
Leu L CTT | Pro P CCT | His H CAT | Arg R CGT
      CTC |       CCC |       CAC |       CGC
      CTA |       CCA | Gln Q CAA |       CGA
      CTG |       CCG |       CAG |       CGG
----------------------------------------------
Ile I ATT | Thr T ACT | Asn N AAT | Ser S AGT
      ATC |       ACC |       AAC |       AGC
      ATA |       ACA | Lys K AAA | Arg R AGA
Met M ATG |       ACG |       AAG |       AGG
----------------------------------------------
Val V GTT | Ala A GCT | Asp D GAT | Gly G GGT
      GTC |       GCC |       GAC |       GGC
      GTA |       GCA | Glu E GAA |       GGA
      GTG |       GCG |       GAG |       GGG
----------------------------------------------
Nice code, uuh?


Ambiguity character definition table:

T (1): T 
C (1): C 
A (1): A 
G (1): G 
U (1): T 
Y (2): T C 
R (2): A G 
M (2): C A 
K (2): T G 
S (2): C G 
W (2): T A 
H (3): T C A 
B (3): T C G 
V (3): C A G 
D (3): T A G 
- (4): T C A G 
N (4): T C A G 
? (4): T C A G 
ns = 28  	ls = 4149
Reading sequences, sequential format..
Reading seq # 1: XM_0260481       
Reading seq # 2: XM_0149556       
Reading seq # 3: XM_0213894       
Reading seq # 4: XM_0158585       
Reading seq # 5: NM_0013894       
Reading seq # 6: XM_0316105       
Reading seq # 7: XM_0315522       
Reading seq # 8: XM_0381768       
Reading seq # 9: XM_0669942       
Reading seq #10: XM_0260564       
Reading seq #11: XM_0261200       
Reading seq #12: XM_0239246       
Reading seq #13: XM_0156224       
Reading seq #14: XM_0400579       
Reading seq #15: XM_0050435       
Reading seq #16: XM_0330546       
Reading seq #17: XM_0321016       
Reading seq #18: XM_0215406       
Reading seq #19: XM_0125726       
Reading seq #20: XM_0090952       
Reading seq #21: XM_0309446       
Reading seq #22: XM_0381322       
Reading seq #23: XM_0178292       
Reading seq #24: XM_0212971       
Reading seq #25: XM_0304895       
Reading seq #26: XM_0051547       
Reading seq #27: XM_0268440       
Reading seq #28: XM_0300225       

Sequences read..
Counting site patterns..  0:00
Compressing,   1055 patterns at   1383 /   1383 sites (100.0%),  0:00
Collecting fpatt[] & pose[],   1055 patterns at   1383 /   1383 sites (100.0%),  0:00
1 ambiguous codons are seen in the data:
 ---
Counting codons..
NG distances for seqs.:
   1
  2   1:Sites   949.6 + 3193.4 = 4143.0	Diffs   396.5 +   37.5 =  434.0   2
  3   1:Sites   949.7 + 3193.3 = 4143.0	Diffs   399.5 +   31.5 =  431.0
  3   2:Sites   949.6 + 3199.4 = 4149.0	Diffs   339.0 +   35.0 =  374.0   3
  4   1:Sites   946.7 + 3184.3 = 4131.0	Diffs   397.5 +   30.5 =  428.0
  4   2:Sites   946.1 + 3190.9 = 4137.0	Diffs   343.0 +   32.0 =  375.0
  4   3:Sites   946.7 + 3190.3 = 4137.0	Diffs   162.0 +    5.0 =  167.0   4
  5   1:Sites   944.8 + 3180.2 = 4125.0	Diffs   401.5 +   32.5 =  434.0
  5   2:Sites   944.7 + 3186.3 = 4131.0	Diffs   346.0 +   34.0 =  380.0
  5   3:Sites   944.8 + 3186.2 = 4131.0	Diffs   129.0 +    2.0 =  131.0
  5   4:Sites   941.8 + 3177.2 = 4119.0	Diffs   117.0 +    4.0 =  121.0   5
  6   1:Sites   949.2 + 3193.8 = 4143.0	Diffs   395.0 +   33.0 =  428.0
  6   2:Sites   949.1 + 3199.9 = 4149.0	Diffs   343.5 +   37.5 =  381.0
  6   3:Sites   949.3 + 3199.7 = 4149.0	Diffs   118.5 +    6.5 =  125.0
  6   4:Sites   946.2 + 3190.8 = 4137.0	Diffs   122.5 +    8.5 =  131.0
  6   5:Sites   944.3 + 3186.7 = 4131.0	Diffs    87.5 +    6.5 =   94.0   6
  7   1:Sites   737.6 + 2493.4 = 3231.0	Diffs   345.5 +   28.5 =  374.0
  7   2:Sites   738.1 + 2498.9 = 3237.0	Diffs   281.5 +   30.5 =  312.0
  7   3:Sites   737.9 + 2499.1 = 3237.0	Diffs    98.0 +    3.0 =  101.0
  7   4:Sites   737.4 + 2499.6 = 3237.0	Diffs    96.0 +    6.0 =  102.0
  7   5:Sites   736.8 + 2500.2 = 3237.0	Diffs    67.0 +    5.0 =   72.0
  7   6:Sites   737.9 + 2499.1 = 3237.0	Diffs    56.0 +    2.0 =   58.0   7
  8   1:Sites   950.1 + 3192.9 = 4143.0	Diffs   393.0 +   26.0 =  419.0
  8   2:Sites   949.7 + 3199.3 = 4149.0	Diffs   302.5 +   34.5 =  337.0
  8   3:Sites   949.9 + 3199.1 = 4149.0	Diffs   217.0 +   17.0 =  234.0
  8   4:Sites   946.5 + 3190.5 = 4137.0	Diffs   231.5 +   15.5 =  247.0
  8   5:Sites   945.0 + 3186.0 = 4131.0	Diffs   216.0 +   17.0 =  233.0
  8   6:Sites   949.4 + 3199.6 = 4149.0	Diffs   212.5 +   21.5 =  234.0
  8   7:Sites   737.0 + 2500.0 = 3237.0	Diffs   169.5 +   14.5 =  184.0   8
  9   1:Sites   946.5 + 3181.5 = 4128.0	Diffs   387.0 +   25.0 =  412.0
  9   2:Sites   945.6 + 3188.4 = 4134.0	Diffs   305.5 +   31.5 =  337.0
  9   3:Sites   946.2 + 3187.8 = 4134.0	Diffs   222.0 +   15.0 =  237.0
  9   4:Sites   945.9 + 3188.1 = 4134.0	Diffs   247.0 +   15.0 =  262.0
  9   5:Sites   941.3 + 3174.7 = 4116.0	Diffs   227.0 +   15.0 =  242.0
  9   6:Sites   945.7 + 3188.3 = 4134.0	Diffs   217.5 +   19.5 =  237.0
  9   7:Sites   736.5 + 2500.5 = 3237.0	Diffs   168.0 +   16.0 =  184.0
  9   8:Sites   946.0 + 3188.0 = 4134.0	Diffs    92.0 +    3.0 =   95.0   9
 10   1:Sites   937.4 + 3139.6 = 4077.0	Diffs   292.0 +   18.0 =  310.0
 10   2:Sites   937.0 + 3146.0 = 4083.0	Diffs   335.5 +   30.5 =  366.0
 10   3:Sites   937.4 + 3145.6 = 4083.0	Diffs   244.5 +   25.5 =  270.0
 10   4:Sites   937.1 + 3145.9 = 4083.0	Diffs   262.5 +   24.5 =  287.0
 10   5:Sites   932.5 + 3132.5 = 4065.0	Diffs   246.5 +   26.5 =  273.0
 10   6:Sites   936.9 + 3146.1 = 4083.0	Diffs   235.5 +   28.5 =  264.0
 10   7:Sites   738.5 + 2495.5 = 3234.0	Diffs   194.5 +   22.5 =  217.0
 10   8:Sites   937.2 + 3145.8 = 4083.0	Diffs   225.5 +   17.5 =  243.0
 10   9:Sites   936.4 + 3146.6 = 4083.0	Diffs   235.0 +   18.0 =  253.0  10
 11   1:Sites   949.6 + 3193.4 = 4143.0	Diffs   299.0 +   15.0 =  314.0
 11   2:Sites   949.5 + 3199.5 = 4149.0	Diffs   333.5 +   30.5 =  364.0
 11   3:Sites   949.6 + 3199.4 = 4149.0	Diffs   270.5 +   20.5 =  291.0
 11   4:Sites   946.6 + 3190.4 = 4137.0	Diffs   280.5 +   19.5 =  300.0
 11   5:Sites   944.7 + 3186.3 = 4131.0	Diffs   266.5 +   21.5 =  288.0
 11   6:Sites   949.1 + 3199.9 = 4149.0	Diffs   255.5 +   23.5 =  279.0
 11   7:Sites   737.4 + 2499.6 = 3237.0	Diffs   210.5 +   19.5 =  230.0
 11   8:Sites   949.7 + 3199.3 = 4149.0	Diffs   239.0 +   15.0 =  254.0
 11   9:Sites   946.1 + 3187.9 = 4134.0	Diffs   243.0 +   13.0 =  256.0
 11  10:Sites   937.3 + 3145.7 = 4083.0	Diffs    79.0 +    5.0 =   84.0  11
 12   1:Sites   934.5 + 3124.5 = 4059.0	Diffs   393.5 +   27.5 =  421.0
 12   2:Sites   934.1 + 3130.9 = 4065.0	Diffs   325.0 +   27.0 =  352.0
 12   3:Sites   934.5 + 3130.5 = 4065.0	Diffs   293.5 +   27.5 =  321.0
 12   4:Sites   934.2 + 3130.8 = 4065.0	Diffs   303.5 +   27.5 =  331.0
 12   5:Sites   933.8 + 3131.2 = 4065.0	Diffs   289.5 +   27.5 =  317.0
 12   6:Sites   934.0 + 3131.0 = 4065.0	Diffs   286.0 +   26.0 =  312.0
 12   7:Sites   739.1 + 2497.9 = 3237.0	Diffs   228.5 +   25.5 =  254.0
 12   8:Sites   934.3 + 3130.7 = 4065.0	Diffs   269.0 +   24.0 =  293.0
 12   9:Sites   933.4 + 3131.6 = 4065.0	Diffs   267.5 +   25.5 =  293.0
 12  10:Sites   934.5 + 3124.5 = 4059.0	Diffs   279.7 +   25.3 =  305.0
 12  11:Sites   934.4 + 3130.6 = 4065.0	Diffs   286.7 +   24.3 =  311.0  12
 13   1:Sites   952.6 + 3190.4 = 4143.0	Diffs   398.5 +   27.5 =  426.0
 13   2:Sites   952.5 + 3196.5 = 4149.0	Diffs   327.0 +   29.0 =  356.0
 13   3:Sites   952.7 + 3196.3 = 4149.0	Diffs   290.5 +   28.5 =  319.0
 13   4:Sites   949.7 + 3187.3 = 4137.0	Diffs   300.5 +   28.5 =  329.0
 13   5:Sites   947.8 + 3183.2 = 4131.0	Diffs   286.5 +   28.5 =  315.0
 13   6:Sites   952.2 + 3196.8 = 4149.0	Diffs   287.0 +   27.0 =  314.0
 13   7:Sites   739.1 + 2497.9 = 3237.0	Diffs   224.5 +   26.5 =  251.0
 13   8:Sites   952.8 + 3196.2 = 4149.0	Diffs   260.5 +   27.5 =  288.0
 13   9:Sites   949.2 + 3184.8 = 4134.0	Diffs   263.5 +   27.5 =  291.0
 13  10:Sites   940.4 + 3142.6 = 4083.0	Diffs   279.7 +   26.3 =  306.0
 13  11:Sites   952.5 + 3196.5 = 4149.0	Diffs   283.7 +   25.3 =  309.0
 13  12:Sites   937.4 + 3127.6 = 4065.0	Diffs    35.0 +    1.0 =   36.0  13
 14   1:Sites   952.0 + 3191.0 = 4143.0	Diffs   408.5 +   28.5 =  437.0
 14   2:Sites   951.9 + 3197.1 = 4149.0	Diffs   324.0 +   31.0 =  355.0
 14   3:Sites   952.0 + 3197.0 = 4149.0	Diffs   306.5 +   30.5 =  337.0
 14   4:Sites   949.0 + 3188.0 = 4137.0	Diffs   311.5 +   30.5 =  342.0
 14   5:Sites   947.1 + 3183.9 = 4131.0	Diffs   294.5 +   30.5 =  325.0
 14   6:Sites   951.5 + 3197.5 = 4149.0	Diffs   297.0 +   29.0 =  326.0
 14   7:Sites   737.9 + 2499.1 = 3237.0	Diffs   238.5 +   28.5 =  267.0
 14   8:Sites   952.1 + 3196.9 = 4149.0	Diffs   264.5 +   29.5 =  294.0
 14   9:Sites   948.5 + 3185.5 = 4134.0	Diffs   270.5 +   29.5 =  300.0
 14  10:Sites   939.7 + 3143.3 = 4083.0	Diffs   289.7 +   27.3 =  317.0
 14  11:Sites   951.9 + 3197.1 = 4149.0	Diffs   300.7 +   26.3 =  327.0
 14  12:Sites   936.8 + 3128.2 = 4065.0	Diffs   110.0 +    2.0 =  112.0
 14  13:Sites   955.0 + 3194.0 = 4149.0	Diffs   113.0 +    3.0 =  116.0  14
 15   1:Sites   952.4 + 3190.6 = 4143.0	Diffs   395.0 +   30.0 =  425.0
 15   2:Sites   952.3 + 3196.7 = 4149.0	Diffs   326.5 +   32.5 =  359.0
 15   3:Sites   952.5 + 3196.5 = 4149.0	Diffs   306.0 +   29.0 =  335.0
 15   4:Sites   949.5 + 3187.5 = 4137.0	Diffs   313.0 +   31.0 =  344.0
 15   5:Sites   947.6 + 3183.4 = 4131.0	Diffs   302.0 +   30.0 =  332.0
 15   6:Sites   952.0 + 3197.0 = 4149.0	Diffs   294.5 +   30.5 =  325.0
 15   7:Sites   739.2 + 2497.8 = 3237.0	Diffs   240.0 +   29.0 =  269.0
 15   8:Sites   952.6 + 3196.4 = 4149.0	Diffs   274.8 +   29.2 =  304.0
 15   9:Sites   949.0 + 3185.0 = 4134.0	Diffs   277.8 +   29.2 =  307.0
 15  10:Sites   940.2 + 3142.8 = 4083.0	Diffs   299.0 +   30.0 =  329.0
 15  11:Sites   952.3 + 3196.7 = 4149.0	Diffs   306.0 +   29.0 =  335.0
 15  12:Sites   937.2 + 3127.8 = 4065.0	Diffs   121.0 +    3.0 =  124.0
 15  13:Sites   955.4 + 3193.6 = 4149.0	Diffs   126.0 +    4.0 =  130.0
 15  14:Sites   954.8 + 3194.2 = 4149.0	Diffs   121.0 +    5.0 =  126.0  15
 16   1:Sites   951.2 + 3191.8 = 4143.0	Diffs   390.3 +   30.7 =  421.0
 16   2:Sites   951.1 + 3197.9 = 4149.0	Diffs   316.8 +   32.2 =  349.0
 16   3:Sites   951.3 + 3197.7 = 4149.0	Diffs   289.3 +   32.7 =  322.0
 16   4:Sites   948.2 + 3188.8 = 4137.0	Diffs   287.3 +   32.7 =  320.0
 16   5:Sites   946.3 + 3184.7 = 4131.0	Diffs   276.3 +   32.7 =  309.0
 16   6:Sites   950.8 + 3198.2 = 4149.0	Diffs   272.8 +   31.2 =  304.0
 16   7:Sites   738.4 + 2498.6 = 3237.0	Diffs   223.3 +   28.7 =  252.0
 16   8:Sites   951.4 + 3197.6 = 4149.0	Diffs   247.5 +   31.5 =  279.0
 16   9:Sites   947.7 + 3186.3 = 4134.0	Diffs   255.5 +   31.5 =  287.0
 16  10:Sites   938.9 + 3144.1 = 4083.0	Diffs   263.7 +   29.3 =  293.0
 16  11:Sites   951.1 + 3197.9 = 4149.0	Diffs   271.7 +   28.3 =  300.0
 16  12:Sites   936.0 + 3129.0 = 4065.0	Diffs   103.0 +    4.0 =  107.0
 16  13:Sites   954.2 + 3194.8 = 4149.0	Diffs   102.0 +    2.0 =  104.0
 16  14:Sites   953.5 + 3195.5 = 4149.0	Diffs   101.0 +    3.0 =  104.0
 16  15:Sites   954.0 + 3195.0 = 4149.0	Diffs    98.0 +    5.0 =  103.0  16
 17   1:Sites   950.5 + 3192.5 = 4143.0	Diffs   376.5 +   27.5 =  404.0
 17   2:Sites   950.4 + 3198.6 = 4149.0	Diffs   305.0 +   31.0 =  336.0
 17   3:Sites   950.5 + 3198.5 = 4149.0	Diffs   283.5 +   28.5 =  312.0
 17   4:Sites   947.5 + 3189.5 = 4137.0	Diffs   283.5 +   29.5 =  313.0
 17   5:Sites   945.6 + 3185.4 = 4131.0	Diffs   270.5 +   28.5 =  299.0
 17   6:Sites   950.0 + 3199.0 = 4149.0	Diffs   276.0 +   27.0 =  303.0
 17   7:Sites   737.9 + 2499.1 = 3237.0	Diffs   220.5 +   25.5 =  246.0
 17   8:Sites   950.6 + 3198.4 = 4149.0	Diffs   243.5 +   27.5 =  271.0
 17   9:Sites   947.0 + 3187.0 = 4134.0	Diffs   250.5 +   27.5 =  278.0
 17  10:Sites   938.2 + 3144.8 = 4083.0	Diffs   258.0 +   26.0 =  284.0
 17  11:Sites   950.4 + 3198.6 = 4149.0	Diffs   266.0 +   25.0 =  291.0
 17  12:Sites   935.3 + 3129.7 = 4065.0	Diffs   110.0 +    1.0 =  111.0
 17  13:Sites   953.4 + 3195.6 = 4149.0	Diffs   109.0 +    2.0 =  111.0
 17  14:Sites   952.8 + 3196.2 = 4149.0	Diffs   106.0 +    3.0 =  109.0
 17  15:Sites   953.2 + 3195.8 = 4149.0	Diffs   122.0 +    5.0 =  127.0
 17  16:Sites   952.0 + 3197.0 = 4149.0	Diffs   102.0 +    4.0 =  106.0  17
 18   1:Sites   951.7 + 3191.3 = 4143.0	Diffs   405.5 +   28.5 =  434.0
 18   2:Sites   951.6 + 3197.4 = 4149.0	Diffs   338.0 +   30.0 =  368.0
 18   3:Sites   951.8 + 3197.2 = 4149.0	Diffs   304.5 +   29.5 =  334.0
 18   4:Sites   948.8 + 3188.2 = 4137.0	Diffs   311.5 +   29.5 =  341.0
 18   5:Sites   946.9 + 3184.1 = 4131.0	Diffs   297.5 +   29.5 =  327.0
 18   6:Sites   951.3 + 3197.7 = 4149.0	Diffs   298.0 +   28.0 =  326.0
 18   7:Sites   738.9 + 2498.1 = 3237.0	Diffs   234.5 +   27.5 =  262.0
 18   8:Sites   951.9 + 3197.1 = 4149.0	Diffs   261.5 +   28.5 =  290.0
 18   9:Sites   948.3 + 3185.7 = 4134.0	Diffs   269.5 +   29.5 =  299.0
 18  10:Sites   939.5 + 3143.5 = 4083.0	Diffs   285.7 +   27.3 =  313.0
 18  11:Sites   951.6 + 3197.4 = 4149.0	Diffs   289.7 +   26.3 =  316.0
 18  12:Sites   936.5 + 3128.5 = 4065.0	Diffs   117.0 +    3.0 =  120.0
 18  13:Sites   954.7 + 3194.3 = 4149.0	Diffs   115.0 +    3.0 =  118.0
 18  14:Sites   954.1 + 3194.9 = 4149.0	Diffs   115.0 +    4.0 =  119.0
 18  15:Sites   954.5 + 3194.5 = 4149.0	Diffs   128.0 +    5.0 =  133.0
 18  16:Sites   953.3 + 3195.7 = 4149.0	Diffs   112.0 +    5.0 =  117.0
 18  17:Sites   952.5 + 3196.5 = 4149.0	Diffs   112.0 +    3.0 =  115.0  18
 19   1:Sites   951.2 + 3191.8 = 4143.0	Diffs   401.5 +   30.5 =  432.0
 19   2:Sites   951.1 + 3197.9 = 4149.0	Diffs   333.0 +   31.0 =  364.0
 19   3:Sites   951.2 + 3197.8 = 4149.0	Diffs   299.5 +   30.5 =  330.0
 19   4:Sites   948.2 + 3188.8 = 4137.0	Diffs   304.5 +   31.5 =  336.0
 19   5:Sites   946.3 + 3184.7 = 4131.0	Diffs   295.5 +   30.5 =  326.0
 19   6:Sites   950.7 + 3198.3 = 4149.0	Diffs   296.0 +   29.0 =  325.0
 19   7:Sites   738.3 + 2498.7 = 3237.0	Diffs   235.5 +   28.5 =  264.0
 19   8:Sites   951.3 + 3197.7 = 4149.0	Diffs   264.5 +   30.5 =  295.0
 19   9:Sites   947.7 + 3186.3 = 4134.0	Diffs   268.5 +   31.5 =  300.0
 19  10:Sites   938.9 + 3144.1 = 4083.0	Diffs   283.7 +   28.3 =  312.0
 19  11:Sites   951.1 + 3197.9 = 4149.0	Diffs   291.7 +   27.3 =  319.0
 19  12:Sites   936.0 + 3129.0 = 4065.0	Diffs   113.0 +    4.0 =  117.0
 19  13:Sites   954.1 + 3194.9 = 4149.0	Diffs   109.0 +    2.0 =  111.0
 19  14:Sites   953.5 + 3195.5 = 4149.0	Diffs   110.0 +    5.0 =  115.0
 19  15:Sites   953.9 + 3195.1 = 4149.0	Diffs   127.0 +    6.0 =  133.0
 19  16:Sites   952.7 + 3196.3 = 4149.0	Diffs   106.0 +    4.0 =  110.0
 19  17:Sites   952.0 + 3197.0 = 4149.0	Diffs   108.0 +    4.0 =  112.0
 19  18:Sites   953.2 + 3195.8 = 4149.0	Diffs    32.0 +    1.0 =   33.0  19
 20   1:Sites   951.0 + 3192.0 = 4143.0	Diffs   406.5 +   31.5 =  438.0
 20   2:Sites   950.9 + 3198.1 = 4149.0	Diffs   332.5 +   34.5 =  367.0
 20   3:Sites   951.0 + 3198.0 = 4149.0	Diffs   303.5 +   33.5 =  337.0
 20   4:Sites   948.0 + 3189.0 = 4137.0	Diffs   305.0 +   34.0 =  339.0
 20   5:Sites   946.1 + 3184.9 = 4131.0	Diffs   293.5 +   32.5 =  326.0
 20   6:Sites   950.5 + 3198.5 = 4149.0	Diffs   290.0 +   31.0 =  321.0
 20   7:Sites   737.8 + 2499.2 = 3237.0	Diffs   233.5 +   28.5 =  262.0
 20   8:Sites   951.1 + 3197.9 = 4149.0	Diffs   257.5 +   32.5 =  290.0
 20   9:Sites   947.5 + 3186.5 = 4134.0	Diffs   265.5 +   32.5 =  298.0
 20  10:Sites   938.7 + 3144.3 = 4083.0	Diffs   276.7 +   31.3 =  308.0
 20  11:Sites   950.8 + 3198.2 = 4149.0	Diffs   285.7 +   30.3 =  316.0
 20  12:Sites   935.8 + 3129.2 = 4065.0	Diffs   113.0 +    5.0 =  118.0
 20  13:Sites   953.9 + 3195.1 = 4149.0	Diffs   112.0 +    4.0 =  116.0
 20  14:Sites   953.3 + 3195.7 = 4149.0	Diffs   113.0 +    7.0 =  120.0
 20  15:Sites   953.7 + 3195.3 = 4149.0	Diffs   124.0 +    8.0 =  132.0
 20  16:Sites   952.5 + 3196.5 = 4149.0	Diffs   107.0 +    6.0 =  113.0
 20  17:Sites   951.8 + 3197.2 = 4149.0	Diffs   106.0 +    7.0 =  113.0
 20  18:Sites   953.0 + 3196.0 = 4149.0	Diffs    89.0 +    7.0 =   96.0
 20  19:Sites   952.4 + 3196.6 = 4149.0	Diffs    90.0 +    6.0 =   96.0  20
 21   1:Sites   950.0 + 3193.0 = 4143.0	Diffs   407.5 +   28.5 =  436.0
 21   2:Sites   949.9 + 3199.1 = 4149.0	Diffs   338.5 +   31.5 =  370.0
 21   3:Sites   950.1 + 3198.9 = 4149.0	Diffs   310.5 +   30.5 =  341.0
 21   4:Sites   947.0 + 3190.0 = 4137.0	Diffs   312.0 +   31.0 =  343.0
 21   5:Sites   945.2 + 3185.8 = 4131.0	Diffs   299.5 +   30.5 =  330.0
 21   6:Sites   949.6 + 3199.4 = 4149.0	Diffs   300.0 +   28.0 =  328.0
 21   7:Sites   737.1 + 2499.9 = 3237.0	Diffs   235.5 +   27.5 =  263.0
 21   8:Sites   950.2 + 3198.8 = 4149.0	Diffs   263.5 +   29.5 =  293.0
 21   9:Sites   946.5 + 3187.5 = 4134.0	Diffs   277.5 +   29.5 =  307.0
 21  10:Sites   937.7 + 3145.3 = 4083.0	Diffs   287.7 +   28.3 =  316.0
 21  11:Sites   949.9 + 3199.1 = 4149.0	Diffs   294.7 +   27.3 =  322.0
 21  12:Sites   934.8 + 3130.2 = 4065.0	Diffs   124.0 +    3.0 =  127.0
 21  13:Sites   953.0 + 3196.0 = 4149.0	Diffs   124.0 +    4.0 =  128.0
 21  14:Sites   952.3 + 3196.7 = 4149.0	Diffs   124.0 +    4.0 =  128.0
 21  15:Sites   952.8 + 3196.2 = 4149.0	Diffs   138.0 +    5.0 =  143.0
 21  16:Sites   951.6 + 3197.4 = 4149.0	Diffs   117.0 +    5.0 =  122.0
 21  17:Sites   950.8 + 3198.2 = 4149.0	Diffs   114.0 +    4.0 =  118.0
 21  18:Sites   952.1 + 3196.9 = 4149.0	Diffs   102.0 +    4.0 =  106.0
 21  19:Sites   951.5 + 3197.5 = 4149.0	Diffs    97.0 +    5.0 =  102.0
 21  20:Sites   951.3 + 3197.7 = 4149.0	Diffs    80.0 +    5.0 =   85.0  21
 22   1:Sites   951.3 + 3191.7 = 4143.0	Diffs   396.5 +   26.5 =  423.0
 22   2:Sites   951.2 + 3197.8 = 4149.0	Diffs   336.0 +   28.0 =  364.0
 22   3:Sites   951.3 + 3197.7 = 4149.0	Diffs   301.5 +   27.5 =  329.0
 22   4:Sites   948.3 + 3188.7 = 4137.0	Diffs   304.5 +   27.5 =  332.0
 22   5:Sites   946.4 + 3184.6 = 4131.0	Diffs   287.5 +   27.5 =  315.0
 22   6:Sites   950.9 + 3198.1 = 4149.0	Diffs   288.0 +   26.0 =  314.0
 22   7:Sites   738.4 + 2498.6 = 3237.0	Diffs   225.5 +   25.5 =  251.0
 22   8:Sites   951.5 + 3197.5 = 4149.0	Diffs   264.5 +   26.5 =  291.0
 22   9:Sites   947.8 + 3186.2 = 4134.0	Diffs   268.5 +   26.5 =  295.0
 22  10:Sites   939.0 + 3144.0 = 4083.0	Diffs   284.7 +   25.3 =  310.0
 22  11:Sites   951.2 + 3197.8 = 4149.0	Diffs   294.7 +   24.3 =  319.0
 22  12:Sites   936.1 + 3128.9 = 4065.0	Diffs   125.0 +    0.0 =  125.0
 22  13:Sites   954.3 + 3194.7 = 4149.0	Diffs   121.0 +    1.0 =  122.0
 22  14:Sites   953.6 + 3195.4 = 4149.0	Diffs   122.0 +    2.0 =  124.0
 22  15:Sites   954.1 + 3194.9 = 4149.0	Diffs   133.0 +    3.0 =  136.0
 22  16:Sites   952.8 + 3196.2 = 4149.0	Diffs   116.0 +    3.0 =  119.0
 22  17:Sites   952.1 + 3196.9 = 4149.0	Diffs   110.0 +    1.0 =  111.0
 22  18:Sites   953.4 + 3195.6 = 4149.0	Diffs    96.0 +    2.0 =   98.0
 22  19:Sites   952.8 + 3196.2 = 4149.0	Diffs    92.0 +    3.0 =   95.0
 22  20:Sites   952.6 + 3196.4 = 4149.0	Diffs    81.0 +    5.0 =   86.0
 22  21:Sites   951.7 + 3197.3 = 4149.0	Diffs    88.0 +    2.0 =   90.0  22
 23   1:Sites   949.6 + 3193.4 = 4143.0	Diffs   392.5 +   29.5 =  422.0
 23   2:Sites   949.5 + 3199.5 = 4149.0	Diffs   308.0 +   29.0 =  337.0
 23   3:Sites   949.6 + 3199.4 = 4149.0	Diffs   258.5 +   33.5 =  292.0
 23   4:Sites   946.6 + 3190.4 = 4137.0	Diffs   274.5 +   33.5 =  308.0
 23   5:Sites   944.7 + 3186.3 = 4131.0	Diffs   255.5 +   33.5 =  289.0
 23   6:Sites   949.1 + 3199.9 = 4149.0	Diffs   252.0 +   35.0 =  287.0
 23   7:Sites   737.1 + 2499.9 = 3237.0	Diffs   205.5 +   32.5 =  238.0
 23   8:Sites   949.7 + 3199.3 = 4149.0	Diffs   222.0 +   31.0 =  253.0
 23   9:Sites   946.1 + 3187.9 = 4134.0	Diffs   229.0 +   29.0 =  258.0
 23  10:Sites   937.3 + 3145.7 = 4083.0	Diffs   244.7 +   27.3 =  272.0
 23  11:Sites   949.4 + 3199.6 = 4149.0	Diffs   246.7 +   26.3 =  273.0
 23  12:Sites   934.4 + 3130.6 = 4065.0	Diffs   203.0 +   12.0 =  215.0
 23  13:Sites   952.5 + 3196.5 = 4149.0	Diffs   198.0 +   13.0 =  211.0
 23  14:Sites   951.9 + 3197.1 = 4149.0	Diffs   206.0 +   14.0 =  220.0
 23  15:Sites   952.3 + 3196.7 = 4149.0	Diffs   225.0 +   14.0 =  239.0
 23  16:Sites   951.1 + 3197.9 = 4149.0	Diffs   203.0 +   14.0 =  217.0
 23  17:Sites   950.4 + 3198.6 = 4149.0	Diffs   184.0 +   13.0 =  197.0
 23  18:Sites   951.6 + 3197.4 = 4149.0	Diffs   206.0 +   14.0 =  220.0
 23  19:Sites   951.0 + 3198.0 = 4149.0	Diffs   202.0 +   15.0 =  217.0
 23  20:Sites   950.8 + 3198.2 = 4149.0	Diffs   208.0 +   18.0 =  226.0
 23  21:Sites   949.9 + 3199.1 = 4149.0	Diffs   210.0 +   16.0 =  226.0
 23  22:Sites   951.2 + 3197.8 = 4149.0	Diffs   212.0 +   12.0 =  224.0  23
 24   1:Sites   948.6 + 3194.4 = 4143.0	Diffs   365.0 +   37.0 =  402.0
 24   2:Sites   948.5 + 3200.5 = 4149.0	Diffs   261.5 +   36.5 =  298.0
 24   3:Sites   948.7 + 3200.3 = 4149.0	Diffs   241.8 +   27.2 =  269.0
 24   4:Sites   945.7 + 3191.3 = 4137.0	Diffs   259.8 +   25.2 =  285.0
 24   5:Sites   943.8 + 3187.2 = 4131.0	Diffs   239.8 +   27.2 =  267.0
 24   6:Sites   948.2 + 3200.8 = 4149.0	Diffs   234.3 +   31.7 =  266.0
 24   7:Sites   736.9 + 2500.1 = 3237.0	Diffs   187.8 +   29.2 =  217.0
 24   8:Sites   948.8 + 3200.2 = 4149.0	Diffs   207.0 +   25.0 =  232.0
 24   9:Sites   945.2 + 3188.8 = 4134.0	Diffs   209.0 +   22.0 =  231.0
 24  10:Sites   936.4 + 3146.6 = 4083.0	Diffs   220.7 +   27.3 =  248.0
 24  11:Sites   948.5 + 3200.5 = 4149.0	Diffs   231.7 +   28.3 =  260.0
 24  12:Sites   933.4 + 3131.6 = 4065.0	Diffs   218.0 +   28.0 =  246.0
 24  13:Sites   951.6 + 3197.4 = 4149.0	Diffs   217.0 +   29.0 =  246.0
 24  14:Sites   951.0 + 3198.0 = 4149.0	Diffs   233.0 +   31.0 =  264.0
 24  15:Sites   951.4 + 3197.6 = 4149.0	Diffs   235.3 +   28.7 =  264.0
 24  16:Sites   950.2 + 3198.8 = 4149.0	Diffs   219.0 +   31.0 =  250.0
 24  17:Sites   949.4 + 3199.6 = 4149.0	Diffs   200.5 +   29.5 =  230.0
 24  18:Sites   950.7 + 3198.3 = 4149.0	Diffs   228.0 +   30.0 =  258.0
 24  19:Sites   950.1 + 3198.9 = 4149.0	Diffs   229.0 +   31.0 =  260.0
 24  20:Sites   949.9 + 3199.1 = 4149.0	Diffs   226.0 +   34.0 =  260.0
 24  21:Sites   949.0 + 3200.0 = 4149.0	Diffs   231.0 +   29.0 =  260.0
 24  22:Sites   950.3 + 3198.7 = 4149.0	Diffs   231.0 +   28.0 =  259.0
 24  23:Sites   948.5 + 3200.5 = 4149.0	Diffs   190.5 +   30.5 =  221.0  24
 25   1:Sites   946.7 + 3196.3 = 4143.0	Diffs   382.0 +   29.0 =  411.0
 25   2:Sites   946.6 + 3202.4 = 4149.0	Diffs   279.5 +   33.5 =  313.0
 25   3:Sites   946.8 + 3202.2 = 4149.0	Diffs   230.0 +   28.0 =  258.0
 25   4:Sites   943.8 + 3193.2 = 4137.0	Diffs   237.0 +   28.0 =  265.0
 25   5:Sites   941.9 + 3189.1 = 4131.0	Diffs   219.0 +   28.0 =  247.0
 25   6:Sites   946.3 + 3202.7 = 4149.0	Diffs   216.5 +   32.5 =  249.0
 25   7:Sites   735.6 + 2501.4 = 3237.0	Diffs   180.0 +   29.0 =  209.0
 25   8:Sites   946.9 + 3202.1 = 4149.0	Diffs   192.0 +   25.0 =  217.0
 25   9:Sites   943.2 + 3190.8 = 4134.0	Diffs   201.0 +   23.0 =  224.0
 25  10:Sites   934.7 + 3148.3 = 4083.0	Diffs   209.0 +   22.0 =  231.0
 25  11:Sites   946.6 + 3202.4 = 4149.0	Diffs   220.0 +   23.0 =  243.0
 25  12:Sites   931.8 + 3133.2 = 4065.0	Diffs   222.5 +   27.5 =  250.0
 25  13:Sites   949.7 + 3199.3 = 4149.0	Diffs   224.2 +   28.8 =  253.0
 25  14:Sites   949.1 + 3199.9 = 4149.0	Diffs   231.5 +   30.5 =  262.0
 25  15:Sites   949.5 + 3199.5 = 4149.0	Diffs   241.0 +   30.0 =  271.0
 25  16:Sites   948.3 + 3200.7 = 4149.0	Diffs   207.3 +   31.7 =  239.0
 25  17:Sites   947.5 + 3201.5 = 4149.0	Diffs   205.5 +   28.5 =  234.0
 25  18:Sites   948.8 + 3200.2 = 4149.0	Diffs   236.5 +   27.5 =  264.0
 25  19:Sites   948.2 + 3200.8 = 4149.0	Diffs   235.5 +   28.5 =  264.0
 25  20:Sites   948.0 + 3201.0 = 4149.0	Diffs   227.5 +   33.5 =  261.0
 25  21:Sites   947.1 + 3201.9 = 4149.0	Diffs   232.5 +   31.5 =  264.0
 25  22:Sites   948.4 + 3200.6 = 4149.0	Diffs   230.5 +   28.5 =  259.0
 25  23:Sites   946.6 + 3202.4 = 4149.0	Diffs   190.5 +   30.5 =  221.0
 25  24:Sites   945.7 + 3203.3 = 4149.0	Diffs   149.5 +   28.5 =  178.0  25
 26   1:Sites   947.8 + 3195.2 = 4143.0	Diffs   381.0 +   29.0 =  410.0
 26   2:Sites   947.7 + 3201.3 = 4149.0	Diffs   295.0 +   35.0 =  330.0
 26   3:Sites   947.8 + 3201.2 = 4149.0	Diffs   241.0 +   30.0 =  271.0
 26   4:Sites   944.8 + 3192.2 = 4137.0	Diffs   247.0 +   30.0 =  277.0
 26   5:Sites   942.9 + 3188.1 = 4131.0	Diffs   238.0 +   29.0 =  267.0
 26   6:Sites   947.3 + 3201.7 = 4149.0	Diffs   228.5 +   34.5 =  263.0
 26   7:Sites   736.4 + 2500.6 = 3237.0	Diffs   192.0 +   30.0 =  222.0
 26   8:Sites   947.9 + 3201.1 = 4149.0	Diffs   203.0 +   27.0 =  230.0
 26   9:Sites   944.3 + 3189.7 = 4134.0	Diffs   211.0 +   25.0 =  236.0
 26  10:Sites   935.8 + 3147.2 = 4083.0	Diffs   222.0 +   22.0 =  244.0
 26  11:Sites   947.7 + 3201.3 = 4149.0	Diffs   231.0 +   23.0 =  254.0
 26  12:Sites   932.9 + 3132.1 = 4065.0	Diffs   228.5 +   29.5 =  258.0
 26  13:Sites   950.8 + 3198.2 = 4149.0	Diffs   227.2 +   30.8 =  258.0
 26  14:Sites   950.1 + 3198.9 = 4149.0	Diffs   238.5 +   31.5 =  270.0
 26  15:Sites   950.6 + 3198.4 = 4149.0	Diffs   246.8 +   32.2 =  279.0
 26  16:Sites   949.3 + 3199.7 = 4149.0	Diffs   211.5 +   33.5 =  245.0
 26  17:Sites   948.6 + 3200.4 = 4149.0	Diffs   208.5 +   30.5 =  239.0
 26  18:Sites   949.9 + 3199.1 = 4149.0	Diffs   238.5 +   27.5 =  266.0
 26  19:Sites   949.3 + 3199.7 = 4149.0	Diffs   238.5 +   28.5 =  267.0
 26  20:Sites   949.1 + 3199.9 = 4149.0	Diffs   231.5 +   35.5 =  267.0
 26  21:Sites   948.2 + 3200.8 = 4149.0	Diffs   233.5 +   33.5 =  267.0
 26  22:Sites   949.4 + 3199.6 = 4149.0	Diffs   234.5 +   30.5 =  265.0
 26  23:Sites   947.7 + 3201.3 = 4149.0	Diffs   196.5 +   30.5 =  227.0
 26  24:Sites   946.8 + 3202.2 = 4149.0	Diffs   166.0 +   31.0 =  197.0
 26  25:Sites   944.9 + 3204.1 = 4149.0	Diffs    88.0 +    5.0 =   93.0  26
 27   1:Sites   937.6 + 3157.4 = 4095.0	Diffs   380.0 +   27.0 =  407.0
 27   2:Sites   937.2 + 3163.8 = 4101.0	Diffs   266.5 +   34.5 =  301.0
 27   3:Sites   937.6 + 3163.4 = 4101.0	Diffs   226.5 +   26.5 =  253.0
 27   4:Sites   937.2 + 3163.8 = 4101.0	Diffs   237.5 +   28.5 =  266.0
 27   5:Sites   932.7 + 3150.3 = 4083.0	Diffs   219.5 +   26.5 =  246.0
 27   6:Sites   937.1 + 3163.9 = 4101.0	Diffs   217.8 +   29.2 =  247.0
 27   7:Sites   735.6 + 2501.4 = 3237.0	Diffs   177.5 +   25.5 =  203.0
 27   8:Sites   937.4 + 3163.6 = 4101.0	Diffs   189.5 +   22.5 =  212.0
 27   9:Sites   936.5 + 3164.5 = 4101.0	Diffs   201.0 +   22.0 =  223.0
 27  10:Sites   934.8 + 3148.2 = 4083.0	Diffs   212.0 +   22.0 =  234.0
 27  11:Sites   937.5 + 3163.5 = 4101.0	Diffs   221.0 +   21.0 =  242.0
 27  12:Sites   931.9 + 3133.1 = 4065.0	Diffs   219.0 +   21.0 =  240.0
 27  13:Sites   940.5 + 3160.5 = 4101.0	Diffs   211.0 +   22.0 =  233.0
 27  14:Sites   939.9 + 3161.1 = 4101.0	Diffs   232.0 +   22.0 =  254.0
 27  15:Sites   940.3 + 3160.7 = 4101.0	Diffs   244.5 +   24.5 =  269.0
 27  16:Sites   939.1 + 3161.9 = 4101.0	Diffs   218.0 +   23.0 =  241.0
 27  17:Sites   938.4 + 3162.6 = 4101.0	Diffs   198.0 +   23.0 =  221.0
 27  18:Sites   939.6 + 3161.4 = 4101.0	Diffs   230.0 +   21.0 =  251.0
 27  19:Sites   939.0 + 3162.0 = 4101.0	Diffs   229.0 +   22.0 =  251.0
 27  20:Sites   938.8 + 3162.2 = 4101.0	Diffs   222.5 +   27.5 =  250.0
 27  21:Sites   937.9 + 3163.1 = 4101.0	Diffs   231.5 +   25.5 =  257.0
 27  22:Sites   939.2 + 3161.8 = 4101.0	Diffs   229.0 +   21.0 =  250.0
 27  23:Sites   937.4 + 3163.6 = 4101.0	Diffs   179.0 +   23.0 =  202.0
 27  24:Sites   936.5 + 3164.5 = 4101.0	Diffs   139.0 +   29.0 =  168.0
 27  25:Sites   934.9 + 3166.1 = 4101.0	Diffs   133.5 +   23.5 =  157.0
 27  26:Sites   936.0 + 3165.0 = 4101.0	Diffs   146.5 +   25.5 =  172.0  27
 28   1:Sites   949.0 + 3194.0 = 4143.0	Diffs   364.0 +   24.0 =  388.0
 28   2:Sites   948.9 + 3200.1 = 4149.0	Diffs   270.0 +   27.0 =  297.0
 28   3:Sites   949.0 + 3200.0 = 4149.0	Diffs   212.5 +   17.5 =  230.0
 28   4:Sites   946.0 + 3191.0 = 4137.0	Diffs   233.5 +   17.5 =  251.0
 28   5:Sites   944.1 + 3186.9 = 4131.0	Diffs   209.5 +   17.5 =  227.0
 28   6:Sites   948.5 + 3200.5 = 4149.0	Diffs   204.5 +   22.5 =  227.0
 28   7:Sites   737.2 + 2499.8 = 3237.0	Diffs   171.5 +   17.5 =  189.0
 28   8:Sites   949.1 + 3199.9 = 4149.0	Diffs   179.0 +   16.0 =  195.0
 28   9:Sites   945.5 + 3188.5 = 4134.0	Diffs   186.0 +   14.0 =  200.0
 28  10:Sites   936.7 + 3146.3 = 4083.0	Diffs   193.0 +   11.0 =  204.0
 28  11:Sites   948.9 + 3200.1 = 4149.0	Diffs   197.0 +   12.0 =  209.0
 28  12:Sites   933.8 + 3131.2 = 4065.0	Diffs   198.7 +   19.3 =  218.0
 28  13:Sites   952.0 + 3197.0 = 4149.0	Diffs   198.7 +   20.3 =  219.0
 28  14:Sites   951.3 + 3197.7 = 4149.0	Diffs   210.7 +   22.3 =  233.0
 28  15:Sites   951.8 + 3197.2 = 4149.0	Diffs   219.0 +   22.0 =  241.0
 28  16:Sites   950.5 + 3198.5 = 4149.0	Diffs   196.7 +   23.3 =  220.0
 28  17:Sites   949.8 + 3199.2 = 4149.0	Diffs   183.0 +   20.0 =  203.0
 28  18:Sites   951.1 + 3197.9 = 4149.0	Diffs   212.7 +   21.3 =  234.0
 28  19:Sites   950.5 + 3198.5 = 4149.0	Diffs   211.7 +   22.3 =  234.0
 28  20:Sites   950.3 + 3198.7 = 4149.0	Diffs   202.7 +   25.3 =  228.0
 28  21:Sites   949.3 + 3199.7 = 4149.0	Diffs   216.7 +   22.3 =  239.0
 28  22:Sites   950.6 + 3198.4 = 4149.0	Diffs   211.7 +   19.3 =  231.0
 28  23:Sites   948.9 + 3200.1 = 4149.0	Diffs   163.7 +   21.3 =  185.0
 28  24:Sites   948.0 + 3201.0 = 4149.0	Diffs   130.7 +   22.3 =  153.0
 28  25:Sites   946.1 + 3202.9 = 4149.0	Diffs   116.0 +   17.0 =  133.0
 28  26:Sites   947.1 + 3201.9 = 4149.0	Diffs   133.0 +   19.0 =  152.0
 28  27:Sites   936.9 + 3164.1 = 4101.0	Diffs   114.0 +   17.0 =  131.0  28

     3024 bytes for distance
  1029680 bytes for conP
    50640 bytes for fhK
  5000000 bytes for space

TREE #  1
((12, 13), (14, (15, 16)), (((18, 19), (22, (20, 21))), (17, (23, (2, (((28, (25, 26)), (27, 24)), ((1, (10, 11)), ((3, ((6, 7), (5, 4))), (8, 9)))))))));   MP score: -1
   1    0.985637
   2    0.161595
   3    0.086715
   4    0.071988
   5    0.071130
   6    0.071017
   7    0.070997
   8    0.070997
   9    0.070997
  10    0.070997
 13385840 bytes for conP, adjusted

1 node(s) used for scaling (Yang 2000 J Mol Evol 51:423-432):
 40

    0.030696    0.018766    0.011387    0.004059    0.046507    0.005640    0.052110    0.027725    0.003105    0.012630    0.027794    0.014998    0.011988    0.005491    0.034068    0.006168    0.029668    0.035759    0.011875    0.031911    0.055041    0.072770    0.030408    0.196691    0.003625    0.006189    0.003796    0.042314    0.036122    0.032973    0.040355    0.004476    0.063795    0.070019    0.015482    0.067660    0.232155    0.024110    0.030778    0.037762    0.020369    0.065980    0.055636    0.015167    0.015863    0.021790    0.036074    0.000000    0.039431    0.056270    0.046264    0.033396    0.040090    1.945688    0.900000    1.010095    1.445803

ntime & nrate & np:    53     1    57

Bounds (np=57):
   0.000004   0.000004   0.000004   0.000004   0.000004   0.000004   0.000004   0.000004   0.000004   0.000004   0.000004   0.000004   0.000004   0.000004   0.000004   0.000004   0.000004   0.000004   0.000004   0.000004   0.000004   0.000004   0.000004   0.000004   0.000004   0.000004   0.000004   0.000004   0.000004   0.000004   0.000004   0.000004   0.000004   0.000004   0.000004   0.000004   0.000004   0.000004   0.000004   0.000004   0.000004   0.000004   0.000004   0.000004   0.000004   0.000004   0.000004   0.000004   0.000004   0.000004   0.000004   0.000004   0.000004   0.000100   0.000010   0.005000   0.005000
  50.000000  50.000000  50.000000  50.000000  50.000000  50.000000  50.000000  50.000000  50.000000  50.000000  50.000000  50.000000  50.000000  50.000000  50.000000  50.000000  50.000000  50.000000  50.000000  50.000000  50.000000  50.000000  50.000000  50.000000  50.000000  50.000000  50.000000  50.000000  50.000000  50.000000  50.000000  50.000000  50.000000  50.000000  50.000000  50.000000  50.000000  50.000000  50.000000  50.000000  50.000000  50.000000  50.000000  50.000000  50.000000  50.000000  50.000000  50.000000  50.000000  50.000000  50.000000  50.000000  50.000000 999.000000   0.999990  99.000000  99.000000
Qfactor_NS = 8.695020

np =    57
lnL0 = -18680.174340

Iterating by ming2
Initial: fx= 18680.174340
x=  0.03070  0.01877  0.01139  0.00406  0.04651  0.00564  0.05211  0.02773  0.00310  0.01263  0.02779  0.01500  0.01199  0.00549  0.03407  0.00617  0.02967  0.03576  0.01187  0.03191  0.05504  0.07277  0.03041  0.19669  0.00362  0.00619  0.00380  0.04231  0.03612  0.03297  0.04036  0.00448  0.06380  0.07002  0.01548  0.06766  0.23215  0.02411  0.03078  0.03776  0.02037  0.06598  0.05564  0.01517  0.01586  0.02179  0.03607  0.00000  0.03943  0.05627  0.04626  0.03340  0.04009  1.94569  0.90000  1.01009  1.44580

  1 h-m-p  0.0000 0.0000 10133.9021 +YCYCCC 18652.468989  5 0.0000    71 | 0/57
  2 h-m-p  0.0000 0.0000 2385.2295 ++    18619.017230  m 0.0000   131 | 0/57
  3 h-m-p  0.0000 0.0000 49772.6845 ++    18524.895829  m 0.0000   191 | 0/57
  4 h-m-p  0.0000 0.0000 24937.8079 ++    18505.133955  m 0.0000   251 | 1/57
  5 h-m-p  0.0000 0.0000 5668.9975 CYCCC 18495.172947  4 0.0000   318 | 1/57
  6 h-m-p  0.0000 0.0000 3115.6722 ++    18424.166466  m 0.0000   378 | 1/57
  7 h-m-p  0.0000 0.0000 43895.6824 ++    18387.864529  m 0.0000   438 | 1/57
  8 h-m-p  0.0000 0.0000 22422.3025 ++    18342.223230  m 0.0000   498 | 1/57
  9 h-m-p  0.0000 0.0000 33010.0870 ++    18215.971572  m 0.0000   558 | 1/57
 10 h-m-p  0.0000 0.0000 34599.7728 ++    18099.898079  m 0.0000   618 | 1/57
 11 h-m-p  0.0000 0.0000 115120.2830 ++    17883.634268  m 0.0000   678 | 1/57
 12 h-m-p  0.0000 0.0000 40192.8572 +YCCCC 17802.696337  4 0.0000   746 | 1/57
 13 h-m-p  0.0000 0.0000 5486.5858 +CCC  17773.501108  2 0.0000   811 | 0/57
 14 h-m-p  0.0000 0.0000 16313.4008 ++    17755.630839  m 0.0000   871 | 0/57
 15 h-m-p  0.0000 0.0000 4206.4670 +YCCC 17743.054317  3 0.0000   937 | 0/57
 16 h-m-p  0.0000 0.0000 5809.0664 +YC   17735.467924  1 0.0000   999 | 0/57
 17 h-m-p  0.0000 0.0000 2261.6028 ++    17726.847501  m 0.0000  1059 | 0/57
 18 h-m-p  0.0000 0.0000 1553.4322 YCYCCC 17721.814399  5 0.0000  1127 | 0/57
 19 h-m-p  0.0000 0.0000 3954.3978 +YCCC 17712.444909  3 0.0000  1193 | 0/57
 20 h-m-p  0.0000 0.0000 2462.5895 +YYCCCC 17696.398667  5 0.0000  1262 | 0/57
 21 h-m-p  0.0000 0.0000 5390.2501 +YYCCC 17660.153862  4 0.0000  1329 | 0/57
 22 h-m-p  0.0000 0.0000 5531.1420 ++    17636.833431  m 0.0000  1389 | 0/57
 23 h-m-p  0.0000 0.0000 6361.2959 ++    17592.516362  m 0.0000  1449 | 0/57
 24 h-m-p  0.0000 0.0000 7983.3876 ++    17538.981805  m 0.0000  1509 | 0/57
 25 h-m-p  0.0000 0.0001 3418.9108 ++    17481.566818  m 0.0001  1569 | 0/57
 26 h-m-p  0.0000 0.0000 5162.5056 ++    17477.762197  m 0.0000  1629 | 0/57
 27 h-m-p  0.0000 0.0000 2708.5879 
h-m-p:      3.79295024e-23      1.89647512e-22      2.70858793e+03 17477.762197
..  | 0/57
 28 h-m-p  0.0000 0.0000 12937.4115 YYCYCCC 17421.697865  6 0.0000  1755 | 0/57
 29 h-m-p  0.0000 0.0000 3159.4176 ++    17339.814374  m 0.0000  1815 | 0/57
 30 h-m-p  0.0000 0.0000 3290.9262 +YCYCCC 17320.253206  5 0.0000  1885 | 0/57
 31 h-m-p  0.0000 0.0000 3555.7801 YCCCC 17295.692445  4 0.0000  1952 | 0/57
 32 h-m-p  0.0000 0.0000 2185.5996 +YCCCC 17270.685444  4 0.0000  2020 | 0/57
 33 h-m-p  0.0000 0.0000 2663.4931 YCCCC 17253.705206  4 0.0000  2087 | 0/57
 34 h-m-p  0.0000 0.0000 2274.8846 +YYCCC 17244.263849  4 0.0000  2154 | 0/57
 35 h-m-p  0.0000 0.0001 545.8151 CCCC  17242.585525  3 0.0000  2220 | 0/57
 36 h-m-p  0.0000 0.0002 763.0572 CYC   17241.093649  2 0.0000  2283 | 0/57
 37 h-m-p  0.0000 0.0001 910.3783 YCCC  17238.158540  3 0.0000  2348 | 0/57
 38 h-m-p  0.0000 0.0001 932.8963 CCC   17235.347855  2 0.0000  2412 | 0/57
 39 h-m-p  0.0000 0.0001 1006.7381 YYC   17233.901244  2 0.0000  2474 | 0/57
 40 h-m-p  0.0000 0.0002 282.8241 YC    17233.507900  1 0.0000  2535 | 0/57
 41 h-m-p  0.0000 0.0002 225.9538 YC    17233.318541  1 0.0000  2596 | 0/57
 42 h-m-p  0.0000 0.0003 114.7799 YC    17233.246582  1 0.0000  2657 | 0/57
 43 h-m-p  0.0000 0.0007  73.2103 CC    17233.194859  1 0.0000  2719 | 0/57
 44 h-m-p  0.0000 0.0009 117.1038 +YC   17233.070576  1 0.0001  2781 | 0/57
 45 h-m-p  0.0000 0.0003 414.0126 YC    17232.816436  1 0.0000  2842 | 0/57
 46 h-m-p  0.0000 0.0003 409.9338 CC    17232.548014  1 0.0000  2904 | 0/57
 47 h-m-p  0.0000 0.0003 460.2662 CC    17232.224335  1 0.0000  2966 | 0/57
 48 h-m-p  0.0000 0.0002 817.5217 CCC   17231.762629  2 0.0000  3030 | 0/57
 49 h-m-p  0.0000 0.0003 1084.3886 CC    17231.049893  1 0.0000  3092 | 0/57
 50 h-m-p  0.0000 0.0004 1472.3351 YC    17229.660247  1 0.0001  3153 | 0/57
 51 h-m-p  0.0000 0.0002 2571.9228 CC    17227.725847  1 0.0000  3215 | 0/57
 52 h-m-p  0.0000 0.0002 3375.6571 CCC   17225.690815  2 0.0000  3279 | 0/57
 53 h-m-p  0.0000 0.0002 2188.8934 YCC   17225.030689  2 0.0000  3342 | 0/57
 54 h-m-p  0.0000 0.0002 1171.9634 YC    17224.669985  1 0.0000  3403 | 0/57
 55 h-m-p  0.0001 0.0010 206.2469 CC    17224.602234  1 0.0000  3465 | 0/57
 56 h-m-p  0.0001 0.0013  71.6068 CC    17224.582075  1 0.0000  3527 | 0/57
 57 h-m-p  0.0001 0.0040  16.0204 C     17224.578639  0 0.0000  3587 | 0/57
 58 h-m-p  0.0001 0.0132   6.7432 Y     17224.576130  0 0.0001  3647 | 0/57
 59 h-m-p  0.0001 0.0039   6.6379 CC    17224.569667  1 0.0001  3709 | 0/57
 60 h-m-p  0.0000 0.0037  14.1676 YC    17224.540956  1 0.0001  3770 | 0/57
 61 h-m-p  0.0001 0.0039  22.3147 +YC   17224.299132  1 0.0002  3832 | 0/57
 62 h-m-p  0.0001 0.0012  48.9016 +YC   17222.236968  1 0.0003  3894 | 0/57
 63 h-m-p  0.0000 0.0001 320.8968 +YCCC 17215.617744  3 0.0001  3960 | 0/57
 64 h-m-p  0.0000 0.0000 690.1709 ++    17211.536049  m 0.0000  4020 | 0/57
 65 h-m-p  0.0000 0.0001 398.7806 CCCC  17210.407916  3 0.0000  4086 | 0/57
 66 h-m-p  0.0000 0.0000 163.5232 +YC   17210.080893  1 0.0000  4148 | 0/57
 67 h-m-p  0.0000 0.0000 128.1680 ++    17210.033942  m 0.0000  4208 | 0/57
 68 h-m-p  0.0000 0.0012  44.5906 YC    17210.012813  1 0.0000  4269 | 0/57
 69 h-m-p  0.0000 0.0002  12.9825 YC    17210.009404  1 0.0000  4330 | 0/57
 70 h-m-p  0.0001 0.0090   6.9041 C     17210.005903  0 0.0001  4390 | 0/57
 71 h-m-p  0.0002 0.0388   3.7111 +C    17209.973580  0 0.0006  4451 | 0/57
 72 h-m-p  0.0000 0.0077  46.8014 +YC   17209.651403  1 0.0003  4513 | 0/57
 73 h-m-p  0.0000 0.0011 354.2522 +CC   17208.486113  1 0.0002  4576 | 0/57
 74 h-m-p  0.0001 0.0012 553.9744 YC    17207.828209  1 0.0001  4637 | 0/57
 75 h-m-p  0.0001 0.0003  97.2426 YC    17207.787173  1 0.0000  4698 | 0/57
 76 h-m-p  0.0001 0.0089  18.0812 CC    17207.781190  1 0.0000  4760 | 0/57
 77 h-m-p  0.0001 0.0134   7.0308 C     17207.780327  0 0.0000  4820 | 0/57
 78 h-m-p  0.0002 0.1190   1.1802 C     17207.779380  0 0.0003  4880 | 0/57
 79 h-m-p  0.0001 0.0358   5.0857 +C    17207.771551  0 0.0003  4941 | 0/57
 80 h-m-p  0.0001 0.0345  32.2654 +++YCC 17207.136266  2 0.0034  5007 | 0/57
 81 h-m-p  0.0000 0.0004 2889.2869 +YCC  17205.253254  2 0.0001  5071 | 0/57
 82 h-m-p  0.0002 0.0008 821.8620 YC    17205.094403  1 0.0000  5132 | 0/57
 83 h-m-p  0.0008 0.0041  27.4804 -YC   17205.089338  1 0.0000  5194 | 0/57
 84 h-m-p  0.0003 0.0186   3.9508 Y     17205.088978  0 0.0000  5254 | 0/57
 85 h-m-p  0.0004 0.2071   1.0383 C     17205.087814  0 0.0006  5314 | 0/57
 86 h-m-p  0.0003 0.1685  17.1949 +++YCC 17204.626793  2 0.0153  5380 | 0/57
 87 h-m-p  0.0001 0.0009 4008.0986 CC    17203.972924  1 0.0001  5442 | 0/57
 88 h-m-p  1.1177 5.5887   0.0744 CYCCC 17201.679673  4 1.8202  5509 | 0/57
 89 h-m-p  1.1457 5.7287   0.0790 YYC   17200.930597  2 0.9492  5628 | 0/57
 90 h-m-p  0.3356 8.0000   0.2234 +YCC  17200.731335  2 0.9582  5749 | 0/57
 91 h-m-p  1.6000 8.0000   0.0836 YC    17200.684932  1 0.9256  5867 | 0/57
 92 h-m-p  0.9790 8.0000   0.0790 CC    17200.654066  1 1.4316  5986 | 0/57
 93 h-m-p  1.1990 8.0000   0.0943 YC    17200.623493  1 2.4028  6104 | 0/57
 94 h-m-p  1.1527 8.0000   0.1967 CYCC  17200.584251  3 1.8036  6226 | 0/57
 95 h-m-p  1.2201 6.1004   0.2549 YYYY  17200.544053  3 1.1119  6346 | 0/57
 96 h-m-p  0.2722 1.3610   0.9340 YYC   17200.523642  2 0.1946  6465 | 0/57
 97 h-m-p  1.2282 7.3618   0.1480 YCC   17200.504872  2 0.7481  6585 | 0/57
 98 h-m-p  0.9905 8.0000   0.1118 C     17200.501675  0 0.3239  6702 | 0/57
 99 h-m-p  0.4183 8.0000   0.0865 YC    17200.497150  1 0.8514  6820 | 0/57
100 h-m-p  1.1019 8.0000   0.0669 YC    17200.493816  1 1.1019  6938 | 0/57
101 h-m-p  1.1827 8.0000   0.0623 C     17200.489790  0 1.1827  7055 | 0/57
102 h-m-p  0.6469 6.9697   0.1139 YC    17200.488835  1 0.3358  7173 | 0/57
103 h-m-p  0.5810 8.0000   0.0658 CYC   17200.486530  2 1.0539  7293 | 0/57
104 h-m-p  1.6000 8.0000   0.0027 C     17200.485986  0 0.4676  7410 | 0/57
105 h-m-p  0.0314 8.0000   0.0403 ++YC  17200.484926  1 1.2372  7530 | 0/57
106 h-m-p  1.5165 8.0000   0.0329 Y     17200.484516  0 0.7726  7647 | 0/57
107 h-m-p  0.9299 8.0000   0.0273 Y     17200.483950  0 0.9299  7764 | 0/57
108 h-m-p  0.4348 8.0000   0.0584 Y     17200.483614  0 0.4348  7881 | 0/57
109 h-m-p  1.6000 8.0000   0.0131 Y     17200.483349  0 1.6000  7998 | 0/57
110 h-m-p  1.6000 8.0000   0.0086 C     17200.483284  0 0.4000  8115 | 0/57
111 h-m-p  0.3526 8.0000   0.0097 +Y    17200.483015  0 2.3546  8233 | 0/57
112 h-m-p  1.1195 8.0000   0.0204 Y     17200.482911  0 0.5980  8350 | 0/57
113 h-m-p  0.7661 8.0000   0.0159 Y     17200.482730  0 1.2455  8467 | 0/57
114 h-m-p  1.6000 8.0000   0.0080 C     17200.482607  0 1.6000  8584 | 0/57
115 h-m-p  1.6000 8.0000   0.0034 Y     17200.482584  0 0.3114  8701 | 0/57
116 h-m-p  0.0466 8.0000   0.0225 ++Y   17200.482486  0 0.7455  8820 | 0/57
117 h-m-p  1.6000 8.0000   0.0030 Y     17200.482428  0 3.5835  8937 | 0/57
118 h-m-p  0.5950 8.0000   0.0179 Y     17200.482390  0 0.5950  9054 | 0/57
119 h-m-p  1.6000 8.0000   0.0049 C     17200.482366  0 0.5523  9171 | 0/57
120 h-m-p  1.4401 8.0000   0.0019 Y     17200.482340  0 3.0912  9288 | 0/57
121 h-m-p  1.0540 8.0000   0.0055 C     17200.482303  0 1.1475  9405 | 0/57
122 h-m-p  1.6000 8.0000   0.0013 C     17200.482291  0 2.3271  9522 | 0/57
123 h-m-p  0.7003 8.0000   0.0043 Y     17200.482266  0 1.5522  9639 | 0/57
124 h-m-p  1.3634 8.0000   0.0049 --C   17200.482266  0 0.0218  9758 | 0/57
125 h-m-p  0.1604 8.0000   0.0007 +C    17200.482261  0 0.9336  9876 | 0/57
126 h-m-p  0.6425 8.0000   0.0010 ++    17200.482249  m 8.0000  9993 | 0/57
127 h-m-p  1.6000 8.0000   0.0029 Y     17200.482241  0 0.7500 10110 | 0/57
128 h-m-p  1.5556 8.0000   0.0014 --Y   17200.482241  0 0.0188 10229 | 0/57
129 h-m-p  0.0402 8.0000   0.0007 ++Y   17200.482240  0 0.4841 10348 | 0/57
130 h-m-p  0.6776 8.0000   0.0005 +Y    17200.482237  0 2.1587 10466 | 0/57
131 h-m-p  1.6000 8.0000   0.0000 Y     17200.482236  0 1.1399 10583 | 0/57
132 h-m-p  0.0423 8.0000   0.0005 ++++  17200.482221  m 8.0000 10702 | 0/57
133 h-m-p  1.2011 8.0000   0.0034 -----------Y 17200.482221  0 0.0000 10830 | 0/57
134 h-m-p  0.0160 8.0000   0.0002 ++Y   17200.482220  0 0.5157 10949 | 0/57
135 h-m-p  1.6000 8.0000   0.0000 Y     17200.482220  0 3.0878 11066 | 0/57
136 h-m-p  1.6000 8.0000   0.0001 Y     17200.482220  0 0.2195 11183 | 0/57
137 h-m-p  0.2974 8.0000   0.0001 Y     17200.482220  0 0.0482 11300 | 0/57
138 h-m-p  0.0545 8.0000   0.0001 C     17200.482220  0 0.0642 11417 | 0/57
139 h-m-p  0.0678 8.0000   0.0000 -Y    17200.482220  0 0.0018 11535 | 0/57
140 h-m-p  0.0160 8.0000   0.0000 ++Y   17200.482220  0 0.5344 11654 | 0/57
141 h-m-p  0.3020 8.0000   0.0000 ---------------..  | 0/57
142 h-m-p  0.0002 0.1063   0.2476 ---Y  17200.482220  0 0.0000 11904 | 0/57
143 h-m-p  0.0009 0.4403   0.0121 -C    17200.482220  0 0.0001 12022 | 0/57
144 h-m-p  0.0054 2.6981   0.0094 -----------C 17200.482220  0 0.0000 12150 | 0/57
145 h-m-p  0.0014 0.7182   0.0499 -----------..  | 0/57
146 h-m-p  0.0007 0.3390   0.1989 ----------- | 0/57
147 h-m-p  0.0007 0.3390   0.1989 -----------
Out..
lnL  = -17200.482220
12529 lfun, 87703 eigenQcodon, 3984222 P(t)
