
 16         verbose | verbose                1.00
  8         runmode | runmode                0.00
  4         seqtype | seqtype                1.00
 14       CodonFreq | CodonFreq              1.00
 19          aaDist | aaDist                 0.00
 17           model | model                  0.00
 21         NSsites | NSsites                8.00
 23           icode | icode                  0.00
 25       fix_kappa | fix_kappa              0.00
 26           kappa | kappa                  2.00
 27       fix_omega | fix_omega              1.00
 28           omega | omega                  1.00
 29       fix_alpha | fix_alpha              1.00
 30           alpha | alpha                  0.00
 31          Malpha | Malpha                 0.00
 32           ncatG | ncatG                  5.00
 12           getSE | getSE                  0.00
 13    RateAncestor | RateAncestor           0.00
 36      Small_Diff | Small_Diff             0.00
  7       cleandata | cleandata              0.00
 37     fix_blength | fix_blength            0.00
CODONML in paml version 4.10.7, June 2023

----------------------------------------------
Phe F TTT | Ser S TCT | Tyr Y TAT | Cys C TGT
      TTC |       TCC |       TAC |       TGC
Leu L TTA |       TCA | *** * TAA | *** * TGA
      TTG |       TCG |       TAG | Trp W TGG
----------------------------------------------
Leu L CTT | Pro P CCT | His H CAT | Arg R CGT
      CTC |       CCC |       CAC |       CGC
      CTA |       CCA | Gln Q CAA |       CGA
      CTG |       CCG |       CAG |       CGG
----------------------------------------------
Ile I ATT | Thr T ACT | Asn N AAT | Ser S AGT
      ATC |       ACC |       AAC |       AGC
      ATA |       ACA | Lys K AAA | Arg R AGA
Met M ATG |       ACG |       AAG |       AGG
----------------------------------------------
Val V GTT | Ala A GCT | Asp D GAT | Gly G GGT
      GTC |       GCC |       GAC |       GGC
      GTA |       GCA | Glu E GAA |       GGA
      GTG |       GCG |       GAG |       GGG
----------------------------------------------
Nice code, uuh?


Ambiguity character definition table:

T (1): T 
C (1): C 
A (1): A 
G (1): G 
U (1): T 
Y (2): T C 
R (2): A G 
M (2): C A 
K (2): T G 
S (2): C G 
W (2): T A 
H (3): T C A 
B (3): T C G 
V (3): C A G 
D (3): T A G 
- (4): T C A G 
N (4): T C A G 
? (4): T C A G 
ns = 28  	ls = 2676
Reading sequences, sequential format..
Reading seq # 1: XM_0178374       
Reading seq # 2: XM_0330756       
Reading seq # 3: XM_0163021       
Reading seq # 4: XM_0321280       
Reading seq # 5: XM_0509803       
Reading seq # 6: XM_0400806       
Reading seq # 7: XM_0239377       
Reading seq # 8: XM_0335181       
Reading seq # 9: XM_0302859       
Reading seq #10: XM_0215373       
Reading seq #11: XM_0309586       
Reading seq #12: XM_0381527       
Reading seq #13: XM_0214132       
Reading seq #14: XM_0158779       
Reading seq #15: XM_0469282       
Reading seq #16: XM_0315921       
Reading seq #17: XM_0107204       
Reading seq #18: XM_0650339       
Reading seq #19: XM_0149400       
Reading seq #20: XM_0340680       
Reading seq #21: XM_0305016       
Reading seq #22: XM_0669791       
Reading seq #23: XM_0381872       
Reading seq #24: XM_0268594       
Reading seq #25: XM_0411257       
Reading seq #26: XM_0260401       
Reading seq #27: XM_0260765       
Reading seq #28: XM_0645224       

Sequences read..
Counting site patterns..  0:00
Compressing,    625 patterns at    892 /    892 sites (100.0%),  0:00
Collecting fpatt[] & pose[],    625 patterns at    892 /    892 sites (100.0%),  0:00
3 ambiguous codons are seen in the data:
 --- ACR GGY
Counting codons..
NG distances for seqs.:
   1
  2   1:Sites   593.0 + 1972.0 = 2565.0	Diffs   150.0 +   15.0 =  165.0   2
  3   1:Sites   593.3 + 1971.7 = 2565.0	Diffs   137.0 +   14.0 =  151.0
  3   2:Sites   616.5 + 2059.5 = 2676.0	Diffs    53.0 +    5.0 =   58.0   3
  4   1:Sites   592.2 + 1972.8 = 2565.0	Diffs   132.0 +   13.0 =  145.0
  4   2:Sites   615.4 + 2060.6 = 2676.0	Diffs    65.0 +    5.0 =   70.0
  4   3:Sites   615.7 + 2060.3 = 2676.0	Diffs    65.0 +    5.0 =   70.0   4
  5   1:Sites   593.5 + 1971.5 = 2565.0	Diffs   149.0 +   13.0 =  162.0
  5   2:Sites   616.7 + 2059.3 = 2676.0	Diffs    73.5 +    3.5 =   77.0
  5   3:Sites   617.0 + 2059.0 = 2676.0	Diffs    75.0 +    3.0 =   78.0
  5   4:Sites   615.9 + 2060.1 = 2676.0	Diffs    57.0 +    4.0 =   61.0   5
  6   1:Sites   593.6 + 1971.4 = 2565.0	Diffs   140.0 +   13.0 =  153.0
  6   2:Sites   616.8 + 2059.2 = 2676.0	Diffs    63.0 +    8.0 =   71.0
  6   3:Sites   617.1 + 2058.9 = 2676.0	Diffs    66.0 +    7.0 =   73.0
  6   4:Sites   616.1 + 2059.9 = 2676.0	Diffs    42.0 +    8.0 =   50.0
  6   5:Sites   617.3 + 2058.7 = 2676.0	Diffs    59.0 +    6.0 =   65.0   6
  7   1:Sites   593.6 + 1971.4 = 2565.0	Diffs   133.0 +   14.0 =  147.0
  7   2:Sites   616.8 + 2059.2 = 2676.0	Diffs    61.0 +    6.0 =   67.0
  7   3:Sites   617.1 + 2058.9 = 2676.0	Diffs    62.0 +    6.0 =   68.0
  7   4:Sites   616.0 + 2060.0 = 2676.0	Diffs    42.0 +    7.0 =   49.0
  7   5:Sites   617.3 + 2058.7 = 2676.0	Diffs    48.0 +    5.0 =   53.0
  7   6:Sites   617.4 + 2058.6 = 2676.0	Diffs    34.0 +    7.0 =   41.0   7
  8   1:Sites   592.9 + 1972.1 = 2565.0	Diffs   134.5 +   14.5 =  149.0
  8   2:Sites   616.1 + 2059.9 = 2676.0	Diffs    55.0 +    7.0 =   62.0
  8   3:Sites   616.4 + 2059.6 = 2676.0	Diffs    53.0 +    7.0 =   60.0
  8   4:Sites   615.3 + 2060.7 = 2676.0	Diffs    36.7 +    8.3 =   45.0
  8   5:Sites   616.6 + 2059.4 = 2676.0	Diffs    46.0 +    6.0 =   52.0
  8   6:Sites   616.7 + 2059.3 = 2676.0	Diffs    30.0 +    8.0 =   38.0
  8   7:Sites   616.7 + 2059.3 = 2676.0	Diffs    16.0 +    1.0 =   17.0   8
  9   1:Sites   594.0 + 1971.0 = 2565.0	Diffs   142.0 +   13.0 =  155.0
  9   2:Sites   616.9 + 2059.1 = 2676.0	Diffs    61.5 +    3.5 =   65.0
  9   3:Sites   617.2 + 2058.8 = 2676.0	Diffs    64.0 +    3.0 =   67.0
  9   4:Sites   616.1 + 2059.9 = 2676.0	Diffs    46.0 +    4.0 =   50.0
  9   5:Sites   617.4 + 2058.6 = 2676.0	Diffs    41.0 +    2.0 =   43.0
  9   6:Sites   617.5 + 2058.5 = 2676.0	Diffs    46.0 +    6.0 =   52.0
  9   7:Sites   617.4 + 2058.6 = 2676.0	Diffs    46.0 +    5.0 =   51.0
  9   8:Sites   616.8 + 2059.2 = 2676.0	Diffs    39.0 +    6.0 =   45.0   9
 10   1:Sites   594.0 + 1971.0 = 2565.0	Diffs   138.0 +   12.0 =  150.0
 10   2:Sites   617.2 + 2058.8 = 2676.0	Diffs    62.5 +    2.5 =   65.0
 10   3:Sites   617.5 + 2058.5 = 2676.0	Diffs    64.0 +    2.0 =   66.0
 10   4:Sites   616.4 + 2059.6 = 2676.0	Diffs    51.0 +    3.0 =   54.0
 10   5:Sites   617.7 + 2058.3 = 2676.0	Diffs    44.0 +    1.0 =   45.0
 10   6:Sites   617.8 + 2058.2 = 2676.0	Diffs    50.0 +    5.0 =   55.0
 10   7:Sites   617.8 + 2058.2 = 2676.0	Diffs    47.0 +    4.0 =   51.0
 10   8:Sites   617.1 + 2058.9 = 2676.0	Diffs    42.0 +    5.0 =   47.0
 10   9:Sites   617.8 + 2058.2 = 2676.0	Diffs    23.0 +    1.0 =   24.0  10
 11   1:Sites   593.8 + 1971.2 = 2565.0	Diffs   139.0 +   12.0 =  151.0
 11   2:Sites   617.0 + 2059.0 = 2676.0	Diffs    65.5 +    2.5 =   68.0
 11   3:Sites   617.3 + 2058.7 = 2676.0	Diffs    64.0 +    2.0 =   66.0
 11   4:Sites   616.2 + 2059.8 = 2676.0	Diffs    54.0 +    3.0 =   57.0
 11   5:Sites   617.5 + 2058.5 = 2676.0	Diffs    36.0 +    1.0 =   37.0
 11   6:Sites   617.6 + 2058.4 = 2676.0	Diffs    54.0 +    5.0 =   59.0
 11   7:Sites   617.6 + 2058.4 = 2676.0	Diffs    53.0 +    4.0 =   57.0
 11   8:Sites   616.9 + 2059.1 = 2676.0	Diffs    46.0 +    5.0 =   51.0
 11   9:Sites   617.7 + 2058.3 = 2676.0	Diffs    41.0 +    1.0 =   42.0
 11  10:Sites   618.0 + 2058.0 = 2676.0	Diffs    45.0 +    0.0 =   45.0  11
 12   1:Sites   593.4 + 1971.6 = 2565.0	Diffs   138.0 +   13.0 =  151.0
 12   2:Sites   616.6 + 2059.4 = 2676.0	Diffs    55.5 +    3.5 =   59.0
 12   3:Sites   616.9 + 2059.1 = 2676.0	Diffs    56.0 +    3.0 =   59.0
 12   4:Sites   615.8 + 2060.2 = 2676.0	Diffs    40.0 +    4.0 =   44.0
 12   5:Sites   617.1 + 2058.9 = 2676.0	Diffs    35.0 +    2.0 =   37.0
 12   6:Sites   617.2 + 2058.8 = 2676.0	Diffs    40.0 +    6.0 =   46.0
 12   7:Sites   617.2 + 2058.8 = 2676.0	Diffs    37.0 +    5.0 =   42.0
 12   8:Sites   616.5 + 2059.5 = 2676.0	Diffs    32.0 +    6.0 =   38.0
 12   9:Sites   617.2 + 2058.8 = 2676.0	Diffs    28.0 +    2.0 =   30.0
 12  10:Sites   617.6 + 2058.4 = 2676.0	Diffs    27.0 +    1.0 =   28.0
 12  11:Sites   617.4 + 2058.6 = 2676.0	Diffs    30.0 +    1.0 =   31.0  12
 13   1:Sites   590.6 + 1974.4 = 2565.0	Diffs   245.5 +   21.5 =  267.0
 13   2:Sites   613.9 + 2062.1 = 2676.0	Diffs   252.0 +   25.0 =  277.0
 13   3:Sites   614.2 + 2061.8 = 2676.0	Diffs   259.5 +   23.5 =  283.0
 13   4:Sites   613.1 + 2062.9 = 2676.0	Diffs   242.7 +   22.3 =  265.0
 13   5:Sites   614.4 + 2061.6 = 2676.0	Diffs   250.8 +   22.2 =  273.0
 13   6:Sites   614.5 + 2061.5 = 2676.0	Diffs   254.5 +   21.5 =  276.0
 13   7:Sites   614.5 + 2061.5 = 2676.0	Diffs   244.0 +   22.0 =  266.0
 13   8:Sites   613.8 + 2062.2 = 2676.0	Diffs   244.5 +   23.5 =  268.0
 13   9:Sites   614.6 + 2061.4 = 2676.0	Diffs   252.0 +   22.0 =  274.0
 13  10:Sites   614.9 + 2061.1 = 2676.0	Diffs   257.0 +   21.0 =  278.0
 13  11:Sites   614.7 + 2061.3 = 2676.0	Diffs   254.0 +   21.0 =  275.0
 13  12:Sites   614.3 + 2061.7 = 2676.0	Diffs   252.0 +   22.0 =  274.0  13
 14   1:Sites   591.9 + 1973.1 = 2565.0	Diffs   253.8 +   29.2 =  283.0
 14   2:Sites   615.2 + 2060.8 = 2676.0	Diffs   266.5 +   27.5 =  294.0
 14   3:Sites   615.5 + 2060.5 = 2676.0	Diffs   268.5 +   26.5 =  295.0
 14   4:Sites   614.4 + 2061.6 = 2676.0	Diffs   259.7 +   25.3 =  285.0
 14   5:Sites   615.7 + 2060.3 = 2676.0	Diffs   259.0 +   25.0 =  284.0
 14   6:Sites   615.8 + 2060.2 = 2676.0	Diffs   262.5 +   27.5 =  290.0
 14   7:Sites   615.8 + 2060.2 = 2676.0	Diffs   255.0 +   25.0 =  280.0
 14   8:Sites   615.1 + 2060.9 = 2676.0	Diffs   254.0 +   25.0 =  279.0
 14   9:Sites   615.9 + 2060.1 = 2676.0	Diffs   265.0 +   25.0 =  290.0
 14  10:Sites   616.2 + 2059.8 = 2676.0	Diffs   267.0 +   24.0 =  291.0
 14  11:Sites   616.0 + 2060.0 = 2676.0	Diffs   260.0 +   24.0 =  284.0
 14  12:Sites   615.6 + 2060.4 = 2676.0	Diffs   259.0 +   25.0 =  284.0
 14  13:Sites   612.9 + 2063.1 = 2676.0	Diffs   113.0 +   20.0 =  133.0  14
 15   1:Sites   590.5 + 1974.5 = 2565.0	Diffs   261.5 +   20.5 =  282.0
 15   2:Sites   613.7 + 2062.3 = 2676.0	Diffs   271.0 +   21.0 =  292.0
 15   3:Sites   614.0 + 2062.0 = 2676.0	Diffs   283.0 +   19.0 =  302.0
 15   4:Sites   613.0 + 2063.0 = 2676.0	Diffs   261.2 +   17.8 =  279.0
 15   5:Sites   614.2 + 2061.8 = 2676.0	Diffs   269.5 +   17.5 =  287.0
 15   6:Sites   614.4 + 2061.6 = 2676.0	Diffs   274.0 +   19.0 =  293.0
 15   7:Sites   614.3 + 2061.7 = 2676.0	Diffs   267.5 +   17.5 =  285.0
 15   8:Sites   613.6 + 2062.4 = 2676.0	Diffs   267.0 +   17.0 =  284.0
 15   9:Sites   614.4 + 2061.6 = 2676.0	Diffs   270.5 +   17.5 =  288.0
 15  10:Sites   614.7 + 2061.3 = 2676.0	Diffs   269.5 +   16.5 =  286.0
 15  11:Sites   614.5 + 2061.5 = 2676.0	Diffs   267.5 +   16.5 =  284.0
 15  12:Sites   614.1 + 2061.9 = 2676.0	Diffs   266.5 +   17.5 =  284.0
 15  13:Sites   611.4 + 2064.6 = 2676.0	Diffs    96.0 +   10.0 =  106.0
 15  14:Sites   612.7 + 2063.3 = 2676.0	Diffs    87.0 +   12.0 =   99.0  15
 16   1:Sites   589.2 + 1975.8 = 2565.0	Diffs   271.0 +   27.0 =  298.0
 16   2:Sites   612.4 + 2063.6 = 2676.0	Diffs   273.5 +   27.5 =  301.0
 16   3:Sites   612.7 + 2063.3 = 2676.0	Diffs   282.5 +   25.5 =  308.0
 16   4:Sites   611.7 + 2064.3 = 2676.0	Diffs   263.7 +   24.3 =  288.0
 16   5:Sites   612.9 + 2063.1 = 2676.0	Diffs   268.0 +   24.0 =  292.0
 16   6:Sites   613.1 + 2062.9 = 2676.0	Diffs   278.5 +   25.5 =  304.0
 16   7:Sites   613.0 + 2063.0 = 2676.0	Diffs   270.0 +   24.0 =  294.0
 16   8:Sites   612.3 + 2063.7 = 2676.0	Diffs   269.5 +   23.5 =  293.0
 16   9:Sites   613.1 + 2062.9 = 2676.0	Diffs   275.0 +   24.0 =  299.0
 16  10:Sites   613.4 + 2062.6 = 2676.0	Diffs   272.0 +   23.0 =  295.0
 16  11:Sites   613.2 + 2062.8 = 2676.0	Diffs   271.0 +   23.0 =  294.0
 16  12:Sites   612.8 + 2063.2 = 2676.0	Diffs   269.0 +   24.0 =  293.0
 16  13:Sites   610.1 + 2065.9 = 2676.0	Diffs    86.0 +   14.0 =  100.0
 16  14:Sites   611.4 + 2064.6 = 2676.0	Diffs    87.0 +   18.0 =  105.0
 16  15:Sites   610.0 + 2066.0 = 2676.0	Diffs    48.0 +    8.0 =   56.0  16
 17   1:Sites   589.4 + 1975.6 = 2565.0	Diffs   265.0 +   26.0 =  291.0
 17   2:Sites   612.6 + 2063.4 = 2676.0	Diffs   268.5 +   26.5 =  295.0
 17   3:Sites   612.9 + 2063.1 = 2676.0	Diffs   277.5 +   24.5 =  302.0
 17   4:Sites   611.9 + 2064.1 = 2676.0	Diffs   256.7 +   23.3 =  280.0
 17   5:Sites   613.1 + 2062.9 = 2676.0	Diffs   265.0 +   23.0 =  288.0
 17   6:Sites   613.2 + 2062.8 = 2676.0	Diffs   273.5 +   24.5 =  298.0
 17   7:Sites   613.2 + 2062.8 = 2676.0	Diffs   267.0 +   23.0 =  290.0
 17   8:Sites   612.5 + 2063.5 = 2676.0	Diffs   264.5 +   22.5 =  287.0
 17   9:Sites   613.3 + 2062.7 = 2676.0	Diffs   272.0 +   23.0 =  295.0
 17  10:Sites   613.6 + 2062.4 = 2676.0	Diffs   269.0 +   22.0 =  291.0
 17  11:Sites   613.4 + 2062.6 = 2676.0	Diffs   266.0 +   22.0 =  288.0
 17  12:Sites   613.0 + 2063.0 = 2676.0	Diffs   266.0 +   23.0 =  289.0
 17  13:Sites   610.3 + 2065.7 = 2676.0	Diffs    85.0 +   13.0 =   98.0
 17  14:Sites   611.6 + 2064.4 = 2676.0	Diffs    96.5 +   19.5 =  116.0
 17  15:Sites   610.1 + 2065.9 = 2676.0	Diffs    61.0 +    9.0 =   70.0
 17  16:Sites   608.8 + 2067.2 = 2676.0	Diffs    36.0 +    5.0 =   41.0  17
 18   1:Sites   592.0 + 1973.0 = 2565.0	Diffs   206.5 +   22.5 =  229.0
 18   2:Sites   615.4 + 2060.6 = 2676.0	Diffs   235.5 +   21.5 =  257.0
 18   3:Sites   615.7 + 2060.3 = 2676.0	Diffs   229.0 +   20.0 =  249.0
 18   4:Sites   614.7 + 2061.3 = 2676.0	Diffs   224.0 +   18.0 =  242.0
 18   5:Sites   615.9 + 2060.1 = 2676.0	Diffs   232.0 +   18.0 =  250.0
 18   6:Sites   616.0 + 2060.0 = 2676.0	Diffs   230.0 +   19.0 =  249.0
 18   7:Sites   616.0 + 2060.0 = 2676.0	Diffs   220.0 +   19.0 =  239.0
 18   8:Sites   615.3 + 2060.7 = 2676.0	Diffs   220.0 +   20.0 =  240.0
 18   9:Sites   616.1 + 2059.9 = 2676.0	Diffs   225.0 +   18.0 =  243.0
 18  10:Sites   616.4 + 2059.6 = 2676.0	Diffs   225.0 +   17.0 =  242.0
 18  11:Sites   616.2 + 2059.8 = 2676.0	Diffs   231.0 +   17.0 =  248.0
 18  12:Sites   615.8 + 2060.2 = 2676.0	Diffs   216.0 +   18.0 =  234.0
 18  13:Sites   613.1 + 2062.9 = 2676.0	Diffs   202.0 +   18.0 =  220.0
 18  14:Sites   614.4 + 2061.6 = 2676.0	Diffs   219.0 +   22.0 =  241.0
 18  15:Sites   612.9 + 2063.1 = 2676.0	Diffs   215.5 +   14.5 =  230.0
 18  16:Sites   611.6 + 2064.4 = 2676.0	Diffs   219.5 +   20.5 =  240.0
 18  17:Sites   611.8 + 2064.2 = 2676.0	Diffs   225.5 +   18.5 =  244.0  18
 19   1:Sites   593.2 + 1971.8 = 2565.0	Diffs   203.7 +   17.3 =  221.0
 19   2:Sites   616.6 + 2059.4 = 2676.0	Diffs   222.5 +   17.5 =  240.0
 19   3:Sites   616.9 + 2059.1 = 2676.0	Diffs   215.0 +   16.0 =  231.0
 19   4:Sites   615.8 + 2060.2 = 2676.0	Diffs   207.2 +   15.8 =  223.0
 19   5:Sites   617.1 + 2058.9 = 2676.0	Diffs   212.0 +   15.0 =  227.0
 19   6:Sites   617.2 + 2058.8 = 2676.0	Diffs   212.0 +   15.0 =  227.0
 19   7:Sites   617.2 + 2058.8 = 2676.0	Diffs   206.0 +   16.0 =  222.0
 19   8:Sites   616.5 + 2059.5 = 2676.0	Diffs   205.0 +   17.0 =  222.0
 19   9:Sites   617.2 + 2058.8 = 2676.0	Diffs   208.0 +   15.0 =  223.0
 19  10:Sites   617.6 + 2058.4 = 2676.0	Diffs   208.0 +   14.0 =  222.0
 19  11:Sites   617.4 + 2058.6 = 2676.0	Diffs   207.0 +   14.0 =  221.0
 19  12:Sites   617.0 + 2059.0 = 2676.0	Diffs   205.0 +   15.0 =  220.0
 19  13:Sites   614.3 + 2061.7 = 2676.0	Diffs   197.0 +   13.0 =  210.0
 19  14:Sites   615.6 + 2060.4 = 2676.0	Diffs   222.5 +   22.5 =  245.0
 19  15:Sites   614.1 + 2061.9 = 2676.0	Diffs   234.0 +   12.0 =  246.0
 19  16:Sites   612.8 + 2063.2 = 2676.0	Diffs   231.0 +   16.0 =  247.0
 19  17:Sites   613.0 + 2063.0 = 2676.0	Diffs   229.0 +   15.0 =  244.0
 19  18:Sites   615.8 + 2060.2 = 2676.0	Diffs   198.0 +   15.0 =  213.0  19
 20   1:Sites   589.5 + 1975.5 = 2565.0	Diffs   254.5 +   26.5 =  281.0
 20   2:Sites   613.2 + 2062.8 = 2676.0	Diffs   260.0 +   24.0 =  284.0
 20   3:Sites   613.5 + 2062.5 = 2676.0	Diffs   263.5 +   22.5 =  286.0
 20   4:Sites   612.5 + 2063.5 = 2676.0	Diffs   248.5 +   22.5 =  271.0
 20   5:Sites   613.7 + 2062.3 = 2676.0	Diffs   255.5 +   21.5 =  277.0
 20   6:Sites   613.8 + 2062.2 = 2676.0	Diffs   258.5 +   25.5 =  284.0
 20   7:Sites   613.8 + 2062.2 = 2676.0	Diffs   245.5 +   24.5 =  270.0
 20   8:Sites   613.1 + 2062.9 = 2676.0	Diffs   248.5 +   25.5 =  274.0
 20   9:Sites   613.9 + 2062.1 = 2676.0	Diffs   261.5 +   21.5 =  283.0
 20  10:Sites   614.2 + 2061.8 = 2676.0	Diffs   260.5 +   20.5 =  281.0
 20  11:Sites   614.0 + 2062.0 = 2676.0	Diffs   251.5 +   20.5 =  272.0
 20  12:Sites   613.6 + 2062.4 = 2676.0	Diffs   256.5 +   21.5 =  278.0
 20  13:Sites   610.9 + 2065.1 = 2676.0	Diffs   181.5 +   25.5 =  207.0
 20  14:Sites   612.2 + 2063.8 = 2676.0	Diffs   197.0 +   28.0 =  225.0
 20  15:Sites   610.7 + 2065.3 = 2676.0	Diffs   180.5 +   20.5 =  201.0
 20  16:Sites   609.4 + 2066.6 = 2676.0	Diffs   173.5 +   24.5 =  198.0
 20  17:Sites   609.6 + 2066.4 = 2676.0	Diffs   185.5 +   21.5 =  207.0
 20  18:Sites   612.4 + 2063.6 = 2676.0	Diffs   196.0 +   24.0 =  220.0
 20  19:Sites   613.6 + 2062.4 = 2676.0	Diffs   219.0 +   18.0 =  237.0  20
 21   1:Sites   589.9 + 1975.1 = 2565.0	Diffs   230.5 +   23.5 =  254.0
 21   2:Sites   613.4 + 2062.6 = 2676.0	Diffs   240.5 +   19.5 =  260.0
 21   3:Sites   613.7 + 2062.3 = 2676.0	Diffs   243.0 +   18.0 =  261.0
 21   4:Sites   612.6 + 2063.4 = 2676.0	Diffs   222.0 +   18.0 =  240.0
 21   5:Sites   613.9 + 2062.1 = 2676.0	Diffs   233.0 +   17.0 =  250.0
 21   6:Sites   614.0 + 2062.0 = 2676.0	Diffs   231.0 +   21.0 =  252.0
 21   7:Sites   614.0 + 2062.0 = 2676.0	Diffs   224.0 +   20.0 =  244.0
 21   8:Sites   613.3 + 2062.7 = 2676.0	Diffs   226.0 +   21.0 =  247.0
 21   9:Sites   614.1 + 2061.9 = 2676.0	Diffs   239.0 +   17.0 =  256.0
 21  10:Sites   614.4 + 2061.6 = 2676.0	Diffs   237.0 +   16.0 =  253.0
 21  11:Sites   614.2 + 2061.8 = 2676.0	Diffs   230.0 +   16.0 =  246.0
 21  12:Sites   613.8 + 2062.2 = 2676.0	Diffs   230.0 +   17.0 =  247.0
 21  13:Sites   611.1 + 2064.9 = 2676.0	Diffs   169.5 +   22.5 =  192.0
 21  14:Sites   612.4 + 2063.6 = 2676.0	Diffs   186.0 +   26.0 =  212.0
 21  15:Sites   610.9 + 2065.1 = 2676.0	Diffs   179.5 +   16.5 =  196.0
 21  16:Sites   609.6 + 2066.4 = 2676.0	Diffs   164.5 +   20.5 =  185.0
 21  17:Sites   609.8 + 2066.2 = 2676.0	Diffs   174.5 +   17.5 =  192.0
 21  18:Sites   612.6 + 2063.4 = 2676.0	Diffs   180.0 +   19.0 =  199.0
 21  19:Sites   613.8 + 2062.2 = 2676.0	Diffs   201.0 +   15.0 =  216.0
 21  20:Sites   610.4 + 2065.6 = 2676.0	Diffs    54.0 +    6.0 =   60.0  21
 22   1:Sites   590.7 + 1974.3 = 2565.0	Diffs   257.5 +   16.5 =  274.0
 22   2:Sites   613.8 + 2062.2 = 2676.0	Diffs   273.5 +   14.5 =  288.0
 22   3:Sites   614.0 + 2062.0 = 2676.0	Diffs   285.0 +   13.0 =  298.0
 22   4:Sites   613.0 + 2063.0 = 2676.0	Diffs   264.2 +   11.8 =  276.0
 22   5:Sites   614.3 + 2061.7 = 2676.0	Diffs   271.0 +   11.0 =  282.0
 22   6:Sites   614.4 + 2061.6 = 2676.0	Diffs   274.0 +   13.0 =  287.0
 22   7:Sites   614.3 + 2061.7 = 2676.0	Diffs   268.0 +   12.0 =  280.0
 22   8:Sites   613.6 + 2062.4 = 2676.0	Diffs   268.0 +   13.0 =  281.0
 22   9:Sites   614.4 + 2061.6 = 2676.0	Diffs   269.5 +   12.5 =  282.0
 22  10:Sites   614.7 + 2061.3 = 2676.0	Diffs   276.0 +   10.0 =  286.0
 22  11:Sites   614.6 + 2061.4 = 2676.0	Diffs   274.0 +   10.0 =  284.0
 22  12:Sites   614.1 + 2061.9 = 2676.0	Diffs   270.0 +   11.0 =  281.0
 22  13:Sites   611.5 + 2064.5 = 2676.0	Diffs   127.0 +   13.0 =  140.0
 22  14:Sites   612.8 + 2063.2 = 2676.0	Diffs   148.5 +   16.5 =  165.0
 22  15:Sites   611.3 + 2064.7 = 2676.0	Diffs   129.0 +    7.0 =  136.0
 22  16:Sites   610.0 + 2066.0 = 2676.0	Diffs   127.0 +   11.0 =  138.0
 22  17:Sites   610.2 + 2065.8 = 2676.0	Diffs   139.0 +   12.0 =  151.0
 22  18:Sites   613.0 + 2063.0 = 2676.0	Diffs   195.0 +   11.0 =  206.0
 22  19:Sites   614.1 + 2061.9 = 2676.0	Diffs   216.0 +    7.0 =  223.0
 22  20:Sites   610.8 + 2065.2 = 2676.0	Diffs   149.5 +   14.5 =  164.0
 22  21:Sites   611.0 + 2065.0 = 2676.0	Diffs   140.5 +    9.5 =  150.0  22
 23   1:Sites   590.4 + 1974.6 = 2565.0	Diffs   258.5 +   16.5 =  275.0
 23   2:Sites   613.4 + 2062.6 = 2676.0	Diffs   272.5 +   14.5 =  287.0
 23   3:Sites   613.7 + 2062.3 = 2676.0	Diffs   281.0 +   13.0 =  294.0
 23   4:Sites   612.7 + 2063.3 = 2676.0	Diffs   261.2 +   11.8 =  273.0
 23   5:Sites   613.9 + 2062.1 = 2676.0	Diffs   266.0 +   11.0 =  277.0
 23   6:Sites   614.0 + 2062.0 = 2676.0	Diffs   271.0 +   13.0 =  284.0
 23   7:Sites   614.0 + 2062.0 = 2676.0	Diffs   263.0 +   12.0 =  275.0
 23   8:Sites   613.3 + 2062.7 = 2676.0	Diffs   265.0 +   13.0 =  278.0
 23   9:Sites   614.1 + 2061.9 = 2676.0	Diffs   266.5 +   12.5 =  279.0
 23  10:Sites   614.4 + 2061.6 = 2676.0	Diffs   273.0 +   10.0 =  283.0
 23  11:Sites   614.2 + 2061.8 = 2676.0	Diffs   273.0 +   10.0 =  283.0
 23  12:Sites   613.8 + 2062.2 = 2676.0	Diffs   267.0 +   11.0 =  278.0
 23  13:Sites   611.1 + 2064.9 = 2676.0	Diffs   126.0 +   15.0 =  141.0
 23  14:Sites   612.4 + 2063.6 = 2676.0	Diffs   152.5 +   18.5 =  171.0
 23  15:Sites   610.9 + 2065.1 = 2676.0	Diffs   137.0 +    9.0 =  146.0
 23  16:Sites   609.6 + 2066.4 = 2676.0	Diffs   135.0 +   13.0 =  148.0
 23  17:Sites   609.8 + 2066.2 = 2676.0	Diffs   144.0 +   14.0 =  158.0
 23  18:Sites   612.6 + 2063.4 = 2676.0	Diffs   199.0 +   13.0 =  212.0
 23  19:Sites   613.8 + 2062.2 = 2676.0	Diffs   205.5 +    9.5 =  215.0
 23  20:Sites   610.4 + 2065.6 = 2676.0	Diffs   154.5 +   16.5 =  171.0
 23  21:Sites   610.6 + 2065.4 = 2676.0	Diffs   137.5 +   11.5 =  149.0
 23  22:Sites   611.0 + 2065.0 = 2676.0	Diffs    25.0 +    2.0 =   27.0  23
 24   1:Sites   590.8 + 1974.2 = 2565.0	Diffs   284.5 +   18.5 =  303.0
 24   2:Sites   614.0 + 2062.0 = 2676.0	Diffs   280.5 +   14.5 =  295.0
 24   3:Sites   614.3 + 2061.7 = 2676.0	Diffs   295.0 +   13.0 =  308.0
 24   4:Sites   613.2 + 2062.8 = 2676.0	Diffs   275.5 +   12.5 =  288.0
 24   5:Sites   614.5 + 2061.5 = 2676.0	Diffs   274.0 +   12.0 =  286.0
 24   6:Sites   614.6 + 2061.4 = 2676.0	Diffs   281.0 +   16.0 =  297.0
 24   7:Sites   614.6 + 2061.4 = 2676.0	Diffs   272.0 +   15.0 =  287.0
 24   8:Sites   613.9 + 2062.1 = 2676.0	Diffs   277.5 +   15.5 =  293.0
 24   9:Sites   614.7 + 2061.3 = 2676.0	Diffs   280.0 +   12.0 =  292.0
 24  10:Sites   615.0 + 2061.0 = 2676.0	Diffs   283.0 +   11.0 =  294.0
 24  11:Sites   614.8 + 2061.2 = 2676.0	Diffs   274.0 +   11.0 =  285.0
 24  12:Sites   614.4 + 2061.6 = 2676.0	Diffs   279.0 +   12.0 =  291.0
 24  13:Sites   611.7 + 2064.3 = 2676.0	Diffs   149.5 +   15.5 =  165.0
 24  14:Sites   613.0 + 2063.0 = 2676.0	Diffs   170.3 +   18.7 =  189.0
 24  15:Sites   611.5 + 2064.5 = 2676.0	Diffs   152.0 +   11.0 =  163.0
 24  16:Sites   610.2 + 2065.8 = 2676.0	Diffs   149.0 +   15.0 =  164.0
 24  17:Sites   610.4 + 2065.6 = 2676.0	Diffs   168.0 +   14.0 =  182.0
 24  18:Sites   613.2 + 2062.8 = 2676.0	Diffs   208.0 +   14.0 =  222.0
 24  19:Sites   614.4 + 2061.6 = 2676.0	Diffs   230.0 +    9.0 =  239.0
 24  20:Sites   611.0 + 2065.0 = 2676.0	Diffs   135.8 +   15.2 =  151.0
 24  21:Sites   611.2 + 2064.8 = 2676.0	Diffs   129.8 +   11.2 =  141.0
 24  22:Sites   611.5 + 2064.5 = 2676.0	Diffs   105.8 +    6.2 =  112.0
 24  23:Sites   611.2 + 2064.8 = 2676.0	Diffs   108.8 +    8.2 =  117.0  24
 25   1:Sites   589.6 + 1975.4 = 2565.0	Diffs   282.5 +   20.5 =  303.0
 25   2:Sites   612.9 + 2063.1 = 2676.0	Diffs   283.0 +   16.0 =  299.0
 25   3:Sites   613.1 + 2062.9 = 2676.0	Diffs   293.5 +   14.5 =  308.0
 25   4:Sites   612.1 + 2063.9 = 2676.0	Diffs   267.5 +   14.5 =  282.0
 25   5:Sites   613.4 + 2062.6 = 2676.0	Diffs   280.5 +   13.5 =  294.0
 25   6:Sites   613.5 + 2062.5 = 2676.0	Diffs   277.5 +   17.5 =  295.0
 25   7:Sites   613.4 + 2062.6 = 2676.0	Diffs   269.5 +   16.5 =  286.0
 25   8:Sites   612.7 + 2063.3 = 2676.0	Diffs   271.5 +   15.5 =  287.0
 25   9:Sites   613.5 + 2062.5 = 2676.0	Diffs   279.5 +   13.5 =  293.0
 25  10:Sites   613.8 + 2062.2 = 2676.0	Diffs   279.5 +   12.5 =  292.0
 25  11:Sites   613.7 + 2062.3 = 2676.0	Diffs   276.5 +   12.5 =  289.0
 25  12:Sites   613.2 + 2062.8 = 2676.0	Diffs   275.5 +   13.5 =  289.0
 25  13:Sites   610.6 + 2065.4 = 2676.0	Diffs   151.5 +   16.5 =  168.0
 25  14:Sites   611.9 + 2064.1 = 2676.0	Diffs   174.5 +   17.5 =  192.0
 25  15:Sites   610.4 + 2065.6 = 2676.0	Diffs   145.5 +    8.5 =  154.0
 25  16:Sites   609.1 + 2066.9 = 2676.0	Diffs   141.5 +   12.5 =  154.0
 25  17:Sites   609.3 + 2066.7 = 2676.0	Diffs   163.5 +   13.5 =  177.0
 25  18:Sites   612.1 + 2063.9 = 2676.0	Diffs   200.5 +   15.5 =  216.0
 25  19:Sites   613.2 + 2062.8 = 2676.0	Diffs   217.0 +   10.0 =  227.0
 25  20:Sites   609.9 + 2066.1 = 2676.0	Diffs   117.5 +   15.5 =  133.0
 25  21:Sites   610.1 + 2065.9 = 2676.0	Diffs   105.5 +   11.5 =  117.0
 25  22:Sites   610.4 + 2065.6 = 2676.0	Diffs    95.0 +    5.0 =  100.0
 25  23:Sites   610.1 + 2065.9 = 2676.0	Diffs   104.0 +    7.0 =  111.0
 25  24:Sites   610.6 + 2065.4 = 2676.0	Diffs    60.3 +    6.7 =   67.0  25
 26   1:Sites   587.5 + 1971.5 = 2559.0	Diffs   294.7 +   30.3 =  325.0
 26   2:Sites   610.6 + 2059.4 = 2670.0	Diffs   298.7 +   29.3 =  328.0
 26   3:Sites   610.9 + 2059.1 = 2670.0	Diffs   308.2 +   27.8 =  336.0
 26   4:Sites   609.9 + 2060.1 = 2670.0	Diffs   295.3 +   28.7 =  324.0
 26   5:Sites   611.1 + 2058.9 = 2670.0	Diffs   299.2 +   27.8 =  327.0
 26   6:Sites   611.2 + 2058.8 = 2670.0	Diffs   299.2 +   29.8 =  329.0
 26   7:Sites   611.2 + 2058.8 = 2670.0	Diffs   295.2 +   27.8 =  323.0
 26   8:Sites   610.5 + 2059.5 = 2670.0	Diffs   295.2 +   27.8 =  323.0
 26   9:Sites   611.3 + 2058.7 = 2670.0	Diffs   297.2 +   27.8 =  325.0
 26  10:Sites   611.6 + 2058.4 = 2670.0	Diffs   303.2 +   26.8 =  330.0
 26  11:Sites   611.4 + 2058.6 = 2670.0	Diffs   302.2 +   26.8 =  329.0
 26  12:Sites   611.0 + 2059.0 = 2670.0	Diffs   299.2 +   26.8 =  326.0
 26  13:Sites   608.3 + 2061.7 = 2670.0	Diffs   199.5 +   23.5 =  223.0
 26  14:Sites   609.6 + 2060.4 = 2670.0	Diffs   214.0 +   29.0 =  243.0
 26  15:Sites   608.1 + 2061.9 = 2670.0	Diffs   208.5 +   18.5 =  227.0
 26  16:Sites   606.8 + 2063.2 = 2670.0	Diffs   201.5 +   22.5 =  224.0
 26  17:Sites   607.0 + 2063.0 = 2670.0	Diffs   225.5 +   23.5 =  249.0
 26  18:Sites   609.8 + 2060.2 = 2670.0	Diffs   246.2 +   24.8 =  271.0
 26  19:Sites   611.0 + 2059.0 = 2670.0	Diffs   244.7 +   22.3 =  267.0
 26  20:Sites   607.6 + 2062.4 = 2670.0	Diffs   204.0 +   29.0 =  233.0
 26  21:Sites   607.8 + 2062.2 = 2670.0	Diffs   197.0 +   26.0 =  223.0
 26  22:Sites   608.2 + 2061.8 = 2670.0	Diffs   175.5 +   16.5 =  192.0
 26  23:Sites   607.8 + 2062.2 = 2670.0	Diffs   177.0 +   19.0 =  196.0
 26  24:Sites   608.4 + 2061.6 = 2670.0	Diffs   178.5 +   17.5 =  196.0
 26  25:Sites   607.3 + 2062.7 = 2670.0	Diffs   159.5 +   15.5 =  175.0  26
 27   1:Sites   588.5 + 1976.5 = 2565.0	Diffs   310.5 +   26.5 =  337.0
 27   2:Sites   611.8 + 2064.2 = 2676.0	Diffs   316.5 +   23.5 =  340.0
 27   3:Sites   612.1 + 2063.9 = 2676.0	Diffs   326.0 +   22.0 =  348.0
 27   4:Sites   611.0 + 2065.0 = 2676.0	Diffs   308.0 +   21.0 =  329.0
 27   5:Sites   612.3 + 2063.7 = 2676.0	Diffs   313.0 +   20.0 =  333.0
 27   6:Sites   612.4 + 2063.6 = 2676.0	Diffs   317.0 +   24.0 =  341.0
 27   7:Sites   612.4 + 2063.6 = 2676.0	Diffs   310.0 +   22.0 =  332.0
 27   8:Sites   611.7 + 2064.3 = 2676.0	Diffs   312.0 +   24.0 =  336.0
 27   9:Sites   612.5 + 2063.5 = 2676.0	Diffs   314.0 +   20.0 =  334.0
 27  10:Sites   612.8 + 2063.2 = 2676.0	Diffs   319.0 +   19.0 =  338.0
 27  11:Sites   612.6 + 2063.4 = 2676.0	Diffs   316.0 +   19.0 =  335.0
 27  12:Sites   612.2 + 2063.8 = 2676.0	Diffs   312.0 +   20.0 =  332.0
 27  13:Sites   609.5 + 2066.5 = 2676.0	Diffs   184.5 +   19.5 =  204.0
 27  14:Sites   610.8 + 2065.2 = 2676.0	Diffs   198.0 +   23.0 =  221.0
 27  15:Sites   609.3 + 2066.7 = 2676.0	Diffs   178.5 +   13.5 =  192.0
 27  16:Sites   608.0 + 2068.0 = 2676.0	Diffs   174.5 +   17.5 =  192.0
 27  17:Sites   608.2 + 2067.8 = 2676.0	Diffs   195.0 +   19.0 =  214.0
 27  18:Sites   611.0 + 2065.0 = 2676.0	Diffs   241.5 +   19.5 =  261.0
 27  19:Sites   612.2 + 2063.8 = 2676.0	Diffs   250.5 +   16.5 =  267.0
 27  20:Sites   608.8 + 2067.2 = 2676.0	Diffs   165.0 +   21.0 =  186.0
 27  21:Sites   609.0 + 2067.0 = 2676.0	Diffs   158.0 +   17.0 =  175.0
 27  22:Sites   609.3 + 2066.7 = 2676.0	Diffs   130.0 +    9.0 =  139.0
 27  23:Sites   609.0 + 2067.0 = 2676.0	Diffs   141.0 +   11.0 =  152.0
 27  24:Sites   609.6 + 2066.4 = 2676.0	Diffs   121.0 +   11.0 =  132.0
 27  25:Sites   608.4 + 2067.6 = 2676.0	Diffs    94.0 +    8.0 =  102.0
 27  26:Sites   606.2 + 2063.8 = 2670.0	Diffs   132.0 +   15.0 =  147.0  27
 28   1:Sites   588.6 + 1976.4 = 2565.0	Diffs   307.5 +   27.5 =  335.0
 28   2:Sites   611.8 + 2064.2 = 2676.0	Diffs   314.0 +   24.0 =  338.0
 28   3:Sites   612.1 + 2063.9 = 2676.0	Diffs   328.5 +   22.5 =  351.0
 28   4:Sites   611.1 + 2064.9 = 2676.0	Diffs   307.5 +   21.5 =  329.0
 28   5:Sites   612.3 + 2063.7 = 2676.0	Diffs   308.5 +   20.5 =  329.0
 28   6:Sites   612.5 + 2063.5 = 2676.0	Diffs   317.5 +   22.5 =  340.0
 28   7:Sites   612.4 + 2063.6 = 2676.0	Diffs   307.5 +   20.5 =  328.0
 28   8:Sites   611.7 + 2064.3 = 2676.0	Diffs   311.5 +   22.5 =  334.0
 28   9:Sites   612.5 + 2063.5 = 2676.0	Diffs   310.5 +   20.5 =  331.0
 28  10:Sites   612.8 + 2063.2 = 2676.0	Diffs   313.5 +   19.5 =  333.0
 28  11:Sites   612.6 + 2063.4 = 2676.0	Diffs   316.5 +   19.5 =  336.0
 28  12:Sites   612.2 + 2063.8 = 2676.0	Diffs   311.5 +   20.5 =  332.0
 28  13:Sites   609.5 + 2066.5 = 2676.0	Diffs   177.0 +   21.0 =  198.0
 28  14:Sites   610.8 + 2065.2 = 2676.0	Diffs   193.5 +   24.5 =  218.0
 28  15:Sites   609.3 + 2066.7 = 2676.0	Diffs   172.0 +   15.0 =  187.0
 28  16:Sites   608.0 + 2068.0 = 2676.0	Diffs   168.0 +   19.0 =  187.0
 28  17:Sites   608.2 + 2067.8 = 2676.0	Diffs   189.0 +   20.0 =  209.0
 28  18:Sites   611.0 + 2065.0 = 2676.0	Diffs   233.5 +   18.5 =  252.0
 28  19:Sites   612.2 + 2063.8 = 2676.0	Diffs   256.0 +   16.0 =  272.0
 28  20:Sites   608.8 + 2067.2 = 2676.0	Diffs   166.5 +   21.5 =  188.0
 28  21:Sites   609.0 + 2067.0 = 2676.0	Diffs   159.5 +   17.5 =  177.0
 28  22:Sites   609.4 + 2066.6 = 2676.0	Diffs   131.0 +   10.0 =  141.0
 28  23:Sites   609.0 + 2067.0 = 2676.0	Diffs   138.0 +   12.0 =  150.0
 28  24:Sites   609.6 + 2066.4 = 2676.0	Diffs   113.0 +   12.0 =  125.0
 28  25:Sites   608.5 + 2067.5 = 2676.0	Diffs    90.0 +    9.0 =   99.0
 28  26:Sites   606.2 + 2063.8 = 2670.0	Diffs   133.0 +   15.0 =  148.0
 28  27:Sites   607.4 + 2068.6 = 2676.0	Diffs    44.0 +    7.0 =   51.0  28

     3024 bytes for distance
   610000 bytes for conP
    30000 bytes for fhK
  5000000 bytes for space

TREE #  1
(12, (5, 11), ((9, 10), (((1, (19, (18, ((20, 21), ((24, ((26, (27, 28)), 25)), ((22, 23), (13, (14, (15, (16, 17)))))))))), (2, 3)), (4, (6, (7, 8))))));   MP score: -1
   1    3.679439
   2    1.674590
   3    1.372849
   4    1.328497
   5    1.318312
   6    1.317553
   7    1.317373
   8    1.317330
   9    1.317322
  10    1.317321
  7930000 bytes for conP, adjusted

1 node(s) used for scaling (Yang 2000 J Mol Evol 51:423-432):
 36

    0.025221    0.008533    0.037011    0.028529    0.001792    0.027705    0.012052    0.025618    0.028376    0.017156    0.060714    0.104127    0.109545    0.085890    0.041689    0.100338    0.070315    0.050980    0.050019    0.014435    0.053102    0.051531    0.063027    0.022848    0.045701    0.089139    0.061496    0.042033    0.030407    0.029080    0.000000    0.068528    0.027051    0.031694    0.043516    0.062410    0.024763    0.069782    0.035562    0.036979    0.019032    0.028348    0.042215    0.018472    0.041062    0.044173    0.018864    0.038146    0.021140    0.039251    0.014809    0.024847    0.018732    2.233347    0.900000    0.420486    1.719468

ntime & nrate & np:    53     1    57

Bounds (np=57):
   0.000004   0.000004   0.000004   0.000004   0.000004   0.000004   0.000004   0.000004   0.000004   0.000004   0.000004   0.000004   0.000004   0.000004   0.000004   0.000004   0.000004   0.000004   0.000004   0.000004   0.000004   0.000004   0.000004   0.000004   0.000004   0.000004   0.000004   0.000004   0.000004   0.000004   0.000004   0.000004   0.000004   0.000004   0.000004   0.000004   0.000004   0.000004   0.000004   0.000004   0.000004   0.000004   0.000004   0.000004   0.000004   0.000004   0.000004   0.000004   0.000004   0.000004   0.000004   0.000004   0.000004   0.000100   0.000010   0.005000   0.005000
  50.000000  50.000000  50.000000  50.000000  50.000000  50.000000  50.000000  50.000000  50.000000  50.000000  50.000000  50.000000  50.000000  50.000000  50.000000  50.000000  50.000000  50.000000  50.000000  50.000000  50.000000  50.000000  50.000000  50.000000  50.000000  50.000000  50.000000  50.000000  50.000000  50.000000  50.000000  50.000000  50.000000  50.000000  50.000000  50.000000  50.000000  50.000000  50.000000  50.000000  50.000000  50.000000  50.000000  50.000000  50.000000  50.000000  50.000000  50.000000  50.000000  50.000000  50.000000  50.000000  50.000000 999.000000   0.999990  99.000000  99.000000
Qfactor_NS = 10.191474

np =    57
lnL0 = -11956.635493

Iterating by ming2
Initial: fx= 11956.635493
x=  0.02522  0.00853  0.03701  0.02853  0.00179  0.02770  0.01205  0.02562  0.02838  0.01716  0.06071  0.10413  0.10954  0.08589  0.04169  0.10034  0.07032  0.05098  0.05002  0.01444  0.05310  0.05153  0.06303  0.02285  0.04570  0.08914  0.06150  0.04203  0.03041  0.02908  0.00000  0.06853  0.02705  0.03169  0.04352  0.06241  0.02476  0.06978  0.03556  0.03698  0.01903  0.02835  0.04221  0.01847  0.04106  0.04417  0.01886  0.03815  0.02114  0.03925  0.01481  0.02485  0.01873  2.23335  0.90000  0.42049  1.71947

  1 h-m-p  0.0000 0.0000 7467.5254 ++    11836.122184  m 0.0000    62 | 0/57
  2 h-m-p  0.0000 0.0000 4107.1188 ++    11792.984848  m 0.0000   122 | 0/57
  3 h-m-p  0.0000 0.0000 6419.2862 +YCCC 11766.313689  3 0.0000   188 | 0/57
  4 h-m-p  0.0000 0.0000 2349.9770 ++    11724.261064  m 0.0000   248 | 1/57
  5 h-m-p  0.0000 0.0000 3131.4547 ++    11627.803479  m 0.0000   308 | 1/57
  6 h-m-p  0.0000 0.0000 9618.9750 ++    11573.974009  m 0.0000   368 | 1/57
  7 h-m-p  0.0000 0.0000 3910.7977 +YCYCCC 11526.193792  5 0.0000   437 | 0/57
  8 h-m-p  0.0000 0.0000 58619.7921 YCYCCC 11514.201687  5 0.0000   505 | 0/57
  9 h-m-p  0.0000 0.0000 894.5687 CCCC  11511.342039  3 0.0000   571 | 0/57
 10 h-m-p  0.0000 0.0000 522.7139 +CYC  11509.403314  2 0.0000   635 | 0/57
 11 h-m-p  0.0000 0.0001 375.8786 YCCC  11508.806818  3 0.0000   700 | 0/57
 12 h-m-p  0.0000 0.0001 378.8167 +YCCC 11507.083607  3 0.0000   766 | 0/57
 13 h-m-p  0.0000 0.0000 1061.2316 ++    11503.590876  m 0.0000   826 | 0/57
 14 h-m-p  0.0000 0.0002 767.8832 YCC   11497.630040  2 0.0001   889 | 0/57
 15 h-m-p  0.0000 0.0001 998.3325 YCCCC 11492.461148  4 0.0000   956 | 0/57
 16 h-m-p  0.0000 0.0000 1700.7799 YCCCC 11488.030296  4 0.0000  1023 | 0/57
 17 h-m-p  0.0000 0.0001 2223.3976 YCCC  11480.207319  3 0.0000  1088 | 0/57
 18 h-m-p  0.0000 0.0000 1856.8269 YCCCC 11477.247170  4 0.0000  1155 | 0/57
 19 h-m-p  0.0000 0.0000 1145.3019 +YYYCC 11471.977728  4 0.0000  1221 | 0/57
 20 h-m-p  0.0000 0.0000 461.6050 +YYCC 11470.841913  3 0.0000  1286 | 0/57
 21 h-m-p  0.0000 0.0002 202.0226 YC    11470.615809  1 0.0000  1347 | 0/57
 22 h-m-p  0.0000 0.0002 252.7372 YC    11470.232686  1 0.0000  1408 | 0/57
 23 h-m-p  0.0000 0.0003 199.5968 YC    11469.456705  1 0.0001  1469 | 0/57
 24 h-m-p  0.0000 0.0003 641.9922 +YCC  11467.537719  2 0.0001  1533 | 0/57
 25 h-m-p  0.0000 0.0002 1319.4515 YCCC  11462.265849  3 0.0001  1598 | 0/57
 26 h-m-p  0.0000 0.0001 3493.0300 YCCC  11456.588650  3 0.0001  1663 | 0/57
 27 h-m-p  0.0001 0.0003 3341.1405 CCCC  11447.473295  3 0.0001  1729 | 0/57
 28 h-m-p  0.0000 0.0002 3158.2075 CCC   11441.722187  2 0.0001  1793 | 0/57
 29 h-m-p  0.0000 0.0002 1764.3989 YCCCC 11438.271939  4 0.0001  1860 | 0/57
 30 h-m-p  0.0001 0.0005 1459.3363 CYC   11435.094072  2 0.0001  1923 | 0/57
 31 h-m-p  0.0001 0.0003 1040.5335 YCC   11433.784279  2 0.0000  1986 | 0/57
 32 h-m-p  0.0001 0.0005 250.7065 YC    11433.412830  1 0.0001  2047 | 0/57
 33 h-m-p  0.0001 0.0015 122.8592 YC    11433.232715  1 0.0001  2108 | 0/57
 34 h-m-p  0.0001 0.0022  64.2989 YC    11433.156766  1 0.0001  2169 | 0/57
 35 h-m-p  0.0002 0.0040  30.3811 YC    11433.129465  1 0.0001  2230 | 0/57
 36 h-m-p  0.0001 0.0041  17.7997 YC    11433.117206  1 0.0001  2291 | 0/57
 37 h-m-p  0.0002 0.0116   9.0460 CC    11433.094821  1 0.0002  2353 | 0/57
 38 h-m-p  0.0001 0.0067  20.2478 YC    11433.029048  1 0.0002  2414 | 0/57
 39 h-m-p  0.0001 0.0029  42.0712 YC    11432.877989  1 0.0002  2475 | 0/57
 40 h-m-p  0.0001 0.0031  50.2947 CC    11432.561446  1 0.0002  2537 | 0/57
 41 h-m-p  0.0001 0.0022 102.3395 +YCC  11431.256187  2 0.0003  2601 | 0/57
 42 h-m-p  0.0001 0.0007 541.4971 +CCC  11425.452397  2 0.0002  2666 | 0/57
 43 h-m-p  0.0001 0.0004 1834.4184 YCC   11415.758720  2 0.0001  2729 | 0/57
 44 h-m-p  0.0001 0.0003 1197.3941 CCC   11411.094094  2 0.0001  2793 | 0/57
 45 h-m-p  0.0002 0.0008 429.9092 YCC   11409.225554  2 0.0001  2856 | 0/57
 46 h-m-p  0.0001 0.0008 344.0228 YCC   11407.969078  2 0.0001  2919 | 0/57
 47 h-m-p  0.0003 0.0017  71.2679 CC    11407.739219  1 0.0001  2981 | 0/57
 48 h-m-p  0.0001 0.0025  68.7294 CC    11407.587345  1 0.0001  3043 | 0/57
 49 h-m-p  0.0002 0.0054  32.9613 YC    11407.525394  1 0.0001  3104 | 0/57
 50 h-m-p  0.0001 0.0046  33.3505 CC    11407.455606  1 0.0002  3166 | 0/57
 51 h-m-p  0.0001 0.0051  72.4361 YC    11407.323439  1 0.0002  3227 | 0/57
 52 h-m-p  0.0001 0.0043 108.8001 YC    11407.086037  1 0.0002  3288 | 0/57
 53 h-m-p  0.0001 0.0054 172.2610 +CYC  11406.187012  2 0.0005  3352 | 0/57
 54 h-m-p  0.0001 0.0015 887.2014 +YCCC 11403.742024  3 0.0003  3418 | 0/57
 55 h-m-p  0.0003 0.0013 721.5756 CC    11403.061828  1 0.0001  3480 | 0/57
 56 h-m-p  0.0003 0.0017 123.5310 CC    11402.975632  1 0.0001  3542 | 0/57
 57 h-m-p  0.0007 0.0164  13.4247 CC    11402.951870  1 0.0002  3604 | 0/57
 58 h-m-p  0.0009 0.0182   3.4307 CC    11402.907467  1 0.0008  3666 | 0/57
 59 h-m-p  0.0002 0.0064  14.5068 +YCCC 11401.806851  3 0.0016  3732 | 0/57
 60 h-m-p  0.0001 0.0006  72.4089 +CYYCC 11397.838516  4 0.0005  3799 | 0/57
 61 h-m-p  0.0882 1.2626   0.4010 +YCCC 11388.658304  3 0.6539  3865 | 0/57
 62 h-m-p  0.3398 1.6988   0.0589 +YCYC 11385.376405  3 1.0724  3987 | 0/57
 63 h-m-p  0.8589 6.3306   0.0735 YCC   11382.021049  2 1.6551  4107 | 0/57
 64 h-m-p  0.5984 2.9922   0.1034 CCCC  11379.169290  3 0.8144  4230 | 0/57
 65 h-m-p  0.4711 5.2059   0.1788 YC    11378.247047  1 0.9795  4348 | 0/57
 66 h-m-p  1.6000 8.0000   0.0108 YC    11378.086588  1 1.2120  4466 | 0/57
 67 h-m-p  1.6000 8.0000   0.0024 CC    11377.996187  1 1.9989  4585 | 0/57
 68 h-m-p  1.0626 8.0000   0.0045 CC    11377.940029  1 1.6598  4704 | 0/57
 69 h-m-p  1.5824 8.0000   0.0048 CC    11377.869689  1 2.4205  4823 | 0/57
 70 h-m-p  1.5402 8.0000   0.0075 CC    11377.803214  1 2.2025  4942 | 0/57
 71 h-m-p  1.6000 8.0000   0.0080 YC    11377.786516  1 1.1317  5060 | 0/57
 72 h-m-p  1.6000 8.0000   0.0032 YC    11377.781170  1 0.9466  5178 | 0/57
 73 h-m-p  1.1707 8.0000   0.0026 C     11377.779614  0 1.3670  5295 | 0/57
 74 h-m-p  1.3533 8.0000   0.0026 +Y    11377.777793  0 4.3581  5413 | 0/57
 75 h-m-p  1.0820 8.0000   0.0106 +C    11377.772520  0 4.6105  5531 | 0/57
 76 h-m-p  1.6000 8.0000   0.0235 CC    11377.768153  1 1.9234  5650 | 0/57
 77 h-m-p  1.6000 8.0000   0.0149 CC    11377.765488  1 2.0328  5769 | 0/57
 78 h-m-p  1.6000 8.0000   0.0103 YC    11377.763625  1 2.6166  5887 | 0/57
 79 h-m-p  1.4622 8.0000   0.0184 +C    11377.757911  0 5.4292  6005 | 0/57
 80 h-m-p  1.3396 8.0000   0.0746 +YC   11377.729607  1 6.1188  6124 | 0/57
 81 h-m-p  1.6000 8.0000   0.2176 YYYCYCYC 11377.691874  7 2.7947  6250 | 0/57
 82 h-m-p  1.6000 8.0000   0.1219 YYYY  11377.678915  3 1.6000  6370 | 0/57
 83 h-m-p  1.6000 8.0000   0.0525 -C    11377.678450  0 0.1137  6488 | 0/57
 84 h-m-p  0.0330 6.3644   0.1813 ++CCC 11377.675161  2 0.7408  6611 | 0/57
 85 h-m-p  1.6000 8.0000   0.0383 C     11377.674148  0 1.8758  6728 | 0/57
 86 h-m-p  1.0050 8.0000   0.0715 Y     11377.673889  0 0.4847  6845 | 0/57
 87 h-m-p  0.5651 8.0000   0.0613 CC    11377.673169  1 0.9826  6964 | 0/57
 88 h-m-p  1.6000 8.0000   0.0097 C     11377.672868  0 1.3677  7081 | 0/57
 89 h-m-p  0.1369 8.0000   0.0969 +Y    11377.6
error: end of tree file.72564  0 0.5476  7199 | 0/57
 90 h-m-p  1.6000 8.0000   0.0184 C     11377.672314  0 1.7745  7316 | 0/57
 91 h-m-p  1.6000 8.0000   0.0124 C     11377.672192  0 1.4375  7433 | 0/57
 92 h-m-p  0.1452 5.9729   0.1232 C     11377.672034  0 0.2207  7550 | 0/57
 93 h-m-p  0.3226 8.0000   0.0843 Y     11377.671982  0 0.1764  7667 | 0/57
 94 h-m-p  1.1189 8.0000   0.0133 C     11377.671915  0 1.1633  7784 | 0/57
 95 h-m-p  1.6000 8.0000   0.0029 C     11377.671871  0 1.3307  7901 | 0/57
 96 h-m-p  0.2026 8.0000   0.0191 +C    11377.671807  0 0.9723  8019 | 0/57
 97 h-m-p  0.8875 8.0000   0.0209 C     11377.671748  0 0.8875  8136 | 0/57
 98 h-m-p  1.6000 8.0000   0.0071 Y     11377.671704  0 1.2011  8253 | 0/57
 99 h-m-p  0.4097 8.0000   0.0209 Y     11377.671646  0 0.9296  8370 | 0/57
100 h-m-p  1.6000 8.0000   0.0045 C     11377.671611  0 2.0366  8487 | 0/57
101 h-m-p  0.7944 8.0000   0.0115 C     11377.671586  0 0.8813  8604 | 0/57
102 h-m-p  1.6000 8.0000   0.0031 Y     11377.671570  0 0.7936  8721 | 0/57
103 h-m-p  0.2911 8.0000   0.0085 +C    11377.671538  0 1.6612  8839 | 0/57
104 h-m-p  1.6000 8.0000   0.0029 C     11377.671523  0 1.9226  8956 | 0/57
105 h-m-p  0.4899 8.0000   0.0113 Y     11377.671495  0 1.2092  9073 | 0/57
106 h-m-p  1.6000 8.0000   0.0069 -C    11377.671494  0 0.1117  9191 | 0/57
107 h-m-p  1.3295 8.0000   0.0006 C     11377.671487  0 1.4417  9308 | 0/57
108 h-m-p  0.3839 8.0000   0.0022 ++C   11377.671470  0 5.3986  9427 | 0/57
109 h-m-p  1.6000 8.0000   0.0071 -Y    11377.671470  0 0.0564  9545 | 0/57
110 h-m-p  0.3575 8.0000   0.0011 Y     11377.671466  0 0.8355  9662 | 0/57
111 h-m-p  1.6000 8.0000   0.0000 Y     11377.671465  0 0.9768  9779 | 0/57
112 h-m-p  0.0273 8.0000   0.0009 +++++ 11377.671452  m 8.0000  9899 | 0/57
113 h-m-p  1.4551 8.0000   0.0052 ----------------..  | 0/57
114 h-m-p  0.0001 0.0266   0.9342 -Y    11377.671451  0 0.0000 10148 | 0/57
115 h-m-p  0.0001 0.0352   0.2983 Y     11377.671451  0 0.0000 10265 | 0/57
116 h-m-p  0.0000 0.0188   0.1957 C     11377.671451  0 0.0000 10382 | 0/57
117 h-m-p  0.0002 0.1220   0.2196 ------Y 11377.671451  0 0.0000 10505 | 0/57
118 h-m-p  0.0002 0.0966   0.1639 -Y    11377.671450  0 0.0000 10623 | 0/57
119 h-m-p  0.0007 0.3381   0.1301 --C   11377.671450  0 0.0000 10742 | 0/57
120 h-m-p  0.0020 0.9768   0.0788 --C   11377.671450  0 0.0000 10861 | 0/57
121 h-m-p  0.0008 0.3889   0.0508 -Y    11377.671450  0 0.0000 10979 | 0/57
122 h-m-p  0.0060 3.0066   0.0355 ----C 11377.671450  0 0.0000 11100 | 0/57
123 h-m-p  0.0025 1.2436   0.0227 --C   11377.671450  0 0.0000 11219 | 0/57
124 h-m-p  0.0057 2.8497   0.0199 ---Y  11377.671450  0 0.0000 11339 | 0/57
125 h-m-p  0.0081 4.0272   0.0168 ---Y  11377.671450  0 0.0000 11459 | 0/57
126 h-m-p  0.0065 3.2531   0.0158 ---Y  11377.671450  0 0.0000 11579 | 0/57
127 h-m-p  0.0160 8.0000   0.0087 ----Y 11377.671450  0 0.0000 11700 | 0/57
128 h-m-p  0.0160 8.0000   0.0054 ---C  11377.671450  0 0.0001 11820 | 0/57
129 h-m-p  0.0160 8.0000   0.0046 ----C 11377.671450  0 0.0000 11941 | 0/57
130 h-m-p  0.0160 8.0000   0.0015 ----C 11377.671450  0 0.0000 12062 | 0/57
131 h-m-p  0.0160 8.0000   0.0012 ---C  11377.671450  0 0.0001 12182 | 0/57
132 h-m-p  0.0160 8.0000   0.0019 ------Y 11377.671450  0 0.0000 12305 | 0/57
133 h-m-p  0.0160 8.0000   0.0020 -------------..  | 0/57
134 h-m-p  0.0080 4.0058   0.3346 ------------- | 0/57
135 h-m-p  0.0080 4.0058   0.3346 -------------
Out..
lnL  = -11377.671450
12690 lfun, 88830 eigenQcodon, 4035420 P(t)
