FastTree Version 2.1.11 Double precision (No SSE3)
Alignment: COA3.phy
Nucleotide distances: Jukes-Cantor Joins: balanced Support: SH-like 1000
Search: Normal +NNI +SPR (2 rounds range 10) +ML-NNI opt-each=1
TopHits: 1.00*sqrtN close=default refresh=0.80
ML Model: Jukes-Cantor, CAT approximation with 20 rate categories
Initial topology in 0.00 seconds
Refining topology: 19 rounds ME-NNIs, 2 rounds ME-SPRs, 9 rounds ML-NNIs
Total branch-length 1.060 after 0.03 sec
ML-NNI round 1: LogLk = -2095.782 NNIs 3 max delta 0.06 Time 0.06
Switched to using 20 rate categories (CAT approximation)
Rate categories were divided by 0.721 so that average rate = 1.0
CAT-based log-likelihoods may not be comparable across runs
Use -gamma for approximate but comparable Gamma(20) log-likelihoods
ML-NNI round 2: LogLk = -1944.006 NNIs 3 max delta 1.75 Time 0.07
ML-NNI round 3: LogLk = -1943.882 NNIs 2 max delta 0.00 Time 0.08
Turning off heuristics for final round of ML NNIs (converged)
ML-NNI round 4: LogLk = -1943.798 NNIs 0 max delta 0.00 Time 0.10 (final)
      0.10 seconds: ML Lengths 1 of 24 splits
Optimize all lengths: LogLk = -1943.797 Time 0.11
Total time: 0.13 seconds Unique: 26/26 Bad splits: 0/23
FastTree Version 2.1.11 Double precision (No SSE3)
Alignment: DECR1.phy
Nucleotide distances: Jukes-Cantor Joins: balanced Support: SH-like 1000
Search: Normal +NNI +SPR (2 rounds range 10) +ML-NNI opt-each=1
TopHits: 1.00*sqrtN close=default refresh=0.80
ML Model: Jukes-Cantor, CAT approximation with 20 rate categories
Initial topology in 0.01 seconds
Refining topology: 19 rounds ME-NNIs, 2 rounds ME-SPRs, 10 rounds ML-NNIs
Total branch-length 0.588 after 0.09 sec
      0.10 seconds: ML NNI round 1 of 10, 1 of 26 splits
ML-NNI round 1: LogLk = -4378.687 NNIs 2 max delta 0.56 Time 0.16
Switched to using 20 rate categories (CAT approximation)
Rate categories were divided by 0.790 so that average rate = 1.0
CAT-based log-likelihoods may not be comparable across runs
Use -gamma for approximate but comparable Gamma(20) log-likelihoods
ML-NNI round 2: LogLk = -4097.839 NNIs 2 max delta 1.05 Time 0.21
ML-NNI round 3: LogLk = -4097.838 NNIs 0 max delta 0.00 Time 0.23
Turning off heuristics for final round of ML NNIs (converged)
      0.22 seconds: ML NNI round 4 of 10, 1 of 26 splits
ML-NNI round 4: LogLk = -4097.817 NNIs 0 max delta 0.00 Time 0.28 (final)
Optimize all lengths: LogLk = -4097.814 Time 0.29
Total time: 0.37 seconds Unique: 28/28 Bad splits: 0/25
FastTree Version 2.1.11 Double precision (No SSE3)
Alignment: EPB41L2.phy
Nucleotide distances: Jukes-Cantor Joins: balanced Support: SH-like 1000
Search: Normal +NNI +SPR (2 rounds range 10) +ML-NNI opt-each=1
TopHits: 1.00*sqrtN close=default refresh=0.80
ML Model: Jukes-Cantor, CAT approximation with 20 rate categories
Initial topology in 0.02 seconds
Refining topology: 19 rounds ME-NNIs, 2 rounds ME-SPRs, 9 rounds ML-NNIs
      0.12 seconds: ME NNI round 7 of 19, 1 of 23 splits
Total branch-length 0.450 after 0.23 sec
      0.22 seconds: ML Lengths 1 of 23 splits
ML-NNI round 1: LogLk = -10968.123 NNIs 2 max delta 3.62 Time 0.38
      0.38 seconds: Site likelihoods with rate category 1 of 20
Switched to using 20 rate categories (CAT approximation)
Rate categories were divided by 0.748 so that average rate = 1.0
CAT-based log-likelihoods may not be comparable across runs
Use -gamma for approximate but comparable Gamma(20) log-likelihoods
ML-NNI round 2: LogLk = -10377.100 NNIs 1 max delta 3.78 Time 0.46
ML-NNI round 3: LogLk = -10377.083 NNIs 0 max delta 0.00 Time 0.50
Turning off heuristics for final round of ML NNIs (converged)
      0.49 seconds: ML NNI round 4 of 9, 1 of 23 splits
ML-NNI round 4: LogLk = -10377.073 NNIs 0 max delta 0.00 Time 0.62 (final)
      0.62 seconds: ML Lengths 1 of 23 splits
Optimize all lengths: LogLk = -10377.073 Time 0.65
Total time: 0.83 seconds Unique: 25/25 Bad splits: 0/22
FastTree Version 2.1.11 Double precision (No SSE3)
Alignment: GPR83.phy
Nucleotide distances: Jukes-Cantor Joins: balanced Support: SH-like 1000
Search: Normal +NNI +SPR (2 rounds range 10) +ML-NNI opt-each=1
TopHits: 1.00*sqrtN close=default refresh=0.80
ML Model: Jukes-Cantor, CAT approximation with 20 rate categories
Initial topology in 0.01 seconds
Refining topology: 19 rounds ME-NNIs, 2 rounds ME-SPRs, 10 rounds ML-NNIs
Total branch-length 0.875 after 0.10 sec
      0.10 seconds: ML Lengths 1 of 25 splits
ML-NNI round 1: LogLk = -5449.087 NNIs 3 max delta 3.58 Time 0.16
Switched to using 20 rate categories (CAT approximation)
Rate categories were divided by 0.734 so that average rate = 1.0
CAT-based log-likelihoods may not be comparable across runs
Use -gamma for approximate but comparable Gamma(20) log-likelihoods
ML-NNI round 2: LogLk = -5006.054 NNIs 0 max delta 0.00 Time 0.20
Turning off heuristics for final round of ML NNIs (converged)
ML-NNI round 3: LogLk = -5005.814 NNIs 0 max delta 0.00 Time 0.25 (final)
      0.25 seconds: ML Lengths 1 of 25 splits
Optimize all lengths: LogLk = -5005.813 Time 0.26
Total time: 0.33 seconds Unique: 27/27 Bad splits: 0/24
FastTree Version 2.1.11 Double precision (No SSE3)
Alignment: KTN1.phy
Nucleotide distances: Jukes-Cantor Joins: balanced Support: SH-like 1000
Search: Normal +NNI +SPR (2 rounds range 10) +ML-NNI opt-each=1
TopHits: 1.00*sqrtN close=default refresh=0.80
ML Model: Jukes-Cantor, CAT approximation with 20 rate categories
Initial topology in 0.04 seconds
Refining topology: 19 rounds ME-NNIs, 2 rounds ME-SPRs, 10 rounds ML-NNIs
      0.23 seconds: ME NNI round 7 of 19, 1 of 26 splits
      0.42 seconds: ME NNI round 13 of 19, 1 of 26 splits
Total branch-length 0.547 after 0.45 sec
ML-NNI round 1: LogLk = -22245.726 NNIs 4 max delta 11.75 Time 0.75
      0.75 seconds: Site likelihoods with rate category 1 of 20
Switched to using 20 rate categories (CAT approximation)
Rate categories were divided by 0.779 so that average rate = 1.0
CAT-based log-likelihoods may not be comparable across runs
Use -gamma for approximate but comparable Gamma(20) log-likelihoods
ML-NNI round 2: LogLk = -20826.224 NNIs 0 max delta 0.00 Time 0.92
Turning off heuristics for final round of ML NNIs (converged)
      0.91 seconds: ML NNI round 3 of 10, 1 of 26 splits
ML-NNI round 3: LogLk = -20826.135 NNIs 0 max delta 0.00 Time 1.15 (final)
      1.15 seconds: ML Lengths 1 of 26 splits
Optimize all lengths: LogLk = -20826.135 Time 1.21
Total time: 1.62 seconds Unique: 28/28 Bad splits: 0/25
FastTree Version 2.1.11 Double precision (No SSE3)
Alignment: MED23.phy
Nucleotide distances: Jukes-Cantor Joins: balanced Support: SH-like 1000
Search: Normal +NNI +SPR (2 rounds range 10) +ML-NNI opt-each=1
TopHits: 1.00*sqrtN close=default refresh=0.80
ML Model: Jukes-Cantor, CAT approximation with 20 rate categories
Initial topology in 0.03 seconds
Refining topology: 19 rounds ME-NNIs, 2 rounds ME-SPRs, 10 rounds ML-NNIs
      0.21 seconds: ME NNI round 7 of 19, 1 of 26 splits
      0.39 seconds: ME NNI round 13 of 19, 1 of 26 splits
Total branch-length 0.554 after 0.41 sec
ML-NNI round 1: LogLk = -20695.908 NNIs 4 max delta 22.99 Time 0.67
      0.66 seconds: Site likelihoods with rate category 1 of 20
Switched to using 20 rate categories (CAT approximation)
Rate categories were divided by 0.784 so that average rate = 1.0
CAT-based log-likelihoods may not be comparable across runs
Use -gamma for approximate but comparable Gamma(20) log-likelihoods
ML-NNI round 2: LogLk = -19237.701 NNIs 0 max delta 0.00 Time 0.82
Turning off heuristics for final round of ML NNIs (converged)
      0.81 seconds: ML NNI round 3 of 10, 1 of 26 splits
ML-NNI round 3: LogLk = -19237.635 NNIs 0 max delta 0.00 Time 1.02 (final)
      1.02 seconds: ML Lengths 1 of 26 splits
Optimize all lengths: LogLk = -19237.635 Time 1.07
Total time: 1.44 seconds Unique: 28/28 Bad splits: 0/25
