
 16         verbose | verbose                1.00
  8         runmode | runmode                0.00
  4         seqtype | seqtype                1.00
 14       CodonFreq | CodonFreq              1.00
 19          aaDist | aaDist                 0.00
 17           model | model                  0.00
 21         NSsites | NSsites                8.00
 23           icode | icode                  0.00
 25       fix_kappa | fix_kappa              0.00
 26           kappa | kappa                  2.00
 27       fix_omega | fix_omega              1.00
 28           omega | omega                  1.00
 29       fix_alpha | fix_alpha              1.00
 30           alpha | alpha                  0.00
 31          Malpha | Malpha                 0.00
 32           ncatG | ncatG                  5.00
 12           getSE | getSE                  0.00
 13    RateAncestor | RateAncestor           0.00
 36      Small_Diff | Small_Diff             0.00
  7       cleandata | cleandata              0.00
 37     fix_blength | fix_blength            1.00
CODONML in paml version 4.10.7, June 2023

----------------------------------------------
Phe F TTT | Ser S TCT | Tyr Y TAT | Cys C TGT
      TTC |       TCC |       TAC |       TGC
Leu L TTA |       TCA | *** * TAA | *** * TGA
      TTG |       TCG |       TAG | Trp W TGG
----------------------------------------------
Leu L CTT | Pro P CCT | His H CAT | Arg R CGT
      CTC |       CCC |       CAC |       CGC
      CTA |       CCA | Gln Q CAA |       CGA
      CTG |       CCG |       CAG |       CGG
----------------------------------------------
Ile I ATT | Thr T ACT | Asn N AAT | Ser S AGT
      ATC |       ACC |       AAC |       AGC
      ATA |       ACA | Lys K AAA | Arg R AGA
Met M ATG |       ACG |       AAG |       AGG
----------------------------------------------
Val V GTT | Ala A GCT | Asp D GAT | Gly G GGT
      GTC |       GCC |       GAC |       GGC
      GTA |       GCA | Glu E GAA |       GGA
      GTG |       GCG |       GAG |       GGG
----------------------------------------------
Nice code, uuh?


Ambiguity character definition table:

T (1): T 
C (1): C 
A (1): A 
G (1): G 
U (1): T 
Y (2): T C 
R (2): A G 
M (2): C A 
K (2): T G 
S (2): C G 
W (2): T A 
H (3): T C A 
B (3): T C G 
V (3): C A G 
D (3): T A G 
- (4): T C A G 
N (4): T C A G 
? (4): T C A G 
ns = 15  	ls = 795
Reading sequences, sequential format..
Reading seq # 1: XM_0307697       
Reading seq # 2: XM_0536861       
Reading seq # 3: XM_0355222       
Reading seq # 4: XM_0072507       
Reading seq # 5: XM_0177108       
Reading seq # 6: XM_0116207       
Reading seq # 7: XM_0303626       
Reading seq # 8: XM_0198669       
Reading seq # 9: XM_0284532       
Reading seq #10: XM_0300548       
Reading seq #11: XM_0550127       
Reading seq #12: XM_0193499       
Reading seq #13: XM_0059381       
Reading seq #14: XM_0153982       
Reading seq #15: XM_0242920       

Sequences read..
Counting site patterns..  0:00
Compressing,    259 patterns at    265 /    265 sites (100.0%),  0:00
Collecting fpatt[] & pose[],    259 patterns at    265 /    265 sites (100.0%),  0:00
1 ambiguous codons are seen in the data:
 ---
Counting codons..
NG distances for seqs.:
   1
  2   1:Sites   204.2 +  590.8 =  795.0	Diffs   129.5 +   29.5 =  159.0   2
  3   1:Sites   204.2 +  590.8 =  795.0	Diffs   122.5 +   37.5 =  160.0
  3   2:Sites   202.4 +  592.6 =  795.0	Diffs   114.5 +   25.5 =  140.0   3
  4   1:Sites   203.4 +  591.6 =  795.0	Diffs   140.5 +   30.5 =  171.0
  4   2:Sites   201.7 +  593.3 =  795.0	Diffs   104.5 +   24.5 =  129.0
  4   3:Sites   201.7 +  593.3 =  795.0	Diffs    83.0 +   23.0 =  106.0   4
  5   1:Sites   203.3 +  591.7 =  795.0	Diffs   134.8 +   29.2 =  164.0
  5   2:Sites   201.6 +  593.4 =  795.0	Diffs   109.0 +   18.0 =  127.0
  5   3:Sites   201.5 +  593.5 =  795.0	Diffs    77.5 +   22.5 =  100.0
  5   4:Sites   200.8 +  594.2 =  795.0	Diffs    65.0 +   17.0 =   82.0   5
  6   1:Sites   196.9 +  589.1 =  786.0	Diffs   145.8 +   66.2 =  212.0
  6   2:Sites   195.0 +  591.0 =  786.0	Diffs   139.7 +   64.3 =  204.0
  6   3:Sites   195.1 +  590.9 =  786.0	Diffs   123.5 +   72.5 =  196.0
  6   4:Sites   194.3 +  591.7 =  786.0	Diffs   132.5 +   66.5 =  199.0
  6   5:Sites   194.2 +  591.8 =  786.0	Diffs   131.5 +   69.5 =  201.0   6
  7   1:Sites   197.2 +  588.8 =  786.0	Diffs   134.8 +   58.2 =  193.0
  7   2:Sites   195.3 +  590.7 =  786.0	Diffs   122.3 +   60.7 =  183.0
  7   3:Sites   195.4 +  590.6 =  786.0	Diffs   107.7 +   64.3 =  172.0
  7   4:Sites   194.6 +  591.4 =  786.0	Diffs   111.8 +   58.2 =  170.0
  7   5:Sites   194.5 +  591.5 =  786.0	Diffs   108.8 +   59.2 =  168.0
  7   6:Sites   191.3 +  594.7 =  786.0	Diffs   126.8 +   52.2 =  179.0   7
  8   1:Sites   200.1 +  594.9 =  795.0	Diffs   148.0 +   56.0 =  204.0
  8   2:Sites   198.4 +  596.6 =  795.0	Diffs   139.0 +   63.0 =  202.0
  8   3:Sites   198.4 +  596.6 =  795.0	Diffs   134.2 +   62.8 =  197.0
  8   4:Sites   197.6 +  597.4 =  795.0	Diffs   137.5 +   56.5 =  194.0
  8   5:Sites   197.5 +  597.5 =  795.0	Diffs   142.3 +   58.7 =  201.0
  8   6:Sites   191.1 +  594.9 =  786.0	Diffs   113.7 +   37.3 =  151.0
  8   7:Sites   191.4 +  594.6 =  786.0	Diffs   128.0 +   40.0 =  168.0   8
  9   1:Sites   201.5 +  593.5 =  795.0	Diffs   148.3 +   54.7 =  203.0
  9   2:Sites   199.8 +  595.2 =  795.0	Diffs   136.3 +   59.7 =  196.0
  9   3:Sites   199.7 +  595.3 =  795.0	Diffs   125.7 +   61.3 =  187.0
  9   4:Sites   199.0 +  596.0 =  795.0	Diffs   131.0 +   60.0 =  191.0
  9   5:Sites   198.9 +  596.1 =  795.0	Diffs   128.8 +   60.2 =  189.0
  9   6:Sites   192.5 +  593.5 =  786.0	Diffs   113.2 +   39.8 =  153.0
  9   7:Sites   192.7 +  593.3 =  786.0	Diffs   115.0 +   39.0 =  154.0
  9   8:Sites   195.7 +  599.3 =  795.0	Diffs   100.0 +   25.0 =  125.0   9
 10   1:Sites   202.4 +  592.6 =  795.0	Diffs   126.0 +   44.0 =  170.0
 10   2:Sites   200.7 +  594.3 =  795.0	Diffs   136.5 +   45.5 =  182.0
 10   3:Sites   200.7 +  594.3 =  795.0	Diffs   100.8 +   49.2 =  150.0
 10   4:Sites   199.9 +  595.1 =  795.0	Diffs   117.0 +   44.0 =  161.0
 10   5:Sites   199.8 +  595.2 =  795.0	Diffs   115.2 +   43.8 =  159.0
 10   6:Sites   193.5 +  592.5 =  786.0	Diffs   106.2 +   37.8 =  144.0
 10   7:Sites   193.8 +  592.2 =  786.0	Diffs    94.0 +   30.0 =  124.0
 10   8:Sites   196.6 +  598.4 =  795.0	Diffs   106.5 +   22.5 =  129.0
 10   9:Sites   198.0 +  597.0 =  795.0	Diffs   105.0 +   24.0 =  129.0  10
 11   1:Sites   201.4 +  593.6 =  795.0	Diffs   143.8 +   53.2 =  197.0
 11   2:Sites   199.7 +  595.3 =  795.0	Diffs   141.3 +   53.7 =  195.0
 11   3:Sites   199.6 +  595.4 =  795.0	Diffs   119.2 +   56.8 =  176.0
 11   4:Sites   198.9 +  596.1 =  795.0	Diffs   126.5 +   50.5 =  177.0
 11   5:Sites   198.8 +  596.2 =  795.0	Diffs   123.7 +   52.3 =  176.0
 11   6:Sites   192.3 +  593.7 =  786.0	Diffs   103.2 +   34.8 =  138.0
 11   7:Sites   192.6 +  593.4 =  786.0	Diffs   113.5 +   29.5 =  143.0
 11   8:Sites   195.6 +  599.4 =  795.0	Diffs    97.5 +   16.5 =  114.0
 11   9:Sites   197.0 +  598.0 =  795.0	Diffs    95.5 +   16.5 =  112.0
 11  10:Sites   197.9 +  597.1 =  795.0	Diffs    84.0 +   15.0 =   99.0  11
 12   1:Sites   201.1 +  593.9 =  795.0	Diffs   142.8 +   53.2 =  196.0
 12   2:Sites   199.3 +  595.7 =  795.0	Diffs   147.5 +   55.5 =  203.0
 12   3:Sites   199.3 +  595.7 =  795.0	Diffs   123.8 +   61.2 =  185.0
 12   4:Sites   198.5 +  596.5 =  795.0	Diffs   133.5 +   54.5 =  188.0
 12   5:Sites   198.4 +  596.6 =  795.0	Diffs   125.8 +   54.2 =  180.0
 12   6:Sites   191.9 +  594.1 =  786.0	Diffs   112.2 +   35.8 =  148.0
 12   7:Sites   192.2 +  593.8 =  786.0	Diffs   110.2 +   34.8 =  145.0
 12   8:Sites   195.2 +  599.8 =  795.0	Diffs   104.0 +   20.0 =  124.0
 12   9:Sites   196.6 +  598.4 =  795.0	Diffs    95.5 +   18.5 =  114.0
 12  10:Sites   197.5 +  597.5 =  795.0	Diffs    87.5 +   22.5 =  110.0
 12  11:Sites   196.5 +  598.5 =  795.0	Diffs    72.0 +   10.0 =   82.0  12
 13   1:Sites   200.8 +  594.2 =  795.0	Diffs   140.3 +   52.7 =  193.0
 13   2:Sites   199.1 +  595.9 =  795.0	Diffs   149.2 +   54.8 =  204.0
 13   3:Sites   199.1 +  595.9 =  795.0	Diffs   127.3 +   60.7 =  188.0
 13   4:Sites   198.3 +  596.7 =  795.0	Diffs   139.0 +   54.0 =  193.0
 13   5:Sites   198.2 +  596.8 =  795.0	Diffs   129.8 +   53.2 =  183.0
 13   6:Sites   191.7 +  594.3 =  786.0	Diffs   114.2 +   34.8 =  149.0
 13   7:Sites   192.0 +  594.0 =  786.0	Diffs   110.2 +   36.8 =  147.0
 13   8:Sites   195.0 +  600.0 =  795.0	Diffs   105.0 +   20.0 =  125.0
 13   9:Sites   196.4 +  598.6 =  795.0	Diffs    95.5 +   19.5 =  115.0
 13  10:Sites   197.3 +  597.7 =  795.0	Diffs    89.5 +   21.5 =  111.0
 13  11:Sites   196.3 +  598.7 =  795.0	Diffs    73.0 +    9.0 =   82.0
 13  12:Sites   195.9 +  599.1 =  795.0	Diffs    13.0 +    1.0 =   14.0  13
 14   1:Sites   201.6 +  587.4 =  789.0	Diffs   139.3 +   50.7 =  190.0
 14   2:Sites   200.7 +  588.3 =  789.0	Diffs   141.3 +   53.7 =  195.0
 14   3:Sites   200.7 +  588.3 =  789.0	Diffs   109.2 +   56.8 =  166.0
 14   4:Sites   199.9 +  589.1 =  789.0	Diffs   137.5 +   52.5 =  190.0
 14   5:Sites   199.8 +  589.2 =  789.0	Diffs   129.7 +   53.3 =  183.0
 14   6:Sites   193.2 +  586.8 =  780.0	Diffs   119.2 +   37.8 =  157.0
 14   7:Sites   193.5 +  586.5 =  780.0	Diffs   115.0 +   34.0 =  149.0
 14   8:Sites   196.4 +  592.6 =  789.0	Diffs   112.0 +   20.0 =  132.0
 14   9:Sites   197.8 +  591.2 =  789.0	Diffs   106.5 +   17.5 =  124.0
 14  10:Sites   198.7 +  590.3 =  789.0	Diffs    96.0 +   16.0 =  112.0
 14  11:Sites   197.7 +  591.3 =  789.0	Diffs    88.5 +   14.5 =  103.0
 14  12:Sites   197.3 +  591.7 =  789.0	Diffs   107.0 +   12.0 =  119.0
 14  13:Sites   197.1 +  591.9 =  789.0	Diffs   109.0 +   12.0 =  121.0  14
 15   1:Sites   197.4 +  582.6 =  780.0	Diffs   134.0 +   52.0 =  186.0
 15   2:Sites   196.2 +  583.8 =  780.0	Diffs   140.2 +   54.8 =  195.0
 15   3:Sites   196.1 +  583.9 =  780.0	Diffs   114.8 +   63.2 =  178.0
 15   4:Sites   195.4 +  584.6 =  780.0	Diffs   125.3 +   52.7 =  178.0
 15   5:Sites   195.3 +  584.7 =  780.0	Diffs   122.5 +   55.5 =  178.0
 15   6:Sites   188.8 +  582.2 =  771.0	Diffs   106.0 +   38.0 =  144.0
 15   7:Sites   188.8 +  582.2 =  771.0	Diffs   121.0 +   41.0 =  162.0
 15   8:Sites   192.0 +  588.0 =  780.0	Diffs   105.0 +   25.0 =  130.0
 15   9:Sites   193.2 +  586.8 =  780.0	Diffs    97.0 +   28.0 =  125.0
 15  10:Sites   194.1 +  585.9 =  780.0	Diffs    94.5 +   20.5 =  115.0
 15  11:Sites   193.0 +  587.0 =  780.0	Diffs    86.0 +   18.0 =  104.0
 15  12:Sites   192.7 +  587.3 =  780.0	Diffs    98.0 +   17.0 =  115.0
 15  13:Sites   192.5 +  587.5 =  780.0	Diffs    98.0 +   16.0 =  114.0
 15  14:Sites   194.2 +  582.8 =  777.0	Diffs    83.5 +   18.5 =  102.0  15

      840 bytes for distance
   252784 bytes for conP
    12432 bytes for fhK
  5000000 bytes for space

TREE #  1

Branch lengths in tree used as initials.
((11, (12, 13)), (6, (10, (7, (((2, 1), (4, 5)), 3)))), ((14, 15), (8, 9)));   MP score: -1
  1643096 bytes for conP, adjusted

    0.019932    0.045234    0.068876    0.009881    0.008096    0.012595    0.158857    0.037228    0.045152    0.039931    0.119098    0.118281    0.014268    0.053809    0.098359    0.161007    0.023065    0.064440    0.051905    0.066274    0.004942    0.028019    0.079055    0.078689    0.030146    0.107455    0.089562    2.349116    0.900000    0.456803    1.159317

ntime & nrate & np:    27     1    31

Bounds (np=31):
   0.000004   0.000004   0.000004   0.000004   0.000004   0.000004   0.000004   0.000004   0.000004   0.000004   0.000004   0.000004   0.000004   0.000004   0.000004   0.000004   0.000004   0.000004   0.000004   0.000004   0.000004   0.000004   0.000004   0.000004   0.000004   0.000004   0.000004   0.000100   0.000010   0.005000   0.005000
  50.000000  50.000000  50.000000  50.000000  50.000000  50.000000  50.000000  50.000000  50.000000  50.000000  50.000000  50.000000  50.000000  50.000000  50.000000  50.000000  50.000000  50.000000  50.000000  50.000000  50.000000  50.000000  50.000000  50.000000  50.000000  50.000000  50.000000 999.000000   0.999990  99.000000  99.000000
Qfactor_NS = 8.525432

np =    31
lnL0 = -6045.921040

Iterating by ming2
Initial: fx=  6045.921040
x=  0.01993  0.04523  0.06888  0.00988  0.00810  0.01260  0.15886  0.03723  0.04515  0.03993  0.11910  0.11828  0.01427  0.05381  0.09836  0.16101  0.02307  0.06444  0.05191  0.06627  0.00494  0.02802  0.07905  0.07869  0.03015  0.10745  0.08956  2.34912  0.90000  0.45680  1.15932

  1 h-m-p  0.0000 0.0001 2724.1116 ++     5556.334800  m 0.0001    36 | 1/31
  2 h-m-p  0.0001 0.0004 933.3430 +CYCCC  5345.293377  4 0.0004    79 | 1/31
  3 h-m-p  0.0000 0.0001 2135.0251 ++     5293.608377  m 0.0001   113 | 0/31
  4 h-m-p -0.0000 -0.0000 1090739.6928 
h-m-p:     -1.81290404e-24     -9.06452021e-24      1.09073969e+06  5293.608377
..  | 0/31
  5 h-m-p  0.0000 0.0000 28445.8220 -CYCYYCC  5288.104586  6 0.0000   189 | 0/31
  6 h-m-p  0.0000 0.0010 399.4939 ++CYCCCC  5275.764334  5 0.0002   234 | 0/31
  7 h-m-p  0.0003 0.0030 311.0997 YCCC   5260.561562  3 0.0007   273 | 0/31
  8 h-m-p  0.0003 0.0013 335.9395 +YCCC  5239.526527  3 0.0008   313 | 0/31
  9 h-m-p  0.0001 0.0006 203.5070 YCYCCC  5235.564427  5 0.0003   355 | 0/31
 10 h-m-p  0.0001 0.0007  94.3799 ++     5232.663835  m 0.0007   389 | 0/31
 11 h-m-p  0.0001 0.0006  73.9741 ++     5231.239729  m 0.0006   423 | 0/31
 12 h-m-p  0.0004 0.0018  85.9342 YCCC   5230.065375  3 0.0008   462 | 0/31
 13 h-m-p  0.0001 0.0004  70.6936 ++     5229.479490  m 0.0004   496 | 0/31
 14 h-m-p  0.0002 0.0009  79.6875 ++     5228.427990  m 0.0009   530 | 1/31
 15 h-m-p  0.0014 0.0143  48.0174 +YCC   5226.388190  2 0.0046   568 | 1/31
 16 h-m-p  0.0013 0.0063  78.5624 CYC    5225.565091  2 0.0013   605 | 1/31
 17 h-m-p  0.0039 0.0238  26.3358 YC     5225.194923  1 0.0024   640 | 1/31
 18 h-m-p  0.0013 0.0065  15.7228 YC     5225.024098  1 0.0026   675 | 1/31
 19 h-m-p  0.0061 0.0350   6.7080 YC     5224.968428  1 0.0028   710 | 1/31
 20 h-m-p  0.0044 0.1402   4.2608 CC     5224.891279  1 0.0061   746 | 1/31
 21 h-m-p  0.0018 0.0092   6.4603 +YC    5224.755860  1 0.0057   782 | 1/31
 22 h-m-p  0.0017 0.0083   7.6618 ++     5224.300214  m 0.0083   816 | 2/31
 23 h-m-p  0.0022 0.0165  28.7694 YC     5223.491176  1 0.0049   851 | 2/31
 24 h-m-p  0.0056 0.0290  24.8760 YCC    5222.940851  2 0.0035   888 | 2/31
 25 h-m-p  0.0057 0.0287  11.1350 CCC    5222.367826  2 0.0074   926 | 1/31
 26 h-m-p  0.0020 0.0102  26.8839 CCC    5221.810769  2 0.0029   964 | 1/31
 27 h-m-p  0.0003 0.0017  54.3766 ++     5221.032459  m 0.0017   998 | 1/31
 28 h-m-p  0.0020 0.0167  45.6558 CCC    5220.083154  2 0.0029  1036 | 1/31
 29 h-m-p  0.0007 0.0035   7.7506 +YC    5220.005559  1 0.0031  1072 | 1/31
 30 h-m-p  0.0003 0.0014   3.8621 ++     5219.989279  m 0.0014  1106 | 2/31
 31 h-m-p  0.0019 0.1397   2.7499 YC     5219.966522  1 0.0047  1141 | 2/31
 32 h-m-p  0.0154 0.9929   0.8449 +YC    5219.860783  1 0.0440  1177 | 2/31
 33 h-m-p  0.0047 0.1945   7.8934 +YC    5219.489657  1 0.0140  1242 | 2/31
 34 h-m-p  0.0080 0.1199  13.8694 YC     5218.649092  1 0.0177  1277 | 2/31
 35 h-m-p  0.0157 0.0785   9.0720 CCC    5218.498859  2 0.0046  1315 | 2/31
 36 h-m-p  0.0190 0.3837   2.2058 CC     5218.488640  1 0.0041  1351 | 2/31
 37 h-m-p  0.0098 0.6559   0.9146 CC     5218.474387  1 0.0149  1387 | 2/31
 38 h-m-p  0.0079 0.3803   1.7228 YC     5218.427058  1 0.0182  1451 | 2/31
 39 h-m-p  0.0046 0.2772   6.7498 ++CYC  5217.455757  2 0.0812  1490 | 2/31
 40 h-m-p  1.6000 8.0000   0.1869 CYC    5217.112471  2 1.7447  1527 | 2/31
 41 h-m-p  1.6000 8.0000   0.0959 CC     5217.028563  1 1.8156  1592 | 2/31
 42 h-m-p  1.6000 8.0000   0.0215 CC     5217.001302  1 1.7713  1657 | 2/31
 43 h-m-p  1.6000 8.0000   0.0076 CC     5216.968723  1 2.1984  1722 | 2/31
 44 h-m-p  0.5129 8.0000   0.0324 +CC    5216.941911  1 2.2330  1788 | 2/31
 45 h-m-p  1.6000 8.0000   0.0100 ++     5216.871443  m 8.0000  1851 | 2/31
 46 h-m-p  1.6000 8.0000   0.0316 +YC    5216.680906  1 4.6785  1916 | 2/31
 47 h-m-p  1.6000 8.0000   0.0377 CY     5216.622000  1 1.7339  1981 | 2/31
 48 h-m-p  1.6000 8.0000   0.0073 CC     5216.618586  1 1.3492  2046 | 2/31
 49 h-m-p  1.6000 8.0000   0.0006 Y     
error: end of tree file. 5216.618497  0 1.1983  2109 | 2/31
 50 h-m-p  1.6000 8.0000   0.0003 Y      5216.618495  0 1.1769  2172 | 2/31
 51 h-m-p  1.6000 8.0000   0.0001 C      5216.618495  0 1.4250  2235 | 2/31
 52 h-m-p  1.6000 8.0000   0.0000 C      5216.618495  0 1.2916  2298 | 2/31
 53 h-m-p  1.6000 8.0000   0.0000 C      5216.618495  0 1.7972  2361 | 2/31
 54 h-m-p  1.6000 8.0000   0.0000 Y      5216.618495  0 0.4000  2424 | 2/31
 55 h-m-p  0.7047 8.0000   0.0000 ----Y  5216.618495  0 0.0005  2491
Out..
lnL  = -5216.618495
2492 lfun, 17444 eigenQcodon, 403704 P(t)

 16         verbose | verbose                1.00
  8         runmode | runmode                0.00
  4         seqtype | seqtype                1.00
 14       CodonFreq | CodonFreq              1.00
 19          aaDist | aaDist                 0.00
 17           model | model                  0.00
 21         NSsites | NSsites                8.00
 23           icode | icode                  0.00
 25       fix_kappa | fix_kappa              0.00
 26           kappa | kappa                  2.00
 27       fix_omega | fix_omega              1.00
 28           omega | omega                  1.00
 29       fix_alpha | fix_alpha              1.00
 30           alpha | alpha                  0.00
 31          Malpha | Malpha                 0.00
 32           ncatG | ncatG                  5.00
 12           getSE | getSE                  0.00
 13    RateAncestor | RateAncestor           0.00
 36      Small_Diff | Small_Diff             0.00
  7       cleandata | cleandata              0.00
 37     fix_blength | fix_blength            1.00
CODONML in paml version 4.10.7, June 2023

----------------------------------------------
Phe F TTT | Ser S TCT | Tyr Y TAT | Cys C TGT
      TTC |       TCC |       TAC |       TGC
Leu L TTA |       TCA | *** * TAA | *** * TGA
      TTG |       TCG |       TAG | Trp W TGG
----------------------------------------------
Leu L CTT | Pro P CCT | His H CAT | Arg R CGT
      CTC |       CCC |       CAC |       CGC
      CTA |       CCA | Gln Q CAA |       CGA
      CTG |       CCG |       CAG |       CGG
----------------------------------------------
Ile I ATT | Thr T ACT | Asn N AAT | Ser S AGT
      ATC |       ACC |       AAC |       AGC
      ATA |       ACA | Lys K AAA | Arg R AGA
Met M ATG |       ACG |       AAG |       AGG
----------------------------------------------
Val V GTT | Ala A GCT | Asp D GAT | Gly G GGT
      GTC |       GCC |       GAC |       GGC
      GTA |       GCA | Glu E GAA |       GGA
      GTG |       GCG |       GAG |       GGG
----------------------------------------------
Nice code, uuh?


Ambiguity character definition table:

T (1): T 
C (1): C 
A (1): A 
G (1): G 
U (1): T 
Y (2): T C 
R (2): A G 
M (2): C A 
K (2): T G 
S (2): C G 
W (2): T A 
H (3): T C A 
B (3): T C G 
V (3): C A G 
D (3): T A G 
- (4): T C A G 
N (4): T C A G 
? (4): T C A G 
ns = 20  	ls = 681
Reading sequences, sequential format..
Reading seq # 1: XM_0303710       
Reading seq # 2: XM_0300719       
Reading seq # 3: XM_0116051       
Reading seq # 4: XM_0153912       
Reading seq # 5: XM_0083228       
Reading seq # 6: XM_0263177       
Reading seq # 7: XM_0232716       
Reading seq # 8: XM_0034575       
Reading seq # 9: XM_0059358       
Reading seq #10: XM_0066360       
Reading seq #11: XM_0187627       
Reading seq #12: NM_0010024       
Reading seq #13: XM_0108851       
Reading seq #14: XM_0142011       
Reading seq #15: XM_0128228       
Reading seq #16: XM_0307823       
Reading seq #17: XM_0177143       
Reading seq #18: XM_0072288       
Reading seq #19: XM_0270016       
Reading seq #20: XM_0174774       

Sequences read..
Counting site patterns..  0:00
Compressing,    225 patterns at    227 /    227 sites (100.0%),  0:00
Collecting fpatt[] & pose[],    225 patterns at    227 /    227 sites (100.0%),  0:00
Counting codons..
NG distances for seqs.:
   1
  2   1:Sites   178.6 +  502.4 =  681.0	Diffs    95.0 +   38.0 =  133.0   2
  3   1:Sites   176.6 +  504.4 =  681.0	Diffs   101.2 +   44.8 =  146.0
  3   2:Sites   175.6 +  505.4 =  681.0	Diffs   104.5 +   43.5 =  148.0   3
  4   1:Sites   177.7 +  503.3 =  681.0	Diffs   105.5 +   43.5 =  149.0
  4   2:Sites   176.7 +  504.3 =  681.0	Diffs   100.3 +   39.7 =  140.0
  4   3:Sites   174.7 +  506.3 =  681.0	Diffs   106.0 +   30.0 =  136.0   4
  5   1:Sites   178.3 +  502.7 =  681.0	Diffs    95.2 +   43.8 =  139.0
  5   2:Sites   177.2 +  503.8 =  681.0	Diffs   100.8 +   32.2 =  133.0
  5   3:Sites   175.2 +  505.8 =  681.0	Diffs    96.5 +   32.5 =  129.0
  5   4:Sites   176.3 +  504.7 =  681.0	Diffs    89.5 +   23.5 =  113.0   5
  6   1:Sites   178.3 +  502.7 =  681.0	Diffs    93.7 +   43.3 =  137.0
  6   2:Sites   177.3 +  503.7 =  681.0	Diffs    99.3 +   38.7 =  138.0
  6   3:Sites   175.3 +  505.7 =  681.0	Diffs    83.0 +   31.0 =  114.0
  6   4:Sites   176.4 +  504.6 =  681.0	Diffs    75.5 +   23.5 =   99.0
  6   5:Sites   176.9 +  504.1 =  681.0	Diffs    78.0 +   17.0 =   95.0   6
  7   1:Sites   178.5 +  502.5 =  681.0	Diffs   103.2 +   37.8 =  141.0
  7   2:Sites   177.5 +  503.5 =  681.0	Diffs   107.5 +   32.5 =  140.0
  7   3:Sites   175.5 +  505.5 =  681.0	Diffs    91.0 +   30.0 =  121.0
  7   4:Sites   176.6 +  504.4 =  681.0	Diffs    85.7 +   23.3 =  109.0
  7   5:Sites   177.1 +  503.9 =  681.0	Diffs    86.5 +   15.5 =  102.0
  7   6:Sites   177.2 +  503.8 =  681.0	Diffs    76.5 +   18.5 =   95.0   7
  8   1:Sites   178.8 +  502.2 =  681.0	Diffs   111.7 +   36.3 =  148.0
  8   2:Sites   177.8 +  503.2 =  681.0	Diffs    96.0 +   38.0 =  134.0
  8   3:Sites   175.8 +  505.2 =  681.0	Diffs    90.5 +   30.5 =  121.0
  8   4:Sites   176.9 +  504.1 =  681.0	Diffs    92.0 +   24.0 =  116.0
  8   5:Sites   177.4 +  503.6 =  681.0	Diffs    85.0 +   23.0 =  108.0
  8   6:Sites   177.5 +  503.5 =  681.0	Diffs    79.5 +   22.5 =  102.0
  8   7:Sites   177.7 +  503.3 =  681.0	Diffs    75.0 +   21.0 =   96.0   8
  9   1:Sites   179.1 +  501.9 =  681.0	Diffs   113.7 +   35.3 =  149.0
  9   2:Sites   178.1 +  502.9 =  681.0	Diffs    99.5 +   38.5 =  138.0
  9   3:Sites   176.1 +  504.9 =  681.0	Diffs    91.0 +   31.0 =  122.0
  9   4:Sites   177.2 +  503.8 =  681.0	Diffs    95.0 +   26.0 =  121.0
  9   5:Sites   177.8 +  503.2 =  681.0	Diffs    89.0 +   23.0 =  112.0
  9   6:Sites   177.8 +  503.2 =  681.0	Diffs    81.0 +   22.0 =  103.0
  9   7:Sites   178.0 +  503.0 =  681.0	Diffs    73.0 +   21.0 =   94.0
  9   8:Sites   178.3 +  502.7 =  681.0	Diffs    15.0 +    5.0 =   20.0   9
 10   1:Sites   177.1 +  503.9 =  681.0	Diffs   138.5 +   35.5 =  174.0
NG86 unusable.

 10   2:Sites   176.1 +  504.9 =  681.0	Diffs   133.5 +   55.5 =  189.0
NG86 unusable.

 10   3:Sites   174.1 +  506.9 =  681.0	Diffs   132.5 +   52.5 =  185.0
NG86 unusable.

 10   4:Sites   175.2 +  505.8 =  681.0	Diffs   134.2 +   52.8 =  187.0
NG86 unusable.

 10   5:Sites   175.8 +  505.2 =  681.0	Diffs   148.2 +   47.8 =  196.0
NG86 unusable.

 10   6:Sites   175.8 +  505.2 =  681.0	Diffs   124.5 +   48.5 =  173.0
 10   7:Sites   176.0 +  505.0 =  681.0	Diffs   133.2 +   44.8 =  178.0
NG86 unusable.

 10   8:Sites   176.3 +  504.7 =  681.0	Diffs   122.7 +   47.3 =  170.0
 10   9:Sites   176.6 +  504.4 =  681.0	Diffs   122.0 +   48.0 =  170.0  10
 11   1:Sites   177.6 +  503.4 =  681.0	Diffs   118.0 +   38.0 =  156.0
 11   2:Sites   176.6 +  504.4 =  681.0	Diffs   113.2 +   57.8 =  171.0
 11   3:Sites   174.6 +  506.4 =  681.0	Diffs   127.4 +   60.6 =  188.0
 11   4:Sites   175.7 +  505.3 =  681.0	Diffs   118.1 +   57.9 =  176.0
 11   5:Sites   176.2 +  504.8 =  681.0	Diffs   113.2 +   54.8 =  168.0
 11   6:Sites   176.3 +  504.7 =  681.0	Diffs   118.6 +   51.4 =  170.0
 11   7:Sites   176.5 +  504.5 =  681.0	Diffs   121.8 +   52.2 =  174.0
 11   8:Sites   176.8 +  504.2 =  681.0	Diffs   122.4 +   54.6 =  177.0
 11   9:Sites   177.1 +  503.9 =  681.0	Diffs   121.4 +   54.6 =  176.0
 11  10:Sites   175.1 +  505.9 =  681.0	Diffs   124.0 +   36.0 =  160.0  11
 12   1:Sites   175.7 +  505.3 =  681.0	Diffs   138.5 +   44.5 =  183.0
NG86 unusable.

 12   2:Sites   174.7 +  506.3 =  681.0	Diffs   121.8 +   60.2 =  182.0
 12   3:Sites   172.7 +  508.3 =  681.0	Diffs   122.9 +   64.1 =  187.0
 12   4:Sites   173.8 +  507.2 =  681.0	Diffs   125.4 +   60.6 =  186.0
 12   5:Sites   174.3 +  506.7 =  681.0	Diffs   118.4 +   55.6 =  174.0
 12   6:Sites   174.4 +  506.6 =  681.0	Diffs   128.9 +   59.1 =  188.0
 12   7:Sites   174.5 +  506.5 =  681.0	Diffs   124.4 +   54.6 =  179.0
 12   8:Sites   174.8 +  506.2 =  681.0	Diffs   122.4 +   60.6 =  183.0
 12   9:Sites   175.2 +  505.8 =  681.0	Diffs   127.4 +   62.6 =  190.0
 12  10:Sites   173.2 +  507.8 =  681.0	Diffs   132.3 +   37.7 =  170.0
NG86 unusable.

 12  11:Sites   173.7 +  507.3 =  681.0	Diffs   127.2 +   41.8 =  169.0  12
 13   1:Sites   178.6 +  502.4 =  681.0	Diffs   127.3 +   34.7 =  162.0
 13   2:Sites   177.6 +  503.4 =  681.0	Diffs   116.5 +   46.5 =  163.0
 13   3:Sites   175.6 +  505.4 =  681.0	Diffs   114.3 +   47.7 =  162.0
 13   4:Sites   176.7 +  504.3 =  681.0	Diffs   119.3 +   38.7 =  158.0
 13   5:Sites   177.2 +  503.8 =  681.0	Diffs   115.0 +   40.0 =  155.0
 13   6:Sites   177.3 +  503.7 =  681.0	Diffs   114.0 +   39.0 =  153.0
 13   7:Sites   177.5 +  503.5 =  681.0	Diffs   125.5 +   36.5 =  162.0
 13   8:Sites   177.8 +  503.2 =  681.0	Diffs   122.0 +   43.0 =  165.0
 13   9:Sites   178.1 +  502.9 =  681.0	Diffs   122.3 +   44.7 =  167.0
 13  10:Sites   176.1 +  504.9 =  681.0	Diffs   130.2 +   28.8 =  159.0
 13  11:Sites   176.6 +  504.4 =  681.0	Diffs   110.0 +   36.0 =  146.0
 13  12:Sites   174.7 +  506.3 =  681.0	Diffs   106.0 +   34.0 =  140.0  13
 14   1:Sites   178.3 +  502.7 =  681.0	Diffs   109.8 +   35.2 =  145.0
 14   2:Sites   177.2 +  503.8 =  681.0	Diffs    99.5 +   45.5 =  145.0
 14   3:Sites   175.2 +  505.8 =  681.0	Diffs   111.6 +   50.4 =  162.0
 14   4:Sites   176.3 +  504.7 =  681.0	Diffs   113.6 +   39.4 =  153.0
 14   5:Sites   176.9 +  504.1 =  681.0	Diffs   102.2 +   41.8 =  144.0
 14   6:Sites   176.9 +  504.1 =  681.0	Diffs   107.2 +   41.8 =  149.0
 14   7:Sites   177.1 +  503.9 =  681.0	Diffs   117.8 +   37.2 =  155.0
 14   8:Sites   177.4 +  503.6 =  681.0	Diffs   110.8 +   46.2 =  157.0
 14   9:Sites   177.8 +  503.2 =  681.0	Diffs   113.1 +   47.9 =  161.0
 14  10:Sites   175.8 +  505.2 =  681.0	Diffs   129.7 +   28.3 =  158.0
 14  11:Sites   176.2 +  504.8 =  681.0	Diffs   109.5 +   32.5 =  142.0
 14  12:Sites   174.3 +  506.7 =  681.0	Diffs   112.0 +   32.0 =  144.0
 14  13:Sites   177.2 +  503.8 =  681.0	Diffs    53.0 +    4.0 =   57.0  14
 15   1:Sites   177.4 +  503.6 =  681.0	Diffs   127.5 +   36.5 =  164.0
 15   2:Sites   176.4 +  504.6 =  681.0	Diffs   118.8 +   53.2 =  172.0
 15   3:Sites   174.4 +  506.6 =  681.0	Diffs   119.8 +   56.2 =  176.0
 15   4:Sites   175.5 +  505.5 =  681.0	Diffs   125.2 +   50.7 =  176.0
 15   5:Sites   176.1 +  504.9 =  681.0	Diffs   124.2 +   48.7 =  173.0
 15   6:Sites   176.1 +  504.9 =  681.0	Diffs   112.2 +   51.7 =  164.0
 15   7:Sites   176.3 +  504.7 =  681.0	Diffs   119.1 +   50.9 =  170.0
 15   8:Sites   176.6 +  504.4 =  681.0	Diffs   116.8 +   54.2 =  171.0
 15   9:Sites   176.9 +  504.1 =  681.0	Diffs   122.2 +   53.7 =  176.0
 15  10:Sites   175.0 +  506.0 =  681.0	Diffs   124.3 +   34.7 =  159.0
 15  11:Sites   175.4 +  505.6 =  681.0	Diffs   117.2 +   34.8 =  152.0
 15  12:Sites   173.5 +  507.5 =  681.0	Diffs   117.4 +   37.6 =  155.0
 15  13:Sites   176.4 +  504.6 =  681.0	Diffs   120.5 +   29.5 =  150.0
 15  14:Sites   176.1 +  504.9 =  681.0	Diffs   107.0 +   26.0 =  133.0  15
 16   1:Sites   176.7 +  504.3 =  681.0	Diffs   124.8 +   34.2 =  159.0
 16   2:Sites   175.7 +  505.3 =  681.0	Diffs   120.9 +   45.1 =  166.0
 16   3:Sites   173.7 +  507.3 =  681.0	Diffs   124.2 +   52.8 =  177.0
 16   4:Sites   174.8 +  506.2 =  681.0	Diffs   139.2 +   44.8 =  184.0
NG86 unusable.

 16   5:Sites   175.4 +  505.6 =  681.0	Diffs   124.4 +   43.6 =  168.0
 16   6:Sites   175.4 +  505.6 =  681.0	Diffs   129.4 +   47.6 =  177.0
 16   7:Sites   175.6 +  505.4 =  681.0	Diffs   127.7 +   43.3 =  171.0
 16   8:Sites   175.9 +  505.1 =  681.0	Diffs   126.9 +   48.1 =  175.0
 16   9:Sites   176.3 +  504.7 =  681.0	Diffs   130.7 +   50.3 =  181.0
 16  10:Sites   174.3 +  506.7 =  681.0	Diffs   122.6 +   25.4 =  148.0
 16  11:Sites   174.7 +  506.3 =  681.0	Diffs   112.8 +   31.2 =  144.0
 16  12:Sites   172.8 +  508.2 =  681.0	Diffs   104.2 +   25.8 =  130.0
 16  13:Sites   175.7 +  505.3 =  681.0	Diffs   122.5 +   22.5 =  145.0
 16  14:Sites   175.4 +  505.6 =  681.0	Diffs   114.0 +   19.0 =  133.0
 16  15:Sites   174.6 +  506.4 =  681.0	Diffs   106.5 +   21.5 =  128.0  16
 17   1:Sites   175.9 +  505.1 =  681.0	Diffs   126.3 +   55.7 =  182.0
 17   2:Sites   174.9 +  506.1 =  681.0	Diffs   123.5 +   64.5 =  188.0
 17   3:Sites   172.9 +  508.1 =  681.0	Diffs   113.9 +   62.1 =  176.0
 17   4:Sites   174.0 +  507.0 =  681.0	Diffs   125.4 +   64.6 =  190.0
 17   5:Sites   174.6 +  506.4 =  681.0	Diffs   112.9 +   64.1 =  177.0
 17   6:Sites   174.6 +  506.4 =  681.0	Diffs   111.9 +   62.1 =  174.0
 17   7:Sites   174.8 +  506.2 =  681.0	Diffs   121.4 +   57.6 =  179.0
 17   8:Sites   175.1 +  505.9 =  681.0	Diffs   118.6 +   63.4 =  182.0
 17   9:Sites   175.4 +  505.6 =  681.0	Diffs   120.1 +   61.9 =  182.0
 17  10:Sites   173.4 +  507.6 =  681.0	Diffs   119.8 +   45.2 =  165.0
 17  11:Sites   173.9 +  507.1 =  681.0	Diffs   112.3 +   50.7 =  163.0
 17  12:Sites   172.0 +  509.0 =  681.0	Diffs   116.0 +   38.0 =  154.0
 17  13:Sites   174.9 +  506.1 =  681.0	Diffs   113.0 +   41.0 =  154.0
 17  14:Sites   174.6 +  506.4 =  681.0	Diffs    98.5 +   42.5 =  141.0
 17  15:Sites   173.7 +  507.3 =  681.0	Diffs   119.0 +   40.0 =  159.0
 17  16:Sites   173.0 +  508.0 =  681.0	Diffs    92.8 +   37.2 =  130.0  17
 18   1:Sites   176.6 +  504.4 =  681.0	Diffs   137.5 +   39.5 =  177.0
NG86 unusable.

 18   2:Sites   175.6 +  505.4 =  681.0	Diffs   127.8 +   57.2 =  185.0
 18   3:Sites   173.6 +  507.4 =  681.0	Diffs   113.9 +   54.1 =  168.0
 18   4:Sites   174.7 +  506.3 =  681.0	Diffs   131.8 +   56.2 =  188.0
NG86 unusable.

 18   5:Sites   175.2 +  505.8 =  681.0	Diffs   124.9 +   56.1 =  181.0
 18   6:Sites   175.3 +  505.7 =  681.0	Diffs   118.4 +   51.6 =  170.0
 18   7:Sites   175.5 +  505.5 =  681.0	Diffs   120.4 +   49.6 =  170.0
 18   8:Sites   175.8 +  505.2 =  681.0	Diffs   114.9 +   55.1 =  170.0
 18   9:Sites   176.1 +  504.9 =  681.0	Diffs   117.9 +   54.1 =  172.0
 18  10:Sites   174.1 +  506.9 =  681.0	Diffs   106.0 +   34.0 =  140.0
 18  11:Sites   174.6 +  506.4 =  681.0	Diffs   114.5 +   42.5 =  157.0
 18  12:Sites   172.7 +  508.3 =  681.0	Diffs    99.0 +   32.0 =  131.0
 18  13:Sites   175.6 +  505.4 =  681.0	Diffs   104.8 +   32.2 =  137.0
 18  14:Sites   175.2 +  505.8 =  681.0	Diffs    98.3 +   32.7 =  131.0
 18  15:Sites   174.4 +  506.6 =  681.0	Diffs   110.5 +   34.5 =  145.0
 18  16:Sites   173.7 +  507.3 =  681.0	Diffs    97.0 +   28.0 =  125.0
 18  17:Sites   172.9 +  508.1 =  681.0	Diffs    61.5 +   30.5 =   92.0  18
 19   1:Sites   175.8 +  505.2 =  681.0	Diffs   130.5 +   44.5 =  175.0
 19   2:Sites   174.8 +  506.2 =  681.0	Diffs   136.2 +   57.8 =  194.0
NG86 unusable.

 19   3:Sites   172.8 +  508.2 =  681.0	Diffs   125.9 +   60.1 =  186.0
 19   4:Sites   173.9 +  507.1 =  681.0	Diffs   130.4 +   54.6 =  185.0
 19   5:Sites   174.5 +  506.5 =  681.0	Diffs   129.4 +   53.6 =  183.0
 19   6:Sites   174.5 +  506.5 =  681.0	Diffs   131.8 +   54.2 =  186.0
NG86 unusable.

 19   7:Sites   174.7 +  506.3 =  681.0	Diffs   123.9 +   48.1 =  172.0
 19   8:Sites   175.0 +  506.0 =  681.0	Diffs   127.4 +   53.6 =  181.0
 19   9:Sites   175.3 +  505.7 =  681.0	Diffs   128.2 +   55.7 =  184.0
 19  10:Sites   173.4 +  507.6 =  681.0	Diffs   128.0 +   27.0 =  155.0
 19  11:Sites   173.8 +  507.2 =  681.0	Diffs   117.5 +   41.5 =  159.0
 19  12:Sites   171.9 +  509.1 =  681.0	Diffs   102.5 +   29.5 =  132.0
 19  13:Sites   174.8 +  506.2 =  681.0	Diffs   123.5 +   26.5 =  150.0
 19  14:Sites   174.5 +  506.5 =  681.0	Diffs   112.0 +   26.0 =  138.0
 19  15:Sites   173.7 +  507.3 =  681.0	Diffs   116.5 +   29.5 =  146.0
 19  16:Sites   173.0 +  508.0 =  681.0	Diffs    97.2 +   21.8 =  119.0
 19  17:Sites   172.1 +  508.9 =  681.0	Diffs    79.0 +   38.0 =  117.0
 19  18:Sites   172.8 +  508.2 =  681.0	Diffs    79.7 +   29.3 =  109.0  19
 20   1:Sites   175.7 +  505.3 =  681.0	Diffs   134.5 +   36.5 =  171.0
NG86 unusable.

 20   2:Sites   174.7 +  506.3 =  681.0	Diffs   129.2 +   50.8 =  180.0
 20   3:Sites   172.7 +  508.3 =  681.0	Diffs   120.9 +   56.1 =  177.0
 20   4:Sites   173.8 +  507.2 =  681.0	Diffs   131.9 +   49.1 =  181.0
NG86 unusable.

 20   5:Sites   174.3 +  506.7 =  681.0	Diffs   123.9 +   47.1 =  171.0
 20   6:Sites   174.4 +  506.6 =  681.0	
error: end of tree file.Diffs   126.9 +   46.1 =  173.0
 20   7:Sites   174.6 +  506.4 =  681.0	Diffs   127.4 +   43.6 =  171.0
 20   8:Sites   174.9 +  506.1 =  681.0	Diffs   129.9 +   52.1 =  182.0
 20   9:Sites   175.2 +  505.8 =  681.0	Diffs   128.4 +   53.6 =  182.0
 20  10:Sites   173.2 +  507.8 =  681.0	Diffs   125.3 +   24.7 =  150.0
 20  11:Sites   173.7 +  507.3 =  681.0	Diffs   108.8 +   30.2 =  139.0
 20  12:Sites   171.8 +  509.2 =  681.0	Diffs   102.5 +   22.5 =  125.0
 20  13:Sites   174.7 +  506.3 =  681.0	Diffs   109.0 +   16.0 =  125.0
 20  14:Sites   174.3 +  506.7 =  681.0	Diffs   104.5 +   16.5 =  121.0
 20  15:Sites   173.5 +  507.5 =  681.0	Diffs   115.0 +   22.0 =  137.0
 20  16:Sites   172.8 +  508.2 =  681.0	Diffs   101.0 +   12.0 =  113.0
 20  17:Sites   172.0 +  509.0 =  681.0	Diffs    70.3 +   28.7 =   99.0
 20  18:Sites   172.7 +  508.3 =  681.0	Diffs    65.0 +   23.0 =   88.0
 20  19:Sites   171.9 +  509.1 =  681.0	Diffs    76.0 +   14.0 =   90.0  20

     1520 bytes for distance
   219600 bytes for conP
    10800 bytes for fhK
  5000000 bytes for space

TREE #  1

Branch lengths in tree used as initials.
(5, (4, 6), ((3, (2, (1, ((13, 14), (11, (15, ((((17, 18), (19, 20)), (12, 16)), 10))))))), (7, (8, 9))));   MP score: 1321
  1976400 bytes for conP, adjusted

1 node(s) used for scaling (Yang 2000 J Mol Evol 51:423-432):
 23

    0.101133    0.014051    0.119794    0.056324    0.021036    0.021073    0.130176    0.056380    0.121061    0.033774    0.122350    0.088300    0.056604    0.064185    0.028430    0.035783    0.164033    0.024408    0.150048    0.023937    0.034016    0.035046    0.027924    0.090979    0.067626    0.012540    0.096168    0.062125    0.033755    0.151918    0.097233    0.199332    0.018348    0.078418    0.080038    0.014318    0.016227    1.767377    0.900000    0.257505    1.808095

ntime & nrate & np:    37     1    41

Bounds (np=41):
   0.000004   0.000004   0.000004   0.000004   0.000004   0.000004   0.000004   0.000004   0.000004   0.000004   0.000004   0.000004   0.000004   0.000004   0.000004   0.000004   0.000004   0.000004   0.000004   0.000004   0.000004   0.000004   0.000004   0.000004   0.000004   0.000004   0.000004   0.000004   0.000004   0.000004   0.000004   0.000004   0.000004   0.000004   0.000004   0.000004   0.000004   0.000100   0.000010   0.005000   0.005000
  50.000000  50.000000  50.000000  50.000000  50.000000  50.000000  50.000000  50.000000  50.000000  50.000000  50.000000  50.000000  50.000000  50.000000  50.000000  50.000000  50.000000  50.000000  50.000000  50.000000  50.000000  50.000000  50.000000  50.000000  50.000000  50.000000  50.000000  50.000000  50.000000  50.000000  50.000000  50.000000  50.000000  50.000000  50.000000  50.000000  50.000000 999.000000   0.999990  99.000000  99.000000
Qfactor_NS = 12.786803

np =    41
lnL0 = -7071.039056

Iterating by ming2
Initial: fx=  7071.039056
x=  0.10113  0.01405  0.11979  0.05632  0.02104  0.02107  0.13018  0.05638  0.12106  0.03377  0.12235  0.08830  0.05660  0.06419  0.02843  0.03578  0.16403  0.02441  0.15005  0.02394  0.03402  0.03505  0.02792  0.09098  0.06763  0.01254  0.09617  0.06212  0.03375  0.15192  0.09723  0.19933  0.01835  0.07842  0.08004  0.01432  0.01623  1.76738  0.90000  0.25750  1.80810

  1 h-m-p  0.0000 0.0001 2691.4484 ++     6674.565046  m 0.0001    46 | 0/41
  2 h-m-p  0.0000 0.0001 11025.8580 YCYCCC  6474.692058  5 0.0000    98 | 0/41
  3 h-m-p  0.0002 0.0011 580.0338 +YYCCC  6390.390354  4 0.0007   149 | 0/41
  4 h-m-p  0.0002 0.0009 392.7135 +CYCCC  6339.079832  4 0.0008   201 | 0/41
  5 h-m-p  0.0000 0.0000 1334.5871 ++     6331.222426  m 0.0000   245 | 0/41
  6 h-m-p  0.0002 0.0012 203.0021 +YCCC  6321.650998  3 0.0007   295 | 0/41
  7 h-m-p  0.0001 0.0006 349.4716 YCCC   6316.596210  3 0.0003   344 | 0/41
  8 h-m-p  0.0005 0.0027  99.6638 YC     6313.095977  1 0.0011   389 | 0/41
  9 h-m-p  0.0011 0.0054  63.1426 CCC    6311.532957  2 0.0012   437 | 0/41
 10 h-m-p  0.0014 0.0069  37.7790 CC     6310.783543  1 0.0016   483 | 0/41
 11 h-m-p  0.0008 0.0038  27.7449 YC     6310.367564  1 0.0017   528 | 0/41
 12 h-m-p  0.0016 0.0124  28.8734 C      6310.030103  0 0.0017   572 | 0/41
 13 h-m-p  0.0019 0.0471  25.3739 YC     6309.426865  1 0.0038   617 | 0/41
 14 h-m-p  0.0014 0.0069  48.9249 YC     6308.652505  1 0.0027   662 | 0/41
 15 h-m-p  0.0017 0.0109  75.4740 YCCC   6307.213740  3 0.0033   711 | 0/41
 16 h-m-p  0.0031 0.0155  76.8940 CCC    6305.671784  2 0.0035   759 | 0/41
 17 h-m-p  0.0048 0.0240  56.0252 YC     6304.680187  1 0.0032   804 | 0/41
 18 h-m-p  0.0043 0.0215  26.4118 YC     6304.221137  1 0.0032   849 | 0/41
 19 h-m-p  0.0069 0.0471  12.4506 YC     6303.965223  1 0.0039   894 | 0/41
 20 h-m-p  0.0055 0.0423   8.7876 CC     6303.597455  1 0.0068   940 | 0/41
 21 h-m-p  0.0050 0.0869  11.8236 CC     6303.012597  1 0.0062   986 | 0/41
 22 h-m-p  0.0087 0.0773   8.3841 CCC    6301.764542  2 0.0117  1034 | 0/41
 23 h-m-p  0.0042 0.0211  23.0580 YCCC   6299.271805  3 0.0073  1083 | 0/41
 24 h-m-p  0.0069 0.0393  24.3342 CCC    6297.480633  2 0.0061  1131 | 0/41
 25 h-m-p  0.0014 0.0068  20.2820 +YC    6296.952486  1 0.0034  1177 | 0/41
 26 h-m-p  0.0059 0.0293   9.3469 YC     6296.832059  1 0.0031  1222 | 0/41
 27 h-m-p  0.0077 0.0724   3.8148 YC     6296.781486  1 0.0052  1267 | 0/41
 28 h-m-p  0.0087 0.0639   2.2811 CC     6296.684492  1 0.0131  1313 | 0/41
 29 h-m-p  0.0053 0.1896   5.6945 +CCC   6295.843946  2 0.0310  1362 | 0/41
 30 h-m-p  0.0018 0.0088  50.0737 ++     6293.083551  m 0.0088  1406 | 1/41
 31 h-m-p  0.0031 0.0156  41.0334 CYC    6292.573271  2 0.0029  1453 | 1/41
 32 h-m-p  0.0054 0.0270   9.2277 YC     6292.493934  1 0.0030  1498 | 1/41
 33 h-m-p  0.0112 0.1436   2.5130 YC     6292.481107  1 0.0045  1543 | 1/41
 34 h-m-p  0.0100 0.3019   1.1413 YC     6292.473695  1 0.0063  1588 | 1/41
 35 h-m-p  0.0052 0.3823   1.3716 +YC    6292.442257  1 0.0172  1634 | 1/41
 36 h-m-p  0.0049 0.3278   4.8182 +YC    6292.162986  1 0.0326  1680 | 1/41
 37 h-m-p  0.0049 0.0258  32.3733 CCC    6291.819784  2 0.0062  1728 | 1/41
 38 h-m-p  0.0119 0.0594  12.1247 YC     6291.722234  1 0.0054  1773 | 1/41
 39 h-m-p  0.0257 0.1286   2.2190 YC     6291.714815  1 0.0034  1818 | 1/41
 40 h-m-p  0.0104 0.7304   0.7121 YC     6291.713779  1 0.0043  1863 | 1/41
 41 h-m-p  0.0073 1.4239   0.4205 YC     6291.711450  1 0.0133  1948 | 1/41
 42 h-m-p  0.0184 2.7362   0.3051 +CC    6291.680247  1 0.1090  2035 | 1/41
 43 h-m-p  0.0042 0.1543   7.8592 +YC    6291.601444  1 0.0117  2121 | 1/41
 44 h-m-p  0.0166 0.2546   5.5154 CC     6291.572332  1 0.0061  2167 | 1/41
 45 h-m-p  0.2342 1.2450   0.1430 -YC    6291.571151  1 0.0274  2213 | 1/41
 46 h-m-p  0.0238 6.8502   0.1646 ++CC   6291.497993  1 0.4343  2301 | 1/41
 47 h-m-p  1.6000 8.0000   0.0082 C      6291.481558  0 1.5409  2385 | 1/41
 48 h-m-p  1.6000 8.0000   0.0043 CC     6291.476174  1 2.5365  2471 | 1/41
 49 h-m-p  1.6000 8.0000   0.0045 +YC    6291.468364  1 5.0071  2557 | 1/41
 50 h-m-p  1.4560 8.0000   0.0154 YC     6291.455587  1 3.3923  2642 | 1/41
 51 h-m-p  1.6000 8.0000   0.0105 YC     6291.444406  1 2.8247  2727 | 1/41
 52 h-m-p  1.6000 8.0000   0.0073 +YC    6291.419081  1 5.3090  2813 | 1/41
 53 h-m-p  1.5645 8.0000   0.0249 YC     6291.384873  1 3.8051  2898 | 1/41
 54 h-m-p  1.6000 8.0000   0.0049 CC     6291.375027  1 1.7776  2984 | 1/41
 55 h-m-p  1.6000 8.0000   0.0012 Y      6291.374680  0 1.2444  3068 | 1/41
 56 h-m-p  1.6000 8.0000   0.0004 Y      6291.374671  0 1.2003  3152 | 1/41
 57 h-m-p  1.6000 8.0000   0.0001 Y      6291.374671  0 1.0998  3236 | 1/41
 58 h-m-p  1.6000 8.0000   0.0000 Y      6291.374671  0 1.2216  3320 | 1/41
 59 h-m-p  1.6000 8.0000   0.0000 Y      6291.374671  0 0.8803  3404 | 1/41
 60 h-m-p  1.6000 8.0000   0.0000 -C     6291.374671  0 0.1000  3489
Out..
lnL  = -6291.374671
3490 lfun, 24430 eigenQcodon, 774780 P(t)
