
 15         verbose | verbose                1.00
  7         runmode | runmode                0.00
  4         seqtype | seqtype                1.00
 13       CodonFreq | CodonFreq              1.00
  9           clock | clock                  0.00
 18          aaDist | aaDist                 0.00
 16           model | model                  0.00
 20         NSsites | NSsites                8.00
 22           icode | icode                  0.00
 23           Mgene | Mgene                  0.00
 24       fix_kappa | fix_kappa              0.00
 25           kappa | kappa                  2.00
 26       fix_omega | fix_omega              1.00
 27           omega | omega                  1.00
 28       fix_alpha | fix_alpha              1.00
 29           alpha | alpha                  0.00
 30          Malpha | Malpha                 0.00
 31           ncatG | ncatG                  5.00
 11           getSE | getSE                  1.00
 12    RateAncestor | RateAncestor           0.00
 36      Small_Diff | Small_Diff             0.00
  6       cleandata | cleandata              0.00
  8          method | method                 0.00
CODONML in paml version 4.9h, March 2018

----------------------------------------------
Phe F TTT | Ser S TCT | Tyr Y TAT | Cys C TGT
      TTC |       TCC |       TAC |       TGC
Leu L TTA |       TCA | *** * TAA | *** * TGA
      TTG |       TCG |       TAG | Trp W TGG
----------------------------------------------
Leu L CTT | Pro P CCT | His H CAT | Arg R CGT
      CTC |       CCC |       CAC |       CGC
      CTA |       CCA | Gln Q CAA |       CGA
      CTG |       CCG |       CAG |       CGG
----------------------------------------------
Ile I ATT | Thr T ACT | Asn N AAT | Ser S AGT
      ATC |       ACC |       AAC |       AGC
      ATA |       ACA | Lys K AAA | Arg R AGA
Met M ATG |       ACG |       AAG |       AGG
----------------------------------------------
Val V GTT | Ala A GCT | Asp D GAT | Gly G GGT
      GTC |       GCC |       GAC |       GGC
      GTA |       GCA | Glu E GAA |       GGA
      GTG |       GCG |       GAG |       GGG
----------------------------------------------
Nice code, uuh?


Ambiguity character definition table:

T (1): T 
C (1): C 
A (1): A 
G (1): G 
U (1): T 
Y (2): T C 
R (2): A G 
M (2): C A 
K (2): T G 
S (2): C G 
W (2): T A 
H (3): T C A 
B (3): T C G 
V (3): C A G 
D (3): T A G 
- (4): T C A G 
N (4): T C A G 
? (4): T C A G 
ns = 22  	ls = 1020
Reading sequences, sequential format..
Reading seq # 1: Scleropages_formosus       
Reading seq # 2: Clupea_harengus       
Reading seq # 3: Gadus_morhua       
Reading seq # 4: Myripristis_murdjan       
Reading seq # 5: Danio_rerio       
Reading seq # 6: Esox_lucius       
Reading seq # 7: Salmo_salar       
Reading seq # 8: Oncorhynchus_mykiss       
Reading seq # 9: Boleophthalmus_pectinirostris       
Reading seq #10: Takifugu_rubripes       
Reading seq #11: Gouania_willdenowi       
Reading seq #12: Amphiprion_ocellaris       
Reading seq #13: Mastacembelus_armatus       
Reading seq #14: Cynoglossus_semilaevis       
Reading seq #15: Oryzias_melastigma       
Reading seq #16: Cyprinodon_variegatus       
Reading seq #17: Haplochromis_burtoni       
Reading seq #18: Chanos_chanos       
Reading seq #19: Electrophorus_electricus       
Reading seq #20: Ictalurus_punctatus       
Reading seq #21: Astyanax_mexicanus       
Reading seq #22: Pygocentrus_nattereri       

Sequences read..
Counting site patterns..  0:00
Compressing,    340 patterns at    340 /    340 sites (100.0%),  0:00
Collecting fpatt[] & pose[],    340 patterns at    340 /    340 sites (100.0%),  0:00
1 ambiguous codons are seen in the data:
 ---
Counting codons..

     1848 bytes for distance
   331840 bytes for conP
    16320 bytes for fhK
  5000000 bytes for space

TREE #  1
((((6, (8, 7)), ((((10, ((13, 14), ((17, (15, 16)), (11, 12)))), 9), 4), 3)), ((((19, (20, (21, 22))), 5), 18), 2)), 1);   MP score: -1
This is a rooted tree, without clock.  Check.

  3484320 bytes for conP, adjusted

1 node(s) used for scaling (Yang 2000 J Mol Evol 51:423-432):
 24

    0.027600    0.027716    0.024396    0.011957    0.060258    0.099058    0.088033    0.104427    0.089512    0.035311    0.011752    0.103329    0.066135    0.085094    0.044155    0.083598    0.044843    0.106233    0.036374    0.015809    0.057511    0.022593    0.021865    0.011830    0.088232    0.036275    0.022293    0.090678    0.067437    0.018627    0.084168    0.025542    0.077227    0.078500    0.025933    0.107882    0.035135    0.081186    0.050192    0.039566    0.098493    0.066480    2.000000    0.900000    0.607568    1.289637

ntime & nrate & np:    42     1    46

Bounds (np=46):
   0.000004   0.000004   0.000004   0.000004   0.000004   0.000004   0.000004   0.000004   0.000004   0.000004   0.000004   0.000004   0.000004   0.000004   0.000004   0.000004   0.000004   0.000004   0.000004   0.000004   0.000004   0.000004   0.000004   0.000004   0.000004   0.000004   0.000004   0.000004   0.000004   0.000004   0.000004   0.000004   0.000004   0.000004   0.000004   0.000004   0.000004   0.000004   0.000004   0.000004   0.000004   0.000004   0.000100   0.000010   0.005000   0.005000
  50.000000  50.000000  50.000000  50.000000  50.000000  50.000000  50.000000  50.000000  50.000000  50.000000  50.000000  50.000000  50.000000  50.000000  50.000000  50.000000  50.000000  50.000000  50.000000  50.000000  50.000000  50.000000  50.000000  50.000000  50.000000  50.000000  50.000000  50.000000  50.000000  50.000000  50.000000  50.000000  50.000000  50.000000  50.000000  50.000000  50.000000  50.000000  50.000000  50.000000  50.000000  50.000000 999.000000   0.999990  99.000000  99.000000
Qfactor_NS = 9.404136

np =    46
lnL0 = -18156.280363

Iterating by ming2
Initial: fx= 18156.280363
x=  0.02760  0.02772  0.02440  0.01196  0.06026  0.09906  0.08803  0.10443  0.08951  0.03531  0.01175  0.10333  0.06613  0.08509  0.04416  0.08360  0.04484  0.10623  0.03637  0.01581  0.05751  0.02259  0.02186  0.01183  0.08823  0.03628  0.02229  0.09068  0.06744  0.01863  0.08417  0.02554  0.07723  0.07850  0.02593  0.10788  0.03514  0.08119  0.05019  0.03957  0.09849  0.06648  2.00000  0.90000  0.60757  1.28964

  1 h-m-p  0.0000 0.0001 13478.8114 ++    14028.057387  m 0.0001    51 | 1/46
  2 h-m-p  0.0000 0.0002 1173.7731 ++    13812.971213  m 0.0002   100 | 1/46
  3 h-m-p  0.0000 0.0000 19767.4893 +YYYYCC 13783.876262  5 0.0000   156 | 1/46
  4 h-m-p  0.0000 0.0000 25191.1198 ++    13767.106971  m 0.0000   205 | 1/46
  5 h-m-p  0.0000 0.0000 2870.9816 ++    13707.998491  m 0.0000   254 | 1/46
  6 h-m-p  0.0000 0.0001 2067.1897 ++    13557.321568  m 0.0001   303 | 1/46
  7 h-m-p  0.0000 0.0002 862.2981 ++    13501.833762  m 0.0002   352 | 0/46
  8 h-m-p -0.0000 -0.0000 11408.0417 
h-m-p:     -2.12937477e-22     -1.06468739e-21      1.14080417e+04 13501.833762
..  | 0/46
  9 h-m-p  0.0000 0.0002 7678.4444 CYCCC 13474.136915  4 0.0000   455 | 0/46
 10 h-m-p  0.0000 0.0000 1127.7342 ++    13466.788693  m 0.0000   504 | 0/46
 11 h-m-p  0.0000 0.0000 2567.8597 ++    13389.057342  m 0.0000   553 | 1/46
 12 h-m-p  0.0000 0.0001 1823.6805 ++    13310.863477  m 0.0001   602 | 1/46
 13 h-m-p  0.0000 0.0003 2671.9874 ++    13073.145291  m 0.0003   651 | 1/46
 14 h-m-p  0.0000 0.0000 2592.1511 
h-m-p:      0.00000000e+00      0.00000000e+00      2.59215113e+03 13073.145291
..  | 1/46
 15 h-m-p  0.0000 0.0003 3022.0027 CYYCC 13070.366155  4 0.0000   752 | 1/46
 16 h-m-p  0.0000 0.0000 1431.4903 ++    13058.718679  m 0.0000   801 | 1/46
 17 h-m-p  0.0000 0.0001 697.6769 +CYYCC 13028.313923  4 0.0001   857 | 1/46
 18 h-m-p  0.0000 0.0001 3492.0162 ++    12976.313044  m 0.0001   906 | 1/46
 19 h-m-p  0.0000 0.0000 746.7323 
h-m-p:      3.98422384e-21      1.99211192e-20      7.46732268e+02 12976.313044
..  | 1/46
 20 h-m-p  0.0000 0.0002 534.8465 ++YYYYC 12952.683984  4 0.0002  1007 | 1/46
 21 h-m-p  0.0000 0.0000 2807.0172 ++    12945.855163  m 0.0000  1056 | 1/46
 22 h-m-p  0.0000 0.0001 2213.9975 YCC   12937.366332  2 0.0000  1108 | 1/46
 23 h-m-p  0.0001 0.0003 794.1744 +CYCC 12907.640939  3 0.0002  1163 | 1/46
 24 h-m-p  0.0000 0.0002 1985.2415 ++    12848.375390  m 0.0002  1212 | 1/46
 25 h-m-p  0.0000 0.0001 2458.4910 ++    12789.265689  m 0.0001  1261 | 1/46
 26 h-m-p  0.0000 0.0002 1868.0462 ++    12722.834570  m 0.0002  1310 | 1/46
 27 h-m-p  0.0000 0.0001 4656.8158 +YCCC 12684.286555  3 0.0001  1365 | 1/46
 28 h-m-p  0.0000 0.0000 1779.1451 ++    12673.059930  m 0.0000  1414 | 2/46
 29 h-m-p  0.0000 0.0002 632.0135 ++    12659.183359  m 0.0002  1463 | 2/46
 30 h-m-p  0.0001 0.0003 800.9289 ++    12639.279759  m 0.0003  1512 | 2/46
 31 h-m-p  0.0000 0.0002 670.9837 ++    12627.488368  m 0.0002  1561 | 2/46
 32 h-m-p  0.0001 0.0003 630.7929 ++    12613.841033  m 0.0003  1610 | 2/46
 33 h-m-p  0.0001 0.0004 543.1927 +YCCC 12602.049304  3 0.0003  1665 | 2/46
 34 h-m-p  0.0001 0.0004 546.6710 +YCCC 12594.813903  3 0.0002  1720 | 2/46
 35 h-m-p  0.0001 0.0007 580.3471 +YCCC 12582.990441  3 0.0004  1775 | 2/46
 36 h-m-p  0.0002 0.0012 649.8040 +YC   12560.661158  1 0.0008  1826 | 2/46
 37 h-m-p  0.0005 0.0024 394.1867 YCC   12545.927965  2 0.0009  1878 | 1/46
 38 h-m-p  0.0001 0.0003 2187.9544 --YYC 12545.869172  2 0.0000  1931 | 1/46
 39 h-m-p  0.0000 0.0018 323.3428 +++CYC 12538.827502  2 0.0006  1986 | 1/46
 40 h-m-p  0.0002 0.0011 196.7353 ++    12530.663232  m 0.0011  2035 | 1/46
 41 h-m-p -0.0000 -0.0000 387.7452 
h-m-p:     -1.45979383e-19     -7.29896917e-19      3.87745200e+02 12530.663232
..  | 1/46
 42 h-m-p  0.0000 0.0000 723.6150 ++    12525.015457  m 0.0000  2130 | 1/46
 43 h-m-p  0.0000 0.0000 17420.8171 YCCC  12506.122482  3 0.0000  2184 | 1/46
 44 h-m-p  0.0001 0.0004 362.9418 ++    12488.055038  m 0.0004  2233 | 1/46
 45 h-m-p -0.0000 -0.0000 415.6363 
h-m-p:     -1.35027846e-19     -6.75139230e-19      4.15636257e+02 12488.055038
..  | 1/46
 46 h-m-p  0.0000 0.0000 1016.9212 ++    12480.225592  m 0.0000  2328 | 1/46
 47 h-m-p  0.0000 0.0003 362.0149 +CYYCC 12468.039075  4 0.0002  2385 | 1/46
 48 h-m-p  0.0001 0.0007 242.4756 +YCCC 12452.003492  3 0.0006  2440 | 1/46
 49 h-m-p  0.0000 0.0000 3815.9876 ++    12441.758419  m 0.0000  2489 | 1/46
 50 h-m-p  0.0000 0.0000 1446.9832 
h-m-p:      1.93550540e-21      9.67752699e-21      1.44698323e+03 12441.758419
..  | 1/46
 51 h-m-p  0.0000 0.0024 556.4987 CYCCC 12440.909812  4 0.0000  2591 | 1/46
 52 h-m-p  0.0000 0.0000 1135.2584 ++    12436.707532  m 0.0000  2640 | 1/46
 53 h-m-p  0.0001 0.0004 330.8850 +YYC  12430.240632  2 0.0002  2692 | 1/46
 54 h-m-p  0.0001 0.0004 296.9230 ++    12419.140245  m 0.0004  2741 | 1/46
 55 h-m-p  0.0001 0.0005 668.2960 ++    12385.434292  m 0.0005  2790 | 1/46
 56 h-m-p  0.0000 0.0000 2859.5155 ++    12377.521824  m 0.0000  2839 | 1/46
 57 h-m-p  0.0000 0.0000 3593.4555 
h-m-p:      5.72173129e-22      2.86086564e-21      3.59345547e+03 12377.521824
..  | 1/46
 58 h-m-p  0.0000 0.0018 522.5252 CYC   12376.809878  2 0.0000  2937 | 1/46
 59 h-m-p  0.0000 0.0000 1100.4675 ++    12370.624171  m 0.0000  2986 | 1/46
 60 h-m-p  0.0001 0.0004 221.3775 YCYCC 12365.626907  4 0.0002  3041 | 1/46
 61 h-m-p  0.0001 0.0003 508.0029 YCCC  12361.299474  3 0.0001  3095 | 1/46
 62 h-m-p  0.0000 0.0002 444.1412 +CY   12355.620666  1 0.0002  3147 | 1/46
 63 h-m-p  0.0002 0.0018 396.5360 ++    12315.940844  m 0.0018  3196 | 1/46
 64 h-m-p  0.0000 0.0000 3857.5211 ++    12306.880624  m 0.0000  3245 | 2/46
 65 h-m-p  0.0000 0.0007 2394.1697 ++    12218.849207  m 0.0007  3294 | 3/46
 66 h-m-p  0.0003 0.0017 893.6778 +CCCC 12154.697032  3 0.0014  3350 | 3/46
 67 h-m-p  0.0001 0.0007 1297.2347 ++    12118.046648  m 0.0007  3399 | 3/46
 68 h-m-p  0.0001 0.0003 1778.4005 ++    12080.246071  m 0.0003  3448 | 4/46
 69 h-m-p  0.0001 0.0007 1218.6521 ++    12037.994014  m 0.0007  3497 | 4/46
 70 h-m-p  0.0005 0.0027 430.3467 CCCC  12025.099036  3 0.0009  3552 | 4/46
 71 h-m-p  0.0004 0.0018 263.3338 +YC   12018.474811  1 0.0009  3603 | 3/46
 72 h-m-p  0.0009 0.0046 116.3261 YYCC  12017.104530  3 0.0004  3656 | 3/46
 73 h-m-p  0.0003 0.0032 137.0251 +CC   12013.533989  1 0.0012  3708 | 3/46
 74 h-m-p  0.0008 0.0041 167.1378 +CYCC 12003.733684  3 0.0029  3763 | 2/46
 75 h-m-p  0.0005 0.0025 369.2361 YC    11994.722309  1 0.0012  3813 | 2/46
 76 h-m-p  0.0002 0.0012 133.5813 +CC   11992.487759  1 0.0010  3865 | 2/46
 77 h-m-p  0.0003 0.0013 112.4742 YC    11991.697116  1 0.0005  3915 | 2/46
 78 h-m-p  0.0004 0.0020  90.8988 +YC   11990.270844  1 0.0011  3966 | 2/46
 79 h-m-p  0.0010 0.0052  72.6569 CCC   11988.525259  2 0.0016  4019 | 2/46
 80 h-m-p  0.0009 0.0061 139.6479 +YCCC 11979.636004  3 0.0045  4074 | 2/46
 81 h-m-p  0.0002 0.0009 624.5820 ++    11970.600278  m 0.0009  4123 | 2/46
 82 h-m-p  0.0000 0.0000 277.8276 
h-m-p:      3.51935391e-20      1.75967695e-19      2.77827617e+02 11970.600278
..  | 2/46
 83 h-m-p  0.0000 0.0000 450.2317 +YYCCC 11969.281242  4 0.0000  4225 | 2/46
 84 h-m-p  0.0000 0.0000 825.8868 ++    11962.585170  m 0.0000  4274 | 3/46
 85 h-m-p  0.0001 0.0004 295.4620 +YYCCC 11953.947154  4 0.0003  4330 | 3/46
 86 h-m-p  0.0001 0.0003 573.0545 YCCC  11949.708956  3 0.0001  4384 | 3/46
 87 h-m-p  0.0001 0.0004 172.3118 YCCC  11947.936592  3 0.0002  4438 | 3/46
 88 h-m-p  0.0002 0.0013 150.6509 YCCC  11945.437309  3 0.0004  4492 | 3/46
 89 h-m-p  0.0007 0.0034  84.1845 CCC   11944.320994  2 0.0006  4545 | 3/46
 90 h-m-p  0.0006 0.0034  78.5075 CCCC  11942.779794  3 0.0010  4600 | 2/46
 91 h-m-p  0.0005 0.0068 175.4570 +CCC  11937.887680  2 0.0017  4654 | 2/46
 92 h-m-p  0.0006 0.0029 318.1358 +YCCC 11929.164013  3 0.0016  4709 | 2/46
 93 h-m-p  0.0003 0.0016 578.9997 ++    11916.164707  m 0.0016  4758 | 2/46
 94 h-m-p  0.0000 0.0000 444.3100 
h-m-p:      1.39752463e-20      6.98762315e-20      4.44310010e+02 11916.164707
..  | 2/46
 95 h-m-p  0.0000 0.0000 200.1539 CYCCC 11915.812633  4 0.0000  4860 | 2/46
 96 h-m-p  0.0000 0.0005 586.6319 ++CCC 11909.498761  2 0.0001  4915 | 2/46
 97 h-m-p  0.0001 0.0006 185.4910 YCCCC 11906.819583  4 0.0002  4971 | 2/46
 98 h-m-p  0.0001 0.0007 287.0050 CCC   11905.141018  2 0.0001  5024 | 2/46
 99 h-m-p  0.0002 0.0012 144.4962 CC    11903.898334  1 0.0003  5075 | 2/46
100 h-m-p  0.0005 0.0059  78.6193 CCC   11902.842037  2 0.0006  5128 | 2/46
101 h-m-p  0.0008 0.0089  65.6911 +YCC  11900.678323  2 0.0021  5181 | 1/46
102 h-m-p  0.0005 0.0025 258.2135 YCC   11897.707044  2 0.0008  5233 | 1/46
103 h-m-p  0.0001 0.0005 300.7958 ++    11895.535957  m 0.0005  5282 | 1/46
104 h-m-p  0.0005 0.0024 157.8695 YCCC  11893.323572  3 0.0011  5336 | 1/46
105 h-m-p  0.0003 0.0014 215.1876 ++    11889.177617  m 0.0014  5385 | 1/46
106 h-m-p -0.0000 -0.0000 463.8099 
h-m-p:     -1.40080276e-20     -7.00401379e-20      4.63809876e+02 11889.177617
..  | 1/46
107 h-m-p  0.0000 0.0000 126.7479 CCCC  11889.085033  3 0.0000  5486 | 1/46
108 h-m-p  0.0000 0.0006 215.9220 ++CCCC 11886.912452  3 0.0002  5543 | 1/46
109 h-m-p  0.0001 0.0003 239.0582 YCCC  11885.844993  3 0.0001  5597 | 1/46
110 h-m-p  0.0001 0.0004  97.0708 ++    11884.362046  m 0.0004  5646 | 1/46
111 h-m-p  0.0002 0.0013 190.1323 YCCC  11882.785937  3 0.0004  5700 | 1/46
112 h-m-p  0.0002 0.0010 111.2036 ++    11880.907501  m 0.0010  5749 | 1/46
113 h-m-p  0.0000 0.0000 134.4470 
h-m-p:      1.10856851e-20      5.54284257e-20      1.34447016e+02 11880.907501
..  | 1/46
114 h-m-p  0.0000 0.0002  84.5183 +YCCC 11880.560189  3 0.0001  5850 | 1/46
115 h-m-p  0.0000 0.0000 1372.8710 ++    11879.963580  m 0.0000  5899 | 1/46
116 h-m-p  0.0000 0.0000  61.9119 
h-m-p:      8.20223830e-21      4.10111915e-20      6.19118947e+01 11879.963580
..  | 1/46
117 h-m-p  0.0000 0.0011  58.5554 +YC   11879.820515  1 0.0001  5996 | 1/46
118 h-m-p  0.0000 0.0001 117.1289 YC    11879.800359  1 0.0000  6046 | 1/46
119 h-m-p  0.0000 0.0008  40.3892 +++   11879.523982  m 0.0008  6096 | 1/46
120 h-m-p  0.0000 0.0000  85.8289 
h-m-p:      6.80152037e-21      3.40076018e-20      8.58289395e+01 11879.523982
..  | 1/46
121 h-m-p  0.0000 0.0002  60.7381 +CCC  11879.415035  2 0.0001  6196 | 1/46
122 h-m-p  0.0000 0.0000 560.4968 +YC   11879.163723  1 0.0000  6247 | 1/46
123 h-m-p  0.0000 0.0001  39.4201 ++    11879.088520  m 0.0001  6296 | 1/46
124 h-m-p  0.0000 0.0001  56.6253 ++    11878.917197  m 0.0001  6345 | 2/46
125 h-m-p  0.0001 0.0017 146.8299 +++   11875.777930  m 0.0017  6395 | 2/46
126 h-m-p -0.0000 -0.0000 1084.8440 
h-m-p:     -3.15640124e-22     -1.57820062e-21      1.08484401e+03 11875.777930
..  | 2/46
127 h-m-p  0.0000 0.0003 129.9429 ++CCC 11874.441507  2 0.0002  6496 | 2/46
128 h-m-p  0.0000 0.0001 114.2850 YYY   11874.385712  2 0.0000  6547 | 2/46
129 h-m-p  0.0000 0.0001 171.8262 +YCC  11874.092794  2 0.0001  6600 | 2/46
130 h-m-p  0.0000 0.0000  44.1633 ++    11874.028317  m 0.0000  6649 | 3/46
131 h-m-p  0.0000 0.0030  44.7537 ++CCCC 11873.490249  3 0.0010  6706 | 3/46
132 h-m-p  0.0002 0.0010 114.8610 ++    11871.604983  m 0.0010  6755 | 3/46
133 h-m-p  0.0001 0.0019 854.6695 +CYC  11867.140377  2 0.0006  6808 | 3/46
134 h-m-p  0.0004 0.0018 708.1316 ++    11851.396625  m 0.0018  6857 | 3/46
135 h-m-p -0.0000 -0.0000 1363.5788 
h-m-p:     -2.60724190e-20     -1.30362095e-19      1.36357884e+03 11851.396625
..  | 3/46
136 h-m-p  0.0000 0.0001 159.0296 ++    11849.941529  m 0.0001  6952 | 4/46
137 h-m-p  0.0000 0.0000 5154.2806 YCC   11846.696242  2 0.0000  7004 | 4/46
138 h-m-p  0.0002 0.0012 166.7240 CYC   11844.685530  2 0.0003  7056 | 4/46
139 h-m-p  0.0001 0.0006 183.3830 CYCCC 11843.403339  4 0.0002  7112 | 4/46
140 h-m-p  0.0002 0.0024 138.1400 YC    11841.366005  1 0.0005  7162 | 4/46
141 h-m-p  0.0008 0.0039  85.3161 CCC   11839.745910  2 0.0009  7215 | 4/46
142 h-m-p  0.0011 0.0056  73.9322 YCCC  11838.903200  3 0.0008  7269 | 4/46
143 h-m-p  0.0008 0.0043  68.0589 CCCC  11837.704717  3 0.0014  7324 | 4/46
144 h-m-p  0.0012 0.0058  79.3713 YCC   11837.105036  2 0.0007  7376 | 4/46
145 h-m-p  0.0009 0.0053  66.6401 YCCC  11835.907833  3 0.0019  7430 | 4/46
146 h-m-p  0.0007 0.0199 180.5309 YCCC  11833.878477  3 0.0014  7484 | 4/46
147 h-m-p  0.0008 0.0052 320.6908 YCCC  11829.447861  3 0.0016  7538 | 4/46
148 h-m-p  0.0007 0.0036 496.9899 YCCC  11822.559073  3 0.0017  7592 | 4/46
149 h-m-p  0.0009 0.0044 718.1548 +YC   11808.715972  1 0.0024  7643 | 4/46
150 h-m-p  0.0004 0.0022 984.9637 ++    11787.469215  m 0.0022  7692 | 4/46
151 h-m-p  0.0000 0.0000 2318.4706 
h-m-p:      9.78974173e-21      4.89487087e-20      2.31847061e+03 11787.469215
..  | 4/46
152 h-m-p  0.0000 0.0017 211.2181 YCCC  11787.041488  3 0.0000  7792 | 3/46
153 h-m-p  0.0000 0.0006 533.4820 ++CCYC 11778.144925  3 0.0002  7848 | 3/46
154 h-m-p  0.0005 0.0023 215.1634 CCYC  11776.862528  3 0.0001  7902 | 3/46
155 h-m-p  0.0002 0.0021 150.7109 +CCCC 11771.221349  3 0.0009  7958 | 2/46
156 h-m-p  0.0002 0.0008 254.8995 YCCC  11769.113106  3 0.0003  8012 | 2/46
157 h-m-p  0.0001 0.0004 117.2142 ++    11767.301458  m 0.0004  8061 | 3/46
158 h-m-p  0.0000 0.0000  82.6844 ++    11767.262556  m 0.0000  8110 | 4/46
159 h-m-p  0.0000 0.0018  64.4632 ++CCCC 11766.890322  3 0.0004  8167 | 4/46
160 h-m-p  0.0002 0.0033  98.7582 +YC   11766.065068  1 0.0006  8218 | 4/46
161 h-m-p  0.0011 0.0146  53.3732 CYC   11765.467736  2 0.0012  8270 | 4/46
162 h-m-p  0.0010 0.0121  64.8550 YC    11764.472233  1 0.0018  8320 | 4/46
163 h-m-p  0.0010 0.0048  74.9199 CCCC  11763.530726  3 0.0016  8375 | 4/46
164 h-m-p  0.0009 0.0043 114.0024 CCC   11762.953890  2 0.0007  8428 | 4/46
165 h-m-p  0.0008 0.0041  98.8181 +YC   11761.557655  1 0.0021  8479 | 4/46
166 h-m-p  0.0002 0.0012 163.4988 ++    11760.213069  m 0.0012  8528 | 4/46
167 h-m-p  0.0000 0.0000 162.7841 
h-m-p:      1.59573446e-20      7.97867232e-20      1.62784114e+02 11760.213069
..  | 4/46
168 h-m-p  0.0000 0.0011  79.7453 ++YCCC 11759.163884  3 0.0003  8630 | 4/46
169 h-m-p  0.0000 0.0001 238.5214 YYC   11759.057971  2 0.0000  8681 | 4/46
170 h-m-p  0.0000 0.0012 147.3082 +YCCC 11758.574224  3 0.0001  8736 | 4/46
171 h-m-p  0.0002 0.0011  81.8388 YYYC  11758.230868  3 0.0002  8788 | 4/46
172 h-m-p  0.0003 0.0044  59.0109 +YCC  11757.590917  2 0.0008  8841 | 4/46
173 h-m-p  0.0007 0.0081  65.2055 CYC   11757.073847  2 0.0007  8893 | 4/46
174 h-m-p  0.0009 0.0074  53.2077 CCC   11756.617774  2 0.0009  8946 | 4/46
175 h-m-p  0.0010 0.0127  47.6090 CCC   11756.319269  2 0.0008  8999 | 4/46
176 h-m-p  0.0011 0.0142  37.7842 YC    11755.870082  1 0.0019  9049 | 4/46
177 h-m-p  0.0013 0.0096  55.6317 CCC   11755.527561  2 0.0011  9102 | 4/46
178 h-m-p  0.0008 0.0062  83.1048 +YCC  11754.625736  2 0.0020  9155 | 4/46
179 h-m-p  0.0007 0.0189 242.8590 +YCC  11752.237681  2 0.0020  9208 | 4/46
180 h-m-p  0.0010 0.0049 411.7705 YCCC  11747.892793  3 0.0020  9262 | 4/46
181 h-m-p  0.0010 0.0049 566.1646 YCCC  11742.644728  3 0.0019  9316 | 4/46
182 h-m-p  0.0007 0.0034 839.2042 ++    11727.745985  m 0.0034  9365 | 4/46
183 h-m-p  0.0000 0.0000 2425.5452 
h-m-p:      8.84557357e-21      4.42278678e-20      2.42554516e+03 11727.745985
..  | 4/46
184 h-m-p  0.0000 0.0002 151.2924 +CYCCC 11726.811842  4 0.0001  9468 | 4/46
185 h-m-p  0.0000 0.0003 1742.7770 +YCCC 11719.230054  3 0.0001  9523 | 4/46
186 h-m-p  0.0005 0.0026 107.6444 CCC   11716.689999  2 0.0006  9576 | 4/46
187 h-m-p  0.0001 0.0006 189.9677 CYCCC 11715.372918  4 0.0002  9632 | 4/46
188 h-m-p  0.0004 0.0024 101.8929 CCC   11714.529761  2 0.0004  9685 | 4/46
189 h-m-p  0.0004 0.0021  91.0334 CCC   11713.740059  2 0.0005  9738 | 4/46
190 h-m-p  0.0005 0.0031  92.5592 CCC   11712.910205  2 0.0006  9791 | 4/46
191 h-m-p  0.0013 0.0077  44.4167 YC    11712.462554  1 0.0010  9841 | 4/46
192 h-m-p  0.0009 0.0083  45.0916 CC    11712.151664  1 0.0008  9892 | 4/46
193 h-m-p  0.0011 0.0069  33.3327 CCC   11711.868697  2 0.0013  9945 | 4/46
194 h-m-p  0.0008 0.0108  53.2445 YC    11711.400446  1 0.0015  9995 | 4/46
195 h-m-p  0.0014 0.0077  57.8892 YCCC  11710.646353  3 0.0024 10049 | 4/46
196 h-m-p  0.0004 0.0018 169.8879 +YCCC 11709.613864  3 0.0011 10104 | 4/46
197 h-m-p  0.0002 0.0010 119.3929 +YC   11709.072298  1 0.0009 10155 | 4/46
198 h-m-p  0.0001 0.0004  54.4432 ++    11708.902132  m 0.0004 10204 | 4/46
199 h-m-p -0.0000 -0.0000  44.4656 
h-m-p:     -7.77188282e-21     -3.88594141e-20      4.44655736e+01 11708.902132
..  | 4/46
200 h-m-p  0.0000 0.0001  63.8680 CCC   11708.877253  2 0.0000 10303 | 4/46
201 h-m-p  0.0000 0.0032  28.7054 ++CCC 11708.692758  2 0.0005 10358 | 4/46
202 h-m-p  0.0001 0.0027 132.1810 +YC   11708.264703  1 0.0003 10409 | 4/46
203 h-m-p  0.0006 0.0058  61.7337 CCC   11707.911715  2 0.0006 10462 | 4/46
204 h-m-p  0.0005 0.0026  72.7070 YYC   11707.690378  2 0.0004 10513 | 4/46
205 h-m-p  0.0005 0.0055  51.2222 YC    11707.372791  1 0.0009 10563 | 4/46
206 h-m-p  0.0017 0.0091  25.9650 YC    11707.238213  1 0.0010 10613 | 4/46
207 h-m-p  0.0012 0.0086  20.5265 CYC   11707.141089  2 0.0011 10665 | 4/46
208 h-m-p  0.0006 0.0398  38.9199 YC    11706.989110  1 0.0011 10715 | 4/46
209 h-m-p  0.0008 0.0249  51.7478 +CCC  11706.284221  2 0.0040 10769 | 4/46
210 h-m-p  0.0009 0.0071 220.2460 +YYCC 11703.977633  3 0.0029 10823 | 4/46
211 h-m-p  0.0006 0.0030 866.5020 +YCC  11698.513489  2 0.0019 10876 | 4/46
212 h-m-p  0.0002 0.0011 1157.1262 ++    11692.066338  m 0.0011 10925 | 4/46
213 h-m-p  0.0000 0.0000 2830.6547 
h-m-p:      2.11982641e-20      1.05991320e-19      2.83065474e+03 11692.066338
..  | 4/46
214 h-m-p  0.0000 0.0005  96.9901 ++CYCCC 11690.860463  4 0.0002 11029 | 4/46
215 h-m-p  0.0000 0.0001 2042.9331 YCCC  11689.026069  3 0.0000 11083 | 4/46
216 h-m-p  0.0002 0.0018 241.3533 YCCC  11688.118046  3 0.0001 11137 | 4/46
217 h-m-p  0.0003 0.0018  77.4238 CCCC  11687.111873  3 0.0005 11192 | 4/46
218 h-m-p  0.0007 0.0046  53.1853 CC    11686.491586  1 0.0008 11243 | 4/46
219 h-m-p  0.0005 0.0030  86.2210 YCC   11686.141652  2 0.0003 11295 | 4/46
220 h-m-p  0.0007 0.0035  42.4947 YCC   11685.965505  2 0.0004 11347 | 4/46
221 h-m-p  0.0008 0.0081  21.4974 CC    11685.846466  1 0.0009 11398 | 4/46
222 h-m-p  0.0008 0.0255  22.8636 +CC   11685.454065  1 0.0036 11450 | 4/46
223 h-m-p  0.0011 0.0058  75.1840 CCC   11684.909069  2 0.0016 11503 | 4/46
224 h-m-p  0.0004 0.0020 147.1294 +CCC  11683.734411  2 0.0017 11557 | 4/46
225 h-m-p  0.0001 0.0004 137.4416 ++    11683.425842  m 0.0004 11606 | 4/46
226 h-m-p  0.0000 0.0000  28.4444 
h-m-p:      1.12364629e-20      5.61823145e-20      2.84444283e+01 11683.425842
..  | 4/46
227 h-m-p  0.0000 0.0002  50.2270 YC    11683.403895  1 0.0000 11702 | 4/46
228 h-m-p  0.0000 0.0019  36.6832 ++YYC 11683.259998  2 0.0003 11755 | 4/46
229 h-m-p  0.0001 0.0029  84.4655 YC    11683.019733  1 0.0003 11805 | 4/46
230 h-m-p  0.0009 0.0100  24.8972 CCC   11682.775388  2 0.0013 11858 | 4/46
231 h-m-p  0.0007 0.0039  48.3242 YCC   11682.646605  2 0.0004 11910 | 4/46
232 h-m-p  0.0004 0.0084  45.1537 CCC   11682.544372  2 0.0004 11963 | 4/46
233 h-m-p  0.0006 0.0079  29.3817 CC    11682.409338  1 0.0010 12014 | 4/46
234 h-m-p  0.0011 0.0134  25.9227 CC    11682.312629  1 0.0010 12065 | 4/46
235 h-m-p  0.0010 0.0216  25.3792 CC    11682.219307  1 0.0011 12116 | 4/46
236 h-m-p  0.0008 0.0134  35.9011 YC    11682.062580  1 0.0015 12166 | 4/46
237 h-m-p  0.0009 0.0236  56.9656 YC    11681.718651  1 0.0021 12216 | 4/46
238 h-m-p  0.0011 0.0076 109.4441 CCC   11681.272311  2 0.0015 12269 | 4/46
239 h-m-p  0.0011 0.0109 147.7159 YC    11680.471143  1 0.0020 12319 | 4/46
240 h-m-p  0.0008 0.0057 356.3899 YCCC  11678.665895  3 0.0019 12373 | 4/46
241 h-m-p  0.0006 0.0032 603.9407 +CC   11674.453199  1 0.0027 12425 | 4/46
242 h-m-p  0.0001 0.0006 591.9431 ++    11672.758396  m 0.0006 12474 | 4/46
243 h-m-p  0.0000 0.0000 1468.5041 
h-m-p:      9.28145092e-22      4.64072546e-21      1.46850407e+03 11672.758396
..  | 4/46
244 h-m-p  0.0000 0.0014  63.4846 +++YYC 11671.630978  2 0.0005 12574 | 4/46
245 h-m-p  0.0000 0.0001 1352.1696 YCCC  11670.919156  3 0.0000 12628 | 4/46
246 h-m-p  0.0001 0.0007 307.3870 CYC   11670.113933  2 0.0001 12680 | 4/46
247 h-m-p  0.0006 0.0035  56.4012 CCCC  11669.183045  3 0.0009 12735 | 4/46
248 h-m-p  0.0005 0.0023  94.4994 CYC   11668.606727  2 0.0004 12787 | 4/46
249 h-m-p  0.0007 0.0047  55.6891 YCC   11668.416559  2 0.0003 12839 | 4/46
250 h-m-p  0.0006 0.0086  31.1782 YC    11668.155698  1 0.0011 12889 | 4/46
251 h-m-p  0.0011 0.0068  31.1846 C     11667.941176  0 0.0011 12938 | 4/46
252 h-m-p  0.0011 0.0128  30.3051 YCC   11667.815623  2 0.0008 12990 | 4/46
253 h-m-p  0.0008 0.0164  32.1747 +CYC  11667.387329  2 0.0031 13043 | 4/46
254 h-m-p  0.0010 0.0050  82.3295 CC    11666.886842  1 0.0015 13094 | 4/46
255 h-m-p  0.0006 0.0029  92.8502 +YCCC 11666.186159  3 0.0018 13149 | 4/46
256 h-m-p  0.0001 0.0007 146.9206 ++    11665.690443  m 0.0007 13198 | 4/46
257 h-m-p  0.0000 0.0000  30.5823 
h-m-p:      1.37822300e-19      6.89111498e-19      3.05822919e+01 11665.690443
..  | 4/46
258 h-m-p  0.0000 0.0003  36.0760 YC    11665.675390  1 0.0000 13294 | 4/46
259 h-m-p  0.0000 0.0081  40.8522 ++YC  11665.331124  1 0.0007 13346 | 4/46
260 h-m-p  0.0008 0.0111  35.1145 CCC   11665.272852  2 0.0002 13399 | 4/46
261 h-m-p  0.0002 0.0043  44.0186 +YCC  11665.106482  2 0.0005 13452 | 4/46
262 h-m-p  0.0008 0.0051  29.7746 YC    11665.034854  1 0.0004 13502 | 4/46
263 h-m-p  0.0003 0.0082  40.1544 CC    11664.944423  1 0.0005 13553 | 4/46
264 h-m-p  0.0013 0.0672  14.7125 CC    11664.883166  1 0.0012 13604 | 4/46
265 h-m-p  0.0008 0.0107  23.3163 CC    11664.798631  1 0.0012 13655 | 4/46
266 h-m-p  0.0010 0.0226  27.1090 CC    11664.687526  1 0.0015 13706 | 4/46
267 h-m-p  0.0012 0.0113  34.1575 CY    11664.589836  1 0.0011 13757 | 4/46
268 h-m-p  0.0007 0.0123  55.5146 YC    11664.432706  1 0.0012 13807 | 4/46
269 h-m-p  0.0009 0.0213  71.5834 YC    11664.063345  1 0.0022 13857 | 4/46
270 h-m-p  0.0012 0.0076 128.9705 CCC   11663.462754  2 0.0020 13910 | 4/46
271 h-m-p  0.0008 0.0053 329.1056 YC    11662.474603  1 0.0013 13960 | 4/46
272 h-m-p  0.0009 0.0043 380.2652 YCCC  11660.857247  3 0.0019 14014 | 4/46
273 h-m-p  0.0007 0.0035 329.2234 ++    11657.407799  m 0.0035 14063 | 4/46
274 h-m-p  0.0000 0.0000 843.7049 
h-m-p:      1.10933565e-20      5.54667826e-20      8.43704919e+02 11657.407799
..  | 4/46
275 h-m-p  0.0000 0.0005  55.9133 ++YYC 11657.190460  2 0.0001 14162 | 4/46
276 h-m-p  0.0000 0.0007 597.0433 +YCC  11655.769624  2 0.0001 14215 | 4/46
277 h-m-p  0.0006 0.0066  86.1218 YCC   11655.607743  2 0.0001 14267 | 4/46
278 h-m-p  0.0003 0.0055  32.2798 +YYC  11655.254723  2 0.0010 14319 | 4/46
279 h-m-p  0.0006 0.0029  56.4338 YYC   11655.033442  2 0.0004 14370 | 4/46
280 h-m-p  0.0004 0.0077  65.0536 CCC   11654.794458  2 0.0005 14423 | 4/46
281 h-m-p  0.0013 0.0082  23.7512 YCC   11654.667906  2 0.0009 14475 | 4/46
282 h-m-p  0.0007 0.0182  33.4223 YC    11654.501833  1 0.0010 14525 | 4/46
283 h-m-p  0.0013 0.0138  27.1269 CC    11654.306020  1 0.0018 14576 | 4/46
284 h-m-p  0.0011 0.0104  42.5450 +CCC  11653.513091  2 0.0050 14630 | 4/46
285 h-m-p  0.0002 0.0011 193.2086 +CYC  11652.852047  2 0.0009 14683 | 4/46
286 h-m-p  0.0001 0.0005 110.3586 ++    11652.633655  m 0.0005 14732 | 4/46
287 h-m-p  0.0000 0.0000  20.2479 
h-m-p:      1.63606534e-20      8.18032672e-20      2.02478820e+01 11652.633655
..  | 4/46
288 h-m-p  0.0000 0.0113  20.5009 ++YC  11652.453462  1 0.0009 14830 | 4/46
289 h-m-p  0.0000 0.0002 426.1809 YYC   11652.329944  2 0.0000 14881 | 4/46
290 h-m-p  0.0001 0.0038  94.3124 CCC   11652.238879  2 0.0001 14934 | 4/46
291 h-m-p  0.0004 0.0106  24.7424 YC    11652.126166  1 0.0007 14984 | 4/46
292 h-m-p  0.0005 0.0041  33.2662 YC    11652.073107  1 0.0003 15034 | 4/46
293 h-m-p  0.0006 0.0059  17.3887 CY    11652.036473  1 0.0005 15085 | 4/46
294 h-m-p  0.0008 0.0299  11.4850 YC    11651.972500  1 0.0020 15135 | 4/46
295 h-m-p  0.0010 0.0238  22.1817 CC    11651.880443  1 0.0017 15186 | 4/46
296 h-m-p  0.0012 0.0171  30.2427 YC    11651.817009  1 0.0009 15236 | 4/46
297 h-m-p  0.0009 0.0318  33.0176 +YC   11651.620212  1 0.0028 15287 | 4/46
298 h-m-p  0.0018 0.0226  53.4262 CC    11651.436247  1 0.0017 15338 | 4/46
299 h-m-p  0.0006 0.0063 151.7548 YC    11651.023892  1 0.0013 15388 | 4/46
300 h-m-p  0.0011 0.0057 184.5426 YCC   11650.417952  2 0.0017 15440 | 4/46
301 h-m-p  0.0010 0.0048 187.1797 CCC   11649.969961  2 0.0012 15493 | 4/46
302 h-m-p  0.0020 0.0107 112.6839 CCC   11649.601082  2 0.0017 15546 | 4/46
303 h-m-p  0.0015 0.0141 129.6198 YC    11649.010714  1 0.0024 15596 | 4/46
304 h-m-p  0.0014 0.0105 222.9035 YC    11647.540288  1 0.0034 15646 | 4/46
305 h-m-p  0.0012 0.0127 637.2884 YCC   11645.048247  2 0.0021 15698 | 4/46
306 h-m-p  0.0018 0.0188 766.6447 +YC   11631.202178  1 0.0100 15749 | 4/46
307 h-m-p  0.0010 0.0051 2554.1806 YCCC  11623.655915  3 0.0018 15803 | 4/46
308 h-m-p  0.0009 0.0043 1757.4041 YCCC  11616.858539  3 0.0020 15857 | 4/46
309 h-m-p  0.0016 0.0080 1588.8298 +CCC  11599.873312  2 0.0057 15911 | 4/46
310 h-m-p  0.0003 0.0013 3088.7726 ++    11590.028400  m 0.0013 15960 | 4/46
311 h-m-p -0.0000 -0.0000 1100.9078 
h-m-p:     -5.36448121e-20     -2.68224060e-19      1.10090784e+03 11590.028400
..  | 4/46
312 h-m-p  0.0000 0.0097  64.4333 +++CCC 11587.008067  2 0.0015 16062 | 4/46
313 h-m-p  0.0001 0.0005 201.6101 CCCC  11586.299528  3 0.0001 16117 | 4/46
314 h-m-p  0.0001 0.0003 241.7344 YC    11586.113560  1 0.0000 16167 | 4/46
315 h-m-p  0.0002 0.0022  42.8292 CC    11585.972296  1 0.0002 16218 | 4/46
316 h-m-p  0.0003 0.0048  31.6383 CC    11585.844185  1 0.0004 16269 | 4/46
317 h-m-p  0.0007 0.0127  20.5295 CC    11585.728303  1 0.0010 16320 | 4/46
318 h-m-p  0.0014 0.0119  14.0928 YC    11585.693083  1 0.0006 16370 | 4/46
319 h-m-p  0.0010 0.0294   8.7540 CC    11585.668260  1 0.0011 16421 | 4/46
320 h-m-p  0.0010 0.0433   9.4648 CC    11585.653150  1 0.0008 16472 | 4/46
321 h-m-p  0.0010 0.0235   7.6899 CC    11585.637663  1 0.0013 16523 | 4/46
322 h-m-p  0.0012 0.0512   8.8126 YC    11585.616800  1 0.0019 16573 | 4/46
323 h-m-p  0.0014 0.0274  11.9103 YC    11585.603526  1 0.0010 16623 | 4/46
324 h-m-p  0.0011 0.0545  10.2814 CC    11585.589033  1 0.0014 16674 | 4/46
325 h-m-p  0.0021 0.0942   6.6882 CC    11585.574719  1 0.0024 16725 | 4/46
326 h-m-p  0.0022 0.0906   7.5128 C     11585.562226  0 0.0021 16774 | 4/46
327 h-m-p  0.0014 0.0546  11.4516 CC    11585.544958  1 0.0021 16825 | 4/46
328 h-m-p  0.0029 0.1040   8.0360 YC    11585.533917  1 0.0021 16875 | 4/46
329 h-m-p  0.0018 0.0827   9.0827 CC    11585.519625  1 0.0025 16926 | 4/46
330 h-m-p  0.0020 0.1501  11.7368 +YC   11585.483796  1 0.0052 16977 | 4/46
331 h-m-p  0.0021 0.1540  28.7658 YC    11585.411249  1 0.0044 17027 | 4/46
332 h-m-p  0.0028 0.0563  45.5791 YC    11585.262351  1 0.0057 17077 | 4/46
333 h-m-p  0.0016 0.0500 160.8893 +YC   11584.901694  1 0.0041 17128 | 4/46
334 h-m-p  0.0014 0.0162 456.8685 +YCC  11583.780451  2 0.0043 17181 | 4/46
335 h-m-p  0.0011 0.0057 953.9946 ++    11580.938717  m 0.0057 17230 | 5/46
336 h-m-p  0.0002 0.0010 834.3929 ++    11580.309166  m 0.0010 17279 | 6/46
337 h-m-p  0.0048 0.0637  60.2967 CC    11580.241018  1 0.0016 17330 | 6/46
338 h-m-p  0.0150 0.0846   6.3167 CC    11580.213949  1 0.0034 17381 | 6/46
339 h-m-p  0.0084 0.3335   2.5921 +YC   11580.047578  1 0.0267 17432 | 5/46
340 h-m-p  0.0013 0.0428  52.9943 +CC   11579.108340  1 0.0074 17484 | 5/46
341 h-m-p  0.0028 0.0154 140.1981 YC    11577.475107  1 0.0049 17534 | 5/46
342 h-m-p  0.0012 0.0058  82.3910 YC    11577.005684  1 0.0025 17584 | 5/46
343 h-m-p  0.0004 0.0022  24.3925 ++    11576.904213  m 0.0022 17633 | 5/46
344 h-m-p  0.0000 0.0000   5.7558 
h-m-p:      2.91654006e-19      1.45827003e-18      5.75581671e+00 11576.904213
..  | 5/46
345 h-m-p  0.0000 0.0032  13.2627 +YC   11576.895857  1 0.0001 17730 | 5/46
346 h-m-p  0.0001 0.0022  17.9657 C     11576.890119  0 0.0001 17779 | 5/46
347 h-m-p  0.0001 0.0308  16.3670 +YC   11576.861625  1 0.0005 17830 | 5/46
348 h-m-p  0.0002 0.0009  13.2303 CC    11576.853671  1 0.0002 17881 | 5/46
349 h-m-p  0.0001 0.0003   5.1385 ++    11576.849879  m 0.0003 17930 | 6/46
350 h-m-p  0.0002 0.0692   6.3555 +YC   11576.844970  1 0.0006 17981 | 6/46
351 h-m-p  0.0014 0.0738   2.9137 C     11576.842264  0 0.0011 18030 | 6/46
352 h-m-p  0.0011 0.1228   3.1165 C     11576.840051  0 0.0011 18079 | 6/46
353 h-m-p  0.0013 0.1669   2.7221 C     11576.837916  0 0.0016 18128 | 6/46
354 h-m-p  0.0014 0.1225   2.9896 YC    11576.836731  1 0.0009 18178 | 6/46
355 h-m-p  0.0017 0.2422   1.6568 Y     11576.836052  0 0.0012 18227 | 6/46
356 h-m-p  0.0013 0.1450   1.5270 YC    11576.835163  1 0.0021 18277 | 6/46
357 h-m-p  0.0010 0.0901   3.3329 C     11576.834262  0 0.0011 18326 | 6/46
358 h-m-p  0.0009 0.0768   4.1911 +C    11576.830860  0 0.0034 18376 | 6/46
359 h-m-p  0.0011 0.0265  12.6073 YC    11576.824872  1 0.0020 18426 | 6/46
360 h-m-p  0.0018 0.0237  14.3258 +YC   11576.807311  1 0.0053 18477 | 6/46
361 h-m-p  0.0039 0.0195  15.4038 YC    11576.800585  1 0.0019 18527 | 6/46
362 h-m-p  0.0022 0.0409  13.4466 YC    11576.795306  1 0.0018 18577 | 6/46
363 h-m-p  0.0025 0.1439   9.4469 C     11576.789857  0 0.0026 18626 | 6/46
364 h-m-p  0.0023 0.2797  10.6435 +YC   11576.772667  1 0.0076 18677 | 6/46
365 h-m-p  0.0023 0.0626  35.3835 CC    11576.752212  1 0.0027 18728 | 6/46
366 h-m-p  0.0028 0.0474  34.3861 YC    11576.742367  1 0.0014 18778 | 6/46
367 h-m-p  0.0104 0.2793   4.4782 YC    11576.740919  1 0.0016 18828 | 6/46
368 h-m-p  0.0099 0.5526   0.7302 C     11576.740676  0 0.0022 18877 | 6/46
369 h-m-p  0.0036 1.8207   0.5786 C     11576.740476  0 0.0029 18966 | 6/46
370 h-m-p  0.0066 3.3164   0.8179 C     11576.739847  0 0.0075 19055 | 6/46
371 h-m-p  0.0036 1.3042   1.6835 YC    11576.738514  1 0.0082 19145 | 6/46
372 h-m-p  0.0031 1.5569   5.4333 +YC   11576.725836  1 0.0246 19196 | 6/46
373 h-m-p  0.0043 0.1483  31.0953 YC    11576.717918  1 0.0027 19246 | 6/46
374 h-m-p  0.0067 0.4726  12.4519 YC    11576.714333  1 0.0031 19296 | 6/46
375 h-m-p  0.0054 0.4263   7.1178 CC    11576.711474  1 0.0044 19347 | 6/46
376 h-m-p  0.0018 0.6231  17.0564 +CC   11576.693950  1 0.0114 19399 | 6/46
377 h-m-p  0.0020 0.2178  96.7826 +CC   11576.614012  1 0.0092 19451 | 6/46
378 h-m-p  0.0060 0.1371 147.3198 YC    11576.567376  1 0.0035 19501 | 6/46
379 h-m-p  0.0678 0.3447   7.6075 --YC  11576.566012  1 0.0020 19553 | 6/46
380 h-m-p  0.0278 2.0330   0.5523 Y     11576.565777  0 0.0055 19602 | 5/46
381 h-m-p  0.0113 5.6748   0.9631 Y     11576.565286  0 0.0050 19691 | 5/46
382 h-m-p  0.0017 0.8279   4.0463 +C    11576.563353  0 0.0056 19782 | 5/46
383 h-m-p  0.0036 1.1298   6.3851 +CC   11576.552365  1 0.0221 19834 | 5/46
384 h-m-p  0.0010 0.0050  42.6139 ++    11576.534667  m 0.0050 19883 | 6/46
385 h-m-p  0.1089 0.5446   0.9769 --C   11576.534552  0 0.0021 19934 | 6/46
386 h-m-p  0.0263 8.0000   0.0780 +++CC 11576.531361  1 2.5344 20028 | 6/46
387 h-m-p  0.6749 8.0000   0.2928 YC    11576.525117  1 1.1404 20118 | 5/46
388 h-m-p  0.0264 0.3061  12.6684 -C    11576.525006  0 0.0026 20208 | 5/46
389 h-m-p  0.1086 8.0000   0.3027 ++YC  11576.502243  1 3.4787 20260 | 5/46
390 h-m-p  0.2984 1.4919   0.1203 ++    11576.500646  m 1.4919 20350 | 6/46
391 h-m-p  1.6000 8.0000   0.0046 Y     11576.500581  0 0.7520 20440 | 6/46
392 h-m-p  0.2028 8.0000   0.0171 +C    11576.500541  0 0.8930 20530 | 6/46
393 h-m-p  1.6000 8.0000   0.0021 Y     11576.500537  0 1.2792 20619 | 6/46
394 h-m-p  1.6000 8.0000   0.0007 Y     11576.500537  0 1.2669 20708 | 6/46
395 h-m-p  1.6000 8.0000   0.0001 Y     11576.500537  0 0.8626 20797 | 6/46
396 h-m-p  1.6000 8.0000   0.0000 C     11576.500537  0 0.5091 20886 | 6/46
397 h-m-p  1.0415 8.0000   0.0000 C     11576.500537  0 1.0415 20975 | 6/46
398 h-m-p  1.6000 8.0000   0.0000 ---------------Y 11576.500537  0 0.0000 21079
Out..
lnL  = -11576.500537
21080 lfun, 147560 eigenQcodon, 5312160 P(t)
Calculating SE's

Warning: Hessian matrix may be unreliable for zero branch lengths
end of tree file.

Tree comparisons (Kishino & Hasegawa 1989; Shimodaira & Hasegawa 1999)
	Reading lnf for tree # 1	Reading lnf for tree # 2
err: lnf, reading tree 2.
Time used: 34:03
