
 15         verbose | verbose                1.00
  7         runmode | runmode                0.00
  4         seqtype | seqtype                1.00
 13       CodonFreq | CodonFreq              1.00
  9           clock | clock                  0.00
 18          aaDist | aaDist                 0.00
 16           model | model                  0.00
 20         NSsites | NSsites                8.00
 22           icode | icode                  0.00
 23           Mgene | Mgene                  0.00
 24       fix_kappa | fix_kappa              0.00
 25           kappa | kappa                  2.00
 26       fix_omega | fix_omega              1.00
 27           omega | omega                  1.00
 28       fix_alpha | fix_alpha              1.00
 29           alpha | alpha                  0.00
 30          Malpha | Malpha                 0.00
 31           ncatG | ncatG                  5.00
 11           getSE | getSE                  1.00
 12    RateAncestor | RateAncestor           0.00
 36      Small_Diff | Small_Diff             0.00
  6       cleandata | cleandata              0.00
  8          method | method                 0.00
CODONML in paml version 4.9h, March 2018

----------------------------------------------
Phe F TTT | Ser S TCT | Tyr Y TAT | Cys C TGT
      TTC |       TCC |       TAC |       TGC
Leu L TTA |       TCA | *** * TAA | *** * TGA
      TTG |       TCG |       TAG | Trp W TGG
----------------------------------------------
Leu L CTT | Pro P CCT | His H CAT | Arg R CGT
      CTC |       CCC |       CAC |       CGC
      CTA |       CCA | Gln Q CAA |       CGA
      CTG |       CCG |       CAG |       CGG
----------------------------------------------
Ile I ATT | Thr T ACT | Asn N AAT | Ser S AGT
      ATC |       ACC |       AAC |       AGC
      ATA |       ACA | Lys K AAA | Arg R AGA
Met M ATG |       ACG |       AAG |       AGG
----------------------------------------------
Val V GTT | Ala A GCT | Asp D GAT | Gly G GGT
      GTC |       GCC |       GAC |       GGC
      GTA |       GCA | Glu E GAA |       GGA
      GTG |       GCG |       GAG |       GGG
----------------------------------------------
Nice code, uuh?


Ambiguity character definition table:

T (1): T 
C (1): C 
A (1): A 
G (1): G 
U (1): T 
Y (2): T C 
R (2): A G 
M (2): C A 
K (2): T G 
S (2): C G 
W (2): T A 
H (3): T C A 
B (3): T C G 
V (3): C A G 
D (3): T A G 
- (4): T C A G 
N (4): T C A G 
? (4): T C A G 
ns = 29  	ls = 4170
Reading sequences, sequential format..
Reading seq # 1: Nothoprocta_perdicaria       
Reading seq # 2: Struthio_camelus_australis       
Reading seq # 3: Apteryx_rowi       
Reading seq # 4: Dromaius_novaehollandiae       
Reading seq # 5: Lepidothrix_coronata       
Reading seq # 6: Corvus_moneduloides       
Reading seq # 7: Hirundo_rustica       
Reading seq # 8: Parus_major       
Reading seq # 9: Cyanistes_caeruleus       
Reading seq #10: Ficedula_albicollis       
Reading seq #11: Catharus_ustulatus       
Reading seq #12: Taeniopygia_guttata       
Reading seq #13: Lonchura_striata_domestica       
Reading seq #14: Camarhynchus_parvulus       
Reading seq #15: Serinus_canaria       
Reading seq #16: Motacilla_alba_alba       
Reading seq #17: Strigops_habroptila       
Reading seq #18: Melopsittacus_undulatus       
Reading seq #19: Columba_livia       
Reading seq #20: Calidris_pugnax       
Reading seq #21: Aquila_chrysaetos_chrysaetos       
Reading seq #22: Athene_cunicularia       
Reading seq #23: Anas_platyrhynchos       
Reading seq #24: Anser_cygnoides_domesticus       
Reading seq #25: Coturnix_japonica       
Reading seq #26: Numida_meleagris       
Reading seq #27: Gallus_gallus       
Reading seq #28: Phasianus_colchicus       
Reading seq #29: Meleagris_gallopavo       

Sequences read..
Counting site patterns..  0:00
Compressing,   1233 patterns at   1390 /   1390 sites (100.0%),  0:00
Collecting fpatt[] & pose[],   1233 patterns at   1390 /   1390 sites (100.0%),  0:00
5 ambiguous codons are seen in the data:
 --- RCA YCT ACR GGW
Counting codons..

     3248 bytes for distance
  1203408 bytes for conP
    59184 bytes for fhK
  5000000 bytes for space

TREE #  1
(((((((((24, 3), (1, (2, 4))), ((26, (25, (27, (29, 28)))), 23)), 19), (20, ((21, 22), (18, 17)))), 5), 6), 7), (((12, 13), (16, (15, 14))), (8, 9)), (10, 11));   MP score: -1
 16246008 bytes for conP, adjusted

1 node(s) used for scaling (Yang 2000 J Mol Evol 51:423-432):
 34

    0.023089    0.062064    0.097369    0.079239    0.072877    0.052246    0.083351    0.100692    0.039090    0.025875    0.052192    0.068979    0.102327    0.068561    0.052599    0.086094    0.038627    0.026077    0.060527    0.093527    0.025733    0.050300    0.089305    0.046471    0.036377    0.057551    0.017240    0.046534    0.098258    0.035283    0.099891    0.106380    0.075407    0.108040    0.109203    0.094741    0.100626    0.048630    0.016676    0.085243    0.063692    0.095457    0.012765    0.107470    0.035010    0.011936    0.029710    0.073717    0.079394    0.098940    0.109954    0.029865    0.089688    0.046208    0.037366    2.000000    0.900000    0.638103    1.348807

ntime & nrate & np:    55     1    59

Bounds (np=59):
   0.000004   0.000004   0.000004   0.000004   0.000004   0.000004   0.000004   0.000004   0.000004   0.000004   0.000004   0.000004   0.000004   0.000004   0.000004   0.000004   0.000004   0.000004   0.000004   0.000004   0.000004   0.000004   0.000004   0.000004   0.000004   0.000004   0.000004   0.000004   0.000004   0.000004   0.000004   0.000004   0.000004   0.000004   0.000004   0.000004   0.000004   0.000004   0.000004   0.000004   0.000004   0.000004   0.000004   0.000004   0.000004   0.000004   0.000004   0.000004   0.000004   0.000004   0.000004   0.000004   0.000004   0.000004   0.000004   0.000100   0.000010   0.005000   0.005000
  50.000000  50.000000  50.000000  50.000000  50.000000  50.000000  50.000000  50.000000  50.000000  50.000000  50.000000  50.000000  50.000000  50.000000  50.000000  50.000000  50.000000  50.000000  50.000000  50.000000  50.000000  50.000000  50.000000  50.000000  50.000000  50.000000  50.000000  50.000000  50.000000  50.000000  50.000000  50.000000  50.000000  50.000000  50.000000  50.000000  50.000000  50.000000  50.000000  50.000000  50.000000  50.000000  50.000000  50.000000  50.000000  50.000000  50.000000  50.000000  50.000000  50.000000  50.000000  50.000000  50.000000  50.000000  50.000000 999.000000   0.999990  99.000000  99.000000
Qfactor_NS = 9.008334

np =    59
lnL0 = -28673.007520

Iterating by ming2
Initial: fx= 28673.007520
x=  0.02309  0.06206  0.09737  0.07924  0.07288  0.05225  0.08335  0.10069  0.03909  0.02587  0.05219  0.06898  0.10233  0.06856  0.05260  0.08609  0.03863  0.02608  0.06053  0.09353  0.02573  0.05030  0.08931  0.04647  0.03638  0.05755  0.01724  0.04653  0.09826  0.03528  0.09989  0.10638  0.07541  0.10804  0.10920  0.09474  0.10063  0.04863  0.01668  0.08524  0.06369  0.09546  0.01277  0.10747  0.03501  0.01194  0.02971  0.07372  0.07939  0.09894  0.10995  0.02987  0.08969  0.04621  0.03737  2.00000  0.90000  0.63810  1.34881

  1 h-m-p  0.0000 0.0000 13216.2721 ++    27308.527251  m 0.0000    64 | 0/59
  2 h-m-p  0.0000 0.0000 3968.6861 ++    27272.385735  m 0.0000   126 | 0/59
  3 h-m-p  0.0000 0.0000 48626.7499 ++    27229.838249  m 0.0000   188 | 1/59
  4 h-m-p  0.0000 0.0000 38757.2444 ++    27226.806623  m 0.0000   250 | 1/59
  5 h-m-p  0.0000 0.0000 25877.5554 ++    27135.597535  m 0.0000   312 | 2/59
  6 h-m-p  0.0000 0.0000 26036.1136 ++    26918.055418  m 0.0000   374 | 3/59
  7 h-m-p  0.0000 0.0000 6409.8530 ++    26845.006504  m 0.0000   436 | 4/59
  8 h-m-p  0.0000 0.0000 7683.3159 ++    26805.019988  m 0.0000   498 | 4/59
  9 h-m-p  0.0000 0.0000 10652.4279 ++    26791.537919  m 0.0000   560 | 4/59
 10 h-m-p  0.0000 0.0000 2868.8544 ++    26756.305105  m 0.0000   622 | 4/59
 11 h-m-p  0.0000 0.0000 3784.9660 ++    26699.170913  m 0.0000   684 | 4/59
 12 h-m-p -0.0000 -0.0000 1857.6778 
h-m-p:     -8.59846627e-22     -4.29923314e-21      1.85767785e+03 26699.170913
..  | 4/59
 13 h-m-p  0.0000 0.0000 4502.5360 +YYY  26688.985862  2 0.0000   808 | 4/59
 14 h-m-p  0.0000 0.0000 1675.9924 ++    26666.280384  m 0.0000   870 | 4/59
 15 h-m-p  0.0000 0.0000 3339.4110 ++    26654.736272  m 0.0000   932 | 4/59
 16 h-m-p  0.0000 0.0000 3564.1921 ++    26640.353917  m 0.0000   994 | 4/59
 17 h-m-p  0.0000 0.0000 3648.4506 
h-m-p:      7.14022281e-23      3.57011141e-22      3.64845057e+03 26640.353917
..  | 4/59
 18 h-m-p  0.0000 0.0000 1259.3280 ++    26636.185984  m 0.0000  1115 | 4/59
 19 h-m-p  0.0000 0.0000 1891.5090 +YYCCC 26629.332015  4 0.0000  1184 | 4/59
 20 h-m-p  0.0000 0.0000 1924.4561 ++    26621.885619  m 0.0000  1246 | 4/59
 21 h-m-p  0.0000 0.0000 6760.7242 ++    26617.054983  m 0.0000  1308 | 4/59
 22 h-m-p  0.0000 0.0000 5400.3740 +YCCC 26607.568678  3 0.0000  1376 | 4/59
 23 h-m-p  0.0000 0.0000 2207.4222 +YCCC 26598.053882  3 0.0000  1444 | 4/59
 24 h-m-p  0.0000 0.0000 1267.5549 ++    26595.407397  m 0.0000  1506 | 4/59
 25 h-m-p  0.0000 0.0000 1488.4594 YC    26591.731008  1 0.0000  1569 | 4/59
 26 h-m-p  0.0000 0.0000 2630.3707 +YYCC 26584.323155  3 0.0000  1636 | 4/59
 27 h-m-p  0.0000 0.0000 3218.0598 ++    26574.412774  m 0.0000  1698 | 4/59
 28 h-m-p  0.0000 0.0000 3185.2868 +YC   26567.733189  1 0.0000  1762 | 4/59
 29 h-m-p  0.0000 0.0000 1417.4976 +YYCC 26560.908715  3 0.0000  1829 | 4/59
 30 h-m-p  0.0000 0.0000 1386.9001 +CC   26554.593990  1 0.0000  1894 | 4/59
 31 h-m-p  0.0000 0.0000 1491.6706 +YCC  26550.569641  2 0.0000  1960 | 4/59
 32 h-m-p  0.0000 0.0001 803.6129 CCC   26548.781820  2 0.0000  2026 | 4/59
 33 h-m-p  0.0000 0.0006 635.8029 +YC   26544.822934  1 0.0001  2090 | 4/59
 34 h-m-p  0.0000 0.0003 992.2773 CCC   26540.177375  2 0.0001  2156 | 4/59
 35 h-m-p  0.0000 0.0002 2037.1584 YCCC  26528.692763  3 0.0001  2223 | 4/59
 36 h-m-p  0.0001 0.0003 2054.5345 CCC   26517.202699  2 0.0001  2289 | 4/59
 37 h-m-p  0.0000 0.0002 2801.8688 CCCC  26506.090536  3 0.0001  2357 | 4/59
 38 h-m-p  0.0000 0.0001 2588.2091 YCCC  26495.865553  3 0.0001  2424 | 4/59
 39 h-m-p  0.0001 0.0005 513.6532 YC    26493.987640  1 0.0001  2487 | 4/59
 40 h-m-p  0.0001 0.0003 375.4871 CCC   26493.100545  2 0.0000  2553 | 4/59
 41 h-m-p  0.0000 0.0004 369.9796 CYC   26492.358679  2 0.0000  2618 | 4/59
 42 h-m-p  0.0001 0.0007 242.9532 CCC   26491.829643  2 0.0001  2684 | 4/59
 43 h-m-p  0.0002 0.0013  64.9029 CC    26491.727039  1 0.0001  2748 | 4/59
 44 h-m-p  0.0001 0.0027  37.5574 YC    26491.692123  1 0.0001  2811 | 4/59
 45 h-m-p  0.0001 0.0024  25.7008 YC    26491.677058  1 0.0001  2874 | 4/59
 46 h-m-p  0.0001 0.0074  14.1695 YC    26491.670904  1 0.0001  2937 | 4/59
 47 h-m-p  0.0002 0.0121   5.8363 C     26491.662768  0 0.0002  2999 | 4/59
 48 h-m-p  0.0001 0.0149   8.5964 CC    26491.641918  1 0.0002  3063 | 4/59
 49 h-m-p  0.0002 0.0244  10.5936 +C    26491.426445  0 0.0007  3126 | 4/59
 50 h-m-p  0.0001 0.0043  56.9809 +CCC  26489.879968  2 0.0005  3193 | 4/59
 51 h-m-p  0.0000 0.0002 549.4287 ++    26483.042989  m 0.0002  3255 | 4/59
 52 h-m-p -0.0000 -0.0000 1427.4015 
h-m-p:     -3.14121651e-22     -1.57060826e-21      1.42740146e+03 26483.042989
..  | 4/59
 53 h-m-p  0.0000 0.0000 936.6486 ++    26480.889272  m 0.0000  3376 | 4/59
 54 h-m-p  0.0000 0.0000 873.4139 ++    26480.289143  m 0.0000  3438 | 4/59
 55 h-m-p  0.0000 0.0000 1515.7015 +CCC  26478.752394  2 0.0000  3505 | 4/59
 56 h-m-p  0.0000 0.0000 1419.4784 ++    26478.549269  m 0.0000  3567 | 4/59
 57 h-m-p -0.0000 -0.0000 672.3369 
h-m-p:     -2.91146646e-23     -1.45573323e-22      6.72336873e+02 26478.549269
..  | 4/59
 58 h-m-p  0.0000 0.0000 958.5846 +CCC  26477.965642  2 0.0000  3693 | 4/59
 59 h-m-p  0.0000 0.0000 462.6257 ++    26477.816245  m 0.0000  3755 | 4/59
 60 h-m-p  0.0000 0.0000 768.9371 CYC   26477.023985  2 0.0000  3820 | 4/59
 61 h-m-p  0.0000 0.0000 832.4713 ++    26476.208117  m 0.0000  3882 | 4/59
 62 h-m-p  0.0000 0.0000 1347.0206 YCCC  26475.697778  3 0.0000  3949 | 4/59
 63 h-m-p  0.0000 0.0000 257.9142 ++    26475.335534  m 0.0000  4011 | 4/59
 64 h-m-p  0.0000 0.0000 348.2529 CYC   26475.149138  2 0.0000  4076 | 4/59
 65 h-m-p  0.0000 0.0001 256.9058 +YC   26474.652755  1 0.0000  4140 | 4/59
 66 h-m-p  0.0001 0.0006 183.2012 YCC   26474.402331  2 0.0000  4205 | 4/59
 67 h-m-p  0.0000 0.0001 353.5599 CCC   26474.219931  2 0.0000  4271 | 4/59
 68 h-m-p  0.0000 0.0004 289.2067 CC    26473.983689  1 0.0000  4335 | 4/59
 69 h-m-p  0.0000 0.0007 183.0032 CC    26473.817416  1 0.0000  4399 | 4/59
 70 h-m-p  0.0000 0.0017 190.6582 CC    26473.621298  1 0.0000  4463 | 4/59
 71 h-m-p  0.0001 0.0003  91.8279 CC    26473.585313  1 0.0000  4527 | 4/59
 72 h-m-p  0.0000 0.0006 184.2630 YC    26473.515134  1 0.0000  4590 | 4/59
 73 h-m-p  0.0000 0.0012 166.5249 CC    26473.444567  1 0.0000  4654 | 4/59
 74 h-m-p  0.0000 0.0007 115.3864 YC    26473.403502  1 0.0000  4717 | 4/59
 75 h-m-p  0.0000 0.0027 106.2870 +YC   26473.298621  1 0.0001  4781 | 4/59
 76 h-m-p  0.0001 0.0018 169.2679 YC    26473.104504  1 0.0001  4844 | 4/59
 77 h-m-p  0.0000 0.0004 519.7346 CCC   26472.877259  2 0.0000  4910 | 4/59
 78 h-m-p  0.0000 0.0016 448.5759 CC    26472.549881  1 0.0001  4974 | 4/59
 79 h-m-p  0.0000 0.0004 964.5779 CCC   26472.089459  2 0.0000  5040 | 4/59
 80 h-m-p  0.0001 0.0015 792.3619 YC    26471.309943  1 0.0001  5103 | 4/59
 81 h-m-p  0.0001 0.0014 807.0633 YCC   26470.809544  2 0.0001  5168 | 4/59
 82 h-m-p  0.0002 0.0018 216.3050 C     26470.693550  0 0.0001  5230 | 4/59
 83 h-m-p  0.0003 0.0021  47.1886 CC    26470.663579  1 0.0001  5294 | 4/59
 84 h-m-p  0.0001 0.0024  47.3208 YC    26470.651944  1 0.0000  5357 | 4/59
 85 h-m-p  0.0001 0.0038  24.6555 CC    26470.641186  1 0.0001  5421 | 4/59
 86 h-m-p  0.0001 0.0046  27.6096 CC    26470.630088  1 0.0001  5485 | 4/59
 87 h-m-p  0.0001 0.0078  19.9828 YC    26470.623850  1 0.0001  5548 | 4/59
 88 h-m-p  0.0001 0.0095  15.5544 CC    26470.617225  1 0.0001  5612 | 4/59
 89 h-m-p  0.0001 0.0157  33.7918 +YC   26470.599532  1 0.0002  5676 | 4/59
 90 h-m-p  0.0001 0.0131 100.9302 +YC   26470.540473  1 0.0002  5740 | 4/59
 91 h-m-p  0.0001 0.0078 288.0779 +CC   26470.248663  1 0.0004  5805 | 4/59
 92 h-m-p  0.0001 0.0015 1014.9960 CC    26469.896584  1 0.0001  5869 | 4/59
 93 h-m-p  0.0002 0.0026 799.5221 YC    26469.716619  1 0.0001  5932 | 4/59
 94 h-m-p  0.0005 0.0076 140.4131 YC    26469.688370  1 0.0001  5995 | 4/59
 95 h-m-p  0.0003 0.0104  32.7152 YC    26469.683257  1 0.0001  6058 | 4/59
 96 h-m-p  0.0004 0.0295   5.0735 C     26469.682444  0 0.0001  6120 | 4/59
 97 h-m-p  0.0005 0.2539   1.5090 C     26469.682199  0 0.0001  6182 | 4/59
 98 h-m-p  0.0005 0.2325   0.8700 C     26469.680723  0 0.0006  6244 | 4/59
 99 h-m-p  0.0002 0.0378   2.3181 +C    26469.665002  0 0.0008  6362 | 4/59
100 h-m-p  0.0002 0.0047   7.5675 +YC   26469.558318  1 0.0007  6426 | 4/59
101 h-m-p  0.0001 0.0004  49.2845 +YC   26469.164122  1 0.0003  6490 | 4/59
102 h-m-p  0.0000 0.0001 107.4636 ++    26468.789828  m 0.0001  6552 | 5/59
103 h-m-p  0.0001 0.0003  36.3293 CC    26468.746097  1 0.0001  6616 | 5/59
104 h-m-p  0.0007 0.0130   4.2621 -C    26468.745540  0 0.0001  6679 | 5/59
105 h-m-p  0.0003 0.0766   1.0347 C     26468.745506  0 0.0001  6741 | 5/59
106 h-m-p  0.0019 0.9264   0.2284 C     26468.745454  0 0.0004  6803 | 5/59
107 h-m-p  0.0004 0.1046   0.2075 +YC   26468.743744  1 0.0028  6921 | 5/59
108 h-m-p  0.0001 0.0066   4.4296 ++CC  26468.684090  1 0.0026  7041 | 5/59
109 h-m-p  0.0002 0.0011  52.7862 YC    26468.655411  1 0.0001  7104 | 5/59
110 h-m-p  0.0011 0.0429   5.1867 -C    26468.654482  0 0.0001  7167 | 5/59
111 h-m-p  0.0023 1.1542   0.3437 -Y    26468.654477  0 0.0001  7230 | 5/59
112 h-m-p  0.0065 3.2274   0.0412 --Y   26468.654476  0 0.0002  7348 | 5/59
113 h-m-p  0.0160 8.0000   0.0157 C     26468.654468  0 0.0038  7464 | 5/59
114 h-m-p  0.0054 2.7148   0.4667 Y     26468.653507  0 0.0104  7580 | 5/59
115 h-m-p  0.0049 0.2560   0.9936 --C   26468.653491  0 0.0001  7698 | 5/59
116 h-m-p  0.0390 8.0000   0.0024 ++C   26468.653377  0 0.9826  7816 | 5/59
117 h-m-p  1.6000 8.0000   0.0007 Y     26468.653366  0 0.9373  7932 | 5/59
118 h-m-p  1.6000 8.0000   0.0001 Y     26468.653365  0 0.7333  8048 | 5/59
119 h-m-p  1.6000 8.0000   0.0000 Y     26468.653365  0 1.2301  8164 | 5/59
120 h-m-p  1.6000 8.0000   0.0000 +C    26468.653365  0 6.6573  8281 | 5/59
121 h-m-p  1.1585 8.0000   0.0000 -C    26468.653365  0 0.0724  8398 | 5/59
122 h-m-p  0.0741 8.0000   0.0000 Y     26468.653365  0 0.0185  8514 | 5/59
123 h-m-p  0.0160 8.0000   0.0000 Y     26468.653365  0 0.0160  8630 | 5/59
124 h-m-p  0.0547 8.0000   0.0000 -C    26468.653365  0 0.0034  8747
Out..
lnL  = -26468.653365
8748 lfun, 61236 eigenQcodon, 2886840 P(t)
Calculating SE's

Warning: Hessian matrix may be unreliable for zero branch lengths
end of tree file.

Tree comparisons (Kishino & Hasegawa 1989; Shimodaira & Hasegawa 1999)
	Reading lnf for tree # 1	Reading lnf for tree # 2
err: lnf, reading tree 2.
Time used: 57:12
