
 15         verbose | verbose                1.00
  7         runmode | runmode                0.00
  4         seqtype | seqtype                1.00
 13       CodonFreq | CodonFreq              1.00
  9           clock | clock                  0.00
 18          aaDist | aaDist                 0.00
 16           model | model                  0.00
 20         NSsites | NSsites                8.00
 22           icode | icode                  0.00
 23           Mgene | Mgene                  0.00
 24       fix_kappa | fix_kappa              0.00
 25           kappa | kappa                  2.00
 26       fix_omega | fix_omega              1.00
 27           omega | omega                  1.00
 28       fix_alpha | fix_alpha              1.00
 29           alpha | alpha                  0.00
 30          Malpha | Malpha                 0.00
 31           ncatG | ncatG                  5.00
 11           getSE | getSE                  1.00
 12    RateAncestor | RateAncestor           0.00
 36      Small_Diff | Small_Diff             0.00
  6       cleandata | cleandata              0.00
  8          method | method                 0.00
CODONML in paml version 4.9h, March 2018

----------------------------------------------
Phe F TTT | Ser S TCT | Tyr Y TAT | Cys C TGT
      TTC |       TCC |       TAC |       TGC
Leu L TTA |       TCA | *** * TAA | *** * TGA
      TTG |       TCG |       TAG | Trp W TGG
----------------------------------------------
Leu L CTT | Pro P CCT | His H CAT | Arg R CGT
      CTC |       CCC |       CAC |       CGC
      CTA |       CCA | Gln Q CAA |       CGA
      CTG |       CCG |       CAG |       CGG
----------------------------------------------
Ile I ATT | Thr T ACT | Asn N AAT | Ser S AGT
      ATC |       ACC |       AAC |       AGC
      ATA |       ACA | Lys K AAA | Arg R AGA
Met M ATG |       ACG |       AAG |       AGG
----------------------------------------------
Val V GTT | Ala A GCT | Asp D GAT | Gly G GGT
      GTC |       GCC |       GAC |       GGC
      GTA |       GCA | Glu E GAA |       GGA
      GTG |       GCG |       GAG |       GGG
----------------------------------------------
Nice code, uuh?


Ambiguity character definition table:

T (1): T 
C (1): C 
A (1): A 
G (1): G 
U (1): T 
Y (2): T C 
R (2): A G 
M (2): C A 
K (2): T G 
S (2): C G 
W (2): T A 
H (3): T C A 
B (3): T C G 
V (3): C A G 
D (3): T A G 
- (4): T C A G 
N (4): T C A G 
? (4): T C A G 
ns = 29  	ls = 4188
Reading sequences, sequential format..
Reading seq # 1: Nothoprocta_perdicaria       
Reading seq # 2: Struthio_camelus_australis       
Reading seq # 3: Apteryx_rowi       
Reading seq # 4: Dromaius_novaehollandiae       
Reading seq # 5: Lepidothrix_coronata       
Reading seq # 6: Corvus_moneduloides       
Reading seq # 7: Parus_major       
Reading seq # 8: Cyanistes_caeruleus       
Reading seq # 9: Hirundo_rustica       
Reading seq #10: Ficedula_albicollis       
Reading seq #11: Catharus_ustulatus       
Reading seq #12: Taeniopygia_guttata       
Reading seq #13: Lonchura_striata_domestica       
Reading seq #14: Camarhynchus_parvulus       
Reading seq #15: Serinus_canaria       
Reading seq #16: Motacilla_alba_alba       
Reading seq #17: Strigops_habroptila       
Reading seq #18: Melopsittacus_undulatus       
Reading seq #19: Columba_livia       
Reading seq #20: Calidris_pugnax       
Reading seq #21: Aquila_chrysaetos_chrysaetos       
Reading seq #22: Athene_cunicularia       
Reading seq #23: Anas_platyrhynchos       
Reading seq #24: Anser_cygnoides_domesticus       
Reading seq #25: Coturnix_japonica       
Reading seq #26: Numida_meleagris       
Reading seq #27: Gallus_gallus       
Reading seq #28: Phasianus_colchicus       
Reading seq #29: Meleagris_gallopavo       

Sequences read..
Counting site patterns..  0:00
Compressing,   1239 patterns at   1396 /   1396 sites (100.0%),  0:00
Collecting fpatt[] & pose[],   1239 patterns at   1396 /   1396 sites (100.0%),  0:00
5 ambiguous codons are seen in the data:
 --- RCA YCT ACR GGW
Counting codons..

     3248 bytes for distance
  1209264 bytes for conP
    59472 bytes for fhK
  5000000 bytes for space

TREE #  1
(((((((((24, 3), (1, (2, 4))), ((26, (25, (27, (29, 28)))), 23)), 19), (20, ((21, 22), (18, 17)))), 5), 6), 9), (((12, 13), (16, (15, 14))), (7, 8)), (10, 11));   MP score: -1
 16325064 bytes for conP, adjusted

1 node(s) used for scaling (Yang 2000 J Mol Evol 51:423-432):
 34

    0.072427    0.050594    0.072679    0.070121    0.011702    0.078163    0.031794    0.017684    0.021504    0.080597    0.045296    0.099659    0.062626    0.021928    0.076054    0.098570    0.064750    0.024167    0.094371    0.040596    0.065723    0.029841    0.041433    0.050448    0.090969    0.067571    0.088357    0.080364    0.102728    0.106599    0.108040    0.036672    0.023800    0.061231    0.051978    0.102335    0.015500    0.081110    0.099265    0.028943    0.064487    0.038275    0.019936    0.046565    0.108174    0.096926    0.069862    0.014920    0.103402    0.026847    0.109372    0.014284    0.018057    0.096419    0.012789    2.000000    0.900000    0.595907    1.903248

ntime & nrate & np:    55     1    59

Bounds (np=59):
   0.000004   0.000004   0.000004   0.000004   0.000004   0.000004   0.000004   0.000004   0.000004   0.000004   0.000004   0.000004   0.000004   0.000004   0.000004   0.000004   0.000004   0.000004   0.000004   0.000004   0.000004   0.000004   0.000004   0.000004   0.000004   0.000004   0.000004   0.000004   0.000004   0.000004   0.000004   0.000004   0.000004   0.000004   0.000004   0.000004   0.000004   0.000004   0.000004   0.000004   0.000004   0.000004   0.000004   0.000004   0.000004   0.000004   0.000004   0.000004   0.000004   0.000004   0.000004   0.000004   0.000004   0.000004   0.000004   0.000100   0.000010   0.005000   0.005000
  50.000000  50.000000  50.000000  50.000000  50.000000  50.000000  50.000000  50.000000  50.000000  50.000000  50.000000  50.000000  50.000000  50.000000  50.000000  50.000000  50.000000  50.000000  50.000000  50.000000  50.000000  50.000000  50.000000  50.000000  50.000000  50.000000  50.000000  50.000000  50.000000  50.000000  50.000000  50.000000  50.000000  50.000000  50.000000  50.000000  50.000000  50.000000  50.000000  50.000000  50.000000  50.000000  50.000000  50.000000  50.000000  50.000000  50.000000  50.000000  50.000000  50.000000  50.000000  50.000000  50.000000  50.000000  50.000000 999.000000   0.999990  99.000000  99.000000
Qfactor_NS = 10.143708

np =    59
lnL0 = -29011.326964

Iterating by ming2
Initial: fx= 29011.326964
x=  0.07243  0.05059  0.07268  0.07012  0.01170  0.07816  0.03179  0.01768  0.02150  0.08060  0.04530  0.09966  0.06263  0.02193  0.07605  0.09857  0.06475  0.02417  0.09437  0.04060  0.06572  0.02984  0.04143  0.05045  0.09097  0.06757  0.08836  0.08036  0.10273  0.10660  0.10804  0.03667  0.02380  0.06123  0.05198  0.10234  0.01550  0.08111  0.09926  0.02894  0.06449  0.03827  0.01994  0.04656  0.10817  0.09693  0.06986  0.01492  0.10340  0.02685  0.10937  0.01428  0.01806  0.09642  0.01279  2.00000  0.90000  0.59591  1.90325

  1 h-m-p  0.0000 0.0000 14281.2875 ++    27948.198545  m 0.0000    64 | 1/59
  2 h-m-p  0.0000 0.0000 4989.1805 ++    27817.087266  m 0.0000   126 | 2/59
  3 h-m-p  0.0000 0.0000 8736.0916 ++    27621.378160  m 0.0000   188 | 2/59
  4 h-m-p  0.0000 0.0000 52746.3235 ++    27314.496915  m 0.0000   250 | 2/59
  5 h-m-p  0.0000 0.0000 8283.8115 ++    27294.348669  m 0.0000   312 | 3/59
  6 h-m-p  0.0000 0.0000 47166.6190 ++    27273.932317  m 0.0000   374 | 3/59
  7 h-m-p -0.0000 -0.0000 12569.1555 
h-m-p:     -4.42949813e-23     -2.21474906e-22      1.25691555e+04 27273.932317
..  | 3/59
  8 h-m-p  0.0000 0.0000 3601.5219 ++    27163.431415  m 0.0000   495 | 3/59
  9 h-m-p  0.0000 0.0000 13765.6994 ++    27134.210033  m 0.0000   557 | 4/59
 10 h-m-p  0.0000 0.0000 6089.0426 ++    27112.944653  m 0.0000   619 | 4/59
 11 h-m-p  0.0000 0.0000 1765.5075 ++    27078.898582  m 0.0000   681 | 4/59
 12 h-m-p  0.0000 0.0000 2703.9921 +CCCC 27047.949867  3 0.0000   750 | 4/59
 13 h-m-p  0.0000 0.0000 3292.2204 ++    27022.513096  m 0.0000   812 | 4/59
 14 h-m-p  0.0000 0.0000 2503.5699 YCCC  26999.553243  3 0.0000   879 | 4/59
 15 h-m-p  0.0000 0.0000 1565.1333 ++    26997.240554  m 0.0000   941 | 4/59
 16 h-m-p  0.0000 0.0000 3129.8134 +YCCC 26991.208031  3 0.0000  1009 | 4/59
 17 h-m-p  0.0000 0.0000 1462.7648 ++    26982.049363  m 0.0000  1071 | 4/59
 18 h-m-p  0.0000 0.0000 4935.1217 YCCC  26972.053678  3 0.0000  1138 | 4/59
 19 h-m-p  0.0000 0.0001 1001.7581 CCCC  26963.707941  3 0.0000  1206 | 4/59
 20 h-m-p  0.0000 0.0001 1302.4867 YCCCC 26954.357575  4 0.0000  1275 | 4/59
 21 h-m-p  0.0000 0.0002 1345.0221 CCC   26946.204667  2 0.0000  1341 | 4/59
 22 h-m-p  0.0000 0.0001 1228.0082 CYCCC 26939.602779  4 0.0000  1410 | 4/59
 23 h-m-p  0.0000 0.0002 1275.6908 CCC   26932.153343  2 0.0001  1476 | 4/59
 24 h-m-p  0.0001 0.0003 838.7933 CYC   26926.822869  2 0.0001  1541 | 4/59
 25 h-m-p  0.0001 0.0004 825.9777 CCC   26921.175137  2 0.0001  1607 | 4/59
 26 h-m-p  0.0001 0.0004 1051.8645 YCCC  26911.815510  3 0.0001  1674 | 4/59
 27 h-m-p  0.0001 0.0007 1930.7645 CYCC  26900.183110  3 0.0001  1741 | 4/59
 28 h-m-p  0.0001 0.0004 2002.8975 CCCC  26885.144937  3 0.0001  1809 | 4/59
 29 h-m-p  0.0000 0.0002 2402.9504 CCC   26875.853285  2 0.0001  1875 | 4/59
 30 h-m-p  0.0001 0.0004 1338.3305 YCC   26870.421422  2 0.0001  1940 | 4/59
 31 h-m-p  0.0002 0.0009 374.6850 CC    26869.215626  1 0.0001  2004 | 4/59
 32 h-m-p  0.0002 0.0012 117.0868 YC    26868.793125  1 0.0001  2067 | 4/59
 33 h-m-p  0.0001 0.0016  84.9623 YC    26868.616080  1 0.0001  2130 | 4/59
 34 h-m-p  0.0001 0.0022  47.8768 CC    26868.455212  1 0.0001  2194 | 4/59
 35 h-m-p  0.0001 0.0030  46.3621 CC    26868.128721  1 0.0001  2258 | 4/59
 36 h-m-p  0.0001 0.0011  71.4684 CCC   26867.297228  2 0.0001  2324 | 4/59
 37 h-m-p  0.0001 0.0007 193.9503 YC    26864.468301  1 0.0001  2387 | 4/59
 38 h-m-p  0.0001 0.0003 297.3041 +CYC  26852.442884  2 0.0003  2453 | 4/59
 39 h-m-p  0.0000 0.0000 1510.4054 ++    26847.281667  m 0.0000  2515 | 4/59
 40 h-m-p -0.0000 -0.0000 658.9159 
h-m-p:     -4.51588795e-22     -2.25794397e-21      6.58915944e+02 26847.281667
..  | 4/59
 41 h-m-p  0.0000 0.0000 4586.4424 YYCCC 26838.806674  4 0.0000  2642 | 4/59
 42 h-m-p  0.0000 0.0000 2144.3924 ++    26822.224491  m 0.0000  2704 | 4/59
 43 h-m-p  0.0000 0.0000 2960.0872 ++    26815.582109  m 0.0000  2766 | 4/59
 44 h-m-p  0.0000 0.0000 2047.0915 +YYCCC 26808.984232  4 0.0000  2835 | 4/59
 45 h-m-p  0.0000 0.0000 1224.6563 ++    26801.690151  m 0.0000  2897 | 4/59
 46 h-m-p  0.0000 0.0001 460.7524 CC    26799.213602  1 0.0000  2961 | 4/59
 47 h-m-p  0.0000 0.0000 529.6122 ++    26798.408448  m 0.0000  3023 | 4/59
 48 h-m-p  0.0000 0.0002 500.6840 YC    26797.317571  1 0.0000  3086 | 4/59
 49 h-m-p  0.0000 0.0000 327.7563 ++    26796.888755  m 0.0000  3148 | 4/59
 50 h-m-p  0.0000 0.0002 485.1938 +YCC  26795.944507  2 0.0000  3214 | 4/59
 51 h-m-p  0.0000 0.0001 329.1687 C     26795.548648  0 0.0000  3276 | 4/59
 52 h-m-p  0.0001 0.0004 143.7888 YC    26795.329056  1 0.0000  3339 | 4/59
 53 h-m-p  0.0001 0.0010 107.8333 YC    26795.209923  1 0.0000  3402 | 4/59
 54 h-m-p  0.0000 0.0004 115.4253 CC    26795.084658  1 0.0001  3466 | 4/59
 55 h-m-p  0.0000 0.0006 137.2235 CC    26794.949381  1 0.0001  3530 | 4/59
 56 h-m-p  0.0001 0.0008 105.5070 YC    26794.893503  1 0.0000  3593 | 4/59
 57 h-m-p  0.0000 0.0018 101.6006 YC    26794.786046  1 0.0001  3656 | 4/59
 58 h-m-p  0.0000 0.0021 216.5862 YC    26794.599806  1 0.0001  3719 | 4/59
 59 h-m-p  0.0001 0.0031 178.1208 CC    26794.382694  1 0.0001  3783 | 4/59
 60 h-m-p  0.0001 0.0010 254.9428 C     26794.171827  0 0.0001  3845 | 4/59
 61 h-m-p  0.0000 0.0016 465.4561 YC    26793.835858  1 0.0001  3908 | 4/59
 62 h-m-p  0.0001 0.0012 400.8336 CC    26793.487381  1 0.0001  3972 | 4/59
 63 h-m-p  0.0000 0.0003 806.6320 YCC   26793.220467  2 0.0000  4037 | 4/59
 64 h-m-p  0.0001 0.0014 372.5873 CC    26792.949142  1 0.0001  4101 | 4/59
 65 h-m-p  0.0001 0.0009 516.1976 CC    26792.645425  1 0.0001  4165 | 4/59
 66 h-m-p  0.0001 0.0009 534.2671 CC    26792.247244  1 0.0001  4229 | 4/59
 67 h-m-p  0.0001 0.0010 271.8706 YC    26792.009743  1 0.0001  4292 | 4/59
 68 h-m-p  0.0001 0.0009 201.8163 CC    26791.943761  1 0.0000  4356 | 4/59
 69 h-m-p  0.0001 0.0033  63.3708 YC    26791.919987  1 0.0000  4419 | 4/59
 70 h-m-p  0.0001 0.0057  36.1411 YC    26791.904635  1 0.0001  4482 | 4/59
 71 h-m-p  0.0002 0.0165  11.6315 YC    26791.899622  1 0.0001  4545 | 4/59
 72 h-m-p  0.0001 0.0377   6.5406 C     26791.895246  0 0.0001  4607 | 4/59
 73 h-m-p  0.0002 0.0621   4.2295 YC    26791.877465  1 0.0004  4670 | 4/59
 74 h-m-p  0.0003 0.0310   6.4482 +YC   26791.705195  1 0.0007  4734 | 4/59
 75 h-m-p  0.0002 0.0018  30.2773 +YC   26790.393585  1 0.0004  4798 | 4/59
 76 h-m-p  0.0000 0.0002 127.3055 ++    26782.558452  m 0.0002  4860 | 5/59
 77 h-m-p  0.0000 0.0001 427.2658 +CCC  26778.577325  2 0.0001  4927 | 5/59
 78 h-m-p  0.0000 0.0001 149.3056 +YC   26778.053363  1 0.0001  4991 | 5/59
 79 h-m-p  0.0001 0.0023  55.0317 CC    26777.977285  1 0.0001  5055 | 5/59
 80 h-m-p  0.0001 0.0080  21.0667 CC    26777.967239  1 0.0001  5119 | 5/59
 81 h-m-p  0.0002 0.0065   5.8141 YC    26777.965316  1 0.0001  5182 | 5/59
 82 h-m-p  0.0003 0.0104   2.2647 Y     26777.964761  0 0.0001  5244 | 5/59
 83 h-m-p  0.0001 0.0173   2.4686 +YC   26777.962706  1 0.0003  5308 | 5/59
 84 h-m-p  0.0001 0.0259   6.8604 +YC   26777.939520  1 0.0009  5372 | 5/59
 85 h-m-p  0.0001 0.0008  90.5742 ++    26777.680605  m 0.0008  5434 | 5/59
 86 h-m-p -0.0000 -0.0000 1006.7388 
h-m-p:     -9.46020645e-22     -4.73010323e-21      1.00673879e+03 26777.680605
..  | 5/59
 87 h-m-p  0.0000 0.0000 550.9812 +YCYC 26776.952270  3 0.0000  5560 | 5/59
 88 h-m-p  0.0000 0.0000 299.8348 ++    26776.711370  m 0.0000  5622 | 5/59
 89 h-m-p  0.0000 0.0001 564.6637 YCCC  26776.412431  3 0.0000  5689 | 5/59
 90 h-m-p  0.0000 0.0000 361.5786 YC    26776.111760  1 0.0000  5752 | 5/59
 91 h-m-p  0.0000 0.0001 156.5452 C     26776.039483  0 0.0000  5814 | 5/59
 92 h-m-p  0.0000 0.0000 109.2762 YC    26775.970613  1 0.0000  5877 | 5/59
 93 h-m-p  0.0000 0.0001 156.9779 CC    26775.903546  1 0.0000  5941 | 5/59
 94 h-m-p  0.0000 0.0001  83.6215 YC    26775.876241  1 0.0000  6004 | 5/59
 95 h-m-p  0.0000 0.0003  52.0775 C     26775.858692  0 0.0000  6066 | 5/59
 96 h-m-p  0.0000 0.0001  88.9475 C     26775.848377  0 0.0000  6128 | 5/59
 97 h-m-p  0.0000 0.0016  32.5485 YC    26775.842663  1 0.0000  6191 | 5/59
 98 h-m-p  0.0000 0.0056  23.0728 CC    26775.836554  1 0.0000  6255 | 5/59
 99 h-m-p  0.0001 0.0116  19.4761 YC    26775.833374  1 0.0000  6318 | 5/59
100 h-m-p  0.0001 0.0108  13.7519 C     26775.830767  0 0.0001  6380 | 5/59
101 h-m-p  0.0001 0.0084  11.6921 YC    26775.829671  1 0.0000  6443 | 5/59
102 h-m-p  0.0000 0.0096   9.5007 C     26775.828960  0 0.0000  6505 | 5/59
103 h-m-p  0.0000 0.0168   7.6320 Y     26775.828541  0 0.0000  6567 | 5/59
104 h-m-p  0.0000 0.0205   6.8401 C     26775.828040  0 0.0001  6629 | 5/59
105 h-m-p  0.0001 0.0295   7.1032 C     26775.827450  0 0.0001  6691 | 5/59
106 h-m-p  0.0000 0.0189  12.2549 C     26775.826829  0 0.0001  6753 | 5/59
107 h-m-p  0.0001 0.0486   9.6644 Y     26775.826341  0 0.0001  6815 | 5/59
108 h-m-p  0.0000 0.0141  16.3979 C     26775.825763  0 0.0000  6877 | 5/59
109 h-m-p  0.0000 0.0161  14.3920 Y     26775.824626  0 0.0001  6939 | 5/59
110 h-m-p  0.0001 0.0533  12.0757 C     26775.823209  0 0.0001  7001 | 5/59
111 h-m-p  0.0002 0.0260   6.9851 C     26775.822933  0 0.0000  7063 | 5/59
112 h-m-p  0.0001 0.0349   5.5866 C     26775.822703  0 0.0001  7125 | 5/59
113 h-m-p  0.0001 0.0669   3.0220 Y     26775.822526  0 0.0001  7187 | 5/59
114 h-m-p  0.0001 0.0685   3.0895 Y     26775.822368  0 0.0001  7249 | 5/59
115 h-m-p  0.0002 0.0975   2.9396 Y     26775.822155  0 0.0001  7311 | 5/59
116 h-m-p  0.0006 0.2956   3.7059 C     26775.821799  0 0.0002  7373 | 5/59
117 h-m-p  0.0001 0.0724   5.9826 C     26775.821463  0 0.0001  7435 | 5/59
118 h-m-p  0.0001 0.0442   5.0109 C     26775.821066  0 0.0002  7497 | 5/59
119 h-m-p  0.0001 0.0576   6.5592 +C    26775.819612  0 0.0004  7560 | 5/59
120 h-m-p  0.0001 0.0143  42.6162 +CC   26775.810751  1 0.0004  7625 | 5/59
121 h-m-p  0.0001 0.0023 230.8479 YC    26775.790762  1 0.0002  7688 | 5/59
122 h-m-p  0.0002 0.0015 212.2641 YC    26775.781869  1 0.0001  7751 | 5/59
123 h-m-p  0.0003 0.0040  58.6154 C     26775.779665  0 0.0001  7813 | 5/59
124 h-m-p  0.0006 0.0758   6.9266 Y     26775.779291  0 0.0001  7875 | 5/59
125 h-m-p  0.0005 0.2175   1.4484 Y     26775.779221  0 0.0001  7937 | 5/59
126 h-m-p  0.0003 0.1324   0.5053 C     26775.779096  0 0.0003  7999 | 5/59
127 h-m-p  0.0003 0.0547   0.5079 +YC   26775.776231  1 0.0020  8117 | 5/59
128 h-m-p  0.0001 0.0025  11.4985 +YC   26775.746389  1 0.0007  8235 | 5/59
129 h-m-p  0.0001 0.0003  82.8688 +YC   26775.706396  1 0.0001  8299 | 5/59
130 h-m-p  0.0000 0.0002  51.0567 YC    26775.692269  1 0.0001  8362 | 5/59
131 h-m-p  0.0002 0.0012   6.1538 C     26775.691123  0 0.0001  8424 | 5/59
132 h-m-p  0.0003 0.0131   1.6873 C     26775.691009  0 0.0001  8486 | 5/59
133 h-m-p  0.0003 0.1612   0.5088 C     26775.690995  0 0.0001  8548 | 5/59
134 h-m-p  0.0021 1.0635   0.1245 Y     26775.690833  0 0.0014  8664 | 5/59
135 h-m-p  0.0002 0.0105   1.1666 +YC   26775.687834  1 0.0015  8782 | 5/59
136 h-m-p  0.0001 0.0006  13.2240 YC    26775.683549  1 0.0002  8845 | 5/59
137 h-m-p  0.0018 0.0541   1.3760 -Y    26775.683485  0 0.0001  8908 | 5/59
138 h-m-p  0.0029 1.4499   0.1221 -Y    26775.683476  0 0.0003  8971 | 5/59
139 h-m-p  0.0004 0.1670   0.0947 +++YC 26775.679947  1 0.0561  9091 | 5/59
140 h-m-p  0.0001 0.0003  35.2253 YC    26775.676710  1 0.0001  9208 | 5/59
141 h-m-p  0.0003 0.0014   4.4742 C     26775.676483  0 0.0001  9270 | 5/59
142 h-m-p  0.0014 0.4967   0.2772 -C    26775.676479  0 0.0001  9333 | 5/59
143 h-m-p  0.0160 8.0000   0.0088 +Y    26775.675732  0 0.1410  9450 | 5/59
144 h-m-p  0.0002 0.0228   5.8644 C     26775.675126  0 0.0002  9566 | 5/59
145 h-m-p  0.0184 3.9476   0.0549 Y     26775.674518  0 0.0332  9628 | 5/59
146 h-m-p  0.1031 0.6729   0.0177 +Y    26775.673387  0 0.5139  9745 | 5/59
147 h-m-p  0.1149 0.5746   0.0047 ++    26775.673026  m 0.5746  9861 | 5/59
148 h-m-p -0.0000 -0.0000   0.0057 
h-m-p:     -0.00000000e+00     -0.00000000e+00      5.67998106e-03 26775.673026
..  | 5/59
149 h-m-p  0.0000 0.0004   6.6048 Y     26775.672686  0 0.0000 10090 | 5/59
150 h-m-p  0.0000 0.0002  24.4297 -C    26775.672641  0 0.0000 10153 | 5/59
151 h-m-p  0.0000 0.0006   3.1103 Y     26775.672579  0 0.0000 10215 | 5/59
152 h-m-p  0.0000 0.0004   7.4579 C     26775.672485  0 0.0000 10277 | 5/59
153 h-m-p  0.0000 0.0035   3.1771 Y     26775.672436  0 0.0000 10339 | 5/59
154 h-m-p  0.0000 0.0059   2.7435 Y     26775.672410  0 0.0000 10401 | 5/59
155 h-m-p  0.0001 0.0379   2.9314 Y     26775.672328  0 0.0001 10463 | 5/59
156 h-m-p  0.0000 0.0061   6.3122 Y     26775.672276  0 0.0000 10525 | 5/59
157 h-m-p  0.0000 0.0219   7.2524 Y     26775.672201  0 0.0000 10587 | 5/59
158 h-m-p  0.0000 0.0084   6.0650 C     26775.672137  0 0.0000 10649 | 5/59
159 h-m-p  0.0000 0.0019  39.4935 C     26775.672119  0 0.0000 10711 | 5/59
160 h-m-p  0.0002 0.0479   0.5825 -C    26775.672119  0 0.0000 10774 | 5/59
161 h-m-p  0.0002 0.1042   0.2303 --Y   26775.672119  0 0.0000 10892 | 5/59
162 h-m-p  0.0001 0.0497   0.1043 Y     26775.672118  0 0.0000 11008 | 5/59
163 h-m-p  0.0001 0.0538   0.0786 ----------..  | 5/59
164 h-m-p  0.0000 0.0000  14.7693 Y     26775.671766  0 0.0000 11248 | 5/59
165 h-m-p  0.0000 0.0009   7.6514 C     26775.671680  0 0.0000 11310 | 5/59
166 h-m-p  0.0000 0.0000   3.0144 Y     26775.671669  0 0.0000 11372 | 5/59
167 h-m-p  0.0000 0.0166   1.6933 Y     26775.671640  0 0.0000 11434 | 5/59
168 h-m-p  0.0000 0.0153   3.6102 Y     26775.671593  0 0.0000 11496 | 5/59
169 h-m-p  0.0000 0.0094   3.3393 Y     26775.671572  0 0.0000 11558 | 5/59
170 h-m-p  0.0001 0.0484   3.6951 C     26775.671530  0 0.0000 11620 | 5/59
171 h-m-p  0.0000 0.0189   5.8169 Y     26775.671500  0 0.0000 11682 | 5/59
172 h-m-p  0.0002 0.0044   0.5755 Y     26775.671494  0 0.0000 11744 | 5/59
173 h-m-p  0.0000 0.0018   2.1035 Y     26775.671492  0 0.0000 11860 | 5/59
174 h-m-p  0.0000 0.0044   0.6925 C     26775.671490  0 0.0000 11922 | 5/59
175 h-m-p  0.0001 0.0470   0.1636 --C   26775.671490  0 0.0000 12040 | 5/59
176 h-m-p  0.0007 0.3363   0.0842 -C    26775.671490  0 0.0000 12157 | 5/59
177 h-m-p  0.0032 1.5773   0.1303 -----C 26775.671490  0 0.0000 12278 | 5/59
178 h-m-p  0.0013 0.6728   0.2265 ---C  26775.671489  0 0.0000 12397 | 5/59
179 h-m-p  0.0002 0.1235   0.2364 ----------..  | 5/59
180 h-m-p  0.0000 0.0000   9.4792 C     26775.671365  0 0.0000 12637 | 5/59
181 h-m-p  0.0000 0.0047   2.4852 Y     26775.671348  0 0.0000 12699 | 5/59
182 h-m-p  0.0000 0.0001   2.6354 Y     26775.671339  0 0.0000 12761 | 5/59
183 h-m-p  0.0000 0.0062   3.2731 C     26775.671303  0 0.0000 12823 | 5/59
184 h-m-p  0.0000 0.0095   2.7600 C     26775.671295  0 0.0000 12885 | 5/59
185 h-m-p  0.0000 0.0185   0.9446 C     26775.671293  0 0.0000 12947 | 5/59
186 h-m-p  0.0000 0.0044   0.3697 --------..  | 5/59
187 h-m-p  0.0000 0.0000   5.2878 C     26775.671259  0 0.0000 13185 | 5/59
188 h-m-p  0.0000 0.0063   1.5930 Y     26775.671250  0 0.0000 13247 | 5/59
189 h-m-p  0.0000 0.0006   1.5384 ++Y   26775.671156  0 0.0001 13311 | 5/59
190 h-m-p  0.0000 0.0031  18.7053 C     26775.671125  0 0.0000 13373 | 5/59
191 h-m-p  0.0000 0.0001   6.6422 Y     26775.671105  0 0.0000 13435 | 5/59
192 h-m-p  0.0000 0.0010   1.5439 C     26775.671083  0 0.0000 13497 | 5/59
193 h-m-p  0.0000 0.0049   1.7961 Y     26775.671079  0 0.0000 13559 | 5/59
194 h-m-p  0.0000 0.0005   0.7201 Y     26775.671077  0 0.0000 13621 | 5/59
195 h-m-p  0.0000 0.0000  19.8878 --C   26775.671077  0 0.0000 13739 | 5/59
196 h-m-p  0.0001 0.0377   0.2349 Y     26775.671076  0 0.0001 13801 | 5/59
197 h-m-p  0.0001 0.0153   0.3482 Y     26775.671076  0 0.0000 13917 | 5/59
198 h-m-p  0.0001 0.0253   0.5092 Y     26775.671075  0 0.0000 14033 | 5/59
199 h-m-p  0.0000 0.0190   0.4500 C     26775.671074  0 0.0000 14149 | 5/59
200 h-m-p  0.0000 0.0121   0.5992 Y     26775.671074  0 0.0000 14265 | 5/59
201 h-m-p  0.0000 0.0181   0.6581 C     26775.671072  0 0.0000 14381 | 5/59
202 h-m-p  0.0000 0.0176   0.5939 Y     26775.671072  0 0.0000 14497 | 5/59
203 h-m-p  0.0001 0.0655   0.3976 C     26775.671072  0 0.0000 14613 | 5/59
204 h-m-p  0.0001 0.0393   1.2574 Y     26775.671070  0 0.0001 14729 | 5/59
205 h-m-p  0.0001 0.0315   1.2805 Y     26775.671064  0 0.0001 14791 | 5/59
206 h-m-p  0.0001 0.0347   2.6328 C     26775.671057  0 0.0001 14853 | 5/59
207 h-m-p  0.0001 0.0201   2.6369 C     26775.671046  0 0.0001 14915 | 5/59
208 h-m-p  0.0000 0.0061  11.4036 C     26775.671039  0 0.0000 14977 | 5/59
209 h-m-p  0.0001 0.0431   2.2859 C     26775.671036  0 0.0000 15039 | 5/59
210 h-m-p  0.0002 0.0931   0.6648 Y     26775.671036  0 0.0000 15101 | 5/59
211 h-m-p  0.0016 0.8000   0.2504 --C   26775.671035  0 0.0000 15219 | 5/59
212 h-m-p  0.0025 1.2679   0.1622 --Y   26775.671035  0 0.0000 15337 | 5/59
213 h-m-p  0.0014 0.6885   0.0495 -----C 26775.671035  0 0.0000 15458 | 5/59
214 h-m-p  0.0005 0.2707   0.0598 --C   26775.671035  0 0.0000 15576 | 5/59
215 h-m-p  0.0160 8.0000   0.0225 --------Y 26775.671034  0 0.0000 15700 | 5/59
216 h-m-p  0.0030 1.4944   0.0802 ------Y 26775.671034  0 0.0000 15822 | 5/59
217 h-m-p  0.0072 3.5825   0.0160 ---Y  26775.671034  0 0.0000 15941 | 5/59
218 h-m-p  0.0158 7.9236   0.0350 --Y   26775.671034  0 0.0002 16059 | 5/59
219 h-m-p  0.0013 0.6585   0.0759 -----------..  | 5/59
220 h-m-p  0.0000 0.0009   6.4527 Y     26775.670892  0 0.0000 16300 | 5/59
221 h-m-p  0.0000 0.0010   6.1520 Y     26775.670869  0 0.0000 16362 | 5/59
222 h-m-p  0.0000 0.0007   1.5263 Y     26775.670862  0 0.0000 16424 | 5/59
223 h-m-p  0.0000 0.0014   2.9780 C     26775.670841  0 0.0000 16486 | 5/59
224 h-m-p  0.0000 0.0033   6.6981 Y     26775.670817  0 0.0000 16548 | 5/59
225 h-m-p  0.0000 0.0014   3.7140 C     26775.670793  0 0.0000 16610 | 5/59
226 h-m-p  0.0001 0.0199   0.7310 Y     26775.670788  0 0.0000 16672 | 5/59
227 h-m-p  0.0000 0.0240   0.7388 C     26775.670786  0 0.0000 16788 | 5/59
228 h-m-p  0.0001 0.0410   0.4882 Y     26775.670785  0 0.0000 16904 | 5/59
229 h-m-p  0.0003 0.1463   0.2316 -Y    26775.670785  0 0.0000 17021 | 5/59
230 h-m-p  0.0020 0.9985   0.1234 --Y   26775.670785  0 0.0000 17139 | 5/59
231 h-m-p  0.0023 1.1462   0.1306 ----------C 26775.670784  0 0.0000 17265 | 5/59
232 h-m-p  0.0001 0.0471   3.5515 ---------..  | 5/59
233 h-m-p  0.0000 0.0000   6.5504 Y     26775.670720  0 0.0000 17450 | 5/59
234 h-m-p  0.0001 0.0448   2.0999 -C    26775.670709  0 0.0000 17513 | 5/59
235 h-m-p  0.0000 0.0002   1.2995 C     26775.670702  0 0.0000 17575 | 5/59
236 h-m-p  0.0000 0.0145   4.8570 Y     26775.670695  0 0.0000 17637 | 5/59
237 h-m-p  0.0000 0.0002   1.5313 Y     26775.670691  0 0.0000 17699 | 5/59
238 h-m-p  0.0000 0.0030   1.0800 Y     26775.670689  0 0.0000 17761 | 5/59
239 h-m-p  0.0001 0.0115   0.1695 -----C 26775.670689  0 0.0000 17828 | 5/59
240 h-m-p  0.0002 0.0799   0.3777 ----C 26775.670689  0 0.0000 17948 | 5/59
241 h-m-p  0.0009 0.4643   0.1173 ----C 26775.670688  0 0.0000 18068 | 5/59
242 h-m-p  0.0006 0.2906   0.1243 ---C  26775.670688  0 0.0000 18187 | 5/59
243 h-m-p  0.0009 0.4729   0.1630 -----------..  | 5/59
244 h-m-p  0.0000 0.0000   4.4695 Y     26775.670672  0 0.0000 18428 | 5/59
245 h-m-p  0.0000 0.0007   2.9589 C     26775.670664  0 0.0000 18490 | 5/59
246 h-m-p  0.0000 0.0013   1.1756 C     26775.670658  0 0.0000 18552 | 5/59
247 h-m-p  0.0000 0.0005   7.3317 Y     26775.670656  0 0.0000 18614 | 5/59
248 h-m-p  0.0001 0.0151   0.1134 ----Y 26775.670655  0 0.0000 18680 | 5/59
249 h-m-p  0.0001 0.0741   0.4216 ----------..  | 5/59
250 h-m-p  0.0000 0.0000   2.5540 C     26775.670652  0 0.0000 18920 | 5/59
251 h-m-p  0.0000 0.0028   3.6001 C     26775.670644  0 0.0000 18982 | 5/59
252 h-m-p  0.0000 0.0014   1.0682 +Y    26775.670632  0 0.0000 19045 | 5/59
253 h-m-p  0.0000 0.0001  12.1995 Y     26775.670612  0 0.0000 19107 | 5/59
254 h-m-p  0.0000 0.0004   3.4449 C     26775.670603  0 0.0000 19169 | 5/59
255 h-m-p  0.0001 0.0054   0.3485 -------C 26775.670602  0 0.0000 19238 | 5/59
256 h-m-p  0.0000 0.0013   2.4610 -Y    26775.670602  0 0.0000 19355 | 5/59
257 h-m-p  0.0007 0.3381   0.0863 ----Y 26775.670602  0 0.0000 19421 | 5/59
258 h-m-p  0.0001 0.0296   0.6393 ---C  26775.670602  0 0.0000 19540 | 5/59
259 h-m-p  0.0012 0.5964   0.0448 -----------..  | 5/59
260 h-m-p  0.0000 0.0005   5.0206 C     26775.670559  0 0.0000 19781 | 5/59
261 h-m-p  0.0000 0.0016   4.7548 Y     26775.670547  0 0.0000 19843 | 5/59
262 h-m-p  0.0000 0.0057   1.9068 Y     26775.670538  0 0.0000 19905 | 5/59
263 h-m-p  0.0000 0.0050   1.5888 C     26775.670527  0 0.0000 19967 | 5/59
264 h-m-p  0.0001 0.0466   0.8855 -C    26775.670524  0 0.0000 20030 | 5/59
265 h-m-p  0.0003 0.1409   0.3183 -Y    26775.670523  0 0.0000 20147 | 5/59
266 h-m-p  0.0002 0.0989   0.1318 Y     26775.670523  0 0.0000 20263 | 5/59
267 h-m-p  0.0001 0.0377   0.1446 C     26775.670523  0 0.0000 20379 | 5/59
268 h-m-p  0.0000 0.0104   0.2055 -----C 26775.670523  0 0.0000 20500 | 5/59
269 h-m-p  0.0000 0.0004   6.1201 -C    26775.670523  0 0.0000 20617 | 5/59
270 h-m-p  0.0001 0.0491   0.2015 ---------..  | 5/59
271 h-m-p  0.0000 0.0000   4.4153 Y     26775.670510  0 0.0000 20802 | 5/59
272 h-m-p  0.0000 0.0006   1.5294 Y     26775.670505  0 0.0000 20864 | 5/59
273 h-m-p  0.0000 0.0010   1.2861 C     26775.670500  0 0.0000 20926 | 5/59
274 h-m-p  0.0000 0.0038   3.2332 Y     26775.670482  0 0.0000 20988 | 5/59
275 h-m-p  0.0001 0.0093   0.4859 -Y    26775.670481  0 0.0000 21051 | 5/59
276 h-m-p  0.0000 0.0202   0.3573 ---------..  | 5/59
277 h-m-p  0.0000 0.0000   4.3146 C     26775.670455  0 0.0000 21290 | 5/59
278 h-m-p  0.0000 0.0067   1.6086 C     26775.670450  0 0.0000 21352 | 5/59
279 h-m-p  0.0000 0.0004   1.2343 Y     26775.670438  0 0.0000 21414 | 5/59
280 h-m-p  0.0000 0.0001  11.8357 C     26775.670388  0 0.0000 21476 | 5/59
281 h-m-p  0.0000 0.0002   2.7790 Y     26775.670365  0 0.0000 21538 | 5/59
282 h-m-p  0.0000 0.0004   1.7281 C     26775.670362  0 0.0000 21600 | 5/59
283 h-m-p  0.0000 0.0060   0.2846 C     26775.670361  0 0.0000 21662 | 5/59
284 h-m-p  0.0000 0.0016   0.5574 --------..  | 5/59
285 h-m-p  0.0000 0.0003   7.0377 C     26775.670289  0 0.0000 21900 | 5/59
286 h-m-p  0.0000 0.0007   5.4943 Y     26775.670272  0 0.0000 21962 | 5/59
287 h-m-p  0.0000 0.0020   1.1518 Y     26775.670259  0 0.0000 22024 | 5/59
288 h-m-p  0.0000 0.0227   3.9533 C     26775.670232  0 0.0000 22086 | 5/59
289 h-m-p  0.0000 0.0084  12.0353 Y     26775.670190  0 0.0000 22148 | 5/59
290 h-m-p  0.0001 0.0085   2.1880 C     26775.670178  0 0.0000 22210 | 5/59
291 h-m-p  0.0001 0.0566   0.3404 Y     26775.670176  0 0.0000 22272 | 5/59
292 h-m-p  0.0003 0.1528   0.3869 --------Y 26775.670176  0 0.0000 22396 | 5/59
293 h-m-p  0.0009 0.4565   0.0643 -----------..  | 5/59
294 h-m-p  0.0000 0.0000   8.2876 C     26775.670089  0 0.0000 22637 | 5/59
295 h-m-p  0.0000 0.0004   2.6280 Y     26775.670070  0 0.0000 22699 | 5/59
296 h-m-p  0.0000 0.0003   1.7261 C     26775.670053  0 0.0000 22761 | 5/59
297 h-m-p  0.0000 0.0004   3.3048 C     26775.670038  0 0.0000 22823 | 5/59
298 h-m-p  0.0000 0.0001   2.3294 C     26775.670033  0 0.0000 22885 | 5/59
299 h-m-p  0.0000 0.0003   1.4228 C     26775.670030  0 0.0000 22947 | 5/59
300 h-m-p  0.0000 0.0015   0.4728 -Y    26775.670029  0 0.0000 23010 | 5/59
301 h-m-p  0.0000 0.0000 107.0786 ------..  | 5/59
302 h-m-p  0.0000 0.0004   3.2771 Y     26775.670008  0 0.0000 23192 | 5/59
303 h-m-p  0.0000 0.0001   2.0758 Y     26775.670000  0 0.0000 23254 | 5/59
304 h-m-p  0.0000 0.0003   1.6675 C     26775.669993  0 0.0000 23316 | 5/59
305 h-m-p  0.0000 0.0001   1.8984 Y     26775.669991  0 0.0000 23378 | 5/59
306 h-m-p  0.0000 0.0000   7.5419 C     26775.669989  0 0.0000 23440 | 5/59
307 h-m-p  0.0007 0.3742   0.1158 -Y    26775.669989  0 0.0000 23503 | 5/59
308 h-m-p  0.0000 0.0018   0.4706 -Y    26775.669988  0 0.0000 23620 | 5/59
309 h-m-p  0.0001 0.0637   0.0982 ----C 26775.669988  0 0.0000 23740 | 5/59
310 h-m-p  0.0000 0.0058   0.9552 --------..  | 5/59
311 h-m-p  0.0000 0.0000   1.5022 -------- | 5/59
312 h-m-p  0.0000 0.0000   1.5022 --------
Out..
lnL  = -26775.669988
24107 lfun, 168749 eigenQcodon, 7955310 P(t)
Calculating SE's

Warning: Hessian matrix may be unreliable for zero branch lengths
end of tree file.

Tree comparisons (Kishino & Hasegawa 1989; Shimodaira & Hasegawa 1999)
	Reading lnf for tree # 1	Reading lnf for tree # 2
err: lnf, reading tree 2.
Time used: 2:37:49
