
 16         verbose | verbose                1.00
  8         runmode | runmode                0.00
  4         seqtype | seqtype                1.00
 14       CodonFreq | CodonFreq              1.00
 19          aaDist | aaDist                 0.00
 17           model | model                  0.00
 21         NSsites | NSsites                8.00
 23           icode | icode                  0.00
 25       fix_kappa | fix_kappa              0.00
 26           kappa | kappa                  2.00
 27       fix_omega | fix_omega              1.00
 28           omega | omega                  1.00
 29       fix_alpha | fix_alpha              1.00
 30           alpha | alpha                  0.00
 31          Malpha | Malpha                 0.00
 32           ncatG | ncatG                  5.00
 12           getSE | getSE                  0.00
 13    RateAncestor | RateAncestor           0.00
 36      Small_Diff | Small_Diff             0.00
  7       cleandata | cleandata              0.00
 37     fix_blength | fix_blength            0.00
CODONML in paml version 4.10.7, June 2023

----------------------------------------------
Phe F TTT | Ser S TCT | Tyr Y TAT | Cys C TGT
      TTC |       TCC |       TAC |       TGC
Leu L TTA |       TCA | *** * TAA | *** * TGA
      TTG |       TCG |       TAG | Trp W TGG
----------------------------------------------
Leu L CTT | Pro P CCT | His H CAT | Arg R CGT
      CTC |       CCC |       CAC |       CGC
      CTA |       CCA | Gln Q CAA |       CGA
      CTG |       CCG |       CAG |       CGG
----------------------------------------------
Ile I ATT | Thr T ACT | Asn N AAT | Ser S AGT
      ATC |       ACC |       AAC |       AGC
      ATA |       ACA | Lys K AAA | Arg R AGA
Met M ATG |       ACG |       AAG |       AGG
----------------------------------------------
Val V GTT | Ala A GCT | Asp D GAT | Gly G GGT
      GTC |       GCC |       GAC |       GGC
      GTA |       GCA | Glu E GAA |       GGA
      GTG |       GCG |       GAG |       GGG
----------------------------------------------
Nice code, uuh?


Ambiguity character definition table:

T (1): T 
C (1): C 
A (1): A 
G (1): G 
U (1): T 
Y (2): T C 
R (2): A G 
M (2): C A 
K (2): T G 
S (2): C G 
W (2): T A 
H (3): T C A 
B (3): T C G 
V (3): C A G 
D (3): T A G 
- (4): T C A G 
N (4): T C A G 
? (4): T C A G 
ns = 14  	ls = 1635
Reading sequences, sequential format..
Reading seq # 1: XM_0361620       
Reading seq # 2: XM_0175915       
Reading seq # 3: XM_0179718       
Reading seq # 4: XM_0544676       
Reading seq # 5: XM_0190170       
Reading seq # 6: XM_0543242       
Reading seq # 7: XM_0349474       
Reading seq # 8: XM_0638032       
Reading seq # 9: XM_0279770       
Reading seq #10: XM_0250011       
Reading seq #11: XM_0386360       
Reading seq #12: XM_0031343       
Reading seq #13: XM_0081409       
Reading seq #14: XM_0236262       

Sequences read..
Counting site patterns..  0:00
Compressing,    358 patterns at    545 /    545 sites (100.0%),  0:00
Collecting fpatt[] & pose[],    358 patterns at    545 /    545 sites (100.0%),  0:00
1 ambiguous codons are seen in the data:
 ---
Counting codons..
NG distances for seqs.:
   1
  2   1:Sites   396.5 + 1172.5 = 1569.0	Diffs    60.0 +   15.0 =   75.0   2
  3   1:Sites   410.5 + 1215.5 = 1626.0	Diffs   145.5 +   41.5 =  187.0
  3   2:Sites   395.4 + 1173.6 = 1569.0	Diffs   121.5 +   37.5 =  159.0   3
  4   1:Sites   411.3 + 1214.7 = 1626.0	Diffs   132.5 +   42.5 =  175.0
  4   2:Sites   396.3 + 1172.7 = 1569.0	Diffs   114.5 +   42.5 =  157.0
  4   3:Sites   412.6 + 1222.4 = 1635.0	Diffs    59.0 +    9.0 =   68.0   4
  5   1:Sites   411.8 + 1214.2 = 1626.0	Diffs   130.5 +   42.5 =  173.0
  5   2:Sites   396.7 + 1172.3 = 1569.0	Diffs   112.5 +   42.5 =  155.0
  5   3:Sites   413.1 + 1221.9 = 1635.0	Diffs    57.0 +    9.0 =   66.0
  5   4:Sites   413.9 + 1221.1 = 1635.0	Diffs    19.0 +    2.0 =   21.0   5
  6   1:Sites   411.4 + 1214.6 = 1626.0	Diffs   132.5 +   42.5 =  175.0
  6   2:Sites   396.3 + 1172.7 = 1569.0	Diffs   114.5 +   42.5 =  157.0
  6   3:Sites   412.7 + 1222.3 = 1635.0	Diffs    56.0 +    9.0 =   65.0
  6   4:Sites   413.5 + 1221.5 = 1635.0	Diffs    17.0 +    2.0 =   19.0
  6   5:Sites   414.0 + 1221.0 = 1635.0	Diffs     6.0 +    2.0 =    8.0   6
  7   1:Sites   410.6 + 1215.4 = 1626.0	Diffs   131.7 +   45.3 =  177.0
  7   2:Sites   395.6 + 1173.4 = 1569.0	Diffs   111.7 +   45.3 =  157.0
  7   3:Sites   411.9 + 1223.1 = 1635.0	Diffs    58.0 +   11.0 =   69.0
  7   4:Sites   412.8 + 1222.2 = 1635.0	Diffs    17.0 +    4.0 =   21.0
  7   5:Sites   413.2 + 1221.8 = 1635.0	Diffs     8.0 +    2.0 =   10.0
  7   6:Sites   412.8 + 1222.2 = 1635.0	Diffs     4.0 +    4.0 =    8.0   7
  8   1:Sites   411.5 + 1214.5 = 1626.0	Diffs   136.5 +   41.5 =  178.0
  8   2:Sites   396.5 + 1172.5 = 1569.0	Diffs   115.5 +   41.5 =  157.0
  8   3:Sites   412.8 + 1222.2 = 1635.0	Diffs    59.0 +    8.0 =   67.0
  8   4:Sites   413.7 + 1221.3 = 1635.0	Diffs    18.0 +    1.0 =   19.0
  8   5:Sites   414.1 + 1220.9 = 1635.0	Diffs    11.0 +    1.0 =   12.0
  8   6:Sites   413.7 + 1221.3 = 1635.0	Diffs     7.0 +    1.0 =    8.0
  8   7:Sites   413.0 + 1222.0 = 1635.0	Diffs     5.0 +    3.0 =    8.0   8
  9   1:Sites   347.9 + 1038.1 = 1386.0	Diffs   132.0 +   34.0 =  166.0
  9   2:Sites   343.9 + 1030.1 = 1374.0	Diffs   109.0 +   32.0 =  141.0
  9   3:Sites   350.1 + 1044.9 = 1395.0	Diffs   103.0 +   23.0 =  126.0
  9   4:Sites   350.5 + 1044.5 = 1395.0	Diffs    80.0 +   28.0 =  108.0
  9   5:Sites   350.6 + 1044.4 = 1395.0	Diffs    78.0 +   27.0 =  105.0
  9   6:Sites   350.2 + 1044.8 = 1395.0	Diffs    75.0 +   28.0 =  103.0
  9   7:Sites   349.4 + 1045.6 = 1395.0	Diffs    73.0 +   27.0 =  100.0
  9   8:Sites   350.4 + 1044.6 = 1395.0	Diffs    78.0 +   27.0 =  105.0   9
 10   1:Sites   352.5 + 1051.5 = 1404.0	Diffs   135.0 +   34.0 =  169.0
 10   2:Sites   348.6 + 1043.4 = 1392.0	Diffs   115.0 +   31.0 =  146.0
 10   3:Sites   354.5 + 1058.5 = 1413.0	Diffs   104.0 +   22.0 =  126.0
 10   4:Sites   355.2 + 1057.8 = 1413.0	Diffs    83.0 +   23.0 =  106.0
 10   5:Sites   355.3 + 1057.7 = 1413.0	Diffs    84.0 +   24.0 =  108.0
 10   6:Sites   354.9 + 1058.1 = 1413.0	Diffs    81.0 +   24.0 =  105.0
 10   7:Sites   354.7 + 1058.3 = 1413.0	Diffs    79.0 +   23.0 =  102.0
 10   8:Sites   355.1 + 1057.9 = 1413.0	Diffs    82.0 +   23.0 =  105.0
 10   9:Sites   329.6 +  987.4 = 1317.0	Diffs    30.0 +    4.0 =   34.0  10
 11   1:Sites   348.3 + 1046.7 = 1395.0	Diffs   123.2 +   37.8 =  161.0
 11   2:Sites   344.5 + 1038.5 = 1383.0	Diffs   110.7 +   37.3 =  148.0
 11   3:Sites   347.8 + 1047.2 = 1395.0	Diffs   102.2 +   31.8 =  134.0
 11   4:Sites   348.6 + 1046.4 = 1395.0	Diffs    82.7 +   32.3 =  115.0
 11   5:Sites   348.7 + 1046.3 = 1395.0	Diffs    83.7 +   33.3 =  117.0
 11   6:Sites   348.3 + 1046.7 = 1395.0	Diffs    80.7 +   33.3 =  114.0
 11   7:Sites   348.1 + 1046.9 = 1395.0	Diffs    82.7 +   34.3 =  117.0
 11   8:Sites   348.4 + 1046.6 = 1395.0	Diffs    82.7 +   32.3 =  115.0
 11   9:Sites   323.2 +  975.8 = 1299.0	Diffs    77.7 +   30.3 =  108.0
 11  10:Sites   350.0 + 1045.0 = 1395.0	Diffs    77.2 +   28.8 =  106.0  11
 12   1:Sites   327.1 +  983.9 = 1311.0	Diffs   121.0 +   26.0 =  147.0
 12   2:Sites   323.1 +  975.9 = 1299.0	Diffs    97.5 +   27.5 =  125.0
 12   3:Sites   329.3 +  990.7 = 1320.0	Diffs    83.5 +   16.5 =  100.0
 12   4:Sites   329.7 +  990.3 = 1320.0	Diffs    68.5 +   18.5 =   87.0
 12   5:Sites   329.8 +  990.2 = 1320.0	Diffs    69.5 +   18.5 =   88.0
 12   6:Sites   329.4 +  990.6 = 1320.0	Diffs    66.5 +   19.5 =   86.0
 12   7:Sites   329.2 +  990.8 = 1320.0	Diffs    64.2 +   19.8 =   84.0
 12   8:Sites   329.6 +  990.4 = 1320.0	Diffs    65.5 +   18.5 =   84.0
 12   9:Sites   330.3 +  989.7 = 1320.0	Diffs    60.0 +   13.0 =   73.0
 12  10:Sites   328.8 +  985.2 = 1314.0	Diffs    62.0 +   13.0 =   75.0
 12  11:Sites   322.5 +  973.5 = 1296.0	Diffs    63.0 +   27.0 =   90.0  12
 13   1:Sites   343.2 + 1030.8 = 1374.0	Diffs   118.8 +   33.2 =  152.0
 13   2:Sites   339.2 + 1022.8 = 1362.0	Diffs   101.3 +   34.7 =  136.0
 13   3:Sites   345.4 + 1037.6 = 1383.0	Diffs    79.0 +   28.0 =  107.0
 13   4:Sites   345.8 + 1037.2 = 1383.0	Diffs    73.5 +   29.5 =  103.0
 13   5:Sites   345.9 + 1037.1 = 1383.0	Diffs    73.5 +   28.5 =  102.0
 13   6:Sites   345.5 + 1037.5 = 1383.0	Diffs    70.5 +   29.5 =  100.0
 13   7:Sites   345.2 + 1037.8 = 1383.0	Diffs    68.5 +   29.5 =   98.0
 13   8:Sites   345.7 + 1037.3 = 1383.0	Diffs    71.5 +   28.5 =  100.0
 13   9:Sites   346.5 + 1036.5 = 1383.0	Diffs    70.0 +   25.0 =   95.0
 13  10:Sites   326.0 +  982.0 = 1308.0	Diffs    64.0 +   20.0 =   84.0
 13  11:Sites   319.7 +  970.3 = 1290.0	Diffs    66.0 +   31.0 =   97.0
 13  12:Sites   326.7 +  984.3 = 1311.0	Diffs    41.8 +   20.2 =   62.0  13
 14   1:Sites   347.0 + 1039.0 = 1386.0	Diffs   111.8 +   29.2 =  141.0
 14   2:Sites   343.0 + 1031.0 = 1374.0	Diffs    91.8 +   32.2 =  124.0
 14   3:Sites   349.2 + 1045.8 = 1395.0	Diffs    78.8 +   21.2 =  100.0
 14   4:Sites   349.5 + 1045.5 = 1395.0	Diffs    64.8 +   22.2 =   87.0
 14   5:Sites   349.7 + 1045.3 = 1395.0	Diffs    65.8 +   21.2 =   87.0
 14   6:Sites   349.3 + 1045.7 = 1395.0	Diffs    64.8 +   22.2 =   87.0
 14   7:Sites   348.5 + 1046.5 = 1395.0	Diffs    62.5 +   23.5 =   86.0
 14   8:Sites   349.4 + 1045.6 = 1395.0	Diffs    65.8 +   21.2 =   87.0
 14   9:Sites   350.3 + 1044.7 = 1395.0	Diffs    67.5 +   24.5 =   92.0
 14  10:Sites   328.8 +  988.2 = 1317.0	Diffs    64.5 +   19.5 =   84.0
 14  11:Sites   322.5 +  976.5 = 1299.0	Diffs    61.5 +   27.5 =   89.0
 14  12:Sites   329.5 +  990.5 = 1320.0	Diffs    50.8 +   18.2 =   69.0
 14  13:Sites   345.6 + 1037.4 = 1383.0	Diffs    47.0 +   24.0 =   71.0  14

      728 bytes for distance
   349408 bytes for conP
    17184 bytes for fhK
  5000000 bytes for space

TREE #  1
((4, (3, ((1, 2), (14, (11, ((9, 10), (12, 13))))))), (7, 8), (5, 6));   MP score: -1
   1    0.032746
   2    0.009662
   3    0.009662
   4    0.009662
  2096448 bytes for conP, adjusted

    0.008183    0.020679    0.026210    0.090426    0.065794    0.188238    0.108361    0.048701    0.019525    0.074255    0.006986    0.145899    0.008963    0.079096    0.041617    0.040373    0.010946    0.067693    0.084066    0.000929    0.005694    0.009069    0.001919    0.009247    0.005543    2.212902    0.900000    0.260609    1.170330

ntime & nrate & np:    25     1    29

Bounds (np=29):
   0.000004   0.000004   0.000004   0.000004   0.000004   0.000004   0.000004   0.000004   0.000004   0.000004   0.000004   0.000004   0.000004   0.000004   0.000004   0.000004   0.000004   0.000004   0.000004   0.000004   0.000004   0.000004   0.000004   0.000004   0.000004   0.000100   0.000010   0.005000   0.005000
  50.000000  50.000000  50.000000  50.000000  50.000000  50.000000  50.000000  50.000000  50.000000  50.000000  50.000000  50.000000  50.000000  50.000000  50.000000  50.000000  50.000000  50.000000  50.000000  50.000000  50.000000  50.000000  50.000000  50.000000  50.000000 999.000000   0.999990  99.000000  99.000000
Qfactor_NS = 9.022593

np =    29
lnL0 = -5079.587453

Iterating by ming2
Initial: fx=  5079.587453
x=  0.00818  0.02068  0.02621  0.09043  0.06579  0.18824  0.10836  0.04870  0.01952  0.07425  0.00699  0.14590  0.00896  0.07910  0.04162  0.04037  0.01095  0.06769  0.08407  0.00093  0.00569  0.00907  0.00192  0.00925  0.00554  2.21290  0.90000  0.26061  1.17033

  1 h-m-p  0.0000 0.0001 1442.1531 +CYCC  5056.048926  3 0.0000    40 | 0/29
  2 h-m-p  0.0000 0.0000 994.3989 ++     5045.017391  m 0.0000    72 | 0/29
  3 h-m-p  0.0000 0.0000 7095.2528 +YYCCC  5029.920213  4 0.0000   111 | 0/29
  4 h-m-p  0.0000 0.0000 979.4705 +CYYCC  5019.900701  4 0.0000   150 | 0/29
  5 h-m-p  0.0000 0.0000 958.7943 ++     5008.997325  m 0.0000   182 | 0/29
  6 h-m-p  0.0000 0.0001 486.6373 +YYYCC  5004.767703  4 0.0001   220 | 0/29
  7 h-m-p  0.0000 0.0001 2298.6624 CCCC   5001.128336  3 0.0000   258 | 0/29
  8 h-m-p  0.0001 0.0005  94.9431 CCCCC  5000.637808  4 0.0001   298 | 0/29
  9 h-m-p  0.0000 0.0004 401.6674 +YCC   4999.465459  2 0.0001   334 | 0/29
 10 h-m-p  0.0000 0.0002 429.9137 CCC    4998.869530  2 0.0000   370 | 0/29
 11 h-m-p  0.0001 0.0007 194.5433 YCCC   4997.683272  3 0.0002   407 | 0/29
 12 h-m-p  0.0001 0.0004 232.5401 YCCC   4996.708775  3 0.0002   444 | 0/29
 13 h-m-p  0.0001 0.0005 481.9834 YCCC   4996.131343  3 0.0001   481 | 0/29
 14 h-m-p  0.0001 0.0028 277.0928 ++YCCC  4990.066642  3 0.0010   520 | 0/29
 15 h-m-p  0.0004 0.0018 570.8930 YCCCCC  4980.954798  5 0.0007   561 | 0/29
 16 h-m-p  0.0004 0.0023 943.9575 CCCC   4970.435904  3 0.0006   599 | 0/29
 17 h-m-p  0.0006 0.0028 556.4545 CYC    4964.516129  2 0.0005   634 | 0/29
 18 h-m-p  0.0010 0.0049 109.9022 YCCC   4963.256068  3 0.0007   671 | 0/29
 19 h-m-p  0.0007 0.0034  15.9720 YC     4963.207433  1 0.0004   704 | 0/29
 20 h-m-p  0.0013 0.0474   5.0756 CC     4963.178948  1 0.0011   738 | 0/29
 21 h-m-p  0.0007 0.0227   8.2784 +CCC   4962.998665  2 0.0033   775 | 0/29
 22 h-m-p  0.0004 0.0122  62.5336 +YCCC  4961.052750  3 0.0042   813 | 0/29
 23 h-m-p  0.0001 0.0007 621.8367 +YYCYC  4958.235014  4 0.0005   851 | 0/29
 24 h-m-p  0.0006 0.0029  86.4595 YCC    4957.982191  2 0.0004   886 | 0/29
 25 h-m-p  0.0006 0.0029  20.6369 YC     4957.944678  1 0.0003   919 | 0/29
 26 h-m-p  0.0019 0.0626   3.3863 YC     4957.926404  1 0.0013   952 | 0/29
 27 h-m-p  0.0007 0.0215   6.3079 +YC    4957.858578  1 0.0019   986 | 0/29
 28 h-m-p  0.0004 0.0391  31.8870 ++CCCC  4955.851684  3 0.0102  1026 | 0/29
 29 h-m-p  0.0005 0.0025 407.4863 CCC    4954.198877  2 0.0007  1062 | 0/29
 30 h-m-p  0.0018 0.0092  26.1568 CC     4954.140198  1 0.0004  1096 | 0/29
 31 h-m-p  0.0070 1.2722   1.5832 ++YC   4952.284822  1 0.2406  1131 | 0/29
 32 h-m-p  0.6761 3.3806   0.3686 CCCC   4950.905154  3 0.9442  1169 | 0/29
 33 h-m-p  1.5329 8.0000   0.2271 YC     4950.372607  1 1.2000  1231 | 0/29
 34 h-m-p  1.6000 8.0000   0.0933 CC     4950.170185  1 1.5229  1294 | 0/29
 35 h-m-p  1.6000 8.0000   0.0505 CYC    4950.087482  2 1.4843  1358 | 0/29
 36 h-m-p  1.6000 8.0000   0.0172 CCC    4950.030243  2 2.0856  1423 | 0/29
 37 h-m-p  1.0991 8.0000   0.0326 CC     4949.993156  1 1.7244  1486 | 0/29
 38 h-m-p  1.6000 8.0000   0.0161 YC     4949.984246  1 1.0829  1548 | 0/29
 39 h-m-p  1.6000 8.0000   0.0073 YC     4949.982622  1 1.1664  1610 | 0/29
 40 h-m-p  1.6000 8.0000   0.0049 C      4949.982282  0 1.7505  1671 | 0/29
 41 h-m-p  1.6000 8.0000   0.0046 YC     4949.981919  1 2.6961  1733 | 0/29
 42 h-m-p  1.6000 8.0000   0.0071 C      4949.981643  0 2.2881  1794 | 0/29
 43 h-m-p  1.6000 8.0000   0.0071 YC     4949.981318  1 2.8842  1856 | 0/29
 44 h-m-p  1.6000 8.0000   0.0040 Y      4949.981253  0 1.0738  1917 | 0/29
 45 h-m-p  1.6000 8.0000   0.0003 Y      4949.981247  0 1.0527  1978 | 0/29
 46 h-m-p  1.5304 8.0000   0.0002 C      4949.981246  0 1.6635  2039 | 0/29
 47 h-m-p  1.6000 8.0000   0.0001 Y      4949.981246  0 1.0165  2100 | 0/29
 48 h-m-p  1.6000 8.0000   0.0000 C      4949.981246  0 0.4214  2161 | 0/29
 49 h-m-p  0.6409 8.0000   0.0000 ----C  4949.981246  0 0.0006  2226
Out..
lnL  = -4949.981246
2227 lfun, 15589 eigenQcodon, 334050 P(t)
