
 16         verbose | verbose                1.00
  8         runmode | runmode                0.00
  4         seqtype | seqtype                1.00
 14       CodonFreq | CodonFreq              1.00
 19          aaDist | aaDist                 0.00
 17           model | model                  0.00
 21         NSsites | NSsites                8.00
 23           icode | icode                  0.00
 25       fix_kappa | fix_kappa              0.00
 26           kappa | kappa                  2.00
 27       fix_omega | fix_omega              1.00
 28           omega | omega                  1.00
 29       fix_alpha | fix_alpha              1.00
 30           alpha | alpha                  0.00
 31          Malpha | Malpha                 0.00
 32           ncatG | ncatG                  5.00
 12           getSE | getSE                  0.00
 13    RateAncestor | RateAncestor           0.00
 36      Small_Diff | Small_Diff             0.00
  7       cleandata | cleandata              0.00
 37     fix_blength | fix_blength            0.00
CODONML in paml version 4.10.7, June 2023

----------------------------------------------
Phe F TTT | Ser S TCT | Tyr Y TAT | Cys C TGT
      TTC |       TCC |       TAC |       TGC
Leu L TTA |       TCA | *** * TAA | *** * TGA
      TTG |       TCG |       TAG | Trp W TGG
----------------------------------------------
Leu L CTT | Pro P CCT | His H CAT | Arg R CGT
      CTC |       CCC |       CAC |       CGC
      CTA |       CCA | Gln Q CAA |       CGA
      CTG |       CCG |       CAG |       CGG
----------------------------------------------
Ile I ATT | Thr T ACT | Asn N AAT | Ser S AGT
      ATC |       ACC |       AAC |       AGC
      ATA |       ACA | Lys K AAA | Arg R AGA
Met M ATG |       ACG |       AAG |       AGG
----------------------------------------------
Val V GTT | Ala A GCT | Asp D GAT | Gly G GGT
      GTC |       GCC |       GAC |       GGC
      GTA |       GCA | Glu E GAA |       GGA
      GTG |       GCG |       GAG |       GGG
----------------------------------------------
Nice code, uuh?


Ambiguity character definition table:

T (1): T 
C (1): C 
A (1): A 
G (1): G 
U (1): T 
Y (2): T C 
R (2): A G 
M (2): C A 
K (2): T G 
S (2): C G 
W (2): T A 
H (3): T C A 
B (3): T C G 
V (3): C A G 
D (3): T A G 
- (4): T C A G 
N (4): T C A G 
? (4): T C A G 
ns = 15  	ls = 294
Reading sequences, sequential format..
Reading seq # 1: NM_028634.       
Reading seq # 2: XM_0632629       
Reading seq # 3: XM_538373.       
Reading seq # 4: XM_0052073       
Reading seq # 5: XM_0604142       
Reading seq # 6: XM_0056554       
Reading seq # 7: XM_0547195       
Reading seq # 8: XM_0015015       
Reading seq # 9: XM_0061553       
Reading seq #10: XM_0179637       
Reading seq #11: XM_0151503       
Reading seq #12: XM_0544695       
Reading seq #13: NM_015373.       
Reading seq #14: XM_0638078       
Reading seq #15: XM_0636033       

Sequences read..
Counting site patterns..  0:00
Compressing,     87 patterns at     98 /     98 sites (100.0%),  0:00
Collecting fpatt[] & pose[],     87 patterns at     98 /     98 sites (100.0%),  0:00
1 ambiguous codons are seen in the data:
 ---
Counting codons..
NG distances for seqs.:
   1
  2   1:Sites    74.4 +  219.6 =  294.0	Diffs    17.0 +    0.0 =   17.0   2
  3   1:Sites    72.4 +  221.6 =  294.0	Diffs    41.2 +   18.8 =   60.0
  3   2:Sites    72.5 +  221.5 =  294.0	Diffs    37.2 +   18.8 =   56.0   3
  4   1:Sites    73.8 +  220.2 =  294.0	Diffs    33.2 +   15.8 =   49.0
  4   2:Sites    73.9 +  220.1 =  294.0	Diffs    28.2 +   15.8 =   44.0
  4   3:Sites    71.9 +  222.1 =  294.0	Diffs    29.5 +    3.5 =   33.0   4
  5   1:Sites    73.7 +  220.3 =  294.0	Diffs    35.5 +   12.5 =   48.0
  5   2:Sites    73.8 +  220.2 =  294.0	Diffs    32.5 +   12.5 =   45.0
  5   3:Sites    71.8 +  222.2 =  294.0	Diffs    33.0 +    6.0 =   39.0
  5   4:Sites    73.2 +  220.8 =  294.0	Diffs     7.0 +    3.0 =   10.0   5
  6   1:Sites    73.0 +  221.0 =  294.0	Diffs    39.2 +   14.8 =   54.0
  6   2:Sites    73.1 +  220.9 =  294.0	Diffs    31.2 +   14.8 =   46.0
  6   3:Sites    71.1 +  222.9 =  294.0	Diffs    20.0 +    4.0 =   24.0
  6   4:Sites    72.5 +  221.5 =  294.0	Diffs    20.0 +    1.0 =   21.0
  6   5:Sites    72.5 +  221.5 =  294.0	Diffs    24.0 +    4.0 =   28.0   6
  7   1:Sites    72.4 +  221.6 =  294.0	Diffs    35.5 +   19.5 =   55.0
  7   2:Sites    72.5 +  221.5 =  294.0	Diffs    28.5 +   19.5 =   48.0
  7   3:Sites    70.5 +  223.5 =  294.0	Diffs    17.7 +   14.3 =   32.0
  7   4:Sites    71.9 +  222.1 =  294.0	Diffs    24.2 +   11.8 =   36.0
  7   5:Sites    71.8 +  222.2 =  294.0	Diffs    26.0 +   11.0 =   37.0
  7   6:Sites    71.1 +  222.9 =  294.0	Diffs    13.2 +   12.8 =   26.0   7
  8   1:Sites    73.6 +  220.4 =  294.0	Diffs    31.7 +   16.3 =   48.0
  8   2:Sites    73.7 +  220.3 =  294.0	Diffs    27.7 +   16.3 =   44.0
  8   3:Sites    71.7 +  222.3 =  294.0	Diffs    22.0 +    2.0 =   24.0
  8   4:Sites    73.1 +  220.9 =  294.0	Diffs    24.0 +    1.0 =   25.0
  8   5:Sites    73.0 +  221.0 =  294.0	Diffs    24.0 +    4.0 =   28.0
  8   6:Sites    72.3 +  221.7 =  294.0	Diffs    17.0 +    2.0 =   19.0
  8   7:Sites    71.7 +  222.3 =  294.0	Diffs    16.2 +   10.8 =   27.0   8
  9   1:Sites    73.6 +  220.4 =  294.0	Diffs    40.5 +   12.5 =   53.0
  9   2:Sites    73.7 +  220.3 =  294.0	Diffs    38.5 +   12.5 =   51.0
  9   3:Sites    71.7 +  222.3 =  294.0	Diffs    26.0 +    8.0 =   34.0
  9   4:Sites    73.1 +  220.9 =  294.0	Diffs    30.0 +    7.0 =   37.0
  9   5:Sites    73.0 +  221.0 =  294.0	Diffs    29.0 +    6.0 =   35.0
  9   6:Sites    72.3 +  221.7 =  294.0	Diffs    25.0 +    8.0 =   33.0
  9   7:Sites    71.7 +  222.3 =  294.0	Diffs    24.5 +   12.5 =   37.0
  9   8:Sites    72.9 +  221.1 =  294.0	Diffs    20.0 +    6.0 =   26.0   9
 10   1:Sites    71.8 +  219.2 =  291.0	Diffs    37.5 +   18.5 =   56.0
 10   2:Sites    71.9 +  219.1 =  291.0	Diffs    34.0 +   18.0 =   52.0
 10   3:Sites    69.9 +  221.1 =  291.0	Diffs    28.0 +   13.0 =   41.0
 10   4:Sites    71.3 +  219.7 =  291.0	Diffs    23.5 +   12.5 =   36.0
 10   5:Sites    71.3 +  219.7 =  291.0	Diffs    25.0 +   14.0 =   39.0
 10   6:Sites    70.5 +  220.5 =  291.0	Diffs    21.5 +   13.5 =   35.0
 10   7:Sites    69.9 +  221.1 =  291.0	Diffs    21.5 +   19.5 =   41.0
 10   8:Sites    71.1 +  219.9 =  291.0	Diffs    20.0 +   12.0 =   32.0
 10   9:Sites    71.2 +  219.8 =  291.0	Diffs    21.0 +   12.0 =   33.0  10
 11   1:Sites    73.2 +  220.8 =  294.0	Diffs    31.2 +   21.8 =   53.0
 11   2:Sites    73.2 +  220.8 =  294.0	Diffs    25.2 +   21.8 =   47.0
 11   3:Sites    71.3 +  222.7 =  294.0	Diffs    22.5 +   10.5 =   33.0
 11   4:Sites    72.7 +  221.3 =  294.0	Diffs    21.0 +   10.0 =   31.0
 11   5:Sites    72.6 +  221.4 =  294.0	Diffs    27.0 +   13.0 =   40.0
 11   6:Sites    71.9 +  222.1 =  294.0	Diffs    17.0 +   11.0 =   28.0
 11   7:Sites    71.3 +  222.7 =  294.0	Diffs    16.2 +   19.8 =   36.0
 11   8:Sites    72.5 +  221.5 =  294.0	Diffs    16.0 +    9.0 =   25.0
 11   9:Sites    72.5 +  221.5 =  294.0	Diffs    22.0 +   11.0 =   33.0
 11  10:Sites    70.7 +  220.3 =  291.0	Diffs    10.0 +    4.0 =   14.0  11
 12   1:Sites    73.0 +  221.0 =  294.0	Diffs    32.0 +   21.0 =   53.0
 12   2:Sites    73.1 +  220.9 =  294.0	Diffs    28.0 +   21.0 =   49.0
 12   3:Sites    71.1 +  222.9 =  294.0	Diffs    25.5 +   13.5 =   39.0
 12   4:Sites    72.5 +  221.5 =  294.0	Diffs    25.0 +   13.0 =   38.0
 12   5:Sites    72.5 +  221.5 =  294.0	Diffs    30.0 +   12.0 =   42.0
 12   6:Sites    71.8 +  222.2 =  294.0	Diffs    19.0 +   14.0 =   33.0
 12   7:Sites    71.1 +  222.9 =  294.0	Diffs    21.0 +   18.0 =   39.0
 12   8:Sites    72.3 +  221.7 =  294.0	Diffs    21.0 +   12.0 =   33.0
 12   9:Sites    72.3 +  221.7 =  294.0	Diffs    22.0 +    8.0 =   30.0
 12  10:Sites    70.6 +  220.4 =  291.0	Diffs    14.0 +    5.0 =   19.0
 12  11:Sites    71.9 +  222.1 =  294.0	Diffs     6.0 +    5.0 =   11.0  12
 13   1:Sites    73.2 +  220.8 =  294.0	Diffs    33.2 +   20.8 =   54.0
 13   2:Sites    73.3 +  220.7 =  294.0	Diffs    27.2 +   20.8 =   48.0
 13   3:Sites    71.3 +  222.7 =  294.0	Diffs    23.5 +    9.5 =   33.0
 13   4:Sites    72.7 +  221.3 =  294.0	Diffs    22.0 +    9.0 =   31.0
 13   5:Sites    72.6 +  221.4 =  294.0	Diffs    28.0 +   12.0 =   40.0
 13   6:Sites    71.9 +  222.1 =  294.0	Diffs    17.0 +   10.0 =   27.0
 13   7:Sites    71.3 +  222.7 =  294.0	Diffs    19.2 +   18.8 =   38.0
 13   8:Sites    72.5 +  221.5 =  294.0	Diffs    19.0 +    8.0 =   27.0
 13   9:Sites    72.5 +  221.5 =  294.0	Diffs    22.0 +   10.0 =   32.0
 13  10:Sites    70.7 +  220.3 =  291.0	Diffs    12.0 +    3.0 =   15.0
 13  11:Sites    72.1 +  221.9 =  294.0	Diffs     3.0 +    1.0 =    4.0
 13  12:Sites    71.9 +  222.1 =  294.0	Diffs     4.0 +    4.0 =    8.0  13
 14   1:Sites    73.2 +  220.8 =  294.0	Diffs    32.0 +   19.0 =   51.0
 14   2:Sites    73.2 +  220.8 =  294.0	Diffs    26.0 +   19.0 =   45.0
 14   3:Sites    71.3 +  222.7 =  294.0	Diffs    23.5 +   11.5 =   35.0
 14   4:Sites    72.7 +  221.3 =  294.0	Diffs    21.0 +   11.0 =   32.0
 14   5:Sites    72.6 +  221.4 =  294.0	Diffs    27.0 +   10.0 =   37.0
 14   6:Sites    71.9 +  222.1 =  294.0	Diffs    16.0 +   12.0 =   28.0
 14   7:Sites    71.3 +  222.7 =  294.0	Diffs    18.0 +   17.0 =   35.0
 14   8:Sites    72.5 +  221.5 =  294.0	Diffs    19.0 +   10.0 =   29.0
 14   9:Sites    72.5 +  221.5 =  294.0	Diffs    22.0 +    8.0 =   30.0
 14  10:Sites    70.7 +  220.3 =  291.0	Diffs    13.0 +    3.0 =   16.0
 14  11:Sites    72.0 +  222.0 =  294.0	Diffs     4.0 +    3.0 =    7.0
 14  12:Sites    71.9 +  222.1 =  294.0	Diffs     5.0 +    2.0 =    7.0
 14  13:Sites    72.1 +  221.9 =  294.0	Diffs     1.0 +    2.0 =    3.0  14
 15   1:Sites    73.2 +  220.8 =  294.0	Diffs    32.0 +   19.0 =   51.0
 15   2:Sites    73.2 +  220.8 =  294.0	Diffs    26.0 +   19.0 =   45.0
 15   3:Sites    71.3 +  222.7 =  294.0	Diffs    23.5 +   11.5 =   35.0
 15   4:Sites    72.7 +  221.3 =  294.0	Diffs    21.0 +   11.0 =   32.0
 15   5:Sites    72.6 +  221.4 =  294.0	Diffs    27.0 +   10.0 =   37.0
 15   6:Sites    71.9 +  222.1 =  294.0	Diffs    16.0 +   12.0 =   28.0
 15   7:Sites    71.3 +  222.7 =  294.0	Diffs    18.0 +   17.0 =   35.0
 15   8:Sites    72.5 +  221.5 =  294.0	Diffs    19.0 +   10.0 =   29.0
 15   9:Sites    72.5 +  221.5 =  294.0	Diffs    22.0 +    8.0 =   30.0
 15  10:Sites    70.7 +  220.3 =  291.0	Diffs    13.0 +    3.0 =   16.0
 15  11:Sites    72.0 +  222.0 =  294.0	Diffs     4.0 +    3.0 =    7.0
 15  12:Sites    71.9 +  222.1 =  294.0	Diffs     5.0 +    2.0 =    7.0
 15  13:Sites    72.1 +  221.9 =  294.0	Diffs     1.0 +    2.0 =    3.0
 15  14:Sites    72.0 +  222.0 =  294.0	Diffs     0.0 +    0.0 =    0.0  15

      840 bytes for distance
    84912 bytes for conP
     4176 bytes for fhK
  5000000 bytes for space

TREE #  1
(((1, 2), (4, 5)), 6, (7, (3, (8, (9, (10, (11, (13, (12, (14, 15))))))))));   MP score: -1
   1    2.846250
   2    2.417116
   3    2.367276
   4    2.364517
   5    2.363863
   6    2.363747
   7    2.363719
   8    2.363719
   551928 bytes for conP, adjusted

    0.047019    0.195380    0.095717    0.023277    0.093477    0.026981    0.052831    0.082161    0.010258    0.096802    0.068923    0.145652    0.000000    0.070156    0.045484    0.108858    0.090573    0.109797    0.063280    0.036044    0.030813    0.068190    0.060733    0.036729    0.067410    0.009657    0.030547    2.033656    0.900000    0.821931    1.157427

ntime & nrate & np:    27     1    31

Bounds (np=31):
   0.000004   0.000004   0.000004   0.000004   0.000004   0.000004   0.000004   0.000004   0.000004   0.000004   0.000004   0.000004   0.000004   0.000004   0.000004   0.000004   0.000004   0.000004   0.000004   0.000004   0.000004   0.000004   0.000004   0.000004   0.000004   0.000004   0.000004   0.000100   0.000010   0.005000   0.005000
  50.000000  50.000000  50.000000  50.000000  50.000000  50.000000  50.000000  50.000000  50.000000  50.000000  50.000000  50.000000  50.000000  50.000000  50.000000  50.000000  50.000000  50.000000  50.000000  50.000000  50.000000  50.000000  50.000000  50.000000  50.000000  50.000000  50.000000 999.000000   0.999990  99.000000  99.000000
Qfactor_NS = 8.003361

np =    31
lnL0 = -1333.633079

Iterating by ming2
Initial: fx=  1333.633079
x=  0.04702  0.19538  0.09572  0.02328  0.09348  0.02698  0.05283  0.08216  0.01026  0.09680  0.06892  0.14565  0.00000  0.07016  0.04548  0.10886  0.09057  0.10980  0.06328  0.03604  0.03081  0.06819  0.06073  0.03673  0.06741  0.00966  0.03055  2.03366  0.90000  0.82193  1.15743

  1 h-m-p  0.0000 0.0001 386.2377 ++     1321.980280  m 0.0001    36 | 1/31
  2 h-m-p  0.0000 0.0001 454.9808 ++     1307.751549  m 0.0001    70 | 2/31
  3 h-m-p  0.0001 0.0003 287.6722 ++     1297.322916  m 0.0003   104 | 3/31
  4 h-m-p  0.0001 0.0003 225.1232 ++     1291.481460  m 0.0003   138 | 4/31
  5 h-m-p  0.0001 0.0004 193.1891 ++     1288.565431  m 0.0004   172 | 4/31
  6 h-m-p  0.0000 0.0002 1109.0000 +YYYC  1283.461000  3 0.0001   210 | 4/31
  7 h-m-p  0.0001 0.0004 1000.6472 +CCYC  1273.533749  3 0.0003   250 | 3/31
  8 h-m-p  0.0000 0.0000 23933.1876 ++     1271.674017  m 0.0000   284 | 3/31
  9 h-m-p  0.0000 0.0000 478.8699 
h-m-p:      9.91110144e-20      4.95555072e-19      4.78869940e+02  1271.674017
..  | 3/31
 10 h-m-p  0.0000 0.0005 442.9826 ++YCCC  1258.272053  3 0.0003   356 | 3/31
 11 h-m-p  0.0001 0.0005 148.7646 ++     1252.300903  m 0.0005   390 | 3/31
 12 h-m-p  0.0001 0.0006 104.8697 +YYYCCC  1250.123486  5 0.0005   432 | 3/31
 13 h-m-p  0.0007 0.0035  51.1749 YCCCC  1249.812580  4 0.0004   473 | 3/31
 14 h-m-p  0.0004 0.0020  45.1124 CCC    1249.512288  2 0.0005   511 | 3/31
 15 h-m-p  0.0008 0.0039  18.5368 YCC    1249.438692  2 0.0006   548 | 3/31
 16 h-m-p  0.0006 0.0038  19.7091 CCC    1249.364160  2 0.0008   586 | 3/31
 17 h-m-p  0.0007 0.0042  21.0221 CYC    1249.300156  2 0.0008   623 | 3/31
 18 h-m-p  0.0006 0.0031  19.4374 YCCC   1249.228642  3 0.0011   662 | 3/31
 19 h-m-p  0.0004 0.0084  53.2635 +YC    1249.059018  1 0.0011   698 | 3/31
 20 h-m-p  0.0007 0.0037  36.5121 +CCC   1248.791007  2 0.0026   737 | 3/31
 21 h-m-p  0.0001 0.0007 119.4234 ++     1248.549751  m 0.0007   771 | 3/31
 22 h-m-p  0.0004 0.0022 108.1662 +YC    1248.139541  1 0.0014   807 | 3/31
 23 h-m-p  0.0006 0.0030 139.2207 CYC    1247.933064  2 0.0006   844 | 3/31
 24 h-m-p  0.0013 0.0066  37.2050 YCC    1247.684727  2 0.0027   881 | 3/31
 25 h-m-p  0.0025 0.0126  37.0776 CCCC   1247.417792  3 0.0030   921 | 3/31
 26 h-m-p  0.0023 0.0197  48.9046 CCC    1247.179091  2 0.0022   959 | 3/31
 27 h-m-p  0.0026 0.0157  41.7456 CCC    1246.977966  2 0.0023   997 | 3/31
 28 h-m-p  0.0054 0.0272   8.3748 YC     1246.946866  1 0.0022  1032 | 3/31
 29 h-m-p  0.0045 0.0566   4.0887 YC     1246.931854  1 0.0030  1067 | 3/31
 30 h-m-p  0.0019 0.0664   6.3548 +YC    1246.893144  1 0.0056  1103 | 3/31
 31 h-m-p  0.0020 0.0966  17.4793 +YC    1246.521089  1 0.0202  1139 | 3/31
 32 h-m-p  0.0024 0.0213 148.6888 +YCC   1245.440992  2 0.0071  1177 | 3/31
 33 h-m-p  0.0119 0.0594  10.0704 YC     1245.419290  1 0.0023  1212 | 3/31
 34 h-m-p  0.0048 0.0710   4.7733 YC     1245.409641  1 0.0025  1247 | 3/31
 35 h-m-p  0.0122 0.4502   0.9805 YC     1245.403610  1 0.0092  1282 | 3/31
 36 h-m-p  0.0041 0.9381   2.1888 ++YCC  1245.312496  2 0.0540  1349 | 3/31
 37 h-m-p  0.0029 0.0469  41.3039 +CCC   1244.874026  2 0.0135  1388 | 3/31
 38 h-m-p  0.0019 0.0096  23.0551 YC     1244.803469  1 0.0041  1423 | 3/31
 39 h-m-p  0.1736 5.1450   0.5429 +YCCC  1244.549115  3 1.5769  1463 | 3/31
 40 h-m-p  1.0070 5.0348   0.5888 C      1244.457453  0 1.0070  1525 | 3/31
 41 h-m-p  1.5605 8.0000   0.3799 CC     1244.396037  1 1.7172  1589 | 3/31
 42 h-m-p  1.1131 8.0000   0.5861 YC     1244.313907  1 1.9499  1652 | 3/31
 43 h-m-p  1.1656 8.0000   0.9805 CC     1244.246959  1 1.1613  1716 | 3/31
 44 h-m-p  1.4999 8.0000   0.7591 CCC    1244.211684  2 1.3001  1782 | 3/31
 45 h-m-p  1.6000 8.0000   0.5687 YCC    1244.192612  2 2.5703  1847 | 3/31
 46 h-m-p  1.6000 8.0000   0.4845 CYC    1244.184763  2 1.8899  1912 | 3/31
 47 h-m-p  1.6000 8.0000   0.2676 CC     1244.182436  1 1.8896  1976 | 3/31
 48 h-m-p  1.6000 8.0000   0.1027 CC     1244.180983  1 2.2552  2040 | 3/31
 49 h-m-p  1.6000 8.0000   0.1077 CC     1244.180201  1 1.9932  2104 | 3/31
 50 h-m-p  1.4825 8.0000   0.1448 C      1244.180079  0 1.2946  2166 | 3/31
 51 h-m-p  1.6000 8.0000   0.0241 Y      1244.180075  0 1.0058  2228 | 3/31
 52 h-m-p  1.6000 8.0000   0.0001 Y      1244.180075  0 0.9718  2290 | 3/31
 53 h-m-p  0.5138 8.0000   0.0001 Y      1244.180075  0 0.9791  2352 | 3/31
 54 h-m-p  1.6000 8.0000   0.0000 Y      1244.180075  0 0.4000  2414 | 3/31
 55 h-m-p  0.8119 8.0000   0.0000 --Y    1244.180075  0 0.0127  2478
Out..
lnL  = -1244.180075
2479 lfun, 17353 eigenQcodon, 401598 P(t)
