
 16         verbose | verbose                1.00
  8         runmode | runmode                0.00
  4         seqtype | seqtype                1.00
 14       CodonFreq | CodonFreq              1.00
 19          aaDist | aaDist                 0.00
 17           model | model                  0.00
 21         NSsites | NSsites                8.00
 23           icode | icode                  0.00
 25       fix_kappa | fix_kappa              0.00
 26           kappa | kappa                  2.00
 27       fix_omega | fix_omega              1.00
 28           omega | omega                  1.00
 29       fix_alpha | fix_alpha              1.00
 30           alpha | alpha                  0.00
 31          Malpha | Malpha                 0.00
 32           ncatG | ncatG                  5.00
 12           getSE | getSE                  0.00
 13    RateAncestor | RateAncestor           0.00
 36      Small_Diff | Small_Diff             0.00
  7       cleandata | cleandata              0.00
 37     fix_blength | fix_blength            0.00
CODONML in paml version 4.10.7, June 2023

----------------------------------------------
Phe F TTT | Ser S TCT | Tyr Y TAT | Cys C TGT
      TTC |       TCC |       TAC |       TGC
Leu L TTA |       TCA | *** * TAA | *** * TGA
      TTG |       TCG |       TAG | Trp W TGG
----------------------------------------------
Leu L CTT | Pro P CCT | His H CAT | Arg R CGT
      CTC |       CCC |       CAC |       CGC
      CTA |       CCA | Gln Q CAA |       CGA
      CTG |       CCG |       CAG |       CGG
----------------------------------------------
Ile I ATT | Thr T ACT | Asn N AAT | Ser S AGT
      ATC |       ACC |       AAC |       AGC
      ATA |       ACA | Lys K AAA | Arg R AGA
Met M ATG |       ACG |       AAG |       AGG
----------------------------------------------
Val V GTT | Ala A GCT | Asp D GAT | Gly G GGT
      GTC |       GCC |       GAC |       GGC
      GTA |       GCA | Glu E GAA |       GGA
      GTG |       GCG |       GAG |       GGG
----------------------------------------------
Nice code, uuh?


Ambiguity character definition table:

T (1): T 
C (1): C 
A (1): A 
G (1): G 
U (1): T 
Y (2): T C 
R (2): A G 
M (2): C A 
K (2): T G 
S (2): C G 
W (2): T A 
H (3): T C A 
B (3): T C G 
V (3): C A G 
D (3): T A G 
- (4): T C A G 
N (4): T C A G 
? (4): T C A G 
ns = 13  	ls = 5016
Reading sequences, sequential format..
Reading seq # 1: XM_0277705       
Reading seq # 2: XM_0542365       
Reading seq # 3: XM_0288314       
Reading seq # 4: XM_0636648       
Reading seq # 5: XM_0636970       
Reading seq # 6: XM_0543390       
Reading seq # 7: XM_0169222       
Reading seq # 8: XM_0636069       
Reading seq # 9: NM_0010826       
Reading seq #10: XM_0604115       
Reading seq #11: XM_0547213       
Reading seq #12: XM_848131.       
Reading seq #13: XM_0236416       

Sequences read..
Counting site patterns..  0:00
Compressing,    756 patterns at   1672 /   1672 sites (100.0%),  0:00
Collecting fpatt[] & pose[],    756 patterns at   1672 /   1672 sites (100.0%),  0:00
1 ambiguous codons are seen in the data:
 ---
Counting codons..
NG distances for seqs.:
   1
  2   1:Sites  1002.7 + 3557.3 = 4560.0	Diffs   152.2 +  109.8 =  262.0   2
  3   1:Sites  1007.6 + 3567.4 = 4575.0	Diffs   153.7 +  103.3 =  257.0
  3   2:Sites  1108.5 + 3892.5 = 5001.0	Diffs    78.0 +   49.0 =  127.0   3
  4   1:Sites  1006.1 + 3568.9 = 4575.0	Diffs   148.2 +   99.8 =  248.0
  4   2:Sites  1106.8 + 3894.2 = 5001.0	Diffs    63.5 +   50.5 =  114.0
  4   3:Sites  1111.8 + 3904.2 = 5016.0	Diffs    48.0 +   18.0 =   66.0   4
  5   1:Sites  1006.7 + 3568.3 = 4575.0	Diffs   150.2 +  101.8 =  252.0
  5   2:Sites  1107.6 + 3893.4 = 5001.0	Diffs    71.5 +   47.5 =  119.0
  5   3:Sites  1112.6 + 3903.4 = 5016.0	Diffs    49.5 +   13.5 =   63.0
  5   4:Sites  1110.8 + 3905.2 = 5016.0	Diffs    24.0 +   13.0 =   37.0   5
  6   1:Sites  1006.1 + 3568.9 = 4575.0	Diffs   149.2 +  101.8 =  251.0
  6   2:Sites  1107.0 + 3894.0 = 5001.0	Diffs    63.5 +   50.5 =  114.0
  6   3:Sites  1112.0 + 3904.0 = 5016.0	Diffs    44.5 +   18.5 =   63.0
  6   4:Sites  1110.3 + 3905.7 = 5016.0	Diffs    21.0 +   16.0 =   37.0
  6   5:Sites  1111.1 + 3904.9 = 5016.0	Diffs    15.0 +    7.0 =   22.0   6
  7   1:Sites  1006.7 + 3568.3 = 4575.0	Diffs   149.2 +   99.8 =  249.0
  7   2:Sites  1107.6 + 3893.4 = 5001.0	Diffs    64.5 +   46.5 =  111.0
  7   3:Sites  1112.6 + 3903.4 = 5016.0	Diffs    44.5 +   14.5 =   59.0
  7   4:Sites  1110.8 + 3905.2 = 5016.0	Diffs    17.0 +   12.0 =   29.0
  7   5:Sites  1111.6 + 3904.4 = 5016.0	Diffs    13.0 +    3.0 =   16.0
  7   6:Sites  1111.1 + 3904.9 = 5016.0	Diffs     8.0 +    4.0 =   12.0   7
  8   1:Sites  1006.7 + 3568.3 = 4575.0	Diffs   151.2 +   99.8 =  251.0
  8   2:Sites  1107.6 + 3893.4 = 5001.0	Diffs    66.5 +   46.5 =  113.0
  8   3:Sites  1112.6 + 3903.4 = 5016.0	Diffs    46.5 +   14.5 =   61.0
  8   4:Sites  1110.8 + 3905.2 = 5016.0	Diffs    19.0 +   12.0 =   31.0
  8   5:Sites  1111.6 + 3904.4 = 5016.0	Diffs    15.0 +    3.0 =   18.0
  8   6:Sites  1111.1 + 3904.9 = 5016.0	Diffs    10.0 +    4.0 =   14.0
  8   7:Sites  1111.6 + 3904.4 = 5016.0	Diffs     2.0 +    0.0 =    2.0   8
  9   1:Sites   974.7 + 3456.3 = 4431.0	Diffs   160.7 +  123.3 =  284.0
  9   2:Sites  1040.8 + 3687.2 = 4728.0	Diffs   151.0 +  126.0 =  277.0
  9   3:Sites  1046.3 + 3696.7 = 4743.0	Diffs   170.8 +  121.2 =  292.0
  9   4:Sites  1044.6 + 3698.4 = 4743.0	Diffs   161.0 +  117.0 =  278.0
  9   5:Sites  1045.4 + 3697.6 = 4743.0	Diffs   164.0 +  120.0 =  284.0
  9   6:Sites  1044.8 + 3698.2 = 4743.0	Diffs   155.0 +  123.0 =  278.0
  9   7:Sites  1045.4 + 3697.6 = 4743.0	Diffs   158.0 +  119.0 =  277.0
  9   8:Sites  1045.4 + 3697.6 = 4743.0	Diffs   160.0 +  119.0 =  279.0   9
 10   1:Sites  1007.6 + 3564.4 = 4572.0	Diffs   159.7 +  126.3 =  286.0
 10   2:Sites  1106.9 + 3891.1 = 4998.0	Diffs   163.0 +  130.0 =  293.0
 10   3:Sites  1112.2 + 3900.8 = 5013.0	Diffs   180.8 +  128.2 =  309.0
 10   4:Sites  1110.4 + 3902.6 = 5013.0	Diffs   172.0 +  124.0 =  296.0
 10   5:Sites  1111.2 + 3901.8 = 5013.0	Diffs   176.0 +  127.0 =  303.0
 10   6:Sites  1110.7 + 3902.3 = 5013.0	Diffs   166.0 +  130.0 =  296.0
 10   7:Sites  1111.2 + 3901.8 = 5013.0	Diffs   169.0 +  126.0 =  295.0
 10   8:Sites  1111.2 + 3901.8 = 5013.0	Diffs   171.0 +  126.0 =  297.0
 10   9:Sites  1046.9 + 3696.1 = 4743.0	Diffs    35.5 +   19.5 =   55.0  10
 11   1:Sites   983.3 + 3483.7 = 4467.0	Diffs   164.2 +  123.8 =  288.0
 11   2:Sites  1069.4 + 3751.6 = 4821.0	Diffs   160.3 +  128.7 =  289.0
 11   3:Sites  1074.2 + 3761.8 = 4836.0	Diffs   166.2 +  121.8 =  288.0
 11   4:Sites  1072.5 + 3763.5 = 4836.0	Diffs   158.3 +  119.7 =  278.0
 11   5:Sites  1073.3 + 3762.7 = 4836.0	Diffs   159.3 +  120.7 =  280.0
 11   6:Sites  1072.8 + 3763.2 = 4836.0	Diffs   153.3 +  121.7 =  275.0
 11   7:Sites  1073.3 + 3762.7 = 4836.0	Diffs   156.3 +  119.7 =  276.0
 11   8:Sites  1073.3 + 3762.7 = 4836.0	Diffs   158.3 +  119.7 =  278.0
 11   9:Sites  1007.5 + 3555.5 = 4563.0	Diffs   139.5 +  120.5 =  260.0
 11  10:Sites  1073.1 + 3759.9 = 4833.0	Diffs   135.5 +  124.5 =  260.0  11
 12   1:Sites  1003.3 + 3562.7 = 4566.0	Diffs   171.5 +   94.5 =  266.0
 12   2:Sites  1104.5 + 3887.5 = 4992.0	Diffs   172.0 +  101.0 =  273.0
 12   3:Sites  1109.5 + 3897.5 = 5007.0	Diffs   182.3 +   93.7 =  276.0
 12   4:Sites  1107.7 + 3899.3 = 5007.0	Diffs   167.0 +   89.0 =  256.0
 12   5:Sites  1108.5 + 3898.5 = 5007.0	Diffs   175.0 +   90.0 =  265.0
 12   6:Sites  1108.0 + 3899.0 = 5007.0	Diffs   170.0 +   93.0 =  263.0
 12   7:Sites  1108.5 + 3898.5 = 5007.0	Diffs   172.0 +   89.0 =  261.0
 12   8:Sites  1108.5 + 3898.5 = 5007.0	Diffs   174.0 +   89.0 =  263.0
 12   9:Sites  1042.8 + 3691.2 = 4734.0	Diffs   152.0 +   98.0 =  250.0
 12  10:Sites  1108.1 + 3895.9 = 5004.0	Diffs   150.0 +   99.0 =  249.0
 12  11:Sites  1069.9 + 3757.1 = 4827.0	Diffs   143.5 +   90.5 =  234.0  12
 13   1:Sites  1008.0 + 3567.0 = 4575.0	Diffs   145.2 +   89.8 =  235.0
 13   2:Sites  1108.6 + 3892.4 = 5001.0	Diffs   151.0 +   97.0 =  248.0
 13   3:Sites  1113.5 + 3902.5 = 5016.0	Diffs   158.8 +   94.2 =  253.0
 13   4:Sites  1111.8 + 3904.2 = 5016.0	Diffs   147.0 +   91.0 =  238.0
 13   5:Sites  1112.6 + 3903.4 = 5016.0	Diffs   147.0 +   91.0 =  238.0
 13   6:Sites  1112.0 + 3904.0 = 5016.0	Diffs   140.0 +   94.0 =  234.0
 13   7:Sites  1112.6 + 3903.4 = 5016.0	Diffs   143.0 +   90.0 =  233.0
 13   8:Sites  1112.6 + 3903.4 = 5016.0	Diffs   145.0 +   90.0 =  235.0
 13   9:Sites  1046.7 + 3696.3 = 4743.0	Diffs   128.0 +   91.0 =  219.0
 13  10:Sites  1112.2 + 3900.8 = 5013.0	Diffs   131.0 +   96.0 =  227.0
 13  11:Sites  1073.8 + 3762.2 = 4836.0	Diffs   120.5 +   84.5 =  205.0
 13  12:Sites  1109.7 + 3897.3 = 5007.0	Diffs   127.5 +   60.5 =  188.0  13

      624 bytes for distance
   737856 bytes for conP
    36288 bytes for fhK
  5000000 bytes for space

TREE #  1
(((((((5, ((8, 7), 6)), 4), 3), 2), 1), ((13, 11), 12)), 10, 9);   MP score: -1
   1    0.111049
   2    0.003114
   3    0.000804
   4    0.000545
   5    0.000533
   6    0.000530
   7    0.000530
   8    0.000530
   9    0.000530
  10    0.000530
  11    0.000530
  4058208 bytes for conP, adjusted

    0.073612    0.019069    0.046561    0.018397    0.004412    0.005495    0.007503    0.000666    0.003169    0.001353    0.000000    0.004585    0.010259    0.023700    0.037713    0.097155    0.003024    0.000652    0.050046    0.084334    0.070153    0.016716    0.018815    2.330147    0.900000    0.748824    1.723453

ntime & nrate & np:    23     1    27

Bounds (np=27):
   0.000004   0.000004   0.000004   0.000004   0.000004   0.000004   0.000004   0.000004   0.000004   0.000004   0.000004   0.000004   0.000004   0.000004   0.000004   0.000004   0.000004   0.000004   0.000004   0.000004   0.000004   0.000004   0.000004   0.000100   0.000010   0.005000   0.005000
  50.000000  50.000000  50.000000  50.000000  50.000000  50.000000  50.000000  50.000000  50.000000  50.000000  50.000000  50.000000  50.000000  50.000000  50.000000  50.000000  50.000000  50.000000  50.000000  50.000000  50.000000  50.000000  50.000000 999.000000   0.999990  99.000000  99.000000
Qfactor_NS = 8.472969

np =    27
lnL0 = -12218.285980

Iterating by ming2
Initial: fx= 12218.285980
x=  0.07361  0.01907  0.04656  0.01840  0.00441  0.00550  0.00750  0.00067  0.00317  0.00135  0.00000  0.00458  0.01026  0.02370  0.03771  0.09716  0.00302  0.00065  0.05005  0.08433  0.07015  0.01672  0.01882  2.33015  0.90000  0.74882  1.72345

  1 h-m-p  0.0000 0.0000 4100.7526 ++    12218.277535  m 0.0000    32 | 1/27
  2 h-m-p  0.0000 0.0000 1688.4062 YCYC  12217.477278  3 0.0000    66 | 1/27
  3 h-m-p  0.0000 0.0000 4930.8478 +YYCCC 12215.171478  4 0.0000   103 | 1/27
  4 h-m-p  0.0000 0.0000 1392.9696 YYCC  12212.730833  3 0.0000   137 | 1/27
  5 h-m-p  0.0000 0.0000 1333.8997 +YYCCC 12210.603154  4 0.0000   174 | 1/27
  6 h-m-p  0.0000 0.0000 5563.5007 CCCC  12208.544202  3 0.0000   210 | 1/27
  7 h-m-p  0.0000 0.0000 718.6132 +YCCC 12206.245475  3 0.0000   246 | 1/27
  8 h-m-p  0.0000 0.0000 3308.1097 YCCC  12197.794881  3 0.0000   281 | 1/27
  9 h-m-p  0.0000 0.0000 3599.3593 +YCCC 12192.229571  3 0.0000   317 | 1/27
 10 h-m-p  0.0000 0.0000 2118.8668 +CC   12189.117656  1 0.0000   350 | 1/27
 11 h-m-p  0.0000 0.0000 2576.6228 ++    12187.564735  m 0.0000   380 | 2/27
 12 h-m-p  0.0000 0.0000 2042.3815 YCYCCC 12185.280574  5 0.0000   418 | 2/27
 13 h-m-p  0.0000 0.0000 2745.6667 YCCCC 12177.601569  4 0.0000   455 | 2/27
 14 h-m-p  0.0000 0.0001 1618.2714 YCCCC 12172.723212  4 0.0000   492 | 2/27
 15 h-m-p  0.0000 0.0000 1866.5479 CYC   12171.027793  2 0.0000   525 | 2/27
 16 h-m-p  0.0000 0.0002 801.6214 YCCC  12168.331383  3 0.0000   560 | 2/27
 17 h-m-p  0.0001 0.0005 260.4551 YYC   12166.779897  2 0.0001   592 | 2/27
 18 h-m-p  0.0000 0.0008 575.2360 CYC   12165.357366  2 0.0000   625 | 2/27
 19 h-m-p  0.0000 0.0005 637.1719 +CCCCC 12156.354320  4 0.0002   664 | 1/27
 20 h-m-p  0.0001 0.0003 1321.1762 CCCC  12148.870610  3 0.0001   700 | 1/27
 21 h-m-p  0.0000 0.0001 892.3503 CCCCC 12147.714905  4 0.0000   738 | 1/27
 22 h-m-p  0.0001 0.0007 201.7221 YYC   12147.000703  2 0.0001   770 | 1/27
 23 h-m-p  0.0001 0.0005  57.4438 CC    12146.811478  1 0.0001   802 | 1/27
 24 h-m-p  0.0001 0.0033  99.5603 +CCC  12146.152476  2 0.0004   837 | 1/27
 25 h-m-p  0.0000 0.0003 844.9577 ++    12140.050444  m 0.0003   867 | 1/27
 26 h-m-p  0.0001 0.0010 3858.8052 YCCC  12129.668471  3 0.0002   902 | 1/27
 27 h-m-p  0.0106 0.0528  18.9896 YCYCCC 12124.516635  5 0.0271   940 | 1/27
 28 h-m-p  0.2798 1.3989   0.4143 +YCCC 12112.087366  3 0.9074   976 | 1/27
 29 h-m-p  0.9792 4.8962   0.1077 YYC   12109.555453  2 0.7722  1034 | 1/27
 30 h-m-p  0.2885 3.6364   0.2882 +YYYC 12108.684273  3 1.0037  1094 | 1/27
 31 h-m-p  1.6000 8.0000   0.0741 CCC   12108.289206  2 1.4838  1154 | 1/27
 32 h-m-p  0.9436 4.7179   0.0258 YCC   12108.007171  2 1.6793  1213 | 1/27
 33 h-m-p  0.4180 8.0000   0.1038 +YC   12107.797268  1 1.1192  1271 | 1/27
 34 h-m-p  1.0119 8.0000   0.1148 YCCC  12107.540017  3 1.9306  1332 | 1/27
 35 h-m-p  1.6000 8.0000   0.1054 CCC   12107.222897  2 2.3240  1392 | 1/27
 36 h-m-p  0.8620 4.3102   0.0422 CY    12107.024818  1 0.8445  1450 | 1/27
 37 h-m-p  0.2262 8.0000   0.1576 +YCCC 12106.749053  3 1.6068  1512 | 1/27
 38 h-m-p  1.6000 8.0000   0.0705 CC    12106.567057  1 1.8672  1570 | 1/27
 39 h-m-p  1.6000 8.0000   0.0603 CC    12106.500481  1 2.1513  1628 | 1/27
 40 h-m-p  1.6000 8.0000   0.0401 YC    12106.350458  1 3.9638  1685 | 1/27
 41 h-m-p  0.5687 8.0000   0.2793 +C    12106.113614  0 2.2333  1742 | 1/27
 42 h-m-p  1.6000 8.0000   0.1712 YC    12105.985769  1 2.7904  1799 | 1/27
 43 h-m-p  1.6000 8.0000   0.2746 CCC   12105.875700  2 2.3312  1859 | 1/27
 44 h-m-p  1.6000 8.0000   0.2688 +YC   12105.629847  1 4.5258  1917 | 1/27
 45 h-m-p  1.6000 8.0000   0.7178 CCC   12105.399949  2 2.0441  1977 | 1/27
 46 h-m-p  1.6000 8.0000   0.5446 CC    12105.305180  1 1.9229  2035 | 1/27
 47 h-m-p  1.0129 8.0000   1.0338 YC    12105.221733  1 2.4152  2092 | 1/27
 48 h-m-p  1.6000 8.0000   0.9972 YC    12105.141737  1 3.3340  2123 | 1/27
 49 h-m-p  1.6000 8.0000   1.8696 CC    12105.092984  1 2.1308  2181 | 1/27
 50 h-m-p  1.6000 8.0000   2.0078 YC    12105.059446  1 3.0271  2212 | 1/27
 51 h-m-p  1.6000 8.0000   2.6833 CC    12105.039846  1 2.3198  2244 | 1/27
 52 h-m-p  1.6000 8.0000   3.2833 YC    12105.024830  1 3.3410  2275 | 1/27
 53 h-m-p  1.6000 8.0000   4.7571 CC    12105.015314  1 2.3405  2307 | 1/27
 54 h-m-p  1.6000 8.0000   5.8944 YC    12105.008576  1 3.2428  2338 | 1/27
 55 h-m-p  0.6872 3.4358   8.3620 +C    12105.004010  0 2.6404  2369 | 1/27
 56 h-m-p  0.1185 0.5925  11.2253 ++    12105.002812  m 0.5925  2399 | 2/27
 57 h-m-p  0.0618 8.0000   9.9093 --------------..  | 2/27
 58 h-m-p  0.0000 0.0001  18.5564 -Y    12105.002637  0 0.0000  2472 | 2/27
 59 h-m-p  0.0000 0.0004   6.7304 C     12105.002581  0 0.0000  2502 | 2/27
 60 h-m-p  0.0000 0.0006   5.3575 Y     12105.002569  0 0.0000  2532 | 2/27
 61 h-m-p  0.0000 0.0117   3.6199 C     12105.002532  0 0.0000  2562 | 2/27
 62 h-m-p  0.0000 0.0015   5.6216 C     12105.002515  0 0.0000  2592 | 2/27
 63 h-m-p  0.0000 0.0005  11.3144 Y     12105.002497  0 0.0000  2622 | 2/27
 64 h-m-p  0.0000 0.0124   2.4050 C     12105.002484  0 0.0000  2652 | 2/27
 65 h-m-p  0.0001 0.0296   2.2373 C     12105.002470  0 0.0000  2682 | 2/27
 66 h-m-p  0.0000 0.0148   1.1633 Y     12105.002466  0 0.0000  2712 | 2/27
 67 h-m-p  0.0002 0.0823   1.7441 Y     12105.002452  0 0.0000  2742 | 2/27
 68 h-m-p  0.0000 0.0169   2.1596 Y     12105.002444  0 0.0000  2772 | 2/27
 69 h-m-p  0.0001 0.0305   4.6015 Y     12105.002416  0 0.0000  2802 | 2/27
 70 h-m-p  0.0000 0.0147  12.7244 Y     12105.002355  0 0.0000  2832 | 2/27
 71 h-m-p  0.0000 0.0245   9.6194 Y     12105.002294  0 0.0000  2862 | 2/27
 72 h-m-p  0.0000 0.0085  14.0571 C     12105.002232  0 0.0000  2892 | 2/27
 73 h-m-p  0.0000 0.0158  35.5195 Y     12105.002077  0 0.0000  2922 | 2/27
 74 h-m-p  0.0001 0.0487  16.1983 Y     12105.001864  0 0.0001  2952 | 2/27
 75 h-m-p  0.0000 0.0143  30.5089 Y     12105.001515  0 0.0001  2982 | 2/27
 76 h-m-p  0.0001 0.0380  69.4458 +YC   12104.998520  1 0.0002  3014 | 2/27
 77 h-m-p  0.0001 0.0105 282.8198 +C    12104.985995  0 0.0002  3045 | 2/27
 78 h-m-p  0.0000 0.0036 2514.4584 +CC   12104.939910  1 0.0001  3078 | 2/27
 79 h-m-p  0.0001 0.0024 3653.9446 +YC   12104.813024  1 0.0002  3110 | 2/27
 80 h-m-p  0.0006 0.0072 1011.4143 -CC   12104.803586  1 0.0000  3143 | 2/27
 81 h-m-p  0.0007 0.0195  71.5022 -C    12104.802876  0 0.0000  3174 | 2/27
 82 h-m-p  0.0160 8.0000   0.2495 +YC   12104.800260  1 0.1037  3206 | 2/27
 83 h-m-p  1.6000 8.0000   0.0074 YC    12104.799736  1 0.9553  3262 | 2/27
 84 h-m-p  1.6000 8.0000   0.0027 Y     12104.799734  0 0.9389  3317 | 2/27
 85 h-m-p  1.6000 8.0000   0.0001 Y     12104.799734  0 0.7451  3372 | 2/27
 86 h-m-p  1.6000 8.0000   0.0000 ---C  12104.799734  0 0.0063  3430
Out..
lnL  = -12104.799734
3431 lfun, 24017 eigenQcodon, 473478 P(t)
