
 16         verbose | verbose                1.00
  8         runmode | runmode                0.00
  4         seqtype | seqtype                1.00
 14       CodonFreq | CodonFreq              1.00
 19          aaDist | aaDist                 0.00
 17           model | model                  0.00
 21         NSsites | NSsites                8.00
 23           icode | icode                  0.00
 25       fix_kappa | fix_kappa              0.00
 26           kappa | kappa                  2.00
 27       fix_omega | fix_omega              1.00
 28           omega | omega                  1.00
 29       fix_alpha | fix_alpha              1.00
 30           alpha | alpha                  0.00
 31          Malpha | Malpha                 0.00
 32           ncatG | ncatG                  5.00
 12           getSE | getSE                  0.00
 13    RateAncestor | RateAncestor           0.00
 36      Small_Diff | Small_Diff             0.00
  7       cleandata | cleandata              0.00
 37     fix_blength | fix_blength            0.00
CODONML in paml version 4.10.7, June 2023

----------------------------------------------
Phe F TTT | Ser S TCT | Tyr Y TAT | Cys C TGT
      TTC |       TCC |       TAC |       TGC
Leu L TTA |       TCA | *** * TAA | *** * TGA
      TTG |       TCG |       TAG | Trp W TGG
----------------------------------------------
Leu L CTT | Pro P CCT | His H CAT | Arg R CGT
      CTC |       CCC |       CAC |       CGC
      CTA |       CCA | Gln Q CAA |       CGA
      CTG |       CCG |       CAG |       CGG
----------------------------------------------
Ile I ATT | Thr T ACT | Asn N AAT | Ser S AGT
      ATC |       ACC |       AAC |       AGC
      ATA |       ACA | Lys K AAA | Arg R AGA
Met M ATG |       ACG |       AAG |       AGG
----------------------------------------------
Val V GTT | Ala A GCT | Asp D GAT | Gly G GGT
      GTC |       GCC |       GAC |       GGC
      GTA |       GCA | Glu E GAA |       GGA
      GTG |       GCG |       GAG |       GGG
----------------------------------------------
Nice code, uuh?


Ambiguity character definition table:

T (1): T 
C (1): C 
A (1): A 
G (1): G 
U (1): T 
Y (2): T C 
R (2): A G 
M (2): C A 
K (2): T G 
S (2): C G 
W (2): T A 
H (3): T C A 
B (3): T C G 
V (3): C A G 
D (3): T A G 
- (4): T C A G 
N (4): T C A G 
? (4): T C A G 
ns = 16  	ls = 4131
Reading sequences, sequential format..
Reading seq # 1: XM_0632655       
Reading seq # 2: NM_0011664       
Reading seq # 3: XM_0061442       
Reading seq # 4: XM_0179713       
Reading seq # 5: XM_0151373       
Reading seq # 6: XM_0544911       
Reading seq # 7: XM_0190297       
Reading seq # 8: NM_0013765       
Reading seq # 9: XM_0094520       
Reading seq #10: XM_0089530       
Reading seq #11: XM_0210879       
Reading seq #12: XM_0040113       
Reading seq #13: XM_0249965       
Reading seq #14: XM_0236510       
Reading seq #15: XM_0386828       
Reading seq #16: XM_0081624       

Sequences read..
Counting site patterns..  0:00
Compressing,    848 patterns at   1377 /   1377 sites (100.0%),  0:00
Collecting fpatt[] & pose[],    848 patterns at   1377 /   1377 sites (100.0%),  0:00
1 ambiguous codons are seen in the data:
 ---
Counting codons..
NG distances for seqs.:
   1
  2   1:Sites   961.1 + 3166.9 = 4128.0	Diffs   228.0 +   15.0 =  243.0   2
  3   1:Sites   953.8 + 3174.2 = 4128.0	Diffs   473.2 +   51.8 =  525.0
  3   2:Sites   955.0 + 3173.0 = 4128.0	Diffs   449.8 +   54.2 =  504.0   3
  4   1:Sites   952.3 + 3175.7 = 4128.0	Diffs   452.3 +   54.7 =  507.0
  4   2:Sites   953.5 + 3174.5 = 4128.0	Diffs   429.0 +   60.0 =  489.0
  4   3:Sites   947.2 + 3183.8 = 4131.0	Diffs   293.3 +   21.7 =  315.0   4
  5   1:Sites   952.3 + 3175.7 = 4128.0	Diffs   454.8 +   55.2 =  510.0
  5   2:Sites   953.5 + 3174.5 = 4128.0	Diffs   431.5 +   60.5 =  492.0
  5   3:Sites   947.2 + 3183.8 = 4131.0	Diffs   283.3 +   24.7 =  308.0
  5   4:Sites   945.6 + 3185.4 = 4131.0	Diffs   102.0 +    5.0 =  107.0   5
  6   1:Sites   952.2 + 3175.8 = 4128.0	Diffs   445.8 +   56.2 =  502.0
  6   2:Sites   953.4 + 3174.6 = 4128.0	Diffs   426.5 +   60.5 =  487.0
  6   3:Sites   947.1 + 3183.9 = 4131.0	Diffs   261.3 +   23.7 =  285.0
  6   4:Sites   945.5 + 3185.5 = 4131.0	Diffs   101.0 +    4.0 =  105.0
  6   5:Sites   945.6 + 3185.4 = 4131.0	Diffs    57.0 +    3.0 =   60.0   6
  7   1:Sites   952.4 + 3175.6 = 4128.0	Diffs   455.3 +   54.7 =  510.0
  7   2:Sites   953.6 + 3174.4 = 4128.0	Diffs   433.0 +   60.0 =  493.0
  7   3:Sites   947.3 + 3183.7 = 4131.0	Diffs   271.3 +   23.7 =  295.0
  7   4:Sites   945.7 + 3185.3 = 4131.0	Diffs   110.0 +    4.0 =  114.0
  7   5:Sites   945.7 + 3185.3 = 4131.0	Diffs    56.0 +    3.0 =   59.0
  7   6:Sites   945.6 + 3185.4 = 4131.0	Diffs    43.0 +    2.0 =   45.0   7
  8   1:Sites   952.0 + 3176.0 = 4128.0	Diffs   453.8 +   55.2 =  509.0
  8   2:Sites   953.2 + 3174.8 = 4128.0	Diffs   435.5 +   60.5 =  496.0
  8   3:Sites   946.9 + 3184.1 = 4131.0	Diffs   273.3 +   22.7 =  296.0
  8   4:Sites   945.4 + 3185.6 = 4131.0	Diffs    99.0 +    3.0 =  102.0
  8   5:Sites   945.4 + 3185.6 = 4131.0	Diffs    47.0 +    2.0 =   49.0
  8   6:Sites   945.3 + 3185.7 = 4131.0	Diffs    32.0 +    1.0 =   33.0
  8   7:Sites   945.4 + 3185.6 = 4131.0	Diffs    21.0 +    1.0 =   22.0   8
  9   1:Sites   952.3 + 3175.7 = 4128.0	Diffs   453.8 +   55.2 =  509.0
  9   2:Sites   953.5 + 3174.5 = 4128.0	Diffs   437.5 +   60.5 =  498.0
  9   3:Sites   947.2 + 3183.8 = 4131.0	Diffs   271.3 +   22.7 =  294.0
  9   4:Sites   945.7 + 3185.3 = 4131.0	Diffs    98.0 +    3.0 =  101.0
  9   5:Sites   945.7 + 3185.3 = 4131.0	Diffs    52.0 +    2.0 =   54.0
  9   6:Sites   945.6 + 3185.4 = 4131.0	Diffs    35.0 +    1.0 =   36.0
  9   7:Sites   945.8 + 3185.2 = 4131.0	Diffs    24.0 +    1.0 =   25.0
  9   8:Sites   945.4 + 3185.6 = 4131.0	Diffs    15.0 +    0.0 =   15.0   9
 10   1:Sites   952.3 + 3175.7 = 4128.0	Diffs   450.8 +   55.2 =  506.0
 10   2:Sites   953.5 + 3174.5 = 4128.0	Diffs   434.5 +   60.5 =  495.0
 10   3:Sites   947.2 + 3183.8 = 4131.0	Diffs   269.3 +   22.7 =  292.0
 10   4:Sites   945.7 + 3185.3 = 4131.0	Diffs    98.0 +    3.0 =  101.0
 10   5:Sites   945.7 + 3185.3 = 4131.0	Diffs    52.0 +    2.0 =   54.0
 10   6:Sites   945.6 + 3185.4 = 4131.0	Diffs    35.0 +    1.0 =   36.0
 10   7:Sites   945.8 + 3185.2 = 4131.0	Diffs    24.0 +    1.0 =   25.0
 10   8:Sites   945.4 + 3185.6 = 4131.0	Diffs    15.0 +    0.0 =   15.0
 10   9:Sites   945.7 + 3185.3 = 4131.0	Diffs     4.0 +    0.0 =    4.0  10
 11   1:Sites   953.2 + 3174.8 = 4128.0	Diffs   461.0 +   51.0 =  512.0
 11   2:Sites   954.3 + 3173.7 = 4128.0	Diffs   444.0 +   53.0 =  497.0
 11   3:Sites   948.1 + 3182.9 = 4131.0	Diffs   317.2 +   27.8 =  345.0
 11   4:Sites   946.5 + 3184.5 = 4131.0	Diffs   266.7 +   28.3 =  295.0
 11   5:Sites   946.5 + 3184.5 = 4131.0	Diffs   260.7 +   31.3 =  292.0
 11   6:Sites   946.4 + 3184.6 = 4131.0	Diffs   254.7 +   30.3 =  285.0
 11   7:Sites   946.6 + 3184.4 = 4131.0	Diffs   250.7 +   30.3 =  281.0
 11   8:Sites   946.2 + 3184.8 = 4131.0	Diffs   249.7 +   29.3 =  279.0
 11   9:Sites   946.5 + 3184.5 = 4131.0	Diffs   250.7 +   29.3 =  280.0
 11  10:Sites   946.5 + 3184.5 = 4131.0	Diffs   247.7 +   29.3 =  277.0  11
 12   1:Sites   954.9 + 3173.1 = 4128.0	Diffs   475.7 +   48.3 =  524.0
 12   2:Sites   956.1 + 3171.9 = 4128.0	Diffs   436.5 +   52.5 =  489.0
 12   3:Sites   949.8 + 3181.2 = 4131.0	Diffs   337.7 +   33.3 =  371.0
 12   4:Sites   948.3 + 3182.7 = 4131.0	Diffs   303.2 +   32.8 =  336.0
 12   5:Sites   948.3 + 3182.7 = 4131.0	Diffs   297.7 +   35.3 =  333.0
 12   6:Sites   948.2 + 3182.8 = 4131.0	Diffs   286.7 +   34.3 =  321.0
 12   7:Sites   948.4 + 3182.6 = 4131.0	Diffs   284.7 +   33.3 =  318.0
 12   8:Sites   948.0 + 3183.0 = 4131.0	Diffs   279.7 +   33.3 =  313.0
 12   9:Sites   948.3 + 3182.7 = 4131.0	Diffs   286.7 +   33.3 =  320.0
 12  10:Sites   948.3 + 3182.7 = 4131.0	Diffs   285.7 +   33.3 =  319.0
 12  11:Sites   949.2 + 3181.8 = 4131.0	Diffs   192.0 +   10.0 =  202.0  12
 13   1:Sites   953.7 + 3174.3 = 4128.0	Diffs   484.7 +   47.3 =  532.0
 13   2:Sites   954.9 + 3173.1 = 4128.0	Diffs   444.5 +   51.5 =  496.0
 13   3:Sites   948.6 + 3182.4 = 4131.0	Diffs   337.7 +   32.3 =  370.0
 13   4:Sites   947.1 + 3183.9 = 4131.0	Diffs   307.7 +   32.3 =  340.0
 13   5:Sites   947.1 + 3183.9 = 4131.0	Diffs   301.2 +   34.8 =  336.0
 13   6:Sites   947.0 + 3184.0 = 4131.0	Diffs   293.2 +   33.8 =  327.0
 13   7:Sites   947.2 + 3183.8 = 4131.0	Diffs   288.2 +   32.8 =  321.0
 13   8:Sites   946.8 + 3184.2 = 4131.0	Diffs   284.2 +   32.8 =  317.0
 13   9:Sites   947.1 + 3183.9 = 4131.0	Diffs   289.2 +   32.8 =  322.0
 13  10:Sites   947.1 + 3183.9 = 4131.0	Diffs   289.2 +   32.8 =  322.0
 13  11:Sites   947.9 + 3183.1 = 4131.0	Diffs   200.0 +    9.0 =  209.0
 13  12:Sites   949.7 + 3181.3 = 4131.0	Diffs    55.0 +    3.0 =   58.0  13
 14   1:Sites   954.5 + 3173.5 = 4128.0	Diffs   435.3 +   51.7 =  487.0
 14   2:Sites   955.7 + 3172.3 = 4128.0	Diffs   402.5 +   57.5 =  460.0
 14   3:Sites   949.4 + 3181.6 = 4131.0	Diffs   293.0 +   26.0 =  319.0
 14   4:Sites   947.8 + 3183.2 = 4131.0	Diffs   255.5 +   22.5 =  278.0
 14   5:Sites   947.9 + 3183.1 = 4131.0	Diffs   241.0 +   26.0 =  267.0
 14   6:Sites   947.7 + 3183.3 = 4131.0	Diffs   239.0 +   25.0 =  264.0
 14   7:Sites   947.9 + 3183.1 = 4131.0	Diffs   230.0 +   24.0 =  254.0
 14   8:Sites   947.6 + 3183.4 = 4131.0	Diffs   233.0 +   24.0 =  257.0
 14   9:Sites   947.9 + 3183.1 = 4131.0	Diffs   236.0 +   24.0 =  260.0
 14  10:Sites   947.9 + 3183.1 = 4131.0	Diffs   234.0 +   24.0 =  258.0
 14  11:Sites   948.7 + 3182.3 = 4131.0	Diffs   239.2 +   20.8 =  260.0
 14  12:Sites   950.5 + 3180.5 = 4131.0	Diffs   257.2 +   24.8 =  282.0
 14  13:Sites   949.3 + 3181.7 = 4131.0	Diffs   265.2 +   23.8 =  289.0  14
 15   1:Sites   953.4 + 3174.6 = 4128.0	Diffs   479.3 +   45.7 =  525.0
 15   2:Sites   954.6 + 3173.4 = 4128.0	Diffs   455.0 +   50.0 =  505.0
 15   3:Sites   948.3 + 3182.7 = 4131.0	Diffs   331.5 +   22.5 =  354.0
 15   4:Sites   946.8 + 3184.2 = 4131.0	Diffs   274.0 +   22.0 =  296.0
 15   5:Sites   946.8 + 3184.2 = 4131.0	Diffs   264.0 +   25.0 =  289.0
 15   6:Sites   946.7 + 3184.3 = 4131.0	Diffs   264.0 +   24.0 =  288.0
 15   7:Sites   946.9 + 3184.1 = 4131.0	Diffs   261.5 +   23.5 =  285.0
 15   8:Sites   946.5 + 3184.5 = 4131.0	Diffs   262.0 +   23.0 =  285.0
 15   9:Sites   946.8 + 3184.2 = 4131.0	Diffs   256.0 +   23.0 =  279.0
 15  10:Sites   946.8 + 3184.2 = 4131.0	Diffs   256.0 +   23.0 =  279.0
 15  11:Sites   947.6 + 3183.4 = 4131.0	Diffs   257.7 +   27.3 =  285.0
 15  12:Sites   949.4 + 3181.6 = 4131.0	Diffs   275.7 +   31.3 =  307.0
 15  13:Sites   948.2 + 3182.8 = 4131.0	Diffs   285.7 +   30.3 =  316.0
 15  14:Sites   949.0 + 3182.0 = 4131.0	Diffs   249.0 +   22.0 =  271.0  15
 16   1:Sites   941.7 + 3123.3 = 4065.0	Diffs   441.8 +   57.2 =  499.0
 16   2:Sites   942.4 + 3122.6 = 4065.0	Diffs   427.7 +   60.3 =  488.0
 16   3:Sites   936.3 + 3131.7 = 4068.0	Diffs   285.3 +   32.7 =  318.0
 16   4:Sites   934.8 + 3133.2 = 4068.0	Diffs   246.0 +   26.0 =  272.0
 16   5:Sites   934.8 + 3133.2 = 4068.0	Diffs   226.5 +   29.5 =  256.0
 16   6:Sites   934.7 + 3133.3 = 4068.0	Diffs   223.0 +   28.0 =  251.0
 16   7:Sites   934.8 + 3133.2 = 4068.0	Diffs   222.5 +   27.5 =  250.0
 16   8:Sites   934.5 + 3133.5 = 4068.0	Diffs   220.0 +   27.0 =  247.0
 16   9:Sites   934.8 + 3133.2 = 4068.0	Diffs   219.0 +   27.0 =  246.0
 16  10:Sites   934.8 + 3133.2 = 4068.0	Diffs   217.0 +   27.0 =  244.0
 16  11:Sites   935.1 + 3132.9 = 4068.0	Diffs   210.5 +   33.5 =  244.0
 16  12:Sites   936.9 + 3131.1 = 4068.0	Diffs   242.5 +   38.5 =  281.0
 16  13:Sites   935.7 + 3132.3 = 4068.0	Diffs   252.5 +   35.5 =  288.0
 16  14:Sites   937.0 + 3131.0 = 4068.0	Diffs   202.0 +   33.0 =  235.0
 16  15:Sites   935.9 + 3132.1 = 4068.0	Diffs   197.0 +   31.0 =  228.0  16

      960 bytes for distance
   827648 bytes for conP
    40704 bytes for fhK
  5000000 bytes for space

TREE #  1
((6, (5, (4, (3, (((11, (12, 13)), (15, 16)), (14, (1, 2))))))), 8, (7, (9, 10)));   MP score: -1
   1    0.133038
   2    0.013988
   3    0.012625
   4    0.012369
   5    0.012369
   6    0.012369
   7    0.012369
  5793536 bytes for conP, adjusted

    0.007537    0.013977    0.002703    0.026498    0.016732    0.048756    0.068321    0.162490    0.018671    0.011361    0.051978    0.067755    0.083189    0.018581    0.025832    0.014676    0.114693    0.078503    0.011556    0.089495    0.300886    0.124972    0.083654    0.007340    0.000000    0.012030    0.007062    0.003778    0.001240    1.887496    0.900000    0.886893    1.034377

ntime & nrate & np:    29     1    33

Bounds (np=33):
   0.000004   0.000004   0.000004   0.000004   0.000004   0.000004   0.000004   0.000004   0.000004   0.000004   0.000004   0.000004   0.000004   0.000004   0.000004   0.000004   0.000004   0.000004   0.000004   0.000004   0.000004   0.000004   0.000004   0.000004   0.000004   0.000004   0.000004   0.000004   0.000004   0.000100   0.000010   0.005000   0.005000
  50.000000  50.000000  50.000000  50.000000  50.000000  50.000000  50.000000  50.000000  50.000000  50.000000  50.000000  50.000000  50.000000  50.000000  50.000000  50.000000  50.000000  50.000000  50.000000  50.000000  50.000000  50.000000  50.000000  50.000000  50.000000  50.000000  50.000000  50.000000  50.000000 999.000000   0.999990  99.000000  99.000000
Qfactor_NS = 8.336758

np =    33
lnL0 = -14434.346136

Iterating by ming2
Initial: fx= 14434.346136
x=  0.00754  0.01398  0.00270  0.02650  0.01673  0.04876  0.06832  0.16249  0.01867  0.01136  0.05198  0.06775  0.08319  0.01858  0.02583  0.01468  0.11469  0.07850  0.01156  0.08950  0.30089  0.12497  0.08365  0.00734  0.00000  0.01203  0.00706  0.00378  0.00124  1.88750  0.90000  0.88689  1.03438

  1 h-m-p  0.0000 0.0000 19286.6835 CYCYCCC 14431.268215  6 0.0000    48 | 0/33
  2 h-m-p  0.0000 0.0000 2876.7091 +CYYYC 14410.179434  4 0.0000    90 | 0/33
  3 h-m-p  0.0000 0.0000 6843.8707 +YYCCC 14398.411179  4 0.0000   133 | 0/33
  4 h-m-p  0.0000 0.0000 3410.4431 +CYYYYCCC 14379.003294  7 0.0000   180 | 0/33
  5 h-m-p  0.0000 0.0000 9797.2997 ++    14326.982706  m 0.0000   216 | 1/33
  6 h-m-p  0.0000 0.0000 2651.8797 +CYCCC 14249.934348  4 0.0000   261 | 1/33
  7 h-m-p  0.0000 0.0000 28870.2771 +CYYCC 14219.739120  4 0.0000   304 | 1/33
  8 h-m-p  0.0000 0.0000 15009.4040 +CYCCCCC 14040.141225  6 0.0000   352 | 1/33
  9 h-m-p  0.0000 0.0000 96282.6142 ++    14019.958350  m 0.0000   388 | 1/33
 10 h-m-p -0.0000 -0.0000 62033.2472 
h-m-p:     -1.54958753e-23     -7.74793765e-23      6.20332472e+04 14019.958350
..  | 1/33
 11 h-m-p  0.0000 0.0000 19520.2573 YCYCCC 13973.621280  5 0.0000   465 | 1/33
 12 h-m-p  0.0000 0.0000 2696.0656 ++    13954.550368  m 0.0000   501 | 1/33
 13 h-m-p  0.0000 0.0000 33788.3245 ++    13917.069548  m 0.0000   537 | 1/33
 14 h-m-p  0.0000 0.0000 20888.6553 +CYCYYCC 13888.103889  6 0.0000   583 | 1/33
 15 h-m-p  0.0000 0.0000 5374.5576 +CYYCC 13859.698874  4 0.0000   626 | 1/33
 16 h-m-p  0.0000 0.0000 11175.8172 +YYCYCCC 13838.918167  6 0.0000   672 | 1/33
 17 h-m-p  0.0000 0.0000 4816.8452 ++    13641.588466  m 0.0000   708 | 1/33
 18 h-m-p  0.0000 0.0000 7899.2657 ++    13528.119859  m 0.0000   744 | 1/33
 19 h-m-p  0.0000 0.0000 6697.1379 YCYCYCC 13472.986041  6 0.0000   790 | 0/33
 20 h-m-p  0.0000 0.0000 2996994.1547 YYCY  13469.381371  3 0.0000   830 | 0/33
 21 h-m-p  0.0000 0.0000 643.3011 CCCC  13467.287348  3 0.0000   872 | 0/33
 22 h-m-p  0.0000 0.0000 459.4206 ++    13466.344925  m 0.0000   908 | 0/33
 23 h-m-p  0.0000 0.0000 1242.7521 YCCCC 13462.926141  4 0.0000   951 | 0/33
 24 h-m-p  0.0000 0.0002 1199.1895 YYCC  13461.948917  3 0.0000   991 | 0/33
 25 h-m-p  0.0000 0.0002 770.5192 +CCC  13458.932751  2 0.0000  1032 | 0/33
 26 h-m-p  0.0000 0.0001 1006.7021 YCCC  13453.193903  3 0.0001  1073 | 0/33
 27 h-m-p  0.0000 0.0001 3020.5162 CCCC  13446.562200  3 0.0000  1115 | 0/33
 28 h-m-p  0.0000 0.0002 1826.1909 YCCC  13432.171908  3 0.0001  1156 | 0/33
 29 h-m-p  0.0000 0.0002 4241.3967 CYCC  13415.909076  3 0.0000  1197 | 0/33
 30 h-m-p  0.0000 0.0002 2475.3906 YCCCC 13399.723433  4 0.0001  1240 | 0/33
 31 h-m-p  0.0000 0.0001 3873.5321 YCCC  13393.073667  3 0.0000  1281 | 0/33
 32 h-m-p  0.0000 0.0001 1521.3533 CCCC  13388.004886  3 0.0000  1323 | 0/33
 33 h-m-p  0.0001 0.0003 902.2654 CCCC  13381.747745  3 0.0001  1365 | 0/33
 34 h-m-p  0.0000 0.0002 1341.8204 CCCC  13374.777044  3 0.0001  1407 | 0/33
 35 h-m-p  0.0001 0.0003 1704.6981 CCCC  13367.009120  3 0.0001  1449 | 0/33
 36 h-m-p  0.0000 0.0002 643.7552 YCCC  13364.287430  3 0.0001  1490 | 0/33
 37 h-m-p  0.0000 0.0002 214.0505 CCC   13363.778703  2 0.0001  1530 | 0/33
 38 h-m-p  0.0001 0.0022  89.3704 CC    13363.497072  1 0.0001  1568 | 0/33
 39 h-m-p  0.0002 0.0019  49.3478 YC    13363.399622  1 0.0001  1605 | 0/33
 40 h-m-p  0.0001 0.0016  59.4556 CC    13363.327248  1 0.0001  1643 | 0/33
 41 h-m-p  0.0001 0.0198  37.5617 ++CCC 13362.132623  2 0.0021  1685 | 0/33
 42 h-m-p  0.0001 0.0029 990.7224 +YCCC 13354.450785  3 0.0005  1727 | 0/33
 43 h-m-p  0.0002 0.0009 299.5126 YCC   13354.110681  2 0.0001  1766 | 0/33
 44 h-m-p  0.0110 0.1131   2.1307 +YCYCCC 13340.193801  5 0.0753  1811 | 0/33
 45 h-m-p  0.1157 0.5785   0.1470 +YYCCC 13331.883481  4 0.3508  1854 | 0/33
 46 h-m-p  0.1068 0.6887   0.4829 +YCCC 13319.508193  3 0.3111  1929 | 0/33
 47 h-m-p  0.2486 1.2428   0.0612 +YCCC 13314.184570  3 0.6460  2004 | 0/33
 48 h-m-p  0.1949 0.9744   0.1758 +CCCC 13309.907462  3 0.7846  2080 | 0/33
 49 h-m-p  0.8743 4.3715   0.0557 YCCC  13304.189868  3 2.2129  2154 | 0/33
 50 h-m-p  0.3694 1.8470   0.0304 YCCC  13301.241867  3 0.8329  2228 | 0/33
 51 h-m-p  0.1809 1.9882   0.1398 +YCC  13299.953967  2 0.4521  2301 | 0/33
 52 h-m-p  0.7074 3.5370   0.0759 CCCC  13298.346197  3 1.0368  2376 | 0/33
 53 h-m-p  1.2929 8.0000   0.0609 YCCC  13297.321631  3 2.4737  2450 | 0/33
 54 h-m-p  1.6000 8.0000   0.0650 CCCC  13296.242035  3 2.4160  2525 | 0/33
 55 h-m-p  1.6000 8.0000   0.0922 CCC   13295.205679  2 1.6879  2598 | 0/33
 56 h-m-p  1.5057 8.0000   0.1034 CCC   13293.891402  2 2.2295  2671 | 0/33
 57 h-m-p  1.3542 8.0000   0.1702 CYCCC 13291.963452  4 2.3861  2747 | 0/33
 58 h-m-p  0.5695 2.8475   0.3930 CYYCYC 13289.490370  5 1.8173  2824 | 0/33
 59 h-m-p  1.2690 6.3450   0.0550 YCC   13289.360621  2 0.1795  2896 | 0/33
 60 h-m-p  0.0109 0.4630   0.9086 ++YCYCCC 13288.630775  5 0.1307  2976 | 0/33
 61 h-m-p  0.7099 7.4333   0.1673 YCYC  13288.412147  3 0.3573  3049 | 0/33
 62 h-m-p  0.7465 4.4075   0.0801 YYYYCCYCYC 13287.990271  9 1.1268  3130 | 0/33
 63 h-m-p  1.6000 8.0000   0.0131 CCCC  13287.234872  3 2.7121  3205 | 0/33
 64 h-m-p  0.1241 0.7819   0.2865 YYYYYYC 13286.979696  6 0.1242  3280 | 0/33
 65 h-m-p  0.6420 3.2892   0.0554 YYCCC 13286.706551  4 0.4758  3355 | 0/33
 66 h-m-p  0.4649 2.3246   0.0566 YCC   13286.134496  2 0.3492  3427 | 0/33
 67 h-m-p  0.9862 7.3070   0.0200 CYYCCC 13285.417698  5 2.0952  3505 | 0/33
 68 h-m-p  1.3285 6.6425   0.0196 YCCC  13284.753170  3 0.8630  3579 | 0/33
 69 h-m-p  0.2979 1.4895   0.0529 YYCYCYCCC 13283.995827  8 0.5099  3660 | 0/33
 70 h-m-p  0.5310 2.6550   0.0439 YCYCCC 13282.587146  5 1.3545  3737 | 0/33
 71 h-m-p  0.2113 1.6129   0.2811 CCC   13282.192830  2 0.0619  3810 | 0/33
 72 h-m-p  0.3378 1.6890   0.0131 ++    13280.884263  m 1.6890  3879 | 1/33
 73 h-m-p  0.6142 8.0000   0.0360 --CC  13280.741060  1 0.0141  3952 | 1/33
 74 h-m-p  0.0264 6.3578   0.0192 +++CCC 13280.274694  2 1.8179  4027 | 1/33
 75 h-m-p  1.6000 8.0000   0.0084 YC    13279.848990  1 3.0270  4096 | 1/33
 76 h-m-p  1.6000 8.0000   0.0047 CC    13279.460796  1 2.1019  4166 | 0/33
 77 h-m-p  0.0000 0.0002 555.8420 -----Y 13279.460705  0 0.0000  4239 | 1/33
 78 h-m-p  0.0037 1.8467   0.0535 +CC   13279.456743  1 0.0189  4278 | 1/33
 79 h-m-p  0.0016 0.0854   0.6162 +CC   13279.134371  1 0.0071  4349 | 0/33
 80 h-m-p  0.0000 0.0001 412.9440 -----C 13279.134291  0 0.0000  4422 | 0/33
 81 h-m-p  0.0076 3.7921   0.0082 ++++CC 13278.969052  1 1.8370  4464 | 0/33
 82 h-m-p  1.6000 8.0000   0.0024 CC    13278.872728  1 2.1708  4535 | 0/33
 83 h-m-p  0.5945 2.9727   0.0026 ++    13278.774027  m 2.9727  4604 | 0/33
 84 h-m-p  1.6000 8.0000   0.0032 YC    13278.707510  1 2.8656  4674 | 0/33
 85 h-m-p  1.6000 8.0000   0.0025 +YC   13278.567241  1 5.3912  4745 | 0/33
 86 h-m-p  1.6000 8.0000   0.0012 +YC   13278.261942  1 5.2475  4816 | 0/33
 87 h-m-p  1.6000 8.0000   0.0035 YC    13277.849075  1 3.3744  4886 | 0/33
 88 h-m-p  1.6000 8.0000   0.0057 +CC   13277.020310  1 6.0457  4958 | 0/33
 89 h-m-p  0.9386 4.6928   0.0051 +YCYC 13275.717556  3 2.6331  5032 | 0/33
 90 h-m-p  0.4213 5.4600   0.0319 CC    13275.390079  1 0.6364  5103 | 0/33
 91 h-m-p  1.0293 5.1463   0.0125 YYC   13275.285434  2 0.9510  5174 | 0/33
 92 h-m-p  1.6000 8.0000   0.0017 YC    13275.275805  1 1.0208  5244 | 0/33
 93 h-m-p  1.6000 8.0000   0.0004 Y     13275.275140  0 1.1067  5313 | 0/33
 94 h-m-p  1.6000 8.0000   0.0001 Y     13275.275124  0 0.9015  5382 | 0/33
 95 h-m-p  1.6000 8.0000   0.0000 C     13275.275119  0 1.4462  5451 | 0/33
 96 h-m-p  1.6000 8.0000   0.0000 C     13275.275118  0 1.8554  5520 | 0/33
 97 h-m-p  1.6000 8.0000   0.0000 C     13275.275118  0 0.5233  5589 | 0/33
 98 h-m-p  1.0189 8.0000   0.0000 Y     13275.275118  0 0.5115  5658 | 0/33
 99 h-m-p  0.8195 8.0000   0.0000 Y     13275.275118  0 0.3695  5727 | 0/33
100 h-m-p  0.3639 8.0000   0.0000 C     13275.275118  0 0.1435  5796 | 0/33
101 h-m-p  0.1043 8.0000   0.0000 C     13275.275118  0 0.0274  5865 | 0/33
102 h-m-p  0.0200 8.0000   0.0000 -Y    13275.275118  0 0.0024  5935
Out..
lnL  = -13275.275118
5936 lfun, 41552 eigenQcodon, 1032864 P(t)
